Waf: Entering directory `/home/alexander/Documents/ns3/workspace/bake/source/ns-3.29/build'
[2734/2813] Compiling scratch/cs268/cs268.cc
[2769/2813] Linking build/scratch/cs268/cs268
Waf: Leaving directory `/home/alexander/Documents/ns3/workspace/bake/source/ns-3.29/build'
Build commands will be stored in build/compile_commands.json
'build' finished successfully (8.290s)
1.01639: Server #2 broadcasts parameter update
3.66654: Server #2 broadcasts parameter update
4.16274: Server #7 broadcasts parameter update
4.16287: Server #0 broadcasts parameter update
4.16293: Server #4 broadcasts parameter update
4.16943: Server #5 broadcasts parameter update
4.16982: Server #3 broadcasts parameter update
4.24651: Server #1 broadcasts parameter update
4.24658: Server #6 broadcasts parameter update
6.88926: Server #2 broadcasts parameter update
14.3557: Server #2 broadcasts parameter update
15.4852: Server #3 broadcasts parameter update
15.7935: Server #7 broadcasts parameter update
16.7989: Server #5 broadcasts parameter update
18.0181: Server #1 broadcasts parameter update
20.0616: Server #6 broadcasts parameter update
23.9234: Server #3 broadcasts parameter update
24.3409: Server #7 broadcasts parameter update
24.4589: Server #2 broadcasts parameter update
25.2727: Server #4 broadcasts parameter update
25.6704: Server #5 broadcasts parameter update
25.8267: Server #6 broadcasts parameter update
26.2432: Server #1 broadcasts parameter update
32.5464: Server #3 broadcasts parameter update
33.2215: Server #5 broadcasts parameter update
34.6676: Server #7 broadcasts parameter update
34.9057: Server #6 broadcasts parameter update
35.007: Server #1 broadcasts parameter update
37.5584: Server #2 broadcasts parameter update
37.8658: Server #4 broadcasts parameter update
39.6871: Server #3 broadcasts parameter update
42.5251: Server #5 broadcasts parameter update
44.1236: Server #1 broadcasts parameter update
44.2014: Server #7 broadcasts parameter update
44.5061: Server #0 broadcasts parameter update
48.1117: Server #6 broadcasts parameter update
48.406: Server #2 broadcasts parameter update
50.7123: Server #5 broadcasts parameter update
52.2693: Server #3 broadcasts parameter update
52.4872: Server #4 broadcasts parameter update
53.5858: Server #0 broadcasts parameter update
53.6443: Server #7 broadcasts parameter update
54.3756: Server #1 broadcasts parameter update
56.3838: Server #6 broadcasts parameter update
59.798: Server #2 broadcasts parameter update
61.1099: Server #3 broadcasts parameter update
63.1194: Server #0 broadcasts parameter update
63.5876: Server #5 broadcasts parameter update
63.6379: Server #4 broadcasts parameter update
64.5614: Server #7 broadcasts parameter update
67.4558: Server #1 broadcasts parameter update
71.1646: Server #3 broadcasts parameter update
71.4441: Server #2 broadcasts parameter update
71.864: Server #7 broadcasts parameter update
73.1033: Server #4 broadcasts parameter update
73.5287: Server #0 broadcasts parameter update
74.679: Server #5 broadcasts parameter update
76.4498: Server #6 broadcasts parameter update
80.5666: Server #2 broadcasts parameter update
80.6392: Server #7 broadcasts parameter update
82.1288: Server #3 broadcasts parameter update
82.4353: Server #1 broadcasts parameter update
82.9297: Server #5 broadcasts parameter update
84.0486: Server #6 broadcasts parameter update
84.7771: Server #4 broadcasts parameter update
86.7005: Server #0 broadcasts parameter update
90.3488: Server #7 broadcasts parameter update
91.6045: Server #1 broadcasts parameter update
92.5514: Server #3 broadcasts parameter update
92.6505: Server #5 broadcasts parameter update
94.323: Server #2 broadcasts parameter update
94.644: Server #6 broadcasts parameter update
95.8292: Server #0 broadcasts parameter update
97.7832: Server #4 broadcasts parameter update
99.4806: Server #1 broadcasts parameter update
101.822: Server #5 broadcasts parameter update
104.857: Server #6 broadcasts parameter update
105.227: Server #2 broadcasts parameter update
105.411: Server #0 broadcasts parameter update
106.319: Server #3 broadcasts parameter update
106.933: Server #7 broadcasts parameter update
109.196: Server #5 broadcasts parameter update
110.173: Server #1 broadcasts parameter update
112.134: Server #4 broadcasts parameter update
115.87: Server #3 broadcasts parameter update
116.06: Server #0 broadcasts parameter update
116.144: Server #6 broadcasts parameter update
116.881: Server #7 broadcasts parameter update
119.543: Server #2 broadcasts parameter update
121.268: Server #5 broadcasts parameter update
122.716: Server #4 broadcasts parameter update
123.931: Server #7 broadcasts parameter update
124.241: Server #1 broadcasts parameter update
125.281: Server #3 broadcasts parameter update
126.28: Server #6 broadcasts parameter update
129.531: Server #5 broadcasts parameter update
132.788: Server #2 broadcasts parameter update
132.903: Server #4 broadcasts parameter update
133.415: Server #7 broadcasts parameter update
134.243: Server #1 broadcasts parameter update
135.332: Server #3 broadcasts parameter update
135.64: Server #0 broadcasts parameter update
136.545: Server #6 broadcasts parameter update
137: Server #5 broadcasts parameter update
143.975: Server #1 broadcasts parameter update
144.218: Server #0 broadcasts parameter update
145.721: Server #4 broadcasts parameter update
146.116: Server #7 broadcasts parameter update
147.143: Server #6 broadcasts parameter update
147.465: Server #5 broadcasts parameter update
148.11: Server #2 broadcasts parameter update
151.237: Server #3 broadcasts parameter update
153.209: Server #1 broadcasts parameter update
153.586: Server #0 broadcasts parameter update
156.938: Server #7 broadcasts parameter update
157.159: Server #6 broadcasts parameter update
159.917: Server #2 broadcasts parameter update
160.231: Server #4 broadcasts parameter update
162.008: Server #0 broadcasts parameter update
163.563: Server #7 broadcasts parameter update
164.385: Server #1 broadcasts parameter update
166.147: Server #3 broadcasts parameter update
166.211: Server #5 broadcasts parameter update
167.327: Server #2 broadcasts parameter update
169.991: Server #4 broadcasts parameter update
171.521: Server #1 broadcasts parameter update
172.263: Server #7 broadcasts parameter update
172.799: Server #0 broadcasts parameter update
175.658: Server #3 broadcasts parameter update
175.703: Server #6 broadcasts parameter update
176.999: Server #5 broadcasts parameter update
177.009: Server #2 broadcasts parameter update
180.177: Server #0 broadcasts parameter update
182.207: Server #4 broadcasts parameter update
182.583: Server #7 broadcasts parameter update
184.963: Server #1 broadcasts parameter update
185.877: Server #6 broadcasts parameter update
186.077: Server #2 broadcasts parameter update
186.464: Server #5 broadcasts parameter update
186.484: Server #3 broadcasts parameter update
192.011: Server #0 broadcasts parameter update
194.977: Server #4 broadcasts parameter update
195.569: Server #1 broadcasts parameter update
196.102: Server #3 broadcasts parameter update
196.278: Server #6 broadcasts parameter update
196.508: Server #2 broadcasts parameter update
198.599: Server #5 broadcasts parameter update
198.781: Server #0 broadcasts parameter update
202.394: Server #7 broadcasts parameter update
204.151: Server #1 broadcasts parameter update
205.81: Server #6 broadcasts parameter update
206.015: Server #3 broadcasts parameter update
206.478: Server #0 broadcasts parameter update
209.389: Server #4 broadcasts parameter update
209.443: Server #5 broadcasts parameter update
212.763: Server #7 broadcasts parameter update
212.984: Server #2 broadcasts parameter update
214.555: Server #1 broadcasts parameter update
215.332: Server #0 broadcasts parameter update
216.489: Server #3 broadcasts parameter update
216.534: Server #6 broadcasts parameter update
221.201: Server #4 broadcasts parameter update
221.644: Server #7 broadcasts parameter update
222.802: Server #5 broadcasts parameter update
224.895: Server #6 broadcasts parameter update
226.561: Server #2 broadcasts parameter update
226.658: Server #0 broadcasts parameter update
226.786: Server #3 broadcasts parameter update
226.97: Server #1 broadcasts parameter update
230.494: Server #4 broadcasts parameter update
231.324: Server #7 broadcasts parameter update
231.902: Server #5 broadcasts parameter update
235.909: Server #3 broadcasts parameter update
238.184: Server #6 broadcasts parameter update
239.049: Server #1 broadcasts parameter update
239.929: Server #5 broadcasts parameter update
240.311: Server #7 broadcasts parameter update
240.373: Server #0 broadcasts parameter update
240.379: Server #2 broadcasts parameter update
240.496: Server #4 broadcasts parameter update
246.696: Server #3 broadcasts parameter update
248.232: Server #6 broadcasts parameter update
251.315: Server #0 broadcasts parameter update
251.491: Server #2 broadcasts parameter update
251.553: Server #1 broadcasts parameter update
251.603: Server #7 broadcasts parameter update
253.223: Server #5 broadcasts parameter update
253.76: Server #4 broadcasts parameter update
254.46: Server #6 broadcasts parameter update
258.451: Server #0 broadcasts parameter update
261.831: Server #3 broadcasts parameter update
262.177: Server #6 broadcasts parameter update
262.494: Server #4 broadcasts parameter update
264.039: Server #7 broadcasts parameter update
264.083: Server #5 broadcasts parameter update
264.298: Server #2 broadcasts parameter update
265.637: Server #1 broadcasts parameter update
268.098: Server #0 broadcasts parameter update
272.687: Server #3 broadcasts parameter update
273.334: Server #4 broadcasts parameter update
274.622: Server #1 broadcasts parameter update
274.748: Server #6 broadcasts parameter update
275.597: Server #0 broadcasts parameter update
278.845: Server #5 broadcasts parameter update
279.208: Server #2 broadcasts parameter update
279.782: Server #7 broadcasts parameter update
283.137: Server #3 broadcasts parameter update
283.813: Server #4 broadcasts parameter update
284.104: Server #0 broadcasts parameter update
285.456: Server #1 broadcasts parameter update
286.062: Server #5 broadcasts parameter update
286.325: Server #2 broadcasts parameter update
286.509: Server #6 broadcasts parameter update
289.513: Server #7 broadcasts parameter update
295.181: Server #2 broadcasts parameter update
296.227: Server #5 broadcasts parameter update
296.415: Server #0 broadcasts parameter update
297.221: Server #4 broadcasts parameter update
297.676: Server #6 broadcasts parameter update
297.74: Server #3 broadcasts parameter update
297.78: Server #1 broadcasts parameter update
298.046: Server #7 broadcasts parameter update
