Waf: Entering directory `/home/alexander/Documents/ns3/workspace/bake/source/ns-3.29/build'
[2732/2813] Compiling scratch/cs268/cs268.cc
[2770/2813] Linking build/scratch/cs268/cs268
Waf: Leaving directory `/home/alexander/Documents/ns3/workspace/bake/source/ns-3.29/build'
Build commands will be stored in build/compile_commands.json
'build' finished successfully (8.446s)
1.01088: Server #4 broadcasts parameter update
1.0128: Server #7 broadcasts parameter update
1.0139: Server #5 broadcasts parameter update
1.01605: Server #2 broadcasts parameter update
1.01676: Server #3 broadcasts parameter update
1.01776: Server #0 broadcasts parameter update
1.01789: Server #6 broadcasts parameter update
1.01876: Server #1 broadcasts parameter update
3.52276: Server #2 broadcasts parameter update
3.6217: Server #1 broadcasts parameter update
3.6389: Server #6 broadcasts parameter update
3.65327: Server #4 broadcasts parameter update
3.8008: Server #7 broadcasts parameter update
3.81352: Server #3 broadcasts parameter update
3.82253: Server #0 broadcasts parameter update
3.85867: Server #5 broadcasts parameter update
5.91867: Server #1 broadcasts parameter update
5.99332: Server #2 broadcasts parameter update
6.19518: Server #3 broadcasts parameter update
6.29962: Server #4 broadcasts parameter update
6.54629: Server #6 broadcasts parameter update
6.70012: Server #7 broadcasts parameter update
6.79472: Server #0 broadcasts parameter update
6.98875: Server #5 broadcasts parameter update
8.22285: Server #1 broadcasts parameter update
8.69789: Server #4 broadcasts parameter update
9.06278: Server #6 broadcasts parameter update
9.17361: Server #2 broadcasts parameter update
9.25406: Server #7 broadcasts parameter update
9.42031: Server #3 broadcasts parameter update
9.68166: Server #5 broadcasts parameter update
10.0445: Server #0 broadcasts parameter update
11.3678: Server #1 broadcasts parameter update
11.8433: Server #5 broadcasts parameter update
12.0972: Server #0 broadcasts parameter update
12.236: Server #4 broadcasts parameter update
12.5189: Server #6 broadcasts parameter update
12.5526: Server #2 broadcasts parameter update
12.5855: Server #3 broadcasts parameter update
13.193: Server #7 broadcasts parameter update
14.111: Server #5 broadcasts parameter update
14.2107: Server #1 broadcasts parameter update
14.3594: Server #0 broadcasts parameter update
14.6998: Server #3 broadcasts parameter update
14.766: Server #2 broadcasts parameter update
14.8117: Server #4 broadcasts parameter update
14.8439: Server #6 broadcasts parameter update
15.9342: Server #7 broadcasts parameter update
16.3368: Server #1 broadcasts parameter update
16.4842: Server #5 broadcasts parameter update
16.8654: Server #4 broadcasts parameter update
17.0431: Server #3 broadcasts parameter update
17.1068: Server #2 broadcasts parameter update
17.2229: Server #0 broadcasts parameter update
17.2934: Server #6 broadcasts parameter update
18.4048: Server #7 broadcasts parameter update
18.5339: Server #1 broadcasts parameter update
18.5756: Server #5 broadcasts parameter update
19.3822: Server #4 broadcasts parameter update
19.4474: Server #3 broadcasts parameter update
19.5482: Server #2 broadcasts parameter update
19.5858: Server #6 broadcasts parameter update
19.6568: Server #0 broadcasts parameter update
21.2301: Server #7 broadcasts parameter update
21.4655: Server #1 broadcasts parameter update
21.6189: Server #5 broadcasts parameter update
21.6674: Server #4 broadcasts parameter update
21.9386: Server #2 broadcasts parameter update
21.9622: Server #6 broadcasts parameter update
22.029: Server #3 broadcasts parameter update
22.8962: Server #0 broadcasts parameter update
23.3658: Server #7 broadcasts parameter update
23.8051: Server #5 broadcasts parameter update
23.8536: Server #1 broadcasts parameter update
23.9862: Server #4 broadcasts parameter update
24.1532: Server #6 broadcasts parameter update
24.2863: Server #2 broadcasts parameter update
24.4476: Server #3 broadcasts parameter update
25.5721: Server #0 broadcasts parameter update
25.9989: Server #7 broadcasts parameter update
26.2289: Server #4 broadcasts parameter update
26.2786: Server #5 broadcasts parameter update
26.3323: Server #6 broadcasts parameter update
26.388: Server #1 broadcasts parameter update
26.5213: Server #2 broadcasts parameter update
26.8495: Server #3 broadcasts parameter update
27.9736: Server #0 broadcasts parameter update
28.255: Server #7 broadcasts parameter update
28.4182: Server #5 broadcasts parameter update
28.5313: Server #4 broadcasts parameter update
28.5415: Server #1 broadcasts parameter update
28.6044: Server #6 broadcasts parameter update
28.6981: Server #2 broadcasts parameter update
29.2926: Server #3 broadcasts parameter update
30.323: Server #0 broadcasts parameter update
30.7497: Server #6 broadcasts parameter update
30.8707: Server #1 broadcasts parameter update
30.9017: Server #4 broadcasts parameter update
30.9158: Server #5 broadcasts parameter update
31.1676: Server #7 broadcasts parameter update
31.3679: Server #2 broadcasts parameter update
31.8335: Server #3 broadcasts parameter update
32.7444: Server #0 broadcasts parameter update
32.8492: Server #1 broadcasts parameter update
33.0914: Server #5 broadcasts parameter update
33.1917: Server #6 broadcasts parameter update
33.2214: Server #4 broadcasts parameter update
33.7279: Server #2 broadcasts parameter update
33.9435: Server #7 broadcasts parameter update
34.0689: Server #3 broadcasts parameter update
34.7899: Server #0 broadcasts parameter update
35.095: Server #1 broadcasts parameter update
35.255: Server #5 broadcasts parameter update
35.5453: Server #4 broadcasts parameter update
35.553: Server #6 broadcasts parameter update
36.1692: Server #7 broadcasts parameter update
36.2602: Server #2 broadcasts parameter update
36.4465: Server #3 broadcasts parameter update
37.0288: Server #0 broadcasts parameter update
37.1823: Server #1 broadcasts parameter update
37.4694: Server #5 broadcasts parameter update
37.8003: Server #6 broadcasts parameter update
38.1588: Server #4 broadcasts parameter update
38.4628: Server #2 broadcasts parameter update
38.8244: Server #3 broadcasts parameter update
39.0459: Server #7 broadcasts parameter update
39.3902: Server #1 broadcasts parameter update
39.5038: Server #0 broadcasts parameter update
40.1586: Server #6 broadcasts parameter update
40.2227: Server #4 broadcasts parameter update
40.3377: Server #5 broadcasts parameter update
40.5199: Server #2 broadcasts parameter update
41.4261: Server #3 broadcasts parameter update
41.5101: Server #1 broadcasts parameter update
41.551: Server #7 broadcasts parameter update
41.5537: Server #0 broadcasts parameter update
42.5017: Server #2 broadcasts parameter update
42.5019: Server #6 broadcasts parameter update
42.5711: Server #4 broadcasts parameter update
42.6579: Server #5 broadcasts parameter update
43.5717: Server #7 broadcasts parameter update
43.6268: Server #1 broadcasts parameter update
43.6947: Server #0 broadcasts parameter update
43.8061: Server #3 broadcasts parameter update
44.6774: Server #2 broadcasts parameter update
44.7619: Server #6 broadcasts parameter update
44.9953: Server #5 broadcasts parameter update
45.1522: Server #4 broadcasts parameter update
45.8401: Server #7 broadcasts parameter update
45.9625: Server #1 broadcasts parameter update
46.1157: Server #0 broadcasts parameter update
46.1878: Server #3 broadcasts parameter update
47.009: Server #2 broadcasts parameter update
47.2112: Server #6 broadcasts parameter update
47.2248: Server #5 broadcasts parameter update
47.4628: Server #4 broadcasts parameter update
47.9493: Server #1 broadcasts parameter update
48.191: Server #7 broadcasts parameter update
48.2401: Server #0 broadcasts parameter update
48.6806: Server #3 broadcasts parameter update
49.3096: Server #5 broadcasts parameter update
49.4244: Server #6 broadcasts parameter update
49.4406: Server #2 broadcasts parameter update
49.9368: Server #4 broadcasts parameter update
50.1937: Server #1 broadcasts parameter update
50.3487: Server #0 broadcasts parameter update
50.4216: Server #7 broadcasts parameter update
50.8711: Server #3 broadcasts parameter update
51.5804: Server #5 broadcasts parameter update
51.5884: Server #6 broadcasts parameter update
51.6518: Server #2 broadcasts parameter update
52.226: Server #4 broadcasts parameter update
52.5851: Server #1 broadcasts parameter update
52.9522: Server #0 broadcasts parameter update
53.0418: Server #7 broadcasts parameter update
53.3092: Server #3 broadcasts parameter update
53.9571: Server #5 broadcasts parameter update
54.1381: Server #6 broadcasts parameter update
54.6501: Server #2 broadcasts parameter update
54.7622: Server #4 broadcasts parameter update
55.0037: Server #0 broadcasts parameter update
55.1223: Server #1 broadcasts parameter update
55.3615: Server #7 broadcasts parameter update
55.5674: Server #3 broadcasts parameter update
56.2797: Server #5 broadcasts parameter update
56.286: Server #6 broadcasts parameter update
57.0349: Server #4 broadcasts parameter update
57.0695: Server #2 broadcasts parameter update
57.2162: Server #0 broadcasts parameter update
57.4888: Server #1 broadcasts parameter update
57.7155: Server #3 broadcasts parameter update
57.8098: Server #7 broadcasts parameter update
58.3978: Server #5 broadcasts parameter update
58.7055: Server #6 broadcasts parameter update
59.4244: Server #2 broadcasts parameter update
59.4486: Server #0 broadcasts parameter update
59.5098: Server #4 broadcasts parameter update
59.7287: Server #1 broadcasts parameter update
60.0308: Server #3 broadcasts parameter update
60.0349: Server #7 broadcasts parameter update
61.0462: Server #5 broadcasts parameter update
61.1005: Server #6 broadcasts parameter update
61.5244: Server #0 broadcasts parameter update
61.8705: Server #1 broadcasts parameter update
61.913: Server #2 broadcasts parameter update
61.9152: Server #4 broadcasts parameter update
62.5069: Server #3 broadcasts parameter update
62.9031: Server #7 broadcasts parameter update
63.5426: Server #6 broadcasts parameter update
63.6732: Server #5 broadcasts parameter update
64.0436: Server #2 broadcasts parameter update
64.0575: Server #1 broadcasts parameter update
64.221: Server #4 broadcasts parameter update
64.3291: Server #0 broadcasts parameter update
64.8999: Server #3 broadcasts parameter update
64.9952: Server #7 broadcasts parameter update
65.7173: Server #6 broadcasts parameter update
65.9308: Server #5 broadcasts parameter update
66.3232: Server #2 broadcasts parameter update
66.3981: Server #1 broadcasts parameter update
66.618: Server #0 broadcasts parameter update
66.8907: Server #4 broadcasts parameter update
67.4292: Server #7 broadcasts parameter update
67.4678: Server #3 broadcasts parameter update
67.9723: Server #6 broadcasts parameter update
68.1683: Server #5 broadcasts parameter update
68.6836: Server #1 broadcasts parameter update
68.7048: Server #2 broadcasts parameter update
69.0218: Server #0 broadcasts parameter update
69.0765: Server #4 broadcasts parameter update
69.8758: Server #7 broadcasts parameter update
70: Server #3 broadcasts parameter update
70.2554: Server #6 broadcasts parameter update
70.5074: Server #5 broadcasts parameter update
70.9725: Server #1 broadcasts parameter update
71.0879: Server #2 broadcasts parameter update
71.4518: Server #0 broadcasts parameter update
71.5807: Server #4 broadcasts parameter update
72.5236: Server #7 broadcasts parameter update
72.5636: Server #6 broadcasts parameter update
72.6092: Server #3 broadcasts parameter update
73.1015: Server #5 broadcasts parameter update
73.1258: Server #1 broadcasts parameter update
73.651: Server #2 broadcasts parameter update
73.9662: Server #4 broadcasts parameter update
73.9969: Server #0 broadcasts parameter update
74.7142: Server #3 broadcasts parameter update
74.8334: Server #6 broadcasts parameter update
75.2525: Server #1 broadcasts parameter update
75.4801: Server #5 broadcasts parameter update
75.6492: Server #7 broadcasts parameter update
76.0484: Server #2 broadcasts parameter update
76.1681: Server #4 broadcasts parameter update
76.3343: Server #0 broadcasts parameter update
77.0332: Server #6 broadcasts parameter update
77.5609: Server #3 broadcasts parameter update
77.6856: Server #1 broadcasts parameter update
77.8764: Server #5 broadcasts parameter update
78.0377: Server #7 broadcasts parameter update
78.361: Server #4 broadcasts parameter update
78.4571: Server #0 broadcasts parameter update
79.0213: Server #2 broadcasts parameter update
79.1525: Server #6 broadcasts parameter update
79.9819: Server #3 broadcasts parameter update
80.051: Server #1 broadcasts parameter update
80.1818: Server #7 broadcasts parameter update
80.2632: Server #5 broadcasts parameter update
80.6546: Server #4 broadcasts parameter update
80.9097: Server #0 broadcasts parameter update
81.4694: Server #2 broadcasts parameter update
81.5425: Server #6 broadcasts parameter update
82.2785: Server #7 broadcasts parameter update
82.3195: Server #1 broadcasts parameter update
82.4079: Server #3 broadcasts parameter update
82.5318: Server #5 broadcasts parameter update
82.7799: Server #4 broadcasts parameter update
83.5414: Server #0 broadcasts parameter update
83.5865: Server #2 broadcasts parameter update
84.1402: Server #6 broadcasts parameter update
84.3941: Server #1 broadcasts parameter update
84.5695: Server #3 broadcasts parameter update
84.7885: Server #7 broadcasts parameter update
84.9333: Server #5 broadcasts parameter update
85.1289: Server #4 broadcasts parameter update
85.5747: Server #0 broadcasts parameter update
86.0187: Server #2 broadcasts parameter update
86.7319: Server #6 broadcasts parameter update
86.7809: Server #1 broadcasts parameter update
86.9759: Server #3 broadcasts parameter update
87.0108: Server #7 broadcasts parameter update
87.4219: Server #4 broadcasts parameter update
87.4661: Server #5 broadcasts parameter update
87.6796: Server #0 broadcasts parameter update
88.6038: Server #2 broadcasts parameter update
89.1367: Server #3 broadcasts parameter update
89.1656: Server #7 broadcasts parameter update
89.1957: Server #6 broadcasts parameter update
89.8495: Server #5 broadcasts parameter update
90.0097: Server #1 broadcasts parameter update
90.0429: Server #4 broadcasts parameter update
90.8533: Server #0 broadcasts parameter update
90.8883: Server #2 broadcasts parameter update
91.2793: Server #3 broadcasts parameter update
91.5028: Server #6 broadcasts parameter update
91.619: Server #7 broadcasts parameter update
92.0698: Server #5 broadcasts parameter update
92.4713: Server #1 broadcasts parameter update
92.5974: Server #4 broadcasts parameter update
92.8837: Server #2 broadcasts parameter update
93.2019: Server #0 broadcasts parameter update
93.4847: Server #3 broadcasts parameter update
93.7757: Server #6 broadcasts parameter update
93.8696: Server #7 broadcasts parameter update
94.5587: Server #5 broadcasts parameter update
94.6578: Server #1 broadcasts parameter update
94.9073: Server #4 broadcasts parameter update
95.3752: Server #2 broadcasts parameter update
95.3848: Server #0 broadcasts parameter update
95.6718: Server #3 broadcasts parameter update
96.2365: Server #7 broadcasts parameter update
96.7145: Server #6 broadcasts parameter update
96.9007: Server #1 broadcasts parameter update
96.9081: Server #5 broadcasts parameter update
97.1425: Server #4 broadcasts parameter update
97.634: Server #2 broadcasts parameter update
97.745: Server #0 broadcasts parameter update
97.9593: Server #3 broadcasts parameter update
98.6082: Server #7 broadcasts parameter update
98.9641: Server #1 broadcasts parameter update
99.049: Server #5 broadcasts parameter update
99.3637: Server #4 broadcasts parameter update
99.45: Server #6 broadcasts parameter update
99.9508: Server #2 broadcasts parameter update
100.232: Server #3 broadcasts parameter update
100.301: Server #0 broadcasts parameter update
100.867: Server #7 broadcasts parameter update
101.397: Server #1 broadcasts parameter update
101.508: Server #5 broadcasts parameter update
101.585: Server #4 broadcasts parameter update
101.83: Server #6 broadcasts parameter update
102.272: Server #2 broadcasts parameter update
102.36: Server #0 broadcasts parameter update
102.644: Server #3 broadcasts parameter update
103.549: Server #5 broadcasts parameter update
103.766: Server #1 broadcasts parameter update
104.011: Server #4 broadcasts parameter update
104.044: Server #7 broadcasts parameter update
104.291: Server #6 broadcasts parameter update
104.588: Server #2 broadcasts parameter update
104.868: Server #3 broadcasts parameter update
104.875: Server #0 broadcasts parameter update
106.092: Server #1 broadcasts parameter update
106.151: Server #5 broadcasts parameter update
106.249: Server #4 broadcasts parameter update
106.686: Server #7 broadcasts parameter update
106.779: Server #6 broadcasts parameter update
106.879: Server #2 broadcasts parameter update
107.283: Server #3 broadcasts parameter update
108.043: Server #0 broadcasts parameter update
108.182: Server #1 broadcasts parameter update
108.47: Server #5 broadcasts parameter update
108.514: Server #4 broadcasts parameter update
109.012: Server #2 broadcasts parameter update
109.197: Server #6 broadcasts parameter update
109.323: Server #3 broadcasts parameter update
109.643: Server #7 broadcasts parameter update
110.414: Server #0 broadcasts parameter update
110.565: Server #1 broadcasts parameter update
110.904: Server #4 broadcasts parameter update
111.235: Server #2 broadcasts parameter update
111.264: Server #5 broadcasts parameter update
111.299: Server #6 broadcasts parameter update
111.607: Server #3 broadcasts parameter update
112.096: Server #7 broadcasts parameter update
112.536: Server #0 broadcasts parameter update
112.878: Server #1 broadcasts parameter update
113.161: Server #4 broadcasts parameter update
113.512: Server #2 broadcasts parameter update
113.689: Server #6 broadcasts parameter update
113.958: Server #3 broadcasts parameter update
114.026: Server #5 broadcasts parameter update
114.59: Server #0 broadcasts parameter update
114.623: Server #7 broadcasts parameter update
115.225: Server #1 broadcasts parameter update
115.53: Server #4 broadcasts parameter update
115.91: Server #2 broadcasts parameter update
116.21: Server #6 broadcasts parameter update
116.236: Server #3 broadcasts parameter update
116.595: Server #5 broadcasts parameter update
116.807: Server #7 broadcasts parameter update
117.211: Server #0 broadcasts parameter update
117.477: Server #1 broadcasts parameter update
117.758: Server #4 broadcasts parameter update
118.397: Server #2 broadcasts parameter update
118.452: Server #3 broadcasts parameter update
118.612: Server #6 broadcasts parameter update
119.115: Server #5 broadcasts parameter update
119.19: Server #7 broadcasts parameter update
119.27: Server #0 broadcasts parameter update
119.981: Server #4 broadcasts parameter update
120.177: Server #1 broadcasts parameter update
120.613: Server #2 broadcasts parameter update
120.953: Server #6 broadcasts parameter update
121.444: Server #5 broadcasts parameter update
121.537: Server #7 broadcasts parameter update
121.586: Server #0 broadcasts parameter update
121.596: Server #3 broadcasts parameter update
122.141: Server #4 broadcasts parameter update
122.615: Server #1 broadcasts parameter update
123.147: Server #2 broadcasts parameter update
123.405: Server #6 broadcasts parameter update
123.737: Server #3 broadcasts parameter update
123.771: Server #7 broadcasts parameter update
123.797: Server #5 broadcasts parameter update
123.925: Server #0 broadcasts parameter update
124.527: Server #4 broadcasts parameter update
125.053: Server #1 broadcasts parameter update
125.227: Server #2 broadcasts parameter update
126.108: Server #5 broadcasts parameter update
126.198: Server #6 broadcasts parameter update
126.376: Server #7 broadcasts parameter update
126.415: Server #0 broadcasts parameter update
126.61: Server #3 broadcasts parameter update
126.827: Server #4 broadcasts parameter update
127.446: Server #2 broadcasts parameter update
127.535: Server #1 broadcasts parameter update
128.164: Server #5 broadcasts parameter update
128.49: Server #6 broadcasts parameter update
128.701: Server #0 broadcasts parameter update
128.826: Server #7 broadcasts parameter update
128.856: Server #4 broadcasts parameter update
129.049: Server #3 broadcasts parameter update
129.671: Server #2 broadcasts parameter update
129.74: Server #1 broadcasts parameter update
130.462: Server #5 broadcasts parameter update
130.696: Server #0 broadcasts parameter update
130.819: Server #7 broadcasts parameter update
130.857: Server #6 broadcasts parameter update
131.193: Server #3 broadcasts parameter update
131.28: Server #4 broadcasts parameter update
131.876: Server #1 broadcasts parameter update
132.421: Server #2 broadcasts parameter update
132.53: Server #5 broadcasts parameter update
132.965: Server #0 broadcasts parameter update
133.109: Server #7 broadcasts parameter update
133.164: Server #6 broadcasts parameter update
133.379: Server #4 broadcasts parameter update
133.486: Server #3 broadcasts parameter update
134.448: Server #2 broadcasts parameter update
134.539: Server #1 broadcasts parameter update
134.941: Server #5 broadcasts parameter update
135.122: Server #7 broadcasts parameter update
135.458: Server #0 broadcasts parameter update
135.485: Server #6 broadcasts parameter update
135.824: Server #3 broadcasts parameter update
136.36: Server #4 broadcasts parameter update
136.785: Server #2 broadcasts parameter update
136.877: Server #1 broadcasts parameter update
136.982: Server #5 broadcasts parameter update
137.77: Server #7 broadcasts parameter update
137.789: Server #0 broadcasts parameter update
138.184: Server #3 broadcasts parameter update
138.475: Server #6 broadcasts parameter update
138.81: Server #4 broadcasts parameter update
139.286: Server #2 broadcasts parameter update
139.374: Server #1 broadcasts parameter update
139.375: Server #5 broadcasts parameter update
140.266: Server #7 broadcasts parameter update
140.358: Server #0 broadcasts parameter update
140.599: Server #3 broadcasts parameter update
140.788: Server #6 broadcasts parameter update
141.115: Server #4 broadcasts parameter update
141.589: Server #2 broadcasts parameter update
141.788: Server #5 broadcasts parameter update
141.822: Server #1 broadcasts parameter update
142.84: Server #7 broadcasts parameter update
143.108: Server #3 broadcasts parameter update
143.146: Server #0 broadcasts parameter update
143.225: Server #6 broadcasts parameter update
143.719: Server #4 broadcasts parameter update
143.912: Server #2 broadcasts parameter update
143.953: Server #5 broadcasts parameter update
144.274: Server #1 broadcasts parameter update
145.276: Server #3 broadcasts parameter update
145.309: Server #7 broadcasts parameter update
145.564: Server #0 broadcasts parameter update
146.252: Server #4 broadcasts parameter update
146.356: Server #2 broadcasts parameter update
146.397: Server #6 broadcasts parameter update
146.46: Server #5 broadcasts parameter update
146.742: Server #1 broadcasts parameter update
147.601: Server #7 broadcasts parameter update
147.692: Server #3 broadcasts parameter update
147.843: Server #0 broadcasts parameter update
148.443: Server #2 broadcasts parameter update
148.579: Server #4 broadcasts parameter update
148.955: Server #5 broadcasts parameter update
149.043: Server #1 broadcasts parameter update
149.38: Server #6 broadcasts parameter update
149.846: Server #7 broadcasts parameter update
150.084: Server #3 broadcasts parameter update
150.581: Server #0 broadcasts parameter update
150.777: Server #2 broadcasts parameter update
151.303: Server #4 broadcasts parameter update
151.371: Server #1 broadcasts parameter update
151.508: Server #5 broadcasts parameter update
151.741: Server #6 broadcasts parameter update
152.177: Server #7 broadcasts parameter update
152.443: Server #3 broadcasts parameter update
152.978: Server #0 broadcasts parameter update
153.398: Server #4 broadcasts parameter update
153.961: Server #5 broadcasts parameter update
153.966: Server #2 broadcasts parameter update
154.131: Server #6 broadcasts parameter update
154.399: Server #7 broadcasts parameter update
154.507: Server #1 broadcasts parameter update
154.587: Server #3 broadcasts parameter update
155.327: Server #0 broadcasts parameter update
156.309: Server #4 broadcasts parameter update
156.332: Server #2 broadcasts parameter update
156.349: Server #5 broadcasts parameter update
156.516: Server #6 broadcasts parameter update
157.084: Server #1 broadcasts parameter update
157.217: Server #3 broadcasts parameter update
157.468: Server #7 broadcasts parameter update
157.523: Server #0 broadcasts parameter update
158.804: Server #4 broadcasts parameter update
158.91: Server #6 broadcasts parameter update
158.942: Server #5 broadcasts parameter update
158.979: Server #2 broadcasts parameter update
159.27: Server #3 broadcasts parameter update
159.361: Server #1 broadcasts parameter update
159.7: Server #7 broadcasts parameter update
159.799: Server #0 broadcasts parameter update
161.191: Server #4 broadcasts parameter update
161.325: Server #5 broadcasts parameter update
161.476: Server #3 broadcasts parameter update
161.487: Server #1 broadcasts parameter update
161.5: Server #2 broadcasts parameter update
162.039: Server #6 broadcasts parameter update
162.39: Server #0 broadcasts parameter update
162.584: Server #7 broadcasts parameter update
163.692: Server #5 broadcasts parameter update
163.722: Server #1 broadcasts parameter update
163.803: Server #2 broadcasts parameter update
163.938: Server #3 broadcasts parameter update
164.068: Server #4 broadcasts parameter update
164.496: Server #0 broadcasts parameter update
164.804: Server #7 broadcasts parameter update
165.151: Server #6 broadcasts parameter update
165.854: Server #5 broadcasts parameter update
165.883: Server #1 broadcasts parameter update
166.073: Server #2 broadcasts parameter update
166.279: Server #3 broadcasts parameter update
166.3: Server #4 broadcasts parameter update
166.832: Server #0 broadcasts parameter update
167.287: Server #7 broadcasts parameter update
167.544: Server #6 broadcasts parameter update
168.001: Server #1 broadcasts parameter update
168.019: Server #5 broadcasts parameter update
168.239: Server #2 broadcasts parameter update
168.493: Server #4 broadcasts parameter update
168.738: Server #3 broadcasts parameter update
169.459: Server #0 broadcasts parameter update
170.043: Server #6 broadcasts parameter update
170.45: Server #7 broadcasts parameter update
170.451: Server #5 broadcasts parameter update
170.739: Server #1 broadcasts parameter update
170.759: Server #2 broadcasts parameter update
170.887: Server #3 broadcasts parameter update
170.908: Server #4 broadcasts parameter update
171.867: Server #0 broadcasts parameter update
172.882: Server #5 broadcasts parameter update
173.053: Server #1 broadcasts parameter update
173.163: Server #2 broadcasts parameter update
173.217: Server #7 broadcasts parameter update
173.255: Server #3 broadcasts parameter update
173.513: Server #6 broadcasts parameter update
173.898: Server #4 broadcasts parameter update
174.199: Server #0 broadcasts parameter update
174.975: Server #5 broadcasts parameter update
175.367: Server #2 broadcasts parameter update
175.457: Server #7 broadcasts parameter update
175.867: Server #1 broadcasts parameter update
176.032: Server #3 broadcasts parameter update
176.179: Server #4 broadcasts parameter update
176.41: Server #0 broadcasts parameter update
176.481: Server #6 broadcasts parameter update
177.318: Server #5 broadcasts parameter update
177.805: Server #7 broadcasts parameter update
177.807: Server #2 broadcasts parameter update
177.992: Server #1 broadcasts parameter update
178.491: Server #0 broadcasts parameter update
178.636: Server #3 broadcasts parameter update
178.741: Server #4 broadcasts parameter update
178.79: Server #6 broadcasts parameter update
179.547: Server #5 broadcasts parameter update
180.021: Server #7 broadcasts parameter update
180.458: Server #1 broadcasts parameter update
180.502: Server #2 broadcasts parameter update
180.858: Server #3 broadcasts parameter update
181.33: Server #4 broadcasts parameter update
181.448: Server #0 broadcasts parameter update
181.709: Server #6 broadcasts parameter update
181.962: Server #5 broadcasts parameter update
182.528: Server #7 broadcasts parameter update
182.858: Server #1 broadcasts parameter update
182.924: Server #3 broadcasts parameter update
182.939: Server #2 broadcasts parameter update
183.536: Server #4 broadcasts parameter update
184.249: Server #6 broadcasts parameter update
184.26: Server #5 broadcasts parameter update
184.478: Server #0 broadcasts parameter update
184.871: Server #7 broadcasts parameter update
184.977: Server #2 broadcasts parameter update
185.188: Server #3 broadcasts parameter update
185.361: Server #1 broadcasts parameter update
186.023: Server #4 broadcasts parameter update
186.618: Server #0 broadcasts parameter update
186.7: Server #5 broadcasts parameter update
186.782: Server #6 broadcasts parameter update
187.272: Server #3 broadcasts parameter update
187.503: Server #7 broadcasts parameter update
187.51: Server #2 broadcasts parameter update
188.176: Server #1 broadcasts parameter update
188.258: Server #4 broadcasts parameter update
188.716: Server #0 broadcasts parameter update
188.793: Server #6 broadcasts parameter update
189.532: Server #3 broadcasts parameter update
189.667: Server #2 broadcasts parameter update
189.692: Server #5 broadcasts parameter update
190.534: Server #7 broadcasts parameter update
190.97: Server #1 broadcasts parameter update
190.983: Server #0 broadcasts parameter update
191.236: Server #4 broadcasts parameter update
191.605: Server #6 broadcasts parameter update
192.261: Server #2 broadcasts parameter update
192.456: Server #3 broadcasts parameter update
192.725: Server #5 broadcasts parameter update
193.019: Server #7 broadcasts parameter update
193.204: Server #0 broadcasts parameter update
193.244: Server #1 broadcasts parameter update
193.808: Server #4 broadcasts parameter update
194.167: Server #6 broadcasts parameter update
194.895: Server #3 broadcasts parameter update
194.95: Server #2 broadcasts parameter update
195.032: Server #5 broadcasts parameter update
195.631: Server #7 broadcasts parameter update
195.726: Server #0 broadcasts parameter update
195.745: Server #1 broadcasts parameter update
196.446: Server #4 broadcasts parameter update
196.997: Server #6 broadcasts parameter update
197.034: Server #2 broadcasts parameter update
197.128: Server #3 broadcasts parameter update
197.746: Server #5 broadcasts parameter update
198.021: Server #0 broadcasts parameter update
198.121: Server #1 broadcasts parameter update
198.147: Server #7 broadcasts parameter update
198.676: Server #4 broadcasts parameter update
199.307: Server #2 broadcasts parameter update
199.44: Server #6 broadcasts parameter update
199.691: Server #3 broadcasts parameter update
200.422: Server #7 broadcasts parameter update
200.497: Server #0 broadcasts parameter update
201.077: Server #4 broadcasts parameter update
201.244: Server #1 broadcasts parameter update
201.25: Server #5 broadcasts parameter update
201.618: Server #2 broadcasts parameter update
201.808: Server #3 broadcasts parameter update
201.931: Server #6 broadcasts parameter update
202.766: Server #0 broadcasts parameter update
203.418: Server #1 broadcasts parameter update
203.482: Server #4 broadcasts parameter update
203.599: Server #7 broadcasts parameter update
203.793: Server #5 broadcasts parameter update
204.158: Server #2 broadcasts parameter update
204.751: Server #6 broadcasts parameter update
204.846: Server #0 broadcasts parameter update
204.874: Server #3 broadcasts parameter update
205.869: Server #1 broadcasts parameter update
205.993: Server #4 broadcasts parameter update
206.174: Server #7 broadcasts parameter update
206.18: Server #5 broadcasts parameter update
206.797: Server #2 broadcasts parameter update
207.145: Server #6 broadcasts parameter update
207.196: Server #0 broadcasts parameter update
207.455: Server #3 broadcasts parameter update
208.146: Server #1 broadcasts parameter update
208.422: Server #5 broadcasts parameter update
208.572: Server #7 broadcasts parameter update
209.063: Server #4 broadcasts parameter update
209.279: Server #2 broadcasts parameter update
209.395: Server #0 broadcasts parameter update
209.516: Server #3 broadcasts parameter update
209.718: Server #6 broadcasts parameter update
210.531: Server #5 broadcasts parameter update
210.657: Server #1 broadcasts parameter update
210.757: Server #7 broadcasts parameter update
211.647: Server #0 broadcasts parameter update
211.79: Server #4 broadcasts parameter update
211.836: Server #3 broadcasts parameter update
212.012: Server #2 broadcasts parameter update
212.052: Server #6 broadcasts parameter update
213.113: Server #7 broadcasts parameter update
213.163: Server #1 broadcasts parameter update
213.171: Server #5 broadcasts parameter update
213.818: Server #0 broadcasts parameter update
213.955: Server #4 broadcasts parameter update
214.177: Server #2 broadcasts parameter update
214.389: Server #3 broadcasts parameter update
214.769: Server #6 broadcasts parameter update
215.339: Server #1 broadcasts parameter update
215.645: Server #7 broadcasts parameter update
215.681: Server #5 broadcasts parameter update
216.297: Server #2 broadcasts parameter update
216.489: Server #0 broadcasts parameter update
216.647: Server #4 broadcasts parameter update
217.581: Server #3 broadcasts parameter update
217.661: Server #1 broadcasts parameter update
217.964: Server #6 broadcasts parameter update
218.032: Server #7 broadcasts parameter update
218.462: Server #2 broadcasts parameter update
218.576: Server #0 broadcasts parameter update
218.697: Server #5 broadcasts parameter update
219.378: Server #4 broadcasts parameter update
219.863: Server #1 broadcasts parameter update
220.107: Server #3 broadcasts parameter update
220.662: Server #6 broadcasts parameter update
220.694: Server #0 broadcasts parameter update
220.708: Server #7 broadcasts parameter update
220.951: Server #5 broadcasts parameter update
221.42: Server #2 broadcasts parameter update
221.886: Server #4 broadcasts parameter update
222.273: Server #1 broadcasts parameter update
222.544: Server #3 broadcasts parameter update
222.911: Server #7 broadcasts parameter update
223.153: Server #5 broadcasts parameter update
223.391: Server #6 broadcasts parameter update
223.756: Server #0 broadcasts parameter update
223.967: Server #2 broadcasts parameter update
224.093: Server #4 broadcasts parameter update
224.867: Server #3 broadcasts parameter update
224.955: Server #1 broadcasts parameter update
225.282: Server #7 broadcasts parameter update
226.139: Server #4 broadcasts parameter update
226.189: Server #0 broadcasts parameter update
226.267: Server #5 broadcasts parameter update
226.338: Server #6 broadcasts parameter update
226.579: Server #2 broadcasts parameter update
227.178: Server #1 broadcasts parameter update
227.415: Server #3 broadcasts parameter update
228.264: Server #0 broadcasts parameter update
228.288: Server #7 broadcasts parameter update
228.43: Server #4 broadcasts parameter update
228.728: Server #5 broadcasts parameter update
229.3: Server #1 broadcasts parameter update
229.639: Server #2 broadcasts parameter update
229.657: Server #6 broadcasts parameter update
229.859: Server #3 broadcasts parameter update
230.599: Server #7 broadcasts parameter update
231.021: Server #4 broadcasts parameter update
231.058: Server #5 broadcasts parameter update
231.644: Server #0 broadcasts parameter update
231.676: Server #1 broadcasts parameter update
232.046: Server #2 broadcasts parameter update
232.18: Server #3 broadcasts parameter update
232.991: Server #7 broadcasts parameter update
233.011: Server #6 broadcasts parameter update
233.399: Server #4 broadcasts parameter update
234.339: Server #3 broadcasts parameter update
234.361: Server #0 broadcasts parameter update
234.372: Server #1 broadcasts parameter update
234.393: Server #2 broadcasts parameter update
234.447: Server #5 broadcasts parameter update
235.307: Server #6 broadcasts parameter update
235.321: Server #7 broadcasts parameter update
236.062: Server #4 broadcasts parameter update
236.433: Server #1 broadcasts parameter update
236.549: Server #3 broadcasts parameter update
236.589: Server #2 broadcasts parameter update
236.832: Server #5 broadcasts parameter update
236.888: Server #0 broadcasts parameter update
237.594: Server #6 broadcasts parameter update
237.643: Server #7 broadcasts parameter update
238.534: Server #4 broadcasts parameter update
238.649: Server #1 broadcasts parameter update
238.803: Server #2 broadcasts parameter update
239.127: Server #5 broadcasts parameter update
239.187: Server #0 broadcasts parameter update
239.855: Server #3 broadcasts parameter update
240.039: Server #7 broadcasts parameter update
240.092: Server #6 broadcasts parameter update
240.798: Server #4 broadcasts parameter update
240.89: Server #1 broadcasts parameter update
241.317: Server #2 broadcasts parameter update
241.59: Server #5 broadcasts parameter update
241.599: Server #0 broadcasts parameter update
242.261: Server #7 broadcasts parameter update
243.044: Server #4 broadcasts parameter update
243.128: Server #3 broadcasts parameter update
243.204: Server #6 broadcasts parameter update
243.516: Server #1 broadcasts parameter update
243.734: Server #2 broadcasts parameter update
243.785: Server #5 broadcasts parameter update
243.946: Server #0 broadcasts parameter update
244.632: Server #7 broadcasts parameter update
245.491: Server #3 broadcasts parameter update
245.508: Server #6 broadcasts parameter update
245.676: Server #1 broadcasts parameter update
245.725: Server #4 broadcasts parameter update
246.301: Server #0 broadcasts parameter update
247.024: Server #2 broadcasts parameter update
247.217: Server #7 broadcasts parameter update
247.274: Server #5 broadcasts parameter update
247.816: Server #1 broadcasts parameter update
247.93: Server #4 broadcasts parameter update
248.116: Server #3 broadcasts parameter update
248.381: Server #6 broadcasts parameter update
249.006: Server #0 broadcasts parameter update
249.581: Server #7 broadcasts parameter update
249.823: Server #5 broadcasts parameter update
250.229: Server #1 broadcasts parameter update
250.346: Server #4 broadcasts parameter update
250.476: Server #2 broadcasts parameter update
250.529: Server #3 broadcasts parameter update
250.901: Server #6 broadcasts parameter update
251.293: Server #0 broadcasts parameter update
251.892: Server #7 broadcasts parameter update
252.058: Server #5 broadcasts parameter update
252.663: Server #2 broadcasts parameter update
252.672: Server #1 broadcasts parameter update
252.695: Server #4 broadcasts parameter update
252.796: Server #3 broadcasts parameter update
253.434: Server #6 broadcasts parameter update
253.668: Server #0 broadcasts parameter update
254.632: Server #5 broadcasts parameter update
254.728: Server #7 broadcasts parameter update
254.99: Server #2 broadcasts parameter update
254.993: Server #1 broadcasts parameter update
255.064: Server #4 broadcasts parameter update
255.151: Server #3 broadcasts parameter update
255.604: Server #6 broadcasts parameter update
255.84: Server #0 broadcasts parameter update
257.07: Server #2 broadcasts parameter update
257.267: Server #5 broadcasts parameter update
257.384: Server #3 broadcasts parameter update
257.427: Server #4 broadcasts parameter update
257.58: Server #7 broadcasts parameter update
257.889: Server #6 broadcasts parameter update
257.912: Server #1 broadcasts parameter update
258.923: Server #0 broadcasts parameter update
259.792: Server #3 broadcasts parameter update
259.926: Server #4 broadcasts parameter update
259.97: Server #2 broadcasts parameter update
259.989: Server #5 broadcasts parameter update
260.298: Server #6 broadcasts parameter update
260.697: Server #7 broadcasts parameter update
260.742: Server #1 broadcasts parameter update
261.284: Server #0 broadcasts parameter update
262.06: Server #3 broadcasts parameter update
262.28: Server #4 broadcasts parameter update
262.388: Server #2 broadcasts parameter update
262.522: Server #6 broadcasts parameter update
262.628: Server #5 broadcasts parameter update
262.994: Server #1 broadcasts parameter update
263.137: Server #7 broadcasts parameter update
263.593: Server #0 broadcasts parameter update
264.305: Server #3 broadcasts parameter update
264.468: Server #4 broadcasts parameter update
264.758: Server #2 broadcasts parameter update
265.17: Server #5 broadcasts parameter update
265.449: Server #1 broadcasts parameter update
265.626: Server #7 broadcasts parameter update
265.761: Server #6 broadcasts parameter update
265.938: Server #0 broadcasts parameter update
266.982: Server #4 broadcasts parameter update
267.124: Server #2 broadcasts parameter update
267.173: Server #3 broadcasts parameter update
267.484: Server #5 broadcasts parameter update
268.298: Server #0 broadcasts parameter update
268.328: Server #7 broadcasts parameter update
268.458: Server #1 broadcasts parameter update
268.507: Server #6 broadcasts parameter update
269.394: Server #2 broadcasts parameter update
269.521: Server #4 broadcasts parameter update
269.603: Server #3 broadcasts parameter update
269.835: Server #5 broadcasts parameter update
270.484: Server #0 broadcasts parameter update
270.52: Server #1 broadcasts parameter update
270.864: Server #7 broadcasts parameter update
270.981: Server #6 broadcasts parameter update
271.762: Server #2 broadcasts parameter update
271.778: Server #3 broadcasts parameter update
272.471: Server #4 broadcasts parameter update
272.808: Server #1 broadcasts parameter update
272.814: Server #5 broadcasts parameter update
273.171: Server #7 broadcasts parameter update
273.455: Server #6 broadcasts parameter update
273.584: Server #0 broadcasts parameter update
274.238: Server #3 broadcasts parameter update
274.411: Server #2 broadcasts parameter update
274.794: Server #4 broadcasts parameter update
275.008: Server #5 broadcasts parameter update
275.317: Server #1 broadcasts parameter update
275.658: Server #7 broadcasts parameter update
276.23: Server #6 broadcasts parameter update
276.476: Server #2 broadcasts parameter update
276.581: Server #0 broadcasts parameter update
276.695: Server #3 broadcasts parameter update
277.628: Server #4 broadcasts parameter update
277.73: Server #1 broadcasts parameter update
277.95: Server #5 broadcasts parameter update
278.011: Server #7 broadcasts parameter update
278.548: Server #6 broadcasts parameter update
278.599: Server #2 broadcasts parameter update
279.012: Server #0 broadcasts parameter update
279.06: Server #3 broadcasts parameter update
279.926: Server #1 broadcasts parameter update
280.622: Server #7 broadcasts parameter update
280.758: Server #5 broadcasts parameter update
280.834: Server #4 broadcasts parameter update
280.97: Server #2 broadcasts parameter update
281.137: Server #3 broadcasts parameter update
281.147: Server #6 broadcasts parameter update
281.308: Server #0 broadcasts parameter update
282.41: Server #1 broadcasts parameter update
283.2: Server #4 broadcasts parameter update
283.417: Server #7 broadcasts parameter update
283.556: Server #0 broadcasts parameter update
283.564: Server #3 broadcasts parameter update
283.568: Server #6 broadcasts parameter update
283.623: Server #2 broadcasts parameter update
283.65: Server #5 broadcasts parameter update
284.563: Server #1 broadcasts parameter update
285.555: Server #4 broadcasts parameter update
285.653: Server #7 broadcasts parameter update
285.659: Server #0 broadcasts parameter update
285.702: Server #5 broadcasts parameter update
285.989: Server #6 broadcasts parameter update
285.995: Server #2 broadcasts parameter update
286.714: Server #3 broadcasts parameter update
286.903: Server #1 broadcasts parameter update
287.865: Server #5 broadcasts parameter update
288.003: Server #7 broadcasts parameter update
288.004: Server #4 broadcasts parameter update
288.189: Server #0 broadcasts parameter update
288.409: Server #6 broadcasts parameter update
288.874: Server #2 broadcasts parameter update
289.475: Server #1 broadcasts parameter update
290.055: Server #3 broadcasts parameter update
290.353: Server #4 broadcasts parameter update
290.412: Server #0 broadcasts parameter update
290.489: Server #7 broadcasts parameter update
290.976: Server #2 broadcasts parameter update
291.224: Server #5 broadcasts parameter update
291.437: Server #6 broadcasts parameter update
292.399: Server #1 broadcasts parameter update
292.641: Server #4 broadcasts parameter update
292.693: Server #0 broadcasts parameter update
292.945: Server #7 broadcasts parameter update
293.053: Server #2 broadcasts parameter update
293.382: Server #3 broadcasts parameter update
293.952: Server #5 broadcasts parameter update
294.026: Server #6 broadcasts parameter update
294.766: Server #1 broadcasts parameter update
295.124: Server #0 broadcasts parameter update
295.306: Server #4 broadcasts parameter update
295.641: Server #3 broadcasts parameter update
295.823: Server #2 broadcasts parameter update
295.864: Server #7 broadcasts parameter update
296.344: Server #5 broadcasts parameter update
296.353: Server #6 broadcasts parameter update
297.279: Server #1 broadcasts parameter update
297.609: Server #0 broadcasts parameter update
297.657: Server #4 broadcasts parameter update
297.83: Server #3 broadcasts parameter update
298.341: Server #2 broadcasts parameter update
298.477: Server #7 broadcasts parameter update
298.863: Server #5 broadcasts parameter update
299.694: Server #6 broadcasts parameter update
299.81: Server #1 broadcasts parameter update
299.845: Server #0 broadcasts parameter update
299.952: Server #4 broadcasts parameter update
