Waf: Entering directory `/home/alexander/Documents/ns3/workspace/bake/source/ns-3.29/build'
Waf: Leaving directory `/home/alexander/Documents/ns3/workspace/bake/source/ns-3.29/build'
Build commands will be stored in build/compile_commands.json
'build' finished successfully (8.554s)
4.00318: Server #6 broadcasts parameter update
4.00495: Server #4 broadcasts parameter update
4.00675: Server #3 broadcasts parameter update
4.00772: Server #5 broadcasts parameter update
4.01027: Server #1 broadcasts parameter update
4.01039: Server #7 broadcasts parameter update
4.01295: Server #0 broadcasts parameter update
4.01849: Server #2 broadcasts parameter update
7.40633: Server #1 broadcasts parameter update
7.58527: Server #7 broadcasts parameter update
7.66036: Server #6 broadcasts parameter update
7.77812: Server #4 broadcasts parameter update
8.14537: Server #2 broadcasts parameter update
8.17026: Server #3 broadcasts parameter update
8.6709: Server #0 broadcasts parameter update
9.04467: Server #5 broadcasts parameter update
11.0679: Server #1 broadcasts parameter update
11.1941: Server #7 broadcasts parameter update
11.4012: Server #6 broadcasts parameter update
11.6387: Server #2 broadcasts parameter update
11.9025: Server #4 broadcasts parameter update
12.5577: Server #3 broadcasts parameter update
13.4698: Server #5 broadcasts parameter update
13.9423: Server #1 broadcasts parameter update
14.0246: Server #0 broadcasts parameter update
14.2487: Server #6 broadcasts parameter update
14.3742: Server #7 broadcasts parameter update
16.1654: Server #5 broadcasts parameter update
16.2202: Server #3 broadcasts parameter update
16.3064: Server #2 broadcasts parameter update
16.5791: Server #4 broadcasts parameter update
17.4781: Server #6 broadcasts parameter update
17.8133: Server #7 broadcasts parameter update
18.2552: Server #1 broadcasts parameter update
18.8052: Server #0 broadcasts parameter update
19.1122: Server #3 broadcasts parameter update
19.2965: Server #5 broadcasts parameter update
19.7591: Server #4 broadcasts parameter update
20.2735: Server #6 broadcasts parameter update
20.9002: Server #2 broadcasts parameter update
21.5308: Server #1 broadcasts parameter update
22.1426: Server #3 broadcasts parameter update
22.2673: Server #7 broadcasts parameter update
22.3214: Server #5 broadcasts parameter update
22.36: Server #0 broadcasts parameter update
23.0885: Server #4 broadcasts parameter update
23.3835: Server #6 broadcasts parameter update
24.8311: Server #1 broadcasts parameter update
25.2612: Server #5 broadcasts parameter update
25.449: Server #3 broadcasts parameter update
25.9488: Server #2 broadcasts parameter update
26.6113: Server #7 broadcasts parameter update
26.9164: Server #6 broadcasts parameter update
27.0795: Server #0 broadcasts parameter update
27.7953: Server #4 broadcasts parameter update
28.0715: Server #3 broadcasts parameter update
28.5638: Server #1 broadcasts parameter update
29.304: Server #5 broadcasts parameter update
