Waf: Entering directory `/home/alexander/Documents/ns3/workspace/bake/source/ns-3.29/build'
Waf: Leaving directory `/home/alexander/Documents/ns3/workspace/bake/source/ns-3.29/build'
Build commands will be stored in build/compile_commands.json
'build' finished successfully (11.160s)
1.01681: Server #2 broadcasts parameter update
1.01713: Server #1 broadcasts parameter update
3.62424: Server #2 broadcasts parameter update
3.96614: Server #1 broadcasts parameter update
4.00421: Server #3 broadcasts parameter update
4.00941: Server #7 broadcasts parameter update
4.07868: Server #5 broadcasts parameter update
4.08337: Server #0 broadcasts parameter update
4.08492: Server #4 broadcasts parameter update
4.08524: Server #6 broadcasts parameter update
6.11873: Server #2 broadcasts parameter update
6.73639: Server #1 broadcasts parameter update
7.91133: Server #7 broadcasts parameter update
9.08196: Server #4 broadcasts parameter update
9.15536: Server #2 broadcasts parameter update
9.30172: Server #5 broadcasts parameter update
9.37014: Server #6 broadcasts parameter update
9.37399: Server #3 broadcasts parameter update
9.82639: Server #1 broadcasts parameter update
11.8102: Server #6 broadcasts parameter update
11.8242: Server #5 broadcasts parameter update
12.0414: Server #7 broadcasts parameter update
12.4484: Server #2 broadcasts parameter update
13.4789: Server #4 broadcasts parameter update
14.5853: Server #3 broadcasts parameter update
14.6228: Server #6 broadcasts parameter update
15.2116: Server #2 broadcasts parameter update
15.2355: Server #7 broadcasts parameter update
15.3154: Server #1 broadcasts parameter update
16.7438: Server #5 broadcasts parameter update
18.0172: Server #4 broadcasts parameter update
18.1062: Server #2 broadcasts parameter update
18.197: Server #1 broadcasts parameter update
19.3717: Server #6 broadcasts parameter update
19.8305: Server #5 broadcasts parameter update
20.3703: Server #3 broadcasts parameter update
20.9899: Server #7 broadcasts parameter update
21.114: Server #4 broadcasts parameter update
21.4255: Server #2 broadcasts parameter update
21.7352: Server #1 broadcasts parameter update
22.1442: Server #6 broadcasts parameter update
23.4088: Server #0 broadcasts parameter update
23.8676: Server #2 broadcasts parameter update
24.2072: Server #3 broadcasts parameter update
24.3679: Server #7 broadcasts parameter update
24.494: Server #5 broadcasts parameter update
24.8707: Server #6 broadcasts parameter update
25.3764: Server #4 broadcasts parameter update
26.5833: Server #2 broadcasts parameter update
26.7091: Server #1 broadcasts parameter update
26.9679: Server #0 broadcasts parameter update
27.3079: Server #6 broadcasts parameter update
27.7446: Server #7 broadcasts parameter update
27.8473: Server #5 broadcasts parameter update
29.7011: Server #4 broadcasts parameter update
