Waf: Entering directory `/home/alexander/Documents/ns3/workspace/bake/source/ns-3.29/build'
Waf: Leaving directory `/home/alexander/Documents/ns3/workspace/bake/source/ns-3.29/build'
Build commands will be stored in build/compile_commands.json
'build' finished successfully (5.751s)
1.01342: Server #5 broadcasts parameter update
3.83897: Server #5 broadcasts parameter update
4.00398: Server #1 broadcasts parameter update
4.00606: Server #6 broadcasts parameter update
4.0073: Server #2 broadcasts parameter update
4.00816: Server #3 broadcasts parameter update
4.01089: Server #4 broadcasts parameter update
4.01478: Server #0 broadcasts parameter update
4.01543: Server #7 broadcasts parameter update
6.68595: Server #1 broadcasts parameter update
7.17868: Server #5 broadcasts parameter update
7.2089: Server #4 broadcasts parameter update
7.21335: Server #2 broadcasts parameter update
7.24192: Server #6 broadcasts parameter update
9.19802: Server #1 broadcasts parameter update
9.48118: Server #7 broadcasts parameter update
10.1894: Server #0 broadcasts parameter update
10.3849: Server #6 broadcasts parameter update
10.4231: Server #4 broadcasts parameter update
11.3984: Server #2 broadcasts parameter update
11.4233: Server #5 broadcasts parameter update
11.9689: Server #1 broadcasts parameter update
13.16: Server #6 broadcasts parameter update
13.65: Server #0 broadcasts parameter update
14.2561: Server #2 broadcasts parameter update
14.2768: Server #4 broadcasts parameter update
14.3486: Server #7 broadcasts parameter update
14.3876: Server #1 broadcasts parameter update
15.1756: Server #5 broadcasts parameter update
15.8727: Server #6 broadcasts parameter update
17.6157: Server #1 broadcasts parameter update
18.0215: Server #7 broadcasts parameter update
18.2223: Server #2 broadcasts parameter update
18.4051: Server #0 broadcasts parameter update
18.4873: Server #5 broadcasts parameter update
18.5764: Server #6 broadcasts parameter update
18.7226: Server #4 broadcasts parameter update
19.0172: Server #3 broadcasts parameter update
20.9762: Server #1 broadcasts parameter update
21.3467: Server #6 broadcasts parameter update
21.3969: Server #7 broadcasts parameter update
21.8939: Server #4 broadcasts parameter update
22.7561: Server #2 broadcasts parameter update
23.1739: Server #0 broadcasts parameter update
23.1946: Server #1 broadcasts parameter update
23.5109: Server #5 broadcasts parameter update
23.6955: Server #3 broadcasts parameter update
23.8203: Server #6 broadcasts parameter update
25.1471: Server #4 broadcasts parameter update
25.3247: Server #7 broadcasts parameter update
25.469: Server #1 broadcasts parameter update
26.6407: Server #6 broadcasts parameter update
26.8469: Server #0 broadcasts parameter update
26.9782: Server #2 broadcasts parameter update
27.9631: Server #1 broadcasts parameter update
28.2858: Server #3 broadcasts parameter update
28.3018: Server #4 broadcasts parameter update
28.829: Server #5 broadcasts parameter update
28.8331: Server #7 broadcasts parameter update
29.1034: Server #6 broadcasts parameter update
