Waf: Entering directory `/home/alexander/Documents/ns3/workspace/bake/source/ns-3.29/build'
Waf: Leaving directory `/home/alexander/Documents/ns3/workspace/bake/source/ns-3.29/build'
Build commands will be stored in build/compile_commands.json
'build' finished successfully (5.910s)
1.01585: Server #3 broadcasts parameter update
1.01641: Server #2 broadcasts parameter update
3.96432: Server #3 broadcasts parameter update
3.9859: Server #2 broadcasts parameter update
4.00612: Server #7 broadcasts parameter update
4.01405: Server #5 broadcasts parameter update
4.02876: Server #1 broadcasts parameter update
4.05434: Server #4 broadcasts parameter update
4.06804: Server #0 broadcasts parameter update
4.07099: Server #6 broadcasts parameter update
6.54166: Server #3 broadcasts parameter update
6.54668: Server #2 broadcasts parameter update
7.70863: Server #1 broadcasts parameter update
7.91195: Server #5 broadcasts parameter update
8.7693: Server #6 broadcasts parameter update
9.07625: Server #4 broadcasts parameter update
9.37064: Server #7 broadcasts parameter update
9.37434: Server #3 broadcasts parameter update
9.42079: Server #0 broadcasts parameter update
10.2392: Server #2 broadcasts parameter update
10.2778: Server #1 broadcasts parameter update
10.7588: Server #5 broadcasts parameter update
12.949: Server #7 broadcasts parameter update
13.2581: Server #3 broadcasts parameter update
13.5627: Server #2 broadcasts parameter update
13.5693: Server #1 broadcasts parameter update
13.8383: Server #4 broadcasts parameter update
13.8731: Server #5 broadcasts parameter update
14.4693: Server #0 broadcasts parameter update
14.7223: Server #6 broadcasts parameter update
15.3619: Server #7 broadcasts parameter update
16.2568: Server #2 broadcasts parameter update
16.7116: Server #3 broadcasts parameter update
16.7473: Server #1 broadcasts parameter update
17.7295: Server #5 broadcasts parameter update
18.0567: Server #0 broadcasts parameter update
18.1344: Server #7 broadcasts parameter update
18.2984: Server #6 broadcasts parameter update
19.5712: Server #2 broadcasts parameter update
19.9255: Server #3 broadcasts parameter update
20.6642: Server #4 broadcasts parameter update
20.8101: Server #5 broadcasts parameter update
20.9336: Server #7 broadcasts parameter update
21.546: Server #0 broadcasts parameter update
21.7308: Server #6 broadcasts parameter update
22.5953: Server #2 broadcasts parameter update
23.0818: Server #1 broadcasts parameter update
24.1561: Server #5 broadcasts parameter update
24.2562: Server #7 broadcasts parameter update
24.288: Server #3 broadcasts parameter update
24.4604: Server #6 broadcasts parameter update
24.8874: Server #4 broadcasts parameter update
25.1263: Server #0 broadcasts parameter update
25.8489: Server #2 broadcasts parameter update
26.871: Server #7 broadcasts parameter update
27.8509: Server #1 broadcasts parameter update
28.2537: Server #6 broadcasts parameter update
28.2731: Server #3 broadcasts parameter update
28.4397: Server #2 broadcasts parameter update
28.5212: Server #4 broadcasts parameter update
28.7527: Server #5 broadcasts parameter update
29.7489: Server #7 broadcasts parameter update
