Waf: Entering directory `/home/alexander/Documents/ns3/workspace/bake/source/ns-3.29/build'
Waf: Leaving directory `/home/alexander/Documents/ns3/workspace/bake/source/ns-3.29/build'
Build commands will be stored in build/compile_commands.json
'build' finished successfully (13.016s)
1.01684: Server #4 broadcasts parameter update
1.01724: Server #2 broadcasts parameter update
3.74758: Server #2 broadcasts parameter update
3.95749: Server #4 broadcasts parameter update
4.0081: Server #0 broadcasts parameter update
4.00907: Server #3 broadcasts parameter update
4.00935: Server #1 broadcasts parameter update
4.01523: Server #6 broadcasts parameter update
4.08452: Server #7 broadcasts parameter update
4.09273: Server #5 broadcasts parameter update
6.61067: Server #4 broadcasts parameter update
7.06235: Server #2 broadcasts parameter update
7.36435: Server #5 broadcasts parameter update
7.59322: Server #1 broadcasts parameter update
7.8282: Server #3 broadcasts parameter update
8.3524: Server #7 broadcasts parameter update
10.2362: Server #2 broadcasts parameter update
10.7083: Server #4 broadcasts parameter update
10.8032: Server #6 broadcasts parameter update
10.954: Server #5 broadcasts parameter update
11.0711: Server #3 broadcasts parameter update
11.5445: Server #1 broadcasts parameter update
11.6592: Server #0 broadcasts parameter update
13.4475: Server #4 broadcasts parameter update
13.5653: Server #5 broadcasts parameter update
13.9796: Server #2 broadcasts parameter update
14.3766: Server #6 broadcasts parameter update
14.6053: Server #7 broadcasts parameter update
14.6278: Server #0 broadcasts parameter update
15.0741: Server #1 broadcasts parameter update
15.5813: Server #3 broadcasts parameter update
16.3779: Server #5 broadcasts parameter update
17.1987: Server #4 broadcasts parameter update
17.8602: Server #0 broadcasts parameter update
18.4474: Server #3 broadcasts parameter update
18.4866: Server #7 broadcasts parameter update
18.9418: Server #2 broadcasts parameter update
19.0579: Server #5 broadcasts parameter update
19.0954: Server #6 broadcasts parameter update
19.7864: Server #1 broadcasts parameter update
20.7678: Server #0 broadcasts parameter update
20.8272: Server #4 broadcasts parameter update
22.0107: Server #3 broadcasts parameter update
22.0248: Server #5 broadcasts parameter update
22.6942: Server #7 broadcasts parameter update
22.9124: Server #2 broadcasts parameter update
23.4092: Server #6 broadcasts parameter update
23.4166: Server #1 broadcasts parameter update
24.0053: Server #0 broadcasts parameter update
24.5148: Server #4 broadcasts parameter update
25.6097: Server #3 broadcasts parameter update
26.3696: Server #2 broadcasts parameter update
26.572: Server #7 broadcasts parameter update
26.8112: Server #5 broadcasts parameter update
27.2037: Server #4 broadcasts parameter update
27.6128: Server #0 broadcasts parameter update
27.7502: Server #1 broadcasts parameter update
28.8002: Server #3 broadcasts parameter update
29.4729: Server #6 broadcasts parameter update
29.8307: Server #5 broadcasts parameter update
