Waf: Entering directory `/home/alexander/Documents/ns3/workspace/bake/source/ns-3.29/build'
Waf: Leaving directory `/home/alexander/Documents/ns3/workspace/bake/source/ns-3.29/build'
Build commands will be stored in build/compile_commands.json
'build' finished successfully (5.513s)
1.01424: Server #2 broadcasts parameter update
4.00404: Server #0 broadcasts parameter update
4.00603: Server #6 broadcasts parameter update
4.0092: Server #7 broadcasts parameter update
4.00953: Server #3 broadcasts parameter update
4.01077: Server #1 broadcasts parameter update
4.01088: Server #4 broadcasts parameter update
4.0156: Server #5 broadcasts parameter update
4.28697: Server #2 broadcasts parameter update
7.07936: Server #2 broadcasts parameter update
7.81268: Server #6 broadcasts parameter update
7.89852: Server #0 broadcasts parameter update
8.23648: Server #1 broadcasts parameter update
8.45146: Server #4 broadcasts parameter update
8.54442: Server #5 broadcasts parameter update
9.94517: Server #7 broadcasts parameter update
9.94938: Server #3 broadcasts parameter update
10.1018: Server #2 broadcasts parameter update
10.619: Server #6 broadcasts parameter update
11.3441: Server #1 broadcasts parameter update
12.1965: Server #4 broadcasts parameter update
12.365: Server #0 broadcasts parameter update
13.2536: Server #6 broadcasts parameter update
14.2248: Server #2 broadcasts parameter update
15.3613: Server #5 broadcasts parameter update
15.3868: Server #7 broadcasts parameter update
15.5466: Server #3 broadcasts parameter update
15.5737: Server #4 broadcasts parameter update
15.7446: Server #0 broadcasts parameter update
16.1012: Server #6 broadcasts parameter update
17.3037: Server #2 broadcasts parameter update
17.4255: Server #1 broadcasts parameter update
18.9089: Server #6 broadcasts parameter update
18.9542: Server #0 broadcasts parameter update
19.3647: Server #7 broadcasts parameter update
19.4414: Server #5 broadcasts parameter update
20.1542: Server #4 broadcasts parameter update
20.4549: Server #2 broadcasts parameter update
21.1719: Server #1 broadcasts parameter update
21.8073: Server #6 broadcasts parameter update
22.3101: Server #0 broadcasts parameter update
23.4756: Server #2 broadcasts parameter update
23.6898: Server #3 broadcasts parameter update
23.7796: Server #4 broadcasts parameter update
24.6049: Server #6 broadcasts parameter update
24.9835: Server #1 broadcasts parameter update
25.1142: Server #5 broadcasts parameter update
25.4241: Server #0 broadcasts parameter update
26.9924: Server #2 broadcasts parameter update
27.0166: Server #4 broadcasts parameter update
27.1524: Server #3 broadcasts parameter update
27.3377: Server #6 broadcasts parameter update
28.5335: Server #7 broadcasts parameter update
28.689: Server #5 broadcasts parameter update
28.9239: Server #1 broadcasts parameter update
29.0686: Server #0 broadcasts parameter update
