Waf: Entering directory `/home/alexander/Documents/ns3/workspace/bake/source/ns-3.29/build'
Waf: Leaving directory `/home/alexander/Documents/ns3/workspace/bake/source/ns-3.29/build'
Build commands will be stored in build/compile_commands.json
'build' finished successfully (6.565s)
1.01717: Server #2 broadcasts parameter update
1.0183: Server #4 broadcasts parameter update
3.50565: Server #4 broadcasts parameter update
3.61947: Server #2 broadcasts parameter update
4.17422: Server #3 broadcasts parameter update
4.17428: Server #6 broadcasts parameter update
4.29145: Server #5 broadcasts parameter update
4.37671: Server #7 broadcasts parameter update
4.37697: Server #1 broadcasts parameter update
4.37778: Server #0 broadcasts parameter update
6.76797: Server #2 broadcasts parameter update
6.96078: Server #4 broadcasts parameter update
8.47754: Server #3 broadcasts parameter update
8.50042: Server #0 broadcasts parameter update
9.49587: Server #6 broadcasts parameter update
9.65861: Server #7 broadcasts parameter update
9.75318: Server #1 broadcasts parameter update
10.0967: Server #4 broadcasts parameter update
10.296: Server #2 broadcasts parameter update
11.8302: Server #3 broadcasts parameter update
12.6861: Server #0 broadcasts parameter update
12.6913: Server #1 broadcasts parameter update
12.8735: Server #7 broadcasts parameter update
14.0727: Server #2 broadcasts parameter update
14.3538: Server #6 broadcasts parameter update
14.7632: Server #5 broadcasts parameter update
15.3921: Server #4 broadcasts parameter update
16.673: Server #0 broadcasts parameter update
16.7547: Server #7 broadcasts parameter update
17.173: Server #3 broadcasts parameter update
17.886: Server #2 broadcasts parameter update
18.3782: Server #1 broadcasts parameter update
18.8591: Server #5 broadcasts parameter update
19.1067: Server #4 broadcasts parameter update
19.2038: Server #6 broadcasts parameter update
19.3835: Server #0 broadcasts parameter update
19.4967: Server #7 broadcasts parameter update
20.8493: Server #2 broadcasts parameter update
22.0742: Server #3 broadcasts parameter update
22.2106: Server #1 broadcasts parameter update
22.3848: Server #7 broadcasts parameter update
22.6492: Server #4 broadcasts parameter update
22.7701: Server #0 broadcasts parameter update
23.2285: Server #5 broadcasts parameter update
23.8881: Server #2 broadcasts parameter update
25.1088: Server #6 broadcasts parameter update
25.3941: Server #1 broadcasts parameter update
25.6723: Server #3 broadcasts parameter update
25.7371: Server #0 broadcasts parameter update
26.677: Server #5 broadcasts parameter update
26.9012: Server #7 broadcasts parameter update
27.012: Server #4 broadcasts parameter update
27.3043: Server #2 broadcasts parameter update
29.1737: Server #1 broadcasts parameter update
29.4407: Server #0 broadcasts parameter update
29.6764: Server #6 broadcasts parameter update
29.683: Server #3 broadcasts parameter update
29.9054: Server #7 broadcasts parameter update
