Waf: Entering directory `/home/alexander/Documents/ns3/workspace/bake/source/ns-3.29/build'
[2731/2813] Compiling scratch/cs268/cs268.cc
[2770/2813] Linking build/scratch/cs268/cs268
Waf: Leaving directory `/home/alexander/Documents/ns3/workspace/bake/source/ns-3.29/build'
Build commands will be stored in build/compile_commands.json
'build' finished successfully (8.631s)
1.0143: Server #7 broadcasts parameter update
1.01911: Server #1 broadcasts parameter update
3.66679: Server #1 broadcasts parameter update
3.9267: Server #7 broadcasts parameter update
4.00852: Server #4 broadcasts parameter update
4.0101: Server #3 broadcasts parameter update
4.01363: Server #5 broadcasts parameter update
4.09193: Server #6 broadcasts parameter update
4.16047: Server #0 broadcasts parameter update
4.16445: Server #2 broadcasts parameter update
7.23908: Server #5 broadcasts parameter update
7.43705: Server #7 broadcasts parameter update
7.55867: Server #3 broadcasts parameter update
7.93832: Server #0 broadcasts parameter update
8.5339: Server #1 broadcasts parameter update
8.76165: Server #4 broadcasts parameter update
8.95506: Server #2 broadcasts parameter update
9.89292: Server #5 broadcasts parameter update
11.3096: Server #6 broadcasts parameter update
11.4708: Server #0 broadcasts parameter update
11.5193: Server #3 broadcasts parameter update
11.9865: Server #2 broadcasts parameter update
12.4399: Server #1 broadcasts parameter update
12.8983: Server #7 broadcasts parameter update
13.0777: Server #5 broadcasts parameter update
13.6512: Server #4 broadcasts parameter update
15.4107: Server #0 broadcasts parameter update
16.0095: Server #6 broadcasts parameter update
16.199: Server #5 broadcasts parameter update
16.2948: Server #7 broadcasts parameter update
16.4248: Server #1 broadcasts parameter update
16.5381: Server #3 broadcasts parameter update
16.9319: Server #2 broadcasts parameter update
18.3253: Server #4 broadcasts parameter update
19.4212: Server #7 broadcasts parameter update
19.4913: Server #0 broadcasts parameter update
19.5923: Server #5 broadcasts parameter update
19.6312: Server #6 broadcasts parameter update
20.1401: Server #1 broadcasts parameter update
20.7528: Server #3 broadcasts parameter update
21.5455: Server #2 broadcasts parameter update
22.2525: Server #4 broadcasts parameter update
22.9922: Server #7 broadcasts parameter update
23.0478: Server #1 broadcasts parameter update
23.1162: Server #5 broadcasts parameter update
23.735: Server #3 broadcasts parameter update
24.1482: Server #0 broadcasts parameter update
24.2056: Server #6 broadcasts parameter update
26.1527: Server #1 broadcasts parameter update
26.1982: Server #5 broadcasts parameter update
26.5645: Server #7 broadcasts parameter update
26.6123: Server #4 broadcasts parameter update
26.613: Server #2 broadcasts parameter update
26.6593: Server #3 broadcasts parameter update
27.8363: Server #0 broadcasts parameter update
29.2528: Server #5 broadcasts parameter update
29.7005: Server #7 broadcasts parameter update
29.7066: Server #6 broadcasts parameter update
30.1417: Server #2 broadcasts parameter update
30.8526: Server #4 broadcasts parameter update
30.993: Server #3 broadcasts parameter update
31.3905: Server #1 broadcasts parameter update
31.7026: Server #0 broadcasts parameter update
32.2987: Server #5 broadcasts parameter update
32.9553: Server #7 broadcasts parameter update
33.7161: Server #2 broadcasts parameter update
34.4096: Server #6 broadcasts parameter update
35.2167: Server #0 broadcasts parameter update
35.2973: Server #3 broadcasts parameter update
35.3363: Server #1 broadcasts parameter update
35.5395: Server #4 broadcasts parameter update
35.6091: Server #5 broadcasts parameter update
36.3993: Server #7 broadcasts parameter update
37.3365: Server #2 broadcasts parameter update
37.9693: Server #6 broadcasts parameter update
38.8586: Server #0 broadcasts parameter update
38.9349: Server #3 broadcasts parameter update
39.4962: Server #5 broadcasts parameter update
39.7977: Server #1 broadcasts parameter update
39.9051: Server #4 broadcasts parameter update
40.2112: Server #7 broadcasts parameter update
40.8082: Server #2 broadcasts parameter update
41.7262: Server #6 broadcasts parameter update
42.296: Server #3 broadcasts parameter update
42.3532: Server #0 broadcasts parameter update
43.0133: Server #5 broadcasts parameter update
43.1798: Server #1 broadcasts parameter update
43.2282: Server #4 broadcasts parameter update
44.154: Server #7 broadcasts parameter update
44.6725: Server #6 broadcasts parameter update
45.0183: Server #2 broadcasts parameter update
45.8211: Server #0 broadcasts parameter update
46.3276: Server #5 broadcasts parameter update
46.4023: Server #3 broadcasts parameter update
46.7973: Server #1 broadcasts parameter update
46.9003: Server #4 broadcasts parameter update
47.7589: Server #7 broadcasts parameter update
48.425: Server #6 broadcasts parameter update
49.2451: Server #2 broadcasts parameter update
49.5451: Server #3 broadcasts parameter update
49.638: Server #0 broadcasts parameter update
49.6954: Server #1 broadcasts parameter update
49.9474: Server #4 broadcasts parameter update
50.1931: Server #5 broadcasts parameter update
51.919: Server #6 broadcasts parameter update
52.0139: Server #7 broadcasts parameter update
52.8152: Server #2 broadcasts parameter update
53.1578: Server #3 broadcasts parameter update
53.3925: Server #5 broadcasts parameter update
53.6836: Server #1 broadcasts parameter update
54.1276: Server #0 broadcasts parameter update
54.7868: Server #4 broadcasts parameter update
55.8159: Server #7 broadcasts parameter update
56.3631: Server #6 broadcasts parameter update
56.5517: Server #5 broadcasts parameter update
56.7187: Server #3 broadcasts parameter update
56.7503: Server #2 broadcasts parameter update
56.898: Server #1 broadcasts parameter update
57.8075: Server #0 broadcasts parameter update
58.483: Server #4 broadcasts parameter update
58.8603: Server #7 broadcasts parameter update
60.0272: Server #1 broadcasts parameter update
60.1872: Server #6 broadcasts parameter update
60.3319: Server #3 broadcasts parameter update
60.7113: Server #5 broadcasts parameter update
61.0326: Server #2 broadcasts parameter update
61.727: Server #0 broadcasts parameter update
61.9409: Server #7 broadcasts parameter update
62.2915: Server #4 broadcasts parameter update
63.5126: Server #1 broadcasts parameter update
63.858: Server #3 broadcasts parameter update
63.9586: Server #6 broadcasts parameter update
64.1277: Server #5 broadcasts parameter update
64.8147: Server #2 broadcasts parameter update
65.2746: Server #0 broadcasts parameter update
65.4529: Server #7 broadcasts parameter update
66.0493: Server #4 broadcasts parameter update
67.217: Server #1 broadcasts parameter update
67.575: Server #6 broadcasts parameter update
67.6525: Server #3 broadcasts parameter update
67.6877: Server #5 broadcasts parameter update
67.7852: Server #2 broadcasts parameter update
69.2201: Server #0 broadcasts parameter update
69.4434: Server #4 broadcasts parameter update
69.6689: Server #7 broadcasts parameter update
70.6953: Server #1 broadcasts parameter update
71.4024: Server #3 broadcasts parameter update
71.6428: Server #6 broadcasts parameter update
71.6493: Server #5 broadcasts parameter update
72.0564: Server #2 broadcasts parameter update
72.6526: Server #0 broadcasts parameter update
72.904: Server #4 broadcasts parameter update
73.2146: Server #7 broadcasts parameter update
74.3269: Server #1 broadcasts parameter update
74.845: Server #3 broadcasts parameter update
75.0064: Server #6 broadcasts parameter update
75.4201: Server #5 broadcasts parameter update
75.659: Server #2 broadcasts parameter update
76.4734: Server #0 broadcasts parameter update
76.5841: Server #4 broadcasts parameter update
77.5211: Server #7 broadcasts parameter update
77.6932: Server #1 broadcasts parameter update
77.9779: Server #6 broadcasts parameter update
78.3704: Server #3 broadcasts parameter update
78.9287: Server #2 broadcasts parameter update
79.4848: Server #5 broadcasts parameter update
79.751: Server #4 broadcasts parameter update
80.0037: Server #0 broadcasts parameter update
81.0682: Server #7 broadcasts parameter update
81.5748: Server #3 broadcasts parameter update
81.9537: Server #1 broadcasts parameter update
82.3288: Server #6 broadcasts parameter update
82.7005: Server #5 broadcasts parameter update
82.8451: Server #2 broadcasts parameter update
83.5754: Server #0 broadcasts parameter update
83.5931: Server #4 broadcasts parameter update
84.1246: Server #7 broadcasts parameter update
85.0786: Server #3 broadcasts parameter update
85.7506: Server #6 broadcasts parameter update
85.8798: Server #2 broadcasts parameter update
86.2377: Server #1 broadcasts parameter update
86.2695: Server #5 broadcasts parameter update
86.8836: Server #4 broadcasts parameter update
87.1811: Server #0 broadcasts parameter update
87.6187: Server #7 broadcasts parameter update
88.5825: Server #3 broadcasts parameter update
88.8072: Server #6 broadcasts parameter update
89.2905: Server #2 broadcasts parameter update
90.1663: Server #0 broadcasts parameter update
90.5898: Server #1 broadcasts parameter update
90.6121: Server #5 broadcasts parameter update
91.1642: Server #4 broadcasts parameter update
91.5118: Server #7 broadcasts parameter update
92.0308: Server #3 broadcasts parameter update
92.1011: Server #6 broadcasts parameter update
92.4109: Server #2 broadcasts parameter update
93.4586: Server #0 broadcasts parameter update
94.2117: Server #5 broadcasts parameter update
95.0327: Server #4 broadcasts parameter update
95.1829: Server #1 broadcasts parameter update
95.4742: Server #6 broadcasts parameter update
95.6686: Server #2 broadcasts parameter update
95.8993: Server #7 broadcasts parameter update
96.0853: Server #3 broadcasts parameter update
96.2294: Server #0 broadcasts parameter update
97.4571: Server #5 broadcasts parameter update
98.1441: Server #4 broadcasts parameter update
98.921: Server #1 broadcasts parameter update
98.9375: Server #6 broadcasts parameter update
99.2138: Server #0 broadcasts parameter update
99.383: Server #7 broadcasts parameter update
99.4049: Server #3 broadcasts parameter update
99.5671: Server #2 broadcasts parameter update
100.939: Server #5 broadcasts parameter update
101.437: Server #4 broadcasts parameter update
102.699: Server #1 broadcasts parameter update
102.703: Server #6 broadcasts parameter update
102.993: Server #7 broadcasts parameter update
103.167: Server #2 broadcasts parameter update
103.243: Server #3 broadcasts parameter update
103.28: Server #0 broadcasts parameter update
104.606: Server #4 broadcasts parameter update
104.91: Server #5 broadcasts parameter update
106.113: Server #1 broadcasts parameter update
106.581: Server #7 broadcasts parameter update
106.589: Server #0 broadcasts parameter update
106.607: Server #6 broadcasts parameter update
107.234: Server #3 broadcasts parameter update
107.349: Server #2 broadcasts parameter update
108.829: Server #4 broadcasts parameter update
109.212: Server #5 broadcasts parameter update
109.263: Server #1 broadcasts parameter update
110.251: Server #6 broadcasts parameter update
110.27: Server #0 broadcasts parameter update
110.492: Server #3 broadcasts parameter update
110.8: Server #7 broadcasts parameter update
111.029: Server #2 broadcasts parameter update
112.473: Server #4 broadcasts parameter update
112.802: Server #5 broadcasts parameter update
113.331: Server #6 broadcasts parameter update
113.471: Server #0 broadcasts parameter update
113.61: Server #3 broadcasts parameter update
113.698: Server #1 broadcasts parameter update
114.002: Server #2 broadcasts parameter update
114.794: Server #7 broadcasts parameter update
116.558: Server #5 broadcasts parameter update
116.629: Server #4 broadcasts parameter update
116.745: Server #3 broadcasts parameter update
117.03: Server #0 broadcasts parameter update
117.375: Server #1 broadcasts parameter update
117.425: Server #6 broadcasts parameter update
117.661: Server #2 broadcasts parameter update
118.72: Server #7 broadcasts parameter update
120.197: Server #4 broadcasts parameter update
120.208: Server #3 broadcasts parameter update
120.519: Server #6 broadcasts parameter update
120.525: Server #0 broadcasts parameter update
120.679: Server #1 broadcasts parameter update
120.968: Server #2 broadcasts parameter update
122.261: Server #5 broadcasts parameter update
122.289: Server #7 broadcasts parameter update
123.547: Server #4 broadcasts parameter update
123.918: Server #0 broadcasts parameter update
124.046: Server #2 broadcasts parameter update
124.195: Server #6 broadcasts parameter update
124.389: Server #1 broadcasts parameter update
125.284: Server #3 broadcasts parameter update
125.679: Server #5 broadcasts parameter update
125.916: Server #7 broadcasts parameter update
127.191: Server #0 broadcasts parameter update
127.234: Server #4 broadcasts parameter update
127.81: Server #2 broadcasts parameter update
128.62: Server #6 broadcasts parameter update
128.638: Server #3 broadcasts parameter update
129.025: Server #5 broadcasts parameter update
129.393: Server #7 broadcasts parameter update
129.395: Server #1 broadcasts parameter update
129.968: Server #0 broadcasts parameter update
131.067: Server #4 broadcasts parameter update
131.13: Server #2 broadcasts parameter update
131.538: Server #3 broadcasts parameter update
132.121: Server #6 broadcasts parameter update
132.881: Server #7 broadcasts parameter update
133.134: Server #0 broadcasts parameter update
133.46: Server #5 broadcasts parameter update
133.754: Server #1 broadcasts parameter update
134.401: Server #4 broadcasts parameter update
134.838: Server #3 broadcasts parameter update
135.196: Server #2 broadcasts parameter update
135.72: Server #6 broadcasts parameter update
136.804: Server #7 broadcasts parameter update
137.097: Server #1 broadcasts parameter update
137.349: Server #5 broadcasts parameter update
137.417: Server #4 broadcasts parameter update
137.802: Server #0 broadcasts parameter update
138.579: Server #2 broadcasts parameter update
138.88: Server #3 broadcasts parameter update
138.973: Server #6 broadcasts parameter update
140.275: Server #7 broadcasts parameter update
140.821: Server #1 broadcasts parameter update
141.404: Server #5 broadcasts parameter update
141.623: Server #4 broadcasts parameter update
141.661: Server #2 broadcasts parameter update
142.031: Server #3 broadcasts parameter update
142.361: Server #6 broadcasts parameter update
142.677: Server #0 broadcasts parameter update
143.799: Server #7 broadcasts parameter update
144.148: Server #1 broadcasts parameter update
145.291: Server #5 broadcasts parameter update
145.358: Server #2 broadcasts parameter update
145.38: Server #3 broadcasts parameter update
145.433: Server #4 broadcasts parameter update
145.788: Server #0 broadcasts parameter update
146.524: Server #6 broadcasts parameter update
147.091: Server #7 broadcasts parameter update
147.52: Server #1 broadcasts parameter update
148.639: Server #3 broadcasts parameter update
149.704: Server #4 broadcasts parameter update
149.988: Server #7 broadcasts parameter update
150.061: Server #2 broadcasts parameter update
150.291: Server #0 broadcasts parameter update
150.323: Server #6 broadcasts parameter update
150.341: Server #5 broadcasts parameter update
150.907: Server #1 broadcasts parameter update
152.048: Server #3 broadcasts parameter update
152.825: Server #4 broadcasts parameter update
153.671: Server #6 broadcasts parameter update
153.92: Server #1 broadcasts parameter update
154.345: Server #2 broadcasts parameter update
154.439: Server #5 broadcasts parameter update
154.814: Server #7 broadcasts parameter update
155.264: Server #0 broadcasts parameter update
155.788: Server #4 broadcasts parameter update
156.534: Server #3 broadcasts parameter update
156.747: Server #6 broadcasts parameter update
157.726: Server #1 broadcasts parameter update
157.78: Server #2 broadcasts parameter update
158.292: Server #5 broadcasts parameter update
158.37: Server #0 broadcasts parameter update
158.905: Server #7 broadcasts parameter update
159.768: Server #6 broadcasts parameter update
159.822: Server #4 broadcasts parameter update
160.139: Server #3 broadcasts parameter update
161.582: Server #2 broadcasts parameter update
161.665: Server #1 broadcasts parameter update
162.018: Server #5 broadcasts parameter update
162.193: Server #0 broadcasts parameter update
162.836: Server #7 broadcasts parameter update
163.277: Server #3 broadcasts parameter update
163.37: Server #6 broadcasts parameter update
163.657: Server #4 broadcasts parameter update
165.527: Server #2 broadcasts parameter update
165.62: Server #5 broadcasts parameter update
165.773: Server #1 broadcasts parameter update
166.324: Server #0 broadcasts parameter update
166.576: Server #7 broadcasts parameter update
166.853: Server #4 broadcasts parameter update
167.116: Server #6 broadcasts parameter update
167.235: Server #3 broadcasts parameter update
169.25: Server #5 broadcasts parameter update
169.583: Server #0 broadcasts parameter update
169.745: Server #1 broadcasts parameter update
169.907: Server #2 broadcasts parameter update
170.534: Server #4 broadcasts parameter update
171.048: Server #7 broadcasts parameter update
171.254: Server #6 broadcasts parameter update
171.263: Server #3 broadcasts parameter update
172.752: Server #5 broadcasts parameter update
172.941: Server #0 broadcasts parameter update
173.455: Server #2 broadcasts parameter update
173.709: Server #1 broadcasts parameter update
173.929: Server #4 broadcasts parameter update
174.566: Server #7 broadcasts parameter update
174.783: Server #3 broadcasts parameter update
175.004: Server #6 broadcasts parameter update
176.506: Server #0 broadcasts parameter update
176.507: Server #5 broadcasts parameter update
176.722: Server #2 broadcasts parameter update
177.683: Server #4 broadcasts parameter update
177.825: Server #7 broadcasts parameter update
178.263: Server #1 broadcasts parameter update
178.681: Server #6 broadcasts parameter update
179.067: Server #3 broadcasts parameter update
179.753: Server #2 broadcasts parameter update
179.963: Server #0 broadcasts parameter update
180.241: Server #5 broadcasts parameter update
180.872: Server #7 broadcasts parameter update
180.913: Server #4 broadcasts parameter update
181.676: Server #1 broadcasts parameter update
182.605: Server #3 broadcasts parameter update
183.265: Server #5 broadcasts parameter update
183.582: Server #0 broadcasts parameter update
183.655: Server #6 broadcasts parameter update
183.879: Server #7 broadcasts parameter update
183.919: Server #2 broadcasts parameter update
184.615: Server #4 broadcasts parameter update
185.539: Server #1 broadcasts parameter update
186.155: Server #3 broadcasts parameter update
187.013: Server #5 broadcasts parameter update
187.286: Server #0 broadcasts parameter update
187.34: Server #7 broadcasts parameter update
187.485: Server #6 broadcasts parameter update
187.86: Server #2 broadcasts parameter update
188.089: Server #4 broadcasts parameter update
189.237: Server #1 broadcasts parameter update
189.689: Server #3 broadcasts parameter update
190.554: Server #0 broadcasts parameter update
190.699: Server #5 broadcasts parameter update
191.374: Server #4 broadcasts parameter update
191.514: Server #7 broadcasts parameter update
191.618: Server #2 broadcasts parameter update
191.953: Server #6 broadcasts parameter update
192.79: Server #1 broadcasts parameter update
193.262: Server #3 broadcasts parameter update
194.078: Server #5 broadcasts parameter update
194.124: Server #0 broadcasts parameter update
194.837: Server #7 broadcasts parameter update
194.926: Server #4 broadcasts parameter update
195.149: Server #2 broadcasts parameter update
195.818: Server #6 broadcasts parameter update
196.243: Server #1 broadcasts parameter update
196.745: Server #3 broadcasts parameter update
197.677: Server #5 broadcasts parameter update
198.02: Server #4 broadcasts parameter update
198.086: Server #0 broadcasts parameter update
198.273: Server #7 broadcasts parameter update
198.74: Server #2 broadcasts parameter update
199.239: Server #1 broadcasts parameter update
199.288: Server #6 broadcasts parameter update
200.162: Server #3 broadcasts parameter update
201.365: Server #0 broadcasts parameter update
202.09: Server #5 broadcasts parameter update
202.138: Server #4 broadcasts parameter update
202.308: Server #7 broadcasts parameter update
203.115: Server #1 broadcasts parameter update
203.119: Server #3 broadcasts parameter update
203.297: Server #2 broadcasts parameter update
203.445: Server #6 broadcasts parameter update
204.937: Server #0 broadcasts parameter update
205.499: Server #7 broadcasts parameter update
206.305: Server #4 broadcasts parameter update
206.35: Server #5 broadcasts parameter update
206.596: Server #1 broadcasts parameter update
206.647: Server #6 broadcasts parameter update
206.998: Server #2 broadcasts parameter update
207.182: Server #3 broadcasts parameter update
208.549: Server #7 broadcasts parameter update
208.577: Server #0 broadcasts parameter update
209.877: Server #6 broadcasts parameter update
209.972: Server #4 broadcasts parameter update
210.037: Server #5 broadcasts parameter update
210.084: Server #1 broadcasts parameter update
210.636: Server #2 broadcasts parameter update
211.454: Server #3 broadcasts parameter update
211.829: Server #0 broadcasts parameter update
213.221: Server #7 broadcasts parameter update
213.376: Server #6 broadcasts parameter update
213.474: Server #4 broadcasts parameter update
213.727: Server #1 broadcasts parameter update
214.075: Server #2 broadcasts parameter update
214.301: Server #5 broadcasts parameter update
214.853: Server #3 broadcasts parameter update
215.383: Server #0 broadcasts parameter update
216.734: Server #7 broadcasts parameter update
217.251: Server #4 broadcasts parameter update
217.256: Server #5 broadcasts parameter update
217.676: Server #6 broadcasts parameter update
218.209: Server #1 broadcasts parameter update
218.415: Server #2 broadcasts parameter update
218.895: Server #0 broadcasts parameter update
219.605: Server #3 broadcasts parameter update
220.403: Server #7 broadcasts parameter update
220.785: Server #5 broadcasts parameter update
220.988: Server #4 broadcasts parameter update
221.545: Server #6 broadcasts parameter update
221.984: Server #1 broadcasts parameter update
222.191: Server #0 broadcasts parameter update
222.712: Server #3 broadcasts parameter update
222.958: Server #2 broadcasts parameter update
223.872: Server #7 broadcasts parameter update
224.624: Server #5 broadcasts parameter update
224.806: Server #4 broadcasts parameter update
225.087: Server #6 broadcasts parameter update
225.726: Server #0 broadcasts parameter update
225.951: Server #1 broadcasts parameter update
226.661: Server #3 broadcasts parameter update
226.983: Server #2 broadcasts parameter update
227.412: Server #7 broadcasts parameter update
228.137: Server #5 broadcasts parameter update
228.288: Server #4 broadcasts parameter update
228.464: Server #6 broadcasts parameter update
229.391: Server #0 broadcasts parameter update
229.457: Server #1 broadcasts parameter update
230.221: Server #3 broadcasts parameter update
230.274: Server #2 broadcasts parameter update
230.846: Server #7 broadcasts parameter update
231.615: Server #4 broadcasts parameter update
231.857: Server #6 broadcasts parameter update
231.891: Server #5 broadcasts parameter update
233.503: Server #0 broadcasts parameter update
233.52: Server #1 broadcasts parameter update
233.696: Server #7 broadcasts parameter update
233.899: Server #2 broadcasts parameter update
234.559: Server #3 broadcasts parameter update
234.916: Server #4 broadcasts parameter update
235.939: Server #5 broadcasts parameter update
235.973: Server #6 broadcasts parameter update
236.823: Server #7 broadcasts parameter update
237.039: Server #0 broadcasts parameter update
237.176: Server #2 broadcasts parameter update
237.404: Server #1 broadcasts parameter update
237.831: Server #4 broadcasts parameter update
238.494: Server #3 broadcasts parameter update
240.004: Server #6 broadcasts parameter update
240.087: Server #5 broadcasts parameter update
240.503: Server #2 broadcasts parameter update
240.609: Server #0 broadcasts parameter update
241.049: Server #4 broadcasts parameter update
241.071: Server #7 broadcasts parameter update
242.025: Server #1 broadcasts parameter update
242.679: Server #3 broadcasts parameter update
242.956: Server #6 broadcasts parameter update
243.576: Server #2 broadcasts parameter update
243.885: Server #0 broadcasts parameter update
244.183: Server #5 broadcasts parameter update
244.294: Server #4 broadcasts parameter update
244.845: Server #7 broadcasts parameter update
245.395: Server #1 broadcasts parameter update
247.093: Server #3 broadcasts parameter update
247.353: Server #0 broadcasts parameter update
247.607: Server #6 broadcasts parameter update
247.624: Server #4 broadcasts parameter update
247.736: Server #5 broadcasts parameter update
247.828: Server #7 broadcasts parameter update
248.254: Server #2 broadcasts parameter update
248.609: Server #1 broadcasts parameter update
250.399: Server #3 broadcasts parameter update
250.787: Server #4 broadcasts parameter update
250.811: Server #6 broadcasts parameter update
251.478: Server #0 broadcasts parameter update
251.781: Server #2 broadcasts parameter update
252.112: Server #5 broadcasts parameter update
252.413: Server #1 broadcasts parameter update
252.556: Server #7 broadcasts parameter update
253.772: Server #6 broadcasts parameter update
254.034: Server #3 broadcasts parameter update
254.369: Server #0 broadcasts parameter update
255.253: Server #4 broadcasts parameter update
255.39: Server #5 broadcasts parameter update
255.922: Server #2 broadcasts parameter update
255.995: Server #1 broadcasts parameter update
256.408: Server #7 broadcasts parameter update
257.217: Server #6 broadcasts parameter update
257.335: Server #3 broadcasts parameter update
257.64: Server #0 broadcasts parameter update
258.72: Server #4 broadcasts parameter update
259: Server #5 broadcasts parameter update
259.719: Server #1 broadcasts parameter update
259.874: Server #2 broadcasts parameter update
260.31: Server #7 broadcasts parameter update
260.85: Server #6 broadcasts parameter update
260.897: Server #3 broadcasts parameter update
262.443: Server #0 broadcasts parameter update
262.554: Server #4 broadcasts parameter update
262.614: Server #5 broadcasts parameter update
263.348: Server #7 broadcasts parameter update
263.652: Server #2 broadcasts parameter update
263.823: Server #1 broadcasts parameter update
263.961: Server #3 broadcasts parameter update
264.768: Server #6 broadcasts parameter update
265.65: Server #0 broadcasts parameter update
266.126: Server #5 broadcasts parameter update
266.952: Server #4 broadcasts parameter update
266.986: Server #7 broadcasts parameter update
267.05: Server #3 broadcasts parameter update
267.215: Server #2 broadcasts parameter update
267.631: Server #1 broadcasts parameter update
268.778: Server #0 broadcasts parameter update
269.092: Server #6 broadcasts parameter update
269.994: Server #5 broadcasts parameter update
270.102: Server #7 broadcasts parameter update
270.789: Server #4 broadcasts parameter update
270.846: Server #1 broadcasts parameter update
271.274: Server #3 broadcasts parameter update
272.095: Server #2 broadcasts parameter update
272.397: Server #6 broadcasts parameter update
272.896: Server #0 broadcasts parameter update
272.936: Server #7 broadcasts parameter update
274.003: Server #5 broadcasts parameter update
274.522: Server #4 broadcasts parameter update
274.671: Server #3 broadcasts parameter update
274.728: Server #1 broadcasts parameter update
275.292: Server #2 broadcasts parameter update
275.375: Server #6 broadcasts parameter update
276.506: Server #0 broadcasts parameter update
276.614: Server #7 broadcasts parameter update
277.997: Server #5 broadcasts parameter update
278.229: Server #4 broadcasts parameter update
278.343: Server #1 broadcasts parameter update
278.456: Server #6 broadcasts parameter update
278.568: Server #2 broadcasts parameter update
278.716: Server #3 broadcasts parameter update
279.835: Server #0 broadcasts parameter update
280.731: Server #7 broadcasts parameter update
281.331: Server #6 broadcasts parameter update
281.84: Server #4 broadcasts parameter update
281.891: Server #1 broadcasts parameter update
282.02: Server #2 broadcasts parameter update
282.649: Server #5 broadcasts parameter update
282.946: Server #3 broadcasts parameter update
282.99: Server #0 broadcasts parameter update
284.15: Server #7 broadcasts parameter update
284.899: Server #6 broadcasts parameter update
285.066: Server #2 broadcasts parameter update
285.589: Server #4 broadcasts parameter update
285.6: Server #1 broadcasts parameter update
286.028: Server #5 broadcasts parameter update
286.52: Server #3 broadcasts parameter update
286.697: Server #0 broadcasts parameter update
287.309: Server #7 broadcasts parameter update
288.748: Server #2 broadcasts parameter update
289.144: Server #6 broadcasts parameter update
289.223: Server #3 broadcasts parameter update
289.575: Server #1 broadcasts parameter update
289.715: Server #5 broadcasts parameter update
289.811: Server #4 broadcasts parameter update
290.815: Server #0 broadcasts parameter update
291.196: Server #7 broadcasts parameter update
292.589: Server #2 broadcasts parameter update
292.744: Server #6 broadcasts parameter update
292.983: Server #3 broadcasts parameter update
293.276: Server #5 broadcasts parameter update
293.624: Server #1 broadcasts parameter update
293.983: Server #4 broadcasts parameter update
294.557: Server #7 broadcasts parameter update
294.623: Server #0 broadcasts parameter update
296.126: Server #2 broadcasts parameter update
296.506: Server #3 broadcasts parameter update
296.734: Server #6 broadcasts parameter update
297.15: Server #1 broadcasts parameter update
298.189: Server #7 broadcasts parameter update
298.413: Server #5 broadcasts parameter update
298.427: Server #4 broadcasts parameter update
299.032: Server #0 broadcasts parameter update
299.936: Server #6 broadcasts parameter update
