Waf: Entering directory `/home/alexander/Documents/ns3/workspace/bake/source/ns-3.29/build'
[2734/2813] Compiling scratch/cs268/cs268.cc
[2770/2813] Linking build/scratch/cs268/cs268
Waf: Leaving directory `/home/alexander/Documents/ns3/workspace/bake/source/ns-3.29/build'
Build commands will be stored in build/compile_commands.json
'build' finished successfully (9.450s)
1.01639: Server #2 broadcasts parameter update
3.65059: Server #2 broadcasts parameter update
4.14535: Server #7 broadcasts parameter update
4.25115: Server #4 broadcasts parameter update
4.25128: Server #0 broadcasts parameter update
4.27731: Server #1 broadcasts parameter update
4.29881: Server #5 broadcasts parameter update
4.32025: Server #6 broadcasts parameter update
4.32051: Server #3 broadcasts parameter update
6.17561: Server #2 broadcasts parameter update
9.64557: Server #2 broadcasts parameter update
16.0555: Server #2 broadcasts parameter update
16.8694: Server #7 broadcasts parameter update
16.9987: Server #3 broadcasts parameter update
20.2014: Server #0 broadcasts parameter update
20.2379: Server #1 broadcasts parameter update
20.5097: Server #5 broadcasts parameter update
22.1395: Server #7 broadcasts parameter update
22.1609: Server #3 broadcasts parameter update
24.193: Server #6 broadcasts parameter update
28.6427: Server #0 broadcasts parameter update
29.2496: Server #2 broadcasts parameter update
29.3839: Server #4 broadcasts parameter update
30.1073: Server #7 broadcasts parameter update
30.3661: Server #1 broadcasts parameter update
30.5228: Server #3 broadcasts parameter update
32.3644: Server #6 broadcasts parameter update
32.9528: Server #5 broadcasts parameter update
38.1791: Server #0 broadcasts parameter update
42.2829: Server #0 broadcasts parameter update
42.6372: Server #4 broadcasts parameter update
42.6726: Server #3 broadcasts parameter update
42.7878: Server #6 broadcasts parameter update
42.8258: Server #1 broadcasts parameter update
45.4479: Server #2 broadcasts parameter update
46.5992: Server #0 broadcasts parameter update
46.9465: Server #5 broadcasts parameter update
48.3577: Server #7 broadcasts parameter update
53.3909: Server #3 broadcasts parameter update
53.9489: Server #4 broadcasts parameter update
55.4541: Server #0 broadcasts parameter update
55.4694: Server #6 broadcasts parameter update
56.0704: Server #1 broadcasts parameter update
56.9031: Server #5 broadcasts parameter update
57.7339: Server #2 broadcasts parameter update
59.1331: Server #7 broadcasts parameter update
62.851: Server #4 broadcasts parameter update
64.8295: Server #3 broadcasts parameter update
65.7043: Server #6 broadcasts parameter update
67.0387: Server #1 broadcasts parameter update
70.3759: Server #2 broadcasts parameter update
70.4385: Server #7 broadcasts parameter update
70.5451: Server #5 broadcasts parameter update
71.2256: Server #0 broadcasts parameter update
71.4922: Server #3 broadcasts parameter update
74.0184: Server #6 broadcasts parameter update
76.4038: Server #4 broadcasts parameter update
78.3393: Server #1 broadcasts parameter update
80.5076: Server #5 broadcasts parameter update
81.3783: Server #0 broadcasts parameter update
82.8329: Server #3 broadcasts parameter update
83.2541: Server #2 broadcasts parameter update
83.3948: Server #6 broadcasts parameter update
83.5875: Server #4 broadcasts parameter update
90.2621: Server #0 broadcasts parameter update
90.3314: Server #3 broadcasts parameter update
91.7541: Server #5 broadcasts parameter update
92.1578: Server #1 broadcasts parameter update
92.2677: Server #2 broadcasts parameter update
92.2844: Server #4 broadcasts parameter update
92.3033: Server #6 broadcasts parameter update
92.9838: Server #7 broadcasts parameter update
100.974: Server #3 broadcasts parameter update
101.983: Server #2 broadcasts parameter update
102.278: Server #0 broadcasts parameter update
102.43: Server #6 broadcasts parameter update
102.555: Server #1 broadcasts parameter update
102.572: Server #4 broadcasts parameter update
102.589: Server #7 broadcasts parameter update
104.95: Server #5 broadcasts parameter update
111.636: Server #3 broadcasts parameter update
112.518: Server #2 broadcasts parameter update
113.587: Server #7 broadcasts parameter update
113.783: Server #6 broadcasts parameter update
113.915: Server #1 broadcasts parameter update
114.103: Server #5 broadcasts parameter update
116.835: Server #0 broadcasts parameter update
117.519: Server #4 broadcasts parameter update
122.06: Server #3 broadcasts parameter update
122.538: Server #5 broadcasts parameter update
123.886: Server #2 broadcasts parameter update
124.025: Server #7 broadcasts parameter update
125.392: Server #6 broadcasts parameter update
128.194: Server #1 broadcasts parameter update
128.338: Server #0 broadcasts parameter update
129.657: Server #3 broadcasts parameter update
130.816: Server #4 broadcasts parameter update
132.596: Server #5 broadcasts parameter update
133.233: Server #7 broadcasts parameter update
136.445: Server #2 broadcasts parameter update
136.515: Server #6 broadcasts parameter update
140.064: Server #1 broadcasts parameter update
140.282: Server #5 broadcasts parameter update
140.426: Server #3 broadcasts parameter update
140.703: Server #0 broadcasts parameter update
143.89: Server #6 broadcasts parameter update
144.815: Server #2 broadcasts parameter update
145.681: Server #7 broadcasts parameter update
146.848: Server #5 broadcasts parameter update
149.077: Server #4 broadcasts parameter update
150.997: Server #1 broadcasts parameter update
152.001: Server #6 broadcasts parameter update
152.3: Server #0 broadcasts parameter update
152.422: Server #3 broadcasts parameter update
153.195: Server #7 broadcasts parameter update
158.557: Server #4 broadcasts parameter update
159.841: Server #2 broadcasts parameter update
160.843: Server #5 broadcasts parameter update
161.643: Server #1 broadcasts parameter update
162.883: Server #3 broadcasts parameter update
162.954: Server #7 broadcasts parameter update
163.054: Server #0 broadcasts parameter update
164.219: Server #6 broadcasts parameter update
169.05: Server #4 broadcasts parameter update
171.018: Server #5 broadcasts parameter update
171.032: Server #2 broadcasts parameter update
172.613: Server #6 broadcasts parameter update
173.217: Server #1 broadcasts parameter update
174.019: Server #3 broadcasts parameter update
174.884: Server #7 broadcasts parameter update
179.689: Server #2 broadcasts parameter update
180.703: Server #6 broadcasts parameter update
180.73: Server #1 broadcasts parameter update
181.321: Server #0 broadcasts parameter update
181.634: Server #4 broadcasts parameter update
182.029: Server #5 broadcasts parameter update
183.546: Server #7 broadcasts parameter update
186.554: Server #3 broadcasts parameter update
190.529: Server #4 broadcasts parameter update
192.368: Server #1 broadcasts parameter update
192.494: Server #5 broadcasts parameter update
192.529: Server #6 broadcasts parameter update
192.584: Server #2 broadcasts parameter update
195.432: Server #7 broadcasts parameter update
195.523: Server #0 broadcasts parameter update
196.157: Server #3 broadcasts parameter update
203.474: Server #1 broadcasts parameter update
203.482: Server #7 broadcasts parameter update
203.52: Server #4 broadcasts parameter update
203.615: Server #5 broadcasts parameter update
204.204: Server #3 broadcasts parameter update
206.516: Server #0 broadcasts parameter update
206.593: Server #6 broadcasts parameter update
207.027: Server #2 broadcasts parameter update
213.291: Server #7 broadcasts parameter update
214.24: Server #5 broadcasts parameter update
214.391: Server #4 broadcasts parameter update
215.873: Server #1 broadcasts parameter update
216.041: Server #3 broadcasts parameter update
217.029: Server #6 broadcasts parameter update
217.445: Server #0 broadcasts parameter update
220.328: Server #2 broadcasts parameter update
222.318: Server #5 broadcasts parameter update
223.998: Server #7 broadcasts parameter update
226.2: Server #4 broadcasts parameter update
228.903: Server #1 broadcasts parameter update
229.023: Server #5 broadcasts parameter update
229.428: Server #3 broadcasts parameter update
230.896: Server #0 broadcasts parameter update
231.482: Server #4 broadcasts parameter update
232.122: Server #7 broadcasts parameter update
234.582: Server #6 broadcasts parameter update
236.768: Server #2 broadcasts parameter update
237.182: Server #3 broadcasts parameter update
238.044: Server #5 broadcasts parameter update
239.467: Server #1 broadcasts parameter update
240.615: Server #0 broadcasts parameter update
241.856: Server #4 broadcasts parameter update
247.215: Server #6 broadcasts parameter update
247.461: Server #3 broadcasts parameter update
247.628: Server #7 broadcasts parameter update
248.712: Server #2 broadcasts parameter update
249.148: Server #4 broadcasts parameter update
249.231: Server #5 broadcasts parameter update
250.506: Server #1 broadcasts parameter update
251.305: Server #0 broadcasts parameter update
254.406: Server #6 broadcasts parameter update
257.299: Server #7 broadcasts parameter update
260.081: Server #4 broadcasts parameter update
260.3: Server #3 broadcasts parameter update
260.733: Server #5 broadcasts parameter update
261.135: Server #2 broadcasts parameter update
263.015: Server #1 broadcasts parameter update
263.59: Server #0 broadcasts parameter update
264.348: Server #6 broadcasts parameter update
266.489: Server #7 broadcasts parameter update
271.745: Server #4 broadcasts parameter update
271.789: Server #2 broadcasts parameter update
272.068: Server #6 broadcasts parameter update
272.177: Server #5 broadcasts parameter update
273.089: Server #3 broadcasts parameter update
273.743: Server #1 broadcasts parameter update
275.611: Server #7 broadcasts parameter update
279.327: Server #0 broadcasts parameter update
281.439: Server #2 broadcasts parameter update
282.538: Server #5 broadcasts parameter update
283.001: Server #1 broadcasts parameter update
283.278: Server #4 broadcasts parameter update
283.36: Server #6 broadcasts parameter update
283.862: Server #3 broadcasts parameter update
286.033: Server #7 broadcasts parameter update
290.511: Server #2 broadcasts parameter update
290.563: Server #0 broadcasts parameter update
293.462: Server #5 broadcasts parameter update
294.629: Server #4 broadcasts parameter update
296.464: Server #3 broadcasts parameter update
296.574: Server #7 broadcasts parameter update
296.651: Server #1 broadcasts parameter update
296.993: Server #6 broadcasts parameter update
299.483: Server #0 broadcasts parameter update
299.997: Server #2 broadcasts parameter update
