Waf: Entering directory `/home/alexander/Documents/ns3/workspace/bake/source/ns-3.29/build'
[2731/2813] Compiling scratch/cs268/cs268.cc
[2769/2813] Linking build/scratch/cs268/cs268
Waf: Leaving directory `/home/alexander/Documents/ns3/workspace/bake/source/ns-3.29/build'
Build commands will be stored in build/compile_commands.json
'build' finished successfully (9.620s)
1.01088: Server #4 broadcasts parameter update
1.0128: Server #7 broadcasts parameter update
1.0139: Server #5 broadcasts parameter update
1.01605: Server #2 broadcasts parameter update
1.01676: Server #3 broadcasts parameter update
1.01776: Server #0 broadcasts parameter update
1.01789: Server #6 broadcasts parameter update
1.01876: Server #1 broadcasts parameter update
3.62053: Server #5 broadcasts parameter update
3.63489: Server #2 broadcasts parameter update
3.67759: Server #1 broadcasts parameter update
3.698: Server #0 broadcasts parameter update
3.69861: Server #4 broadcasts parameter update
3.75515: Server #3 broadcasts parameter update
3.77481: Server #6 broadcasts parameter update
4.45851: Server #7 broadcasts parameter update
5.9039: Server #0 broadcasts parameter update
5.96167: Server #1 broadcasts parameter update
6.0869: Server #6 broadcasts parameter update
6.08692: Server #3 broadcasts parameter update
6.52421: Server #4 broadcasts parameter update
6.71096: Server #2 broadcasts parameter update
6.83289: Server #5 broadcasts parameter update
7.72323: Server #7 broadcasts parameter update
8.11694: Server #0 broadcasts parameter update
8.6106: Server #6 broadcasts parameter update
9.00128: Server #1 broadcasts parameter update
9.17373: Server #5 broadcasts parameter update
9.18274: Server #2 broadcasts parameter update
9.38614: Server #3 broadcasts parameter update
9.50777: Server #4 broadcasts parameter update
10.661: Server #0 broadcasts parameter update
10.8519: Server #7 broadcasts parameter update
10.8606: Server #6 broadcasts parameter update
11.259: Server #1 broadcasts parameter update
11.4674: Server #3 broadcasts parameter update
11.6304: Server #2 broadcasts parameter update
12.0162: Server #5 broadcasts parameter update
12.6126: Server #4 broadcasts parameter update
12.9154: Server #0 broadcasts parameter update
13.0517: Server #6 broadcasts parameter update
13.4913: Server #1 broadcasts parameter update
13.5846: Server #3 broadcasts parameter update
13.6951: Server #2 broadcasts parameter update
14.0335: Server #7 broadcasts parameter update
14.1066: Server #5 broadcasts parameter update
15.0589: Server #0 broadcasts parameter update
15.1896: Server #6 broadcasts parameter update
15.3754: Server #4 broadcasts parameter update
15.644: Server #1 broadcasts parameter update
15.7031: Server #3 broadcasts parameter update
15.7684: Server #2 broadcasts parameter update
16.181: Server #7 broadcasts parameter update
16.188: Server #5 broadcasts parameter update
17.2081: Server #0 broadcasts parameter update
17.3715: Server #6 broadcasts parameter update
17.6248: Server #4 broadcasts parameter update
17.7651: Server #3 broadcasts parameter update
17.7809: Server #1 broadcasts parameter update
17.847: Server #2 broadcasts parameter update
18.306: Server #7 broadcasts parameter update
18.3574: Server #5 broadcasts parameter update
19.2672: Server #0 broadcasts parameter update
19.4446: Server #6 broadcasts parameter update
19.7526: Server #4 broadcasts parameter update
19.8734: Server #3 broadcasts parameter update
19.972: Server #2 broadcasts parameter update
20.0755: Server #1 broadcasts parameter update
20.4214: Server #5 broadcasts parameter update
20.4494: Server #7 broadcasts parameter update
21.3781: Server #0 broadcasts parameter update
21.6161: Server #6 broadcasts parameter update
21.8384: Server #4 broadcasts parameter update
21.954: Server #3 broadcasts parameter update
22.0986: Server #2 broadcasts parameter update
22.1845: Server #1 broadcasts parameter update
22.4967: Server #5 broadcasts parameter update
22.6429: Server #7 broadcasts parameter update
23.6924: Server #0 broadcasts parameter update
23.7824: Server #6 broadcasts parameter update
23.9033: Server #4 broadcasts parameter update
24.0964: Server #3 broadcasts parameter update
24.307: Server #2 broadcasts parameter update
24.6076: Server #5 broadcasts parameter update
24.9913: Server #1 broadcasts parameter update
25.5235: Server #7 broadcasts parameter update
25.8151: Server #0 broadcasts parameter update
25.9003: Server #6 broadcasts parameter update
26.0401: Server #4 broadcasts parameter update
26.2008: Server #3 broadcasts parameter update
26.4564: Server #2 broadcasts parameter update
26.7568: Server #5 broadcasts parameter update
27.1506: Server #1 broadcasts parameter update
27.6392: Server #7 broadcasts parameter update
27.8374: Server #0 broadcasts parameter update
27.9573: Server #6 broadcasts parameter update
28.2197: Server #4 broadcasts parameter update
28.2777: Server #3 broadcasts parameter update
28.6231: Server #2 broadcasts parameter update
28.8811: Server #5 broadcasts parameter update
29.2878: Server #1 broadcasts parameter update
29.7146: Server #7 broadcasts parameter update
29.9408: Server #0 broadcasts parameter update
30.0339: Server #6 broadcasts parameter update
30.3585: Server #3 broadcasts parameter update
30.8003: Server #2 broadcasts parameter update
31.128: Server #5 broadcasts parameter update
31.4051: Server #1 broadcasts parameter update
31.6091: Server #4 broadcasts parameter update
31.8418: Server #7 broadcasts parameter update
32.0566: Server #0 broadcasts parameter update
32.1403: Server #6 broadcasts parameter update
32.5746: Server #3 broadcasts parameter update
32.8949: Server #2 broadcasts parameter update
33.2037: Server #5 broadcasts parameter update
33.5515: Server #1 broadcasts parameter update
33.8333: Server #4 broadcasts parameter update
33.9906: Server #7 broadcasts parameter update
34.158: Server #0 broadcasts parameter update
34.3635: Server #6 broadcasts parameter update
34.6806: Server #3 broadcasts parameter update
34.954: Server #2 broadcasts parameter update
35.3917: Server #5 broadcasts parameter update
35.6415: Server #1 broadcasts parameter update
35.9953: Server #4 broadcasts parameter update
36.2627: Server #7 broadcasts parameter update
36.5026: Server #6 broadcasts parameter update
36.8154: Server #3 broadcasts parameter update
37.025: Server #0 broadcasts parameter update
37.5096: Server #2 broadcasts parameter update
37.5872: Server #5 broadcasts parameter update
37.6882: Server #1 broadcasts parameter update
38.132: Server #4 broadcasts parameter update
38.403: Server #7 broadcasts parameter update
38.6545: Server #6 broadcasts parameter update
38.9308: Server #3 broadcasts parameter update
39.1119: Server #0 broadcasts parameter update
39.6689: Server #5 broadcasts parameter update
39.6996: Server #2 broadcasts parameter update
39.7885: Server #1 broadcasts parameter update
40.2129: Server #4 broadcasts parameter update
40.5695: Server #7 broadcasts parameter update
41.22: Server #3 broadcasts parameter update
41.233: Server #0 broadcasts parameter update
41.275: Server #6 broadcasts parameter update
41.8345: Server #5 broadcasts parameter update
41.8642: Server #2 broadcasts parameter update
42.4156: Server #4 broadcasts parameter update
42.6046: Server #1 broadcasts parameter update
43.3632: Server #6 broadcasts parameter update
43.4017: Server #7 broadcasts parameter update
43.535: Server #3 broadcasts parameter update
43.9252: Server #5 broadcasts parameter update
43.9332: Server #2 broadcasts parameter update
44.3726: Server #0 broadcasts parameter update
44.5844: Server #4 broadcasts parameter update
44.7569: Server #1 broadcasts parameter update
45.4169: Server #6 broadcasts parameter update
45.4883: Server #7 broadcasts parameter update
45.5643: Server #3 broadcasts parameter update
46.0265: Server #2 broadcasts parameter update
46.4218: Server #5 broadcasts parameter update
46.6034: Server #0 broadcasts parameter update
46.7496: Server #4 broadcasts parameter update
47.1052: Server #1 broadcasts parameter update
47.4983: Server #6 broadcasts parameter update
47.6391: Server #7 broadcasts parameter update
47.7244: Server #3 broadcasts parameter update
48.0802: Server #2 broadcasts parameter update
48.6616: Server #5 broadcasts parameter update
48.7405: Server #0 broadcasts parameter update
48.8988: Server #4 broadcasts parameter update
49.2193: Server #1 broadcasts parameter update
49.7213: Server #6 broadcasts parameter update
49.8152: Server #7 broadcasts parameter update
49.8554: Server #3 broadcasts parameter update
50.1991: Server #2 broadcasts parameter update
50.7845: Server #5 broadcasts parameter update
50.8409: Server #0 broadcasts parameter update
51.0791: Server #4 broadcasts parameter update
51.4565: Server #1 broadcasts parameter update
51.8916: Server #7 broadcasts parameter update
51.9486: Server #3 broadcasts parameter update
52.3233: Server #2 broadcasts parameter update
52.3716: Server #6 broadcasts parameter update
53.013: Server #0 broadcasts parameter update
53.2445: Server #4 broadcasts parameter update
53.5209: Server #5 broadcasts parameter update
53.5452: Server #1 broadcasts parameter update
54.0218: Server #7 broadcasts parameter update
54.0785: Server #3 broadcasts parameter update
54.4474: Server #6 broadcasts parameter update
54.4738: Server #2 broadcasts parameter update
55.1199: Server #0 broadcasts parameter update
55.6413: Server #5 broadcasts parameter update
56.0723: Server #4 broadcasts parameter update
56.1327: Server #3 broadcasts parameter update
56.1337: Server #1 broadcasts parameter update
56.1834: Server #7 broadcasts parameter update
56.583: Server #6 broadcasts parameter update
56.5991: Server #2 broadcasts parameter update
57.234: Server #0 broadcasts parameter update
57.847: Server #5 broadcasts parameter update
58.1841: Server #3 broadcasts parameter update
58.1843: Server #4 broadcasts parameter update
58.2566: Server #1 broadcasts parameter update
58.3271: Server #7 broadcasts parameter update
58.723: Server #2 broadcasts parameter update
58.8601: Server #6 broadcasts parameter update
59.4393: Server #0 broadcasts parameter update
60.2738: Server #3 broadcasts parameter update
60.3472: Server #4 broadcasts parameter update
60.3605: Server #1 broadcasts parameter update
60.465: Server #7 broadcasts parameter update
60.8051: Server #2 broadcasts parameter update
60.9285: Server #6 broadcasts parameter update
61.0158: Server #5 broadcasts parameter update
61.5814: Server #0 broadcasts parameter update
62.49: Server #3 broadcasts parameter update
62.4911: Server #1 broadcasts parameter update
62.5158: Server #4 broadcasts parameter update
62.5867: Server #7 broadcasts parameter update
62.993: Server #6 broadcasts parameter update
63.1784: Server #5 broadcasts parameter update
63.5521: Server #2 broadcasts parameter update
64.3483: Server #0 broadcasts parameter update
64.5459: Server #3 broadcasts parameter update
64.6787: Server #1 broadcasts parameter update
64.7093: Server #7 broadcasts parameter update
65.1572: Server #6 broadcasts parameter update
65.2624: Server #4 broadcasts parameter update
65.917: Server #5 broadcasts parameter update
65.968: Server #2 broadcasts parameter update
66.4763: Server #0 broadcasts parameter update
66.7572: Server #3 broadcasts parameter update
66.8192: Server #1 broadcasts parameter update
66.8531: Server #7 broadcasts parameter update
67.2968: Server #6 broadcasts parameter update
67.457: Server #4 broadcasts parameter update
68.5181: Server #2 broadcasts parameter update
68.7278: Server #0 broadcasts parameter update
68.8527: Server #5 broadcasts parameter update
68.9034: Server #3 broadcasts parameter update
68.9719: Server #7 broadcasts parameter update
69.1024: Server #1 broadcasts parameter update
69.6064: Server #4 broadcasts parameter update
69.772: Server #6 broadcasts parameter update
70.6433: Server #2 broadcasts parameter update
70.8628: Server #0 broadcasts parameter update
70.9792: Server #5 broadcasts parameter update
71.0012: Server #3 broadcasts parameter update
71.0662: Server #7 broadcasts parameter update
71.3712: Server #1 broadcasts parameter update
71.7703: Server #4 broadcasts parameter update
72.0374: Server #6 broadcasts parameter update
72.73: Server #2 broadcasts parameter update
72.986: Server #0 broadcasts parameter update
73.0914: Server #5 broadcasts parameter update
73.1749: Server #7 broadcasts parameter update
73.2723: Server #3 broadcasts parameter update
73.4331: Server #1 broadcasts parameter update
73.8931: Server #4 broadcasts parameter update
75.0211: Server #0 broadcasts parameter update
75.1356: Server #2 broadcasts parameter update
75.1532: Server #6 broadcasts parameter update
75.1671: Server #5 broadcasts parameter update
75.3483: Server #7 broadcasts parameter update
75.4116: Server #3 broadcasts parameter update
75.6062: Server #1 broadcasts parameter update
76.1554: Server #4 broadcasts parameter update
77.1667: Server #0 broadcasts parameter update
77.306: Server #6 broadcasts parameter update
77.4399: Server #3 broadcasts parameter update
77.4461: Server #2 broadcasts parameter update
77.4754: Server #7 broadcasts parameter update
77.4961: Server #5 broadcasts parameter update
77.6637: Server #1 broadcasts parameter update
78.2947: Server #4 broadcasts parameter update
79.273: Server #0 broadcasts parameter update
79.4044: Server #6 broadcasts parameter update
79.5652: Server #3 broadcasts parameter update
79.5986: Server #5 broadcasts parameter update
79.6203: Server #2 broadcasts parameter update
79.6243: Server #7 broadcasts parameter update
79.7356: Server #1 broadcasts parameter update
81.1733: Server #4 broadcasts parameter update
81.3897: Server #0 broadcasts parameter update
81.5157: Server #6 broadcasts parameter update
81.7726: Server #2 broadcasts parameter update
81.7804: Server #7 broadcasts parameter update
81.7853: Server #5 broadcasts parameter update
81.8892: Server #1 broadcasts parameter update
82.5499: Server #3 broadcasts parameter update
83.2965: Server #4 broadcasts parameter update
83.4832: Server #0 broadcasts parameter update
83.6184: Server #6 broadcasts parameter update
83.9127: Server #7 broadcasts parameter update
83.9344: Server #5 broadcasts parameter update
83.9552: Server #1 broadcasts parameter update
84.1434: Server #2 broadcasts parameter update
84.6603: Server #3 broadcasts parameter update
85.4178: Server #4 broadcasts parameter update
85.76: Server #6 broadcasts parameter update
86.0043: Server #7 broadcasts parameter update
86.3364: Server #0 broadcasts parameter update
86.4349: Server #2 broadcasts parameter update
86.4809: Server #5 broadcasts parameter update
86.5723: Server #1 broadcasts parameter update
86.842: Server #3 broadcasts parameter update
87.5414: Server #4 broadcasts parameter update
88.175: Server #7 broadcasts parameter update
88.5129: Server #2 broadcasts parameter update
88.5759: Server #0 broadcasts parameter update
88.7619: Server #1 broadcasts parameter update
88.8982: Server #6 broadcasts parameter update
88.9509: Server #3 broadcasts parameter update
88.972: Server #5 broadcasts parameter update
89.7204: Server #4 broadcasts parameter update
90.31: Server #7 broadcasts parameter update
90.6036: Server #2 broadcasts parameter update
90.6913: Server #0 broadcasts parameter update
90.8856: Server #1 broadcasts parameter update
91.0122: Server #6 broadcasts parameter update
91.0343: Server #5 broadcasts parameter update
91.0596: Server #3 broadcasts parameter update
91.8114: Server #4 broadcasts parameter update
92.4857: Server #7 broadcasts parameter update
92.7936: Server #2 broadcasts parameter update
92.9096: Server #0 broadcasts parameter update
93.0258: Server #1 broadcasts parameter update
93.1104: Server #6 broadcasts parameter update
93.2302: Server #3 broadcasts parameter update
93.2597: Server #5 broadcasts parameter update
93.9047: Server #4 broadcasts parameter update
94.6101: Server #7 broadcasts parameter update
94.8702: Server #2 broadcasts parameter update
95.0112: Server #0 broadcasts parameter update
95.1919: Server #6 broadcasts parameter update
95.2229: Server #1 broadcasts parameter update
95.3282: Server #3 broadcasts parameter update
95.5049: Server #5 broadcasts parameter update
95.9885: Server #4 broadcasts parameter update
96.8574: Server #7 broadcasts parameter update
97.1678: Server #0 broadcasts parameter update
97.2717: Server #1 broadcasts parameter update
97.4027: Server #3 broadcasts parameter update
97.5749: Server #2 broadcasts parameter update
97.609: Server #5 broadcasts parameter update
97.9516: Server #6 broadcasts parameter update
98.1854: Server #4 broadcasts parameter update
98.9733: Server #7 broadcasts parameter update
99.2259: Server #0 broadcasts parameter update
99.7111: Server #5 broadcasts parameter update
99.7254: Server #2 broadcasts parameter update
100.083: Server #6 broadcasts parameter update
100.188: Server #1 broadcasts parameter update
100.348: Server #4 broadcasts parameter update
100.835: Server #3 broadcasts parameter update
101.395: Server #0 broadcasts parameter update
101.831: Server #5 broadcasts parameter update
101.953: Server #7 broadcasts parameter update
102.014: Server #2 broadcasts parameter update
102.33: Server #1 broadcasts parameter update
102.431: Server #4 broadcasts parameter update
102.72: Server #6 broadcasts parameter update
103.035: Server #3 broadcasts parameter update
103.564: Server #0 broadcasts parameter update
103.969: Server #5 broadcasts parameter update
104.263: Server #2 broadcasts parameter update
104.43: Server #1 broadcasts parameter update
104.512: Server #4 broadcasts parameter update
104.781: Server #6 broadcasts parameter update
104.866: Server #7 broadcasts parameter update
105.176: Server #3 broadcasts parameter update
105.734: Server #0 broadcasts parameter update
106.118: Server #5 broadcasts parameter update
106.404: Server #2 broadcasts parameter update
106.511: Server #1 broadcasts parameter update
106.586: Server #4 broadcasts parameter update
106.98: Server #6 broadcasts parameter update
107.002: Server #7 broadcasts parameter update
107.309: Server #3 broadcasts parameter update
108.322: Server #5 broadcasts parameter update
108.509: Server #0 broadcasts parameter update
108.525: Server #2 broadcasts parameter update
108.708: Server #4 broadcasts parameter update
108.717: Server #1 broadcasts parameter update
109.094: Server #6 broadcasts parameter update
109.137: Server #7 broadcasts parameter update
109.409: Server #3 broadcasts parameter update
110.801: Server #4 broadcasts parameter update
110.806: Server #0 broadcasts parameter update
110.807: Server #1 broadcasts parameter update
111.219: Server #6 broadcasts parameter update
111.242: Server #7 broadcasts parameter update
111.425: Server #2 broadcasts parameter update
111.465: Server #5 broadcasts parameter update
111.5: Server #3 broadcasts parameter update
112.897: Server #4 broadcasts parameter update
112.96: Server #1 broadcasts parameter update
112.977: Server #0 broadcasts parameter update
113.352: Server #6 broadcasts parameter update
113.407: Server #7 broadcasts parameter update
113.603: Server #2 broadcasts parameter update
113.624: Server #3 broadcasts parameter update
113.727: Server #5 broadcasts parameter update
114.93: Server #4 broadcasts parameter update
115.09: Server #1 broadcasts parameter update
115.299: Server #0 broadcasts parameter update
115.462: Server #6 broadcasts parameter update
115.573: Server #7 broadcasts parameter update
115.833: Server #5 broadcasts parameter update
116.17: Server #2 broadcasts parameter update
116.406: Server #3 broadcasts parameter update
117.136: Server #4 broadcasts parameter update
117.43: Server #0 broadcasts parameter update
117.518: Server #6 broadcasts parameter update
117.715: Server #7 broadcasts parameter update
117.883: Server #1 broadcasts parameter update
117.952: Server #5 broadcasts parameter update
118.365: Server #2 broadcasts parameter update
119.047: Server #3 broadcasts parameter update
119.247: Server #4 broadcasts parameter update
119.603: Server #0 broadcasts parameter update
119.65: Server #6 broadcasts parameter update
119.879: Server #7 broadcasts parameter update
120.066: Server #5 broadcasts parameter update
120.87: Server #2 broadcasts parameter update
121.023: Server #1 broadcasts parameter update
121.12: Server #3 broadcasts parameter update
121.38: Server #4 broadcasts parameter update
121.742: Server #0 broadcasts parameter update
121.851: Server #6 broadcasts parameter update
122.07: Server #7 broadcasts parameter update
122.117: Server #5 broadcasts parameter update
122.959: Server #2 broadcasts parameter update
123.081: Server #1 broadcasts parameter update
123.355: Server #3 broadcasts parameter update
123.493: Server #4 broadcasts parameter update
123.804: Server #0 broadcasts parameter update
124.243: Server #7 broadcasts parameter update
124.273: Server #5 broadcasts parameter update
124.911: Server #6 broadcasts parameter update
125.076: Server #2 broadcasts parameter update
125.174: Server #1 broadcasts parameter update
125.486: Server #3 broadcasts parameter update
125.589: Server #4 broadcasts parameter update
125.892: Server #0 broadcasts parameter update
127.072: Server #5 broadcasts parameter update
127.099: Server #6 broadcasts parameter update
127.203: Server #7 broadcasts parameter update
127.291: Server #2 broadcasts parameter update
127.312: Server #1 broadcasts parameter update
127.673: Server #3 broadcasts parameter update
127.684: Server #4 broadcasts parameter update
128.001: Server #0 broadcasts parameter update
129.199: Server #5 broadcasts parameter update
129.237: Server #6 broadcasts parameter update
129.371: Server #7 broadcasts parameter update
129.371: Server #2 broadcasts parameter update
129.384: Server #1 broadcasts parameter update
129.78: Server #4 broadcasts parameter update
129.995: Server #3 broadcasts parameter update
130.088: Server #0 broadcasts parameter update
131.256: Server #5 broadcasts parameter update
131.489: Server #2 broadcasts parameter update
131.511: Server #6 broadcasts parameter update
131.562: Server #7 broadcasts parameter update
131.826: Server #4 broadcasts parameter update
132.268: Server #0 broadcasts parameter update
132.522: Server #1 broadcasts parameter update
132.764: Server #3 broadcasts parameter update
133.335: Server #5 broadcasts parameter update
133.623: Server #6 broadcasts parameter update
133.646: Server #2 broadcasts parameter update
133.708: Server #7 broadcasts parameter update
133.942: Server #4 broadcasts parameter update
134.41: Server #0 broadcasts parameter update
134.695: Server #1 broadcasts parameter update
134.926: Server #3 broadcasts parameter update
135.481: Server #5 broadcasts parameter update
135.652: Server #6 broadcasts parameter update
135.755: Server #2 broadcasts parameter update
135.844: Server #7 broadcasts parameter update
136.096: Server #4 broadcasts parameter update
136.559: Server #0 broadcasts parameter update
136.927: Server #1 broadcasts parameter update
137.366: Server #3 broadcasts parameter update
137.526: Server #5 broadcasts parameter update
137.794: Server #6 broadcasts parameter update
137.872: Server #2 broadcasts parameter update
138.022: Server #7 broadcasts parameter update
138.269: Server #4 broadcasts parameter update
138.704: Server #0 broadcasts parameter update
139.047: Server #1 broadcasts parameter update
139.463: Server #3 broadcasts parameter update
139.924: Server #2 broadcasts parameter update
140.2: Server #7 broadcasts parameter update
140.293: Server #6 broadcasts parameter update
140.395: Server #5 broadcasts parameter update
140.871: Server #0 broadcasts parameter update
141.142: Server #1 broadcasts parameter update
141.295: Server #4 broadcasts parameter update
141.613: Server #3 broadcasts parameter update
142.35: Server #7 broadcasts parameter update
142.43: Server #6 broadcasts parameter update
142.556: Server #5 broadcasts parameter update
142.838: Server #2 broadcasts parameter update
143.026: Server #0 broadcasts parameter update
143.189: Server #1 broadcasts parameter update
143.401: Server #4 broadcasts parameter update
143.667: Server #3 broadcasts parameter update
144.508: Server #7 broadcasts parameter update
144.509: Server #6 broadcasts parameter update
144.646: Server #5 broadcasts parameter update
145.079: Server #2 broadcasts parameter update
145.153: Server #0 broadcasts parameter update
145.361: Server #1 broadcasts parameter update
145.527: Server #4 broadcasts parameter update
145.766: Server #3 broadcasts parameter update
146.596: Server #6 broadcasts parameter update
146.644: Server #7 broadcasts parameter update
146.794: Server #5 broadcasts parameter update
147.138: Server #2 broadcasts parameter update
147.592: Server #1 broadcasts parameter update
147.61: Server #0 broadcasts parameter update
147.65: Server #4 broadcasts parameter update
147.807: Server #3 broadcasts parameter update
148.759: Server #6 broadcasts parameter update
148.765: Server #7 broadcasts parameter update
148.932: Server #5 broadcasts parameter update
149.239: Server #2 broadcasts parameter update
149.744: Server #0 broadcasts parameter update
149.746: Server #1 broadcasts parameter update
149.887: Server #3 broadcasts parameter update
150.831: Server #4 broadcasts parameter update
150.856: Server #6 broadcasts parameter update
150.862: Server #7 broadcasts parameter update
150.944: Server #5 broadcasts parameter update
151.3: Server #2 broadcasts parameter update
151.879: Server #0 broadcasts parameter update
151.903: Server #1 broadcasts parameter update
152.215: Server #3 broadcasts parameter update
152.916: Server #6 broadcasts parameter update
153.037: Server #4 broadcasts parameter update
153.104: Server #5 broadcasts parameter update
153.376: Server #2 broadcasts parameter update
153.689: Server #7 broadcasts parameter update
153.956: Server #1 broadcasts parameter update
154.029: Server #0 broadcasts parameter update
154.38: Server #3 broadcasts parameter update
154.974: Server #6 broadcasts parameter update
155.17: Server #4 broadcasts parameter update
155.336: Server #5 broadcasts parameter update
155.477: Server #2 broadcasts parameter update
156.105: Server #0 broadcasts parameter update
156.509: Server #3 broadcasts parameter update
156.736: Server #7 broadcasts parameter update
157.052: Server #1 broadcasts parameter update
157.112: Server #6 broadcasts parameter update
157.319: Server #4 broadcasts parameter update
157.441: Server #5 broadcasts parameter update
157.654: Server #2 broadcasts parameter update
158.234: Server #0 broadcasts parameter update
158.688: Server #3 broadcasts parameter update
158.966: Server #7 broadcasts parameter update
159.185: Server #1 broadcasts parameter update
159.5: Server #4 broadcasts parameter update
159.579: Server #5 broadcasts parameter update
159.999: Server #6 broadcasts parameter update
160.159: Server #2 broadcasts parameter update
160.328: Server #0 broadcasts parameter update
160.872: Server #3 broadcasts parameter update
161.071: Server #7 broadcasts parameter update
161.266: Server #1 broadcasts parameter update
161.622: Server #4 broadcasts parameter update
161.704: Server #5 broadcasts parameter update
162.192: Server #6 broadcasts parameter update
162.249: Server #2 broadcasts parameter update
162.489: Server #0 broadcasts parameter update
162.935: Server #3 broadcasts parameter update
163.197: Server #7 broadcasts parameter update
163.348: Server #1 broadcasts parameter update
163.733: Server #4 broadcasts parameter update
163.805: Server #5 broadcasts parameter update
164.442: Server #6 broadcasts parameter update
164.506: Server #2 broadcasts parameter update
164.622: Server #0 broadcasts parameter update
165.04: Server #3 broadcasts parameter update
165.794: Server #4 broadcasts parameter update
165.999: Server #1 broadcasts parameter update
166.077: Server #7 broadcasts parameter update
166.588: Server #6 broadcasts parameter update
166.603: Server #2 broadcasts parameter update
166.66: Server #5 broadcasts parameter update
166.803: Server #0 broadcasts parameter update
167.19: Server #3 broadcasts parameter update
168.142: Server #1 broadcasts parameter update
168.241: Server #7 broadcasts parameter update
168.663: Server #4 broadcasts parameter update
168.667: Server #6 broadcasts parameter update
168.741: Server #2 broadcasts parameter update
168.758: Server #5 broadcasts parameter update
169.368: Server #3 broadcasts parameter update
169.57: Server #0 broadcasts parameter update
170.276: Server #1 broadcasts parameter update
170.406: Server #7 broadcasts parameter update
170.798: Server #4 broadcasts parameter update
170.891: Server #2 broadcasts parameter update
170.912: Server #5 broadcasts parameter update
171.087: Server #6 broadcasts parameter update
172.291: Server #3 broadcasts parameter update
172.296: Server #0 broadcasts parameter update
172.347: Server #1 broadcasts parameter update
172.648: Server #7 broadcasts parameter update
172.873: Server #4 broadcasts parameter update
173.023: Server #2 broadcasts parameter update
173.134: Server #5 broadcasts parameter update
173.225: Server #6 broadcasts parameter update
174.393: Server #3 broadcasts parameter update
174.467: Server #1 broadcasts parameter update
174.481: Server #0 broadcasts parameter update
174.729: Server #7 broadcasts parameter update
174.975: Server #4 broadcasts parameter update
175.217: Server #2 broadcasts parameter update
175.291: Server #6 broadcasts parameter update
175.362: Server #5 broadcasts parameter update
176.468: Server #3 broadcasts parameter update
176.591: Server #0 broadcasts parameter update
176.712: Server #1 broadcasts parameter update
176.923: Server #7 broadcasts parameter update
177.305: Server #2 broadcasts parameter update
177.416: Server #6 broadcasts parameter update
177.555: Server #5 broadcasts parameter update
177.989: Server #4 broadcasts parameter update
178.779: Server #0 broadcasts parameter update
178.914: Server #1 broadcasts parameter update
179.059: Server #7 broadcasts parameter update
179.218: Server #3 broadcasts parameter update
179.512: Server #6 broadcasts parameter update
179.618: Server #5 broadcasts parameter update
179.845: Server #2 broadcasts parameter update
180.158: Server #4 broadcasts parameter update
180.961: Server #0 broadcasts parameter update
181.155: Server #7 broadcasts parameter update
181.39: Server #3 broadcasts parameter update
181.457: Server #1 broadcasts parameter update
181.625: Server #6 broadcasts parameter update
181.977: Server #2 broadcasts parameter update
182.282: Server #4 broadcasts parameter update
182.36: Server #5 broadcasts parameter update
183.169: Server #0 broadcasts parameter update
183.282: Server #7 broadcasts parameter update
183.485: Server #3 broadcasts parameter update
183.602: Server #1 broadcasts parameter update
183.725: Server #6 broadcasts parameter update
184.081: Server #2 broadcasts parameter update
184.493: Server #4 broadcasts parameter update
185.353: Server #0 broadcasts parameter update
185.418: Server #5 broadcasts parameter update
185.48: Server #7 broadcasts parameter update
185.551: Server #3 broadcasts parameter update
185.721: Server #1 broadcasts parameter update
185.837: Server #6 broadcasts parameter update
186.673: Server #2 broadcasts parameter update
187.158: Server #4 broadcasts parameter update
187.566: Server #0 broadcasts parameter update
187.611: Server #7 broadcasts parameter update
187.633: Server #5 broadcasts parameter update
187.697: Server #3 broadcasts parameter update
187.974: Server #6 broadcasts parameter update
188.568: Server #1 broadcasts parameter update
188.745: Server #2 broadcasts parameter update
189.269: Server #4 broadcasts parameter update
189.706: Server #5 broadcasts parameter update
189.746: Server #0 broadcasts parameter update
189.758: Server #7 broadcasts parameter update
189.832: Server #3 broadcasts parameter update
190.032: Server #6 broadcasts parameter update
190.687: Server #1 broadcasts parameter update
190.779: Server #2 broadcasts parameter update
191.412: Server #4 broadcasts parameter update
191.874: Server #0 broadcasts parameter update
191.958: Server #7 broadcasts parameter update
191.982: Server #3 broadcasts parameter update
192.503: Server #5 broadcasts parameter update
192.671: Server #6 broadcasts parameter update
192.829: Server #1 broadcasts parameter update
192.965: Server #2 broadcasts parameter update
193.6: Server #4 broadcasts parameter update
194.05: Server #0 broadcasts parameter update
194.116: Server #3 broadcasts parameter update
194.148: Server #7 broadcasts parameter update
194.593: Server #5 broadcasts parameter update
194.856: Server #6 broadcasts parameter update
195.046: Server #1 broadcasts parameter update
195.081: Server #2 broadcasts parameter update
195.754: Server #4 broadcasts parameter update
196.172: Server #0 broadcasts parameter update
196.217: Server #3 broadcasts parameter update
196.313: Server #7 broadcasts parameter update
196.646: Server #5 broadcasts parameter update
196.917: Server #6 broadcasts parameter update
197.179: Server #1 broadcasts parameter update
197.252: Server #2 broadcasts parameter update
197.895: Server #4 broadcasts parameter update
198.324: Server #0 broadcasts parameter update
198.333: Server #3 broadcasts parameter update
198.493: Server #7 broadcasts parameter update
198.765: Server #5 broadcasts parameter update
198.951: Server #6 broadcasts parameter update
199.267: Server #1 broadcasts parameter update
199.382: Server #2 broadcasts parameter update
200.076: Server #4 broadcasts parameter update
200.449: Server #3 broadcasts parameter update
200.547: Server #0 broadcasts parameter update
200.675: Server #7 broadcasts parameter update
200.815: Server #5 broadcasts parameter update
201.078: Server #6 broadcasts parameter update
201.433: Server #2 broadcasts parameter update
202.181: Server #4 broadcasts parameter update
202.302: Server #1 broadcasts parameter update
202.677: Server #0 broadcasts parameter update
202.809: Server #7 broadcasts parameter update
203.035: Server #3 broadcasts parameter update
203.262: Server #6 broadcasts parameter update
203.5: Server #2 broadcasts parameter update
203.991: Server #5 broadcasts parameter update
204.266: Server #4 broadcasts parameter update
204.499: Server #1 broadcasts parameter update
204.849: Server #0 broadcasts parameter update
204.93: Server #7 broadcasts parameter update
205.132: Server #3 broadcasts parameter update
205.572: Server #2 broadcasts parameter update
205.669: Server #6 broadcasts parameter update
206.204: Server #5 broadcasts parameter update
206.401: Server #4 broadcasts parameter update
206.8: Server #1 broadcasts parameter update
207.277: Server #3 broadcasts parameter update
207.71: Server #0 broadcasts parameter update
207.719: Server #6 broadcasts parameter update
208.17: Server #2 broadcasts parameter update
208.399: Server #7 broadcasts parameter update
208.523: Server #4 broadcasts parameter update
208.889: Server #1 broadcasts parameter update
209.264: Server #5 broadcasts parameter update
209.58: Server #3 broadcasts parameter update
209.859: Server #6 broadcasts parameter update
209.92: Server #0 broadcasts parameter update
210.296: Server #2 broadcasts parameter update
210.545: Server #7 broadcasts parameter update
210.611: Server #4 broadcasts parameter update
211.022: Server #1 broadcasts parameter update
211.34: Server #5 broadcasts parameter update
211.663: Server #3 broadcasts parameter update
212.151: Server #0 broadcasts parameter update
212.349: Server #6 broadcasts parameter update
212.597: Server #2 broadcasts parameter update
212.684: Server #7 broadcasts parameter update
212.791: Server #4 broadcasts parameter update
213.274: Server #1 broadcasts parameter update
213.446: Server #5 broadcasts parameter update
213.779: Server #3 broadcasts parameter update
214.386: Server #6 broadcasts parameter update
214.733: Server #2 broadcasts parameter update
214.92: Server #7 broadcasts parameter update
214.966: Server #4 broadcasts parameter update
215.067: Server #0 broadcasts parameter update
215.37: Server #1 broadcasts parameter update
215.552: Server #5 broadcasts parameter update
215.894: Server #3 broadcasts parameter update
216.838: Server #6 broadcasts parameter update
216.881: Server #2 broadcasts parameter update
217.127: Server #4 broadcasts parameter update
217.135: Server #0 broadcasts parameter update
217.219: Server #7 broadcasts parameter update
217.514: Server #1 broadcasts parameter update
217.659: Server #5 broadcasts parameter update
218.047: Server #3 broadcasts parameter update
218.947: Server #6 broadcasts parameter update
219.046: Server #2 broadcasts parameter update
219.221: Server #4 broadcasts parameter update
219.286: Server #0 broadcasts parameter update
219.355: Server #7 broadcasts parameter update
219.63: Server #1 broadcasts parameter update
219.764: Server #5 broadcasts parameter update
220.157: Server #3 broadcasts parameter update
221.097: Server #6 broadcasts parameter update
221.124: Server #2 broadcasts parameter update
221.504: Server #0 broadcasts parameter update
221.545: Server #7 broadcasts parameter update
221.966: Server #5 broadcasts parameter update
222.001: Server #1 broadcasts parameter update
222.002: Server #4 broadcasts parameter update
222.228: Server #3 broadcasts parameter update
223.197: Server #6 broadcasts parameter update
223.551: Server #2 broadcasts parameter update
223.568: Server #0 broadcasts parameter update
223.767: Server #7 broadcasts parameter update
224.056: Server #5 broadcasts parameter update
224.137: Server #1 broadcasts parameter update
224.141: Server #4 broadcasts parameter update
224.32: Server #3 broadcasts parameter update
225.674: Server #2 broadcasts parameter update
225.712: Server #0 broadcasts parameter update
225.719: Server #6 broadcasts parameter update
225.907: Server #7 broadcasts parameter update
226.181: Server #5 broadcasts parameter update
226.227: Server #4 broadcasts parameter update
226.238: Server #1 broadcasts parameter update
226.404: Server #3 broadcasts parameter update
227.786: Server #6 broadcasts parameter update
227.811: Server #2 broadcasts parameter update
227.896: Server #0 broadcasts parameter update
228.083: Server #7 broadcasts parameter update
228.289: Server #5 broadcasts parameter update
228.303: Server #1 broadcasts parameter update
228.368: Server #4 broadcasts parameter update
228.747: Server #3 broadcasts parameter update
229.92: Server #6 broadcasts parameter update
229.978: Server #2 broadcasts parameter update
230.229: Server #7 broadcasts parameter update
230.377: Server #1 broadcasts parameter update
230.467: Server #4 broadcasts parameter update
230.483: Server #5 broadcasts parameter update
230.717: Server #0 broadcasts parameter update
230.834: Server #3 broadcasts parameter update
232.105: Server #6 broadcasts parameter update
232.112: Server #2 broadcasts parameter update
232.372: Server #7 broadcasts parameter update
232.426: Server #1 broadcasts parameter update
232.538: Server #4 broadcasts parameter update
232.663: Server #5 broadcasts parameter update
232.795: Server #0 broadcasts parameter update
233.593: Server #3 broadcasts parameter update
234.247: Server #2 broadcasts parameter update
234.312: Server #6 broadcasts parameter update
234.529: Server #1 broadcasts parameter update
234.562: Server #7 broadcasts parameter update
234.665: Server #4 broadcasts parameter update
234.77: Server #5 broadcasts parameter update
234.971: Server #0 broadcasts parameter update
235.697: Server #3 broadcasts parameter update
236.391: Server #2 broadcasts parameter update
236.58: Server #6 broadcasts parameter update
236.655: Server #1 broadcasts parameter update
236.758: Server #7 broadcasts parameter update
236.762: Server #4 broadcasts parameter update
236.841: Server #5 broadcasts parameter update
237.824: Server #3 broadcasts parameter update
238.49: Server #2 broadcasts parameter update
238.582: Server #0 broadcasts parameter update
238.721: Server #1 broadcasts parameter update
238.886: Server #7 broadcasts parameter update
238.897: Server #4 broadcasts parameter update
239.059: Server #5 broadcasts parameter update
239.305: Server #6 broadcasts parameter update
239.96: Server #3 broadcasts parameter update
240.619: Server #2 broadcasts parameter update
240.792: Server #1 broadcasts parameter update
240.985: Server #7 broadcasts parameter update
241.024: Server #4 broadcasts parameter update
241.205: Server #5 broadcasts parameter update
241.429: Server #0 broadcasts parameter update
241.445: Server #6 broadcasts parameter update
242.06: Server #3 broadcasts parameter update
242.729: Server #2 broadcasts parameter update
242.986: Server #1 broadcasts parameter update
243.103: Server #7 broadcasts parameter update
243.144: Server #4 broadcasts parameter update
243.522: Server #6 broadcasts parameter update
243.708: Server #5 broadcasts parameter update
244.153: Server #3 broadcasts parameter update
244.376: Server #0 broadcasts parameter update
244.811: Server #2 broadcasts parameter update
245.247: Server #7 broadcasts parameter update
245.613: Server #6 broadcasts parameter update
245.851: Server #4 broadcasts parameter update
245.883: Server #1 broadcasts parameter update
246.03: Server #5 broadcasts parameter update
246.228: Server #3 broadcasts parameter update
246.505: Server #0 broadcasts parameter update
246.98: Server #2 broadcasts parameter update
247.343: Server #7 broadcasts parameter update
247.75: Server #6 broadcasts parameter update
247.981: Server #1 broadcasts parameter update
248.058: Server #4 broadcasts parameter update
248.159: Server #5 broadcasts parameter update
248.647: Server #0 broadcasts parameter update
248.955: Server #3 broadcasts parameter update
249.102: Server #2 broadcasts parameter update
249.483: Server #7 broadcasts parameter update
249.903: Server #6 broadcasts parameter update
250.136: Server #1 broadcasts parameter update
250.208: Server #4 broadcasts parameter update
250.257: Server #5 broadcasts parameter update
250.716: Server #0 broadcasts parameter update
251.052: Server #3 broadcasts parameter update
251.221: Server #2 broadcasts parameter update
251.719: Server #7 broadcasts parameter update
252.046: Server #6 broadcasts parameter update
252.273: Server #1 broadcasts parameter update
252.849: Server #5 broadcasts parameter update
252.913: Server #0 broadcasts parameter update
253.132: Server #4 broadcasts parameter update
253.223: Server #3 broadcasts parameter update
253.372: Server #2 broadcasts parameter update
254.115: Server #6 broadcasts parameter update
254.524: Server #7 broadcasts parameter update
254.85: Server #1 broadcasts parameter update
254.942: Server #5 broadcasts parameter update
255.022: Server #0 broadcasts parameter update
255.212: Server #4 broadcasts parameter update
255.33: Server #3 broadcasts parameter update
255.437: Server #2 broadcasts parameter update
256.289: Server #6 broadcasts parameter update
256.667: Server #7 broadcasts parameter update
257.03: Server #1 broadcasts parameter update
257.135: Server #0 broadcasts parameter update
257.193: Server #5 broadcasts parameter update
257.355: Server #4 broadcasts parameter update
257.509: Server #2 broadcasts parameter update
258.12: Server #3 broadcasts parameter update
258.376: Server #6 broadcasts parameter update
258.799: Server #7 broadcasts parameter update
259.165: Server #1 broadcasts parameter update
259.273: Server #0 broadcasts parameter update
259.313: Server #5 broadcasts parameter update
260.218: Server #2 broadcasts parameter update
260.395: Server #3 broadcasts parameter update
260.524: Server #4 broadcasts parameter update
260.925: Server #6 broadcasts parameter update
260.951: Server #7 broadcasts parameter update
261.235: Server #1 broadcasts parameter update
261.423: Server #0 broadcasts parameter update
261.447: Server #5 broadcasts parameter update
262.527: Server #3 broadcasts parameter update
262.672: Server #4 broadcasts parameter update
263.039: Server #6 broadcasts parameter update
263.089: Server #2 broadcasts parameter update
263.092: Server #7 broadcasts parameter update
263.339: Server #1 broadcasts parameter update
263.518: Server #0 broadcasts parameter update
263.57: Server #5 broadcasts parameter update
264.696: Server #3 broadcasts parameter update
264.756: Server #4 broadcasts parameter update
265.218: Server #6 broadcasts parameter update
265.267: Server #2 broadcasts parameter update
265.285: Server #7 broadcasts parameter update
265.656: Server #0 broadcasts parameter update
265.665: Server #5 broadcasts parameter update
265.797: Server #1 broadcasts parameter update
266.965: Server #4 broadcasts parameter update
267.321: Server #6 broadcasts parameter update
267.389: Server #2 broadcasts parameter update
267.421: Server #7 broadcasts parameter update
267.486: Server #3 broadcasts parameter update
267.824: Server #0 broadcasts parameter update
267.829: Server #5 broadcasts parameter update
267.902: Server #1 broadcasts parameter update
269.06: Server #4 broadcasts parameter update
269.422: Server #6 broadcasts parameter update
269.509: Server #2 broadcasts parameter update
269.509: Server #7 broadcasts parameter update
269.562: Server #3 broadcasts parameter update
269.909: Server #5 broadcasts parameter update
269.939: Server #0 broadcasts parameter update
270.018: Server #1 broadcasts parameter update
271.178: Server #4 broadcasts parameter update
271.539: Server #6 broadcasts parameter update
271.684: Server #3 broadcasts parameter update
272.137: Server #2 broadcasts parameter update
272.152: Server #1 broadcasts parameter update
272.717: Server #5 broadcasts parameter update
272.737: Server #7 broadcasts parameter update
272.858: Server #0 broadcasts parameter update
273.262: Server #4 broadcasts parameter update
273.603: Server #6 broadcasts parameter update
273.817: Server #3 broadcasts parameter update
274.28: Server #2 broadcasts parameter update
274.712: Server #1 broadcasts parameter update
274.991: Server #0 broadcasts parameter update
275.287: Server #5 broadcasts parameter update
275.463: Server #4 broadcasts parameter update
275.524: Server #7 broadcasts parameter update
275.684: Server #6 broadcasts parameter update
275.892: Server #3 broadcasts parameter update
276.719: Server #2 broadcasts parameter update
276.872: Server #1 broadcasts parameter update
277.14: Server #0 broadcasts parameter update
277.399: Server #5 broadcasts parameter update
277.633: Server #4 broadcasts parameter update
277.706: Server #7 broadcasts parameter update
277.766: Server #6 broadcasts parameter update
278.078: Server #3 broadcasts parameter update
278.896: Server #2 broadcasts parameter update
278.978: Server #1 broadcasts parameter update
279.289: Server #0 broadcasts parameter update
279.557: Server #5 broadcasts parameter update
279.657: Server #4 broadcasts parameter update
279.899: Server #7 broadcasts parameter update
279.928: Server #6 broadcasts parameter update
280.189: Server #3 broadcasts parameter update
281.004: Server #2 broadcasts parameter update
281.043: Server #1 broadcasts parameter update
281.464: Server #0 broadcasts parameter update
281.654: Server #5 broadcasts parameter update
281.99: Server #6 broadcasts parameter update
282.049: Server #7 broadcasts parameter update
282.434: Server #3 broadcasts parameter update
282.597: Server #4 broadcasts parameter update
283.129: Server #1 broadcasts parameter update
283.143: Server #2 broadcasts parameter update
283.618: Server #0 broadcasts parameter update
283.836: Server #5 broadcasts parameter update
284.176: Server #7 broadcasts parameter update
284.567: Server #3 broadcasts parameter update
284.636: Server #6 broadcasts parameter update
284.729: Server #4 broadcasts parameter update
285.206: Server #1 broadcasts parameter update
285.291: Server #2 broadcasts parameter update
285.893: Server #5 broadcasts parameter update
286.299: Server #7 broadcasts parameter update
286.727: Server #6 broadcasts parameter update
286.734: Server #3 broadcasts parameter update
286.868: Server #0 broadcasts parameter update
286.87: Server #4 broadcasts parameter update
287.296: Server #1 broadcasts parameter update
287.465: Server #2 broadcasts parameter update
287.957: Server #5 broadcasts parameter update
288.453: Server #7 broadcasts parameter update
288.851: Server #6 broadcasts parameter update
288.856: Server #3 broadcasts parameter update
288.988: Server #4 broadcasts parameter update
289.028: Server #0 broadcasts parameter update
289.492: Server #1 broadcasts parameter update
289.596: Server #2 broadcasts parameter update
290.044: Server #5 broadcasts parameter update
290.586: Server #7 broadcasts parameter update
290.958: Server #6 broadcasts parameter update
290.97: Server #3 broadcasts parameter update
291.114: Server #4 broadcasts parameter update
291.137: Server #0 broadcasts parameter update
291.596: Server #1 broadcasts parameter update
291.752: Server #2 broadcasts parameter update
292.12: Server #5 broadcasts parameter update
292.666: Server #7 broadcasts parameter update
293.053: Server #6 broadcasts parameter update
293.133: Server #3 broadcasts parameter update
293.234: Server #0 broadcasts parameter update
293.252: Server #4 broadcasts parameter update
293.729: Server #1 broadcasts parameter update
293.857: Server #2 broadcasts parameter update
294.79: Server #7 broadcasts parameter update
294.976: Server #5 broadcasts parameter update
295.189: Server #6 broadcasts parameter update
295.261: Server #3 broadcasts parameter update
295.325: Server #0 broadcasts parameter update
295.347: Server #4 broadcasts parameter update
295.906: Server #1 broadcasts parameter update
296.007: Server #2 broadcasts parameter update
297.273: Server #6 broadcasts parameter update
297.416: Server #3 broadcasts parameter update
297.423: Server #4 broadcasts parameter update
297.517: Server #0 broadcasts parameter update
297.789: Server #5 broadcasts parameter update
297.998: Server #7 broadcasts parameter update
298.033: Server #1 broadcasts parameter update
298.13: Server #2 broadcasts parameter update
299.492: Server #6 broadcasts parameter update
299.529: Server #3 broadcasts parameter update
299.553: Server #4 broadcasts parameter update
299.674: Server #0 broadcasts parameter update
299.942: Server #5 broadcasts parameter update
