Waf: Entering directory `/home/alexander/Documents/ns3/workspace/bake/source/ns-3.29/build'
Waf: Leaving directory `/home/alexander/Documents/ns3/workspace/bake/source/ns-3.29/build'
Build commands will be stored in build/compile_commands.json
'build' finished successfully (18.658s)
1.01736: Server #3 broadcasts parameter update
3.65163: Server #3 broadcasts parameter update
4.00393: Server #1 broadcasts parameter update
4.00801: Server #7 broadcasts parameter update
4.00834: Server #0 broadcasts parameter update
4.00845: Server #6 broadcasts parameter update
4.00936: Server #5 broadcasts parameter update
4.00959: Server #4 broadcasts parameter update
4.01709: Server #2 broadcasts parameter update
6.23774: Server #3 broadcasts parameter update
8.55833: Server #7 broadcasts parameter update
8.9487: Server #5 broadcasts parameter update
9.06203: Server #0 broadcasts parameter update
9.23151: Server #2 broadcasts parameter update
9.42493: Server #6 broadcasts parameter update
9.44221: Server #1 broadcasts parameter update
9.87177: Server #3 broadcasts parameter update
11.1709: Server #4 broadcasts parameter update
11.3841: Server #5 broadcasts parameter update
11.423: Server #7 broadcasts parameter update
13.2465: Server #3 broadcasts parameter update
13.3496: Server #0 broadcasts parameter update
14.6752: Server #7 broadcasts parameter update
14.7893: Server #4 broadcasts parameter update
15.2023: Server #2 broadcasts parameter update
15.6771: Server #1 broadcasts parameter update
15.8456: Server #5 broadcasts parameter update
16.2218: Server #6 broadcasts parameter update
16.3915: Server #3 broadcasts parameter update
18.167: Server #0 broadcasts parameter update
18.5912: Server #7 broadcasts parameter update
18.9039: Server #4 broadcasts parameter update
19.0284: Server #2 broadcasts parameter update
19.5681: Server #3 broadcasts parameter update
20.7852: Server #5 broadcasts parameter update
21.3035: Server #0 broadcasts parameter update
22.0521: Server #3 broadcasts parameter update
22.0986: Server #7 broadcasts parameter update
22.3287: Server #6 broadcasts parameter update
22.6914: Server #2 broadcasts parameter update
22.7599: Server #4 broadcasts parameter update
23.0868: Server #1 broadcasts parameter update
23.3189: Server #5 broadcasts parameter update
25.1829: Server #3 broadcasts parameter update
25.4032: Server #7 broadcasts parameter update
25.4128: Server #0 broadcasts parameter update
26.0356: Server #4 broadcasts parameter update
27.9054: Server #6 broadcasts parameter update
27.977: Server #5 broadcasts parameter update
28.3224: Server #1 broadcasts parameter update
28.4148: Server #2 broadcasts parameter update
28.8615: Server #7 broadcasts parameter update
28.9088: Server #0 broadcasts parameter update
29.3725: Server #3 broadcasts parameter update
29.5994: Server #4 broadcasts parameter update
