Waf: Entering directory `/home/alexander/Documents/ns3/workspace/bake/source/ns-3.29/build'
Waf: Leaving directory `/home/alexander/Documents/ns3/workspace/bake/source/ns-3.29/build'
Build commands will be stored in build/compile_commands.json
'build' finished successfully (13.945s)
1.01358: Server #5 broadcasts parameter update
1.01634: Server #3 broadcasts parameter update
3.61665: Server #3 broadcasts parameter update
3.74812: Server #5 broadcasts parameter update
4.00447: Server #2 broadcasts parameter update
4.01352: Server #1 broadcasts parameter update
4.01419: Server #6 broadcasts parameter update
4.0146: Server #0 broadcasts parameter update
4.06319: Server #4 broadcasts parameter update
4.12018: Server #7 broadcasts parameter update
6.24509: Server #3 broadcasts parameter update
7.57063: Server #5 broadcasts parameter update
8.01591: Server #0 broadcasts parameter update
8.26015: Server #6 broadcasts parameter update
8.89006: Server #2 broadcasts parameter update
8.99021: Server #1 broadcasts parameter update
9.2006: Server #4 broadcasts parameter update
9.47438: Server #3 broadcasts parameter update
10.8819: Server #7 broadcasts parameter update
11.5254: Server #0 broadcasts parameter update
11.6364: Server #5 broadcasts parameter update
11.7724: Server #4 broadcasts parameter update
12.1352: Server #3 broadcasts parameter update
12.9869: Server #6 broadcasts parameter update
13.1257: Server #1 broadcasts parameter update
14.9566: Server #0 broadcasts parameter update
15.5197: Server #6 broadcasts parameter update
15.6568: Server #4 broadcasts parameter update
15.7408: Server #5 broadcasts parameter update
16.3814: Server #3 broadcasts parameter update
16.6155: Server #2 broadcasts parameter update
17.5438: Server #1 broadcasts parameter update
18.7195: Server #5 broadcasts parameter update
18.7329: Server #0 broadcasts parameter update
19.1488: Server #4 broadcasts parameter update
19.3564: Server #3 broadcasts parameter update
21.2665: Server #1 broadcasts parameter update
21.4145: Server #6 broadcasts parameter update
21.6222: Server #3 broadcasts parameter update
21.9111: Server #5 broadcasts parameter update
21.9392: Server #2 broadcasts parameter update
22.7512: Server #4 broadcasts parameter update
23.0755: Server #7 broadcasts parameter update
24.378: Server #1 broadcasts parameter update
24.4905: Server #5 broadcasts parameter update
24.6204: Server #0 broadcasts parameter update
25.0444: Server #3 broadcasts parameter update
25.6497: Server #6 broadcasts parameter update
26.5824: Server #4 broadcasts parameter update
27.1714: Server #2 broadcasts parameter update
28.2334: Server #5 broadcasts parameter update
28.5043: Server #3 broadcasts parameter update
28.8616: Server #0 broadcasts parameter update
28.8727: Server #7 broadcasts parameter update
28.9034: Server #6 broadcasts parameter update
29.2749: Server #1 broadcasts parameter update
29.2988: Server #4 broadcasts parameter update
