Waf: Entering directory `/home/alexander/Documents/ns3/workspace/bake/source/ns-3.29/build'
Waf: Leaving directory `/home/alexander/Documents/ns3/workspace/bake/source/ns-3.29/build'
Build commands will be stored in build/compile_commands.json
'build' finished successfully (16.698s)
1.01337: Server #1 broadcasts parameter update
3.66011: Server #1 broadcasts parameter update
4.00612: Server #3 broadcasts parameter update
4.00844: Server #7 broadcasts parameter update
4.06449: Server #4 broadcasts parameter update
4.1109: Server #6 broadcasts parameter update
4.1119: Server #0 broadcasts parameter update
4.11318: Server #5 broadcasts parameter update
4.11325: Server #2 broadcasts parameter update
7.04023: Server #1 broadcasts parameter update
7.2915: Server #3 broadcasts parameter update
7.40791: Server #7 broadcasts parameter update
7.57311: Server #6 broadcasts parameter update
7.67026: Server #4 broadcasts parameter update
8.71223: Server #5 broadcasts parameter update
8.71323: Server #2 broadcasts parameter update
8.93815: Server #0 broadcasts parameter update
10.337: Server #1 broadcasts parameter update
10.5015: Server #3 broadcasts parameter update
10.5596: Server #7 broadcasts parameter update
11.6005: Server #6 broadcasts parameter update
11.7354: Server #4 broadcasts parameter update
13.0266: Server #0 broadcasts parameter update
13.2425: Server #7 broadcasts parameter update
13.2503: Server #5 broadcasts parameter update
13.3378: Server #1 broadcasts parameter update
13.7434: Server #3 broadcasts parameter update
15.1481: Server #6 broadcasts parameter update
15.2098: Server #2 broadcasts parameter update
16.2589: Server #4 broadcasts parameter update
16.4478: Server #1 broadcasts parameter update
16.4571: Server #7 broadcasts parameter update
16.7325: Server #3 broadcasts parameter update
18.279: Server #5 broadcasts parameter update
18.4083: Server #0 broadcasts parameter update
18.6165: Server #6 broadcasts parameter update
18.9291: Server #4 broadcasts parameter update
19.5415: Server #1 broadcasts parameter update
19.8082: Server #7 broadcasts parameter update
19.9418: Server #2 broadcasts parameter update
20.0195: Server #3 broadcasts parameter update
22.1618: Server #0 broadcasts parameter update
22.2454: Server #1 broadcasts parameter update
22.5549: Server #4 broadcasts parameter update
22.7649: Server #7 broadcasts parameter update
22.9037: Server #6 broadcasts parameter update
22.9942: Server #5 broadcasts parameter update
23.1646: Server #3 broadcasts parameter update
23.3496: Server #2 broadcasts parameter update
24.9991: Server #1 broadcasts parameter update
25.9164: Server #7 broadcasts parameter update
26.0147: Server #3 broadcasts parameter update
26.4585: Server #4 broadcasts parameter update
26.9373: Server #5 broadcasts parameter update
27.0169: Server #0 broadcasts parameter update
27.4725: Server #6 broadcasts parameter update
27.5539: Server #2 broadcasts parameter update
27.788: Server #1 broadcasts parameter update
28.6967: Server #3 broadcasts parameter update
28.9071: Server #7 broadcasts parameter update
29.6241: Server #4 broadcasts parameter update
