Waf: Entering directory `/home/alexander/Documents/ns3/workspace/bake/source/ns-3.29/build'
Waf: Leaving directory `/home/alexander/Documents/ns3/workspace/bake/source/ns-3.29/build'
Build commands will be stored in build/compile_commands.json
'build' finished successfully (9.751s)
1.01682: Server #7 broadcasts parameter update
1.01736: Server #5 broadcasts parameter update
3.72321: Server #7 broadcasts parameter update
3.807: Server #5 broadcasts parameter update
4.00916: Server #0 broadcasts parameter update
4.1132: Server #1 broadcasts parameter update
4.11326: Server #2 broadcasts parameter update
4.11333: Server #6 broadcasts parameter update
4.11389: Server #4 broadcasts parameter update
4.12434: Server #3 broadcasts parameter update
6.84885: Server #5 broadcasts parameter update
6.94767: Server #7 broadcasts parameter update
7.86945: Server #0 broadcasts parameter update
9.42408: Server #3 broadcasts parameter update
9.44307: Server #7 broadcasts parameter update
9.69885: Server #5 broadcasts parameter update
9.75118: Server #2 broadcasts parameter update
9.83772: Server #1 broadcasts parameter update
10.5837: Server #0 broadcasts parameter update
12.1842: Server #7 broadcasts parameter update
12.1987: Server #3 broadcasts parameter update
13.2297: Server #2 broadcasts parameter update
13.9686: Server #5 broadcasts parameter update
14.1473: Server #0 broadcasts parameter update
14.5194: Server #1 broadcasts parameter update
14.5276: Server #7 broadcasts parameter update
14.5374: Server #3 broadcasts parameter update
16.5872: Server #5 broadcasts parameter update
16.8834: Server #3 broadcasts parameter update
17.0385: Server #0 broadcasts parameter update
17.1743: Server #4 broadcasts parameter update
17.265: Server #7 broadcasts parameter update
18.963: Server #2 broadcasts parameter update
19.5051: Server #1 broadcasts parameter update
19.6956: Server #7 broadcasts parameter update
19.7778: Server #3 broadcasts parameter update
19.8562: Server #5 broadcasts parameter update
19.9228: Server #6 broadcasts parameter update
20.5603: Server #0 broadcasts parameter update
20.9939: Server #4 broadcasts parameter update
22.7003: Server #3 broadcasts parameter update
22.821: Server #2 broadcasts parameter update
22.9514: Server #7 broadcasts parameter update
22.9787: Server #1 broadcasts parameter update
23.4351: Server #5 broadcasts parameter update
23.4833: Server #0 broadcasts parameter update
24.4641: Server #6 broadcasts parameter update
25.7232: Server #4 broadcasts parameter update
25.7365: Server #3 broadcasts parameter update
26.1883: Server #0 broadcasts parameter update
26.3773: Server #7 broadcasts parameter update
27.528: Server #2 broadcasts parameter update
27.7325: Server #6 broadcasts parameter update
27.8085: Server #1 broadcasts parameter update
28.0146: Server #5 broadcasts parameter update
28.157: Server #3 broadcasts parameter update
29.4872: Server #0 broadcasts parameter update
29.7502: Server #7 broadcasts parameter update
29.9616: Server #4 broadcasts parameter update
