Waf: Entering directory `/home/alexander/Documents/ns3/workspace/bake/source/ns-3.29/build'
Waf: Leaving directory `/home/alexander/Documents/ns3/workspace/bake/source/ns-3.29/build'
Build commands will be stored in build/compile_commands.json
'build' finished successfully (8.854s)
1.01511: Server #6 broadcasts parameter update
1.01529: Server #3 broadcasts parameter update
1.01986: Server #4 broadcasts parameter update
3.75462: Server #4 broadcasts parameter update
3.88734: Server #3 broadcasts parameter update
3.95952: Server #6 broadcasts parameter update
4.08083: Server #0 broadcasts parameter update
4.08089: Server #5 broadcasts parameter update
4.10786: Server #1 broadcasts parameter update
4.11068: Server #7 broadcasts parameter update
4.15155: Server #2 broadcasts parameter update
6.50146: Server #6 broadcasts parameter update
7.21675: Server #5 broadcasts parameter update
7.8012: Server #3 broadcasts parameter update
7.99298: Server #4 broadcasts parameter update
9.41333: Server #0 broadcasts parameter update
9.66245: Server #5 broadcasts parameter update
9.66573: Server #6 broadcasts parameter update
10.0689: Server #2 broadcasts parameter update
11.533: Server #3 broadcasts parameter update
11.5969: Server #1 broadcasts parameter update
12.3675: Server #7 broadcasts parameter update
12.7511: Server #6 broadcasts parameter update
13.1859: Server #5 broadcasts parameter update
13.2825: Server #4 broadcasts parameter update
13.3093: Server #2 broadcasts parameter update
14.4987: Server #3 broadcasts parameter update
15.193: Server #0 broadcasts parameter update
16.7151: Server #4 broadcasts parameter update
16.918: Server #5 broadcasts parameter update
16.921: Server #6 broadcasts parameter update
17.0648: Server #1 broadcasts parameter update
17.5055: Server #3 broadcasts parameter update
18.3168: Server #0 broadcasts parameter update
18.863: Server #7 broadcasts parameter update
19.0061: Server #2 broadcasts parameter update
20.0835: Server #6 broadcasts parameter update
20.3077: Server #1 broadcasts parameter update
20.7842: Server #5 broadcasts parameter update
21.1615: Server #4 broadcasts parameter update
21.6723: Server #0 broadcasts parameter update
21.6849: Server #3 broadcasts parameter update
23.3196: Server #6 broadcasts parameter update
23.3993: Server #7 broadcasts parameter update
23.8223: Server #2 broadcasts parameter update
23.8821: Server #1 broadcasts parameter update
24.9037: Server #0 broadcasts parameter update
25.036: Server #5 broadcasts parameter update
25.2321: Server #3 broadcasts parameter update
26.0515: Server #6 broadcasts parameter update
26.7715: Server #1 broadcasts parameter update
27.1493: Server #4 broadcasts parameter update
27.6583: Server #2 broadcasts parameter update
28.1398: Server #5 broadcasts parameter update
28.1772: Server #0 broadcasts parameter update
28.407: Server #3 broadcasts parameter update
28.8264: Server #6 broadcasts parameter update
29.0104: Server #7 broadcasts parameter update
