Waf: Entering directory `/home/alexander/Documents/ns3/workspace/bake/source/ns-3.29/build'
Waf: Leaving directory `/home/alexander/Documents/ns3/workspace/bake/source/ns-3.29/build'
Build commands will be stored in build/compile_commands.json
'build' finished successfully (17.873s)
1.01511: Server #2 broadcasts parameter update
1.01992: Server #5 broadcasts parameter update
3.74683: Server #2 broadcasts parameter update
4.0042: Server #7 broadcasts parameter update
4.00769: Server #0 broadcasts parameter update
4.02932: Server #4 broadcasts parameter update
4.03296: Server #3 broadcasts parameter update
4.16973: Server #1 broadcasts parameter update
4.19415: Server #6 broadcasts parameter update
5.24056: Server #5 broadcasts parameter update
6.30742: Server #2 broadcasts parameter update
6.92531: Server #3 broadcasts parameter update
7.92429: Server #0 broadcasts parameter update
8.20494: Server #1 broadcasts parameter update
8.47835: Server #7 broadcasts parameter update
9.31349: Server #3 broadcasts parameter update
9.63314: Server #4 broadcasts parameter update
9.68353: Server #5 broadcasts parameter update
10.9172: Server #2 broadcasts parameter update
11.4374: Server #1 broadcasts parameter update
11.8005: Server #0 broadcasts parameter update
12.039: Server #3 broadcasts parameter update
12.3393: Server #7 broadcasts parameter update
12.4176: Server #4 broadcasts parameter update
12.9805: Server #5 broadcasts parameter update
14.2123: Server #2 broadcasts parameter update
14.5424: Server #3 broadcasts parameter update
15.3927: Server #0 broadcasts parameter update
15.4461: Server #1 broadcasts parameter update
16.0989: Server #5 broadcasts parameter update
16.516: Server #7 broadcasts parameter update
17.3624: Server #4 broadcasts parameter update
17.3895: Server #2 broadcasts parameter update
17.8801: Server #3 broadcasts parameter update
18.4855: Server #1 broadcasts parameter update
19.1788: Server #7 broadcasts parameter update
19.208: Server #0 broadcasts parameter update
19.2242: Server #6 broadcasts parameter update
19.9233: Server #5 broadcasts parameter update
20.5698: Server #2 broadcasts parameter update
20.7686: Server #4 broadcasts parameter update
21.0212: Server #3 broadcasts parameter update
22.1282: Server #7 broadcasts parameter update
22.6381: Server #1 broadcasts parameter update
22.714: Server #0 broadcasts parameter update
22.8054: Server #6 broadcasts parameter update
23.1505: Server #5 broadcasts parameter update
23.9264: Server #4 broadcasts parameter update
24.2587: Server #3 broadcasts parameter update
25.369: Server #7 broadcasts parameter update
25.7669: Server #1 broadcasts parameter update
25.8036: Server #6 broadcasts parameter update
25.9308: Server #5 broadcasts parameter update
26.2465: Server #2 broadcasts parameter update
26.8147: Server #3 broadcasts parameter update
26.8792: Server #0 broadcasts parameter update
27.1635: Server #4 broadcasts parameter update
28.4571: Server #7 broadcasts parameter update
28.8499: Server #1 broadcasts parameter update
29.1888: Server #6 broadcasts parameter update
29.2698: Server #3 broadcasts parameter update
29.8247: Server #5 broadcasts parameter update
29.8703: Server #2 broadcasts parameter update
