Waf: Entering directory `/home/alexander/Documents/ns3/workspace/bake/source/ns-3.29/build'
Waf: Leaving directory `/home/alexander/Documents/ns3/workspace/bake/source/ns-3.29/build'
Build commands will be stored in build/compile_commands.json
'build' finished successfully (11.830s)
1.01276: Server #1 broadcasts parameter update
1.01885: Server #2 broadcasts parameter update
3.66362: Server #1 broadcasts parameter update
3.72317: Server #2 broadcasts parameter update
4.00606: Server #5 broadcasts parameter update
4.00816: Server #3 broadcasts parameter update
4.01929: Server #6 broadcasts parameter update
4.05303: Server #7 broadcasts parameter update
4.05309: Server #4 broadcasts parameter update
4.05834: Server #0 broadcasts parameter update
6.125: Server #2 broadcasts parameter update
6.56465: Server #1 broadcasts parameter update
7.61982: Server #3 broadcasts parameter update
7.93081: Server #0 broadcasts parameter update
8.10896: Server #5 broadcasts parameter update
8.33442: Server #4 broadcasts parameter update
8.51297: Server #6 broadcasts parameter update
9.40454: Server #2 broadcasts parameter update
9.67886: Server #1 broadcasts parameter update
11.0991: Server #4 broadcasts parameter update
11.9359: Server #0 broadcasts parameter update
11.9606: Server #3 broadcasts parameter update
12.1542: Server #2 broadcasts parameter update
12.3029: Server #6 broadcasts parameter update
12.3525: Server #5 broadcasts parameter update
13.0955: Server #1 broadcasts parameter update
14.3755: Server #2 broadcasts parameter update
14.4043: Server #4 broadcasts parameter update
15.141: Server #3 broadcasts parameter update
15.5163: Server #5 broadcasts parameter update
15.5632: Server #0 broadcasts parameter update
15.9072: Server #1 broadcasts parameter update
16.5007: Server #2 broadcasts parameter update
17.3722: Server #4 broadcasts parameter update
17.4993: Server #7 broadcasts parameter update
18.348: Server #6 broadcasts parameter update
18.6252: Server #0 broadcasts parameter update
18.7475: Server #2 broadcasts parameter update
18.9113: Server #1 broadcasts parameter update
19.1422: Server #3 broadcasts parameter update
19.6355: Server #5 broadcasts parameter update
21.433: Server #2 broadcasts parameter update
21.7324: Server #7 broadcasts parameter update
22.1798: Server #4 broadcasts parameter update
22.2953: Server #1 broadcasts parameter update
22.3251: Server #6 broadcasts parameter update
22.3265: Server #3 broadcasts parameter update
22.4276: Server #0 broadcasts parameter update
23.5984: Server #2 broadcasts parameter update
23.8348: Server #5 broadcasts parameter update
25.1948: Server #3 broadcasts parameter update
25.5759: Server #6 broadcasts parameter update
25.775: Server #7 broadcasts parameter update
25.8258: Server #1 broadcasts parameter update
25.8525: Server #2 broadcasts parameter update
26.555: Server #0 broadcasts parameter update
26.5971: Server #4 broadcasts parameter update
27.9676: Server #3 broadcasts parameter update
28.3851: Server #2 broadcasts parameter update
29.0126: Server #1 broadcasts parameter update
29.133: Server #5 broadcasts parameter update
29.3683: Server #6 broadcasts parameter update
29.5219: Server #7 broadcasts parameter update
29.6215: Server #0 broadcasts parameter update
