Waf: Entering directory `/home/alexander/Documents/ns3/workspace/bake/source/ns-3.29/build'
[2731/2813] Compiling scratch/cs268/cs268.cc
[2732/2813] Compiling scratch/cs268/parameter-server.cc
[2733/2813] Compiling scratch/cs268/parameter-client.cc
[2771/2813] Linking build/scratch/cs268/cs268
Waf: Leaving directory `/home/alexander/Documents/ns3/workspace/bake/source/ns-3.29/build'
Build commands will be stored in build/compile_commands.json
'build' finished successfully (9.730s)
1.0143: Server #7 broadcasts parameter update
1.01911: Server #1 broadcasts parameter update
3.71204: Server #1 broadcasts parameter update
3.72215: Server #7 broadcasts parameter update
4.00841: Server #4 broadcasts parameter update
4.01074: Server #3 broadcasts parameter update
4.0133: Server #5 broadcasts parameter update
4.04104: Server #6 broadcasts parameter update
4.16478: Server #0 broadcasts parameter update
4.24649: Server #2 broadcasts parameter update
7.0433: Server #5 broadcasts parameter update
7.06432: Server #7 broadcasts parameter update
7.37749: Server #1 broadcasts parameter update
7.73754: Server #3 broadcasts parameter update
8.77727: Server #0 broadcasts parameter update
9.92937: Server #6 broadcasts parameter update
10.2747: Server #3 broadcasts parameter update
10.3016: Server #5 broadcasts parameter update
10.3338: Server #2 broadcasts parameter update
11.3136: Server #1 broadcasts parameter update
11.3284: Server #7 broadcasts parameter update
12.7021: Server #3 broadcasts parameter update
12.8621: Server #0 broadcasts parameter update
13.2657: Server #5 broadcasts parameter update
14.6588: Server #7 broadcasts parameter update
15.1113: Server #6 broadcasts parameter update
15.3084: Server #3 broadcasts parameter update
15.5983: Server #2 broadcasts parameter update
15.6548: Server #5 broadcasts parameter update
15.6568: Server #1 broadcasts parameter update
17.018: Server #0 broadcasts parameter update
17.6213: Server #7 broadcasts parameter update
18.3509: Server #3 broadcasts parameter update
18.8966: Server #1 broadcasts parameter update
19.1298: Server #5 broadcasts parameter update
19.4323: Server #4 broadcasts parameter update
20.0637: Server #2 broadcasts parameter update
20.1669: Server #6 broadcasts parameter update
20.6788: Server #7 broadcasts parameter update
20.862: Server #0 broadcasts parameter update
21.1004: Server #3 broadcasts parameter update
21.949: Server #1 broadcasts parameter update
22.9606: Server #5 broadcasts parameter update
23.5353: Server #6 broadcasts parameter update
23.7754: Server #4 broadcasts parameter update
24.1205: Server #2 broadcasts parameter update
24.893: Server #3 broadcasts parameter update
25.6941: Server #0 broadcasts parameter update
25.7812: Server #7 broadcasts parameter update
26.0379: Server #1 broadcasts parameter update
26.3998: Server #6 broadcasts parameter update
26.7564: Server #5 broadcasts parameter update
27.1226: Server #4 broadcasts parameter update
27.6202: Server #2 broadcasts parameter update
28.1364: Server #3 broadcasts parameter update
29.1108: Server #1 broadcasts parameter update
29.6187: Server #0 broadcasts parameter update
30.2181: Server #7 broadcasts parameter update
30.3038: Server #6 broadcasts parameter update
30.708: Server #5 broadcasts parameter update
31.229: Server #4 broadcasts parameter update
31.335: Server #3 broadcasts parameter update
31.4374: Server #2 broadcasts parameter update
32.6666: Server #1 broadcasts parameter update
33.3224: Server #0 broadcasts parameter update
33.8692: Server #7 broadcasts parameter update
33.9961: Server #5 broadcasts parameter update
34.4721: Server #6 broadcasts parameter update
35.0053: Server #3 broadcasts parameter update
35.3768: Server #2 broadcasts parameter update
35.39: Server #4 broadcasts parameter update
36.7868: Server #1 broadcasts parameter update
36.9647: Server #0 broadcasts parameter update
37.5377: Server #7 broadcasts parameter update
37.6146: Server #6 broadcasts parameter update
37.9841: Server #5 broadcasts parameter update
38.5798: Server #4 broadcasts parameter update
38.6466: Server #2 broadcasts parameter update
39.4421: Server #3 broadcasts parameter update
40.4278: Server #1 broadcasts parameter update
41.1905: Server #0 broadcasts parameter update
41.4267: Server #7 broadcasts parameter update
41.6279: Server #5 broadcasts parameter update
41.8662: Server #4 broadcasts parameter update
41.967: Server #6 broadcasts parameter update
42.2092: Server #2 broadcasts parameter update
43.0065: Server #3 broadcasts parameter update
44.5685: Server #0 broadcasts parameter update
44.9217: Server #6 broadcasts parameter update
45.227: Server #4 broadcasts parameter update
45.3236: Server #1 broadcasts parameter update
46.0579: Server #5 broadcasts parameter update
46.3926: Server #7 broadcasts parameter update
46.6397: Server #2 broadcasts parameter update
46.6763: Server #3 broadcasts parameter update
47.7771: Server #0 broadcasts parameter update
48.2693: Server #6 broadcasts parameter update
48.4052: Server #1 broadcasts parameter update
48.871: Server #4 broadcasts parameter update
49.1975: Server #5 broadcasts parameter update
50.0439: Server #7 broadcasts parameter update
50.3385: Server #3 broadcasts parameter update
50.9649: Server #0 broadcasts parameter update
51.102: Server #2 broadcasts parameter update
51.3704: Server #1 broadcasts parameter update
51.8719: Server #6 broadcasts parameter update
52.4742: Server #5 broadcasts parameter update
52.9887: Server #4 broadcasts parameter update
53.3963: Server #3 broadcasts parameter update
54.4968: Server #7 broadcasts parameter update
54.5998: Server #0 broadcasts parameter update
54.769: Server #2 broadcasts parameter update
55.4481: Server #6 broadcasts parameter update
55.5044: Server #5 broadcasts parameter update
55.5194: Server #1 broadcasts parameter update
56.7736: Server #3 broadcasts parameter update
57.1674: Server #4 broadcasts parameter update
58.5086: Server #2 broadcasts parameter update
58.5486: Server #0 broadcasts parameter update
58.569: Server #1 broadcasts parameter update
58.7371: Server #7 broadcasts parameter update
59.1629: Server #6 broadcasts parameter update
60.0434: Server #3 broadcasts parameter update
60.3419: Server #4 broadcasts parameter update
60.3831: Server #5 broadcasts parameter update
62.2935: Server #1 broadcasts parameter update
62.5608: Server #6 broadcasts parameter update
62.5862: Server #0 broadcasts parameter update
62.6301: Server #7 broadcasts parameter update
62.6626: Server #2 broadcasts parameter update
63.2445: Server #3 broadcasts parameter update
63.71: Server #4 broadcasts parameter update
64.074: Server #5 broadcasts parameter update
66.1072: Server #0 broadcasts parameter update
66.1252: Server #7 broadcasts parameter update
66.2541: Server #1 broadcasts parameter update
66.5199: Server #2 broadcasts parameter update
66.8329: Server #3 broadcasts parameter update
67.1759: Server #6 broadcasts parameter update
67.2895: Server #4 broadcasts parameter update
67.4034: Server #5 broadcasts parameter update
69.8424: Server #1 broadcasts parameter update
69.9007: Server #2 broadcasts parameter update
70.1197: Server #0 broadcasts parameter update
70.2456: Server #7 broadcasts parameter update
70.429: Server #4 broadcasts parameter update
70.9418: Server #6 broadcasts parameter update
70.991: Server #3 broadcasts parameter update
71.6596: Server #5 broadcasts parameter update
73.3017: Server #1 broadcasts parameter update
73.6664: Server #2 broadcasts parameter update
73.9618: Server #0 broadcasts parameter update
74.0681: Server #7 broadcasts parameter update
74.2694: Server #6 broadcasts parameter update
74.6655: Server #3 broadcasts parameter update
74.6692: Server #5 broadcasts parameter update
75.1784: Server #4 broadcasts parameter update
77.4076: Server #2 broadcasts parameter update
77.6469: Server #6 broadcasts parameter update
77.748: Server #3 broadcasts parameter update
77.9364: Server #0 broadcasts parameter update
78.0934: Server #7 broadcasts parameter update
78.2717: Server #1 broadcasts parameter update
78.5962: Server #4 broadcasts parameter update
78.834: Server #5 broadcasts parameter update
80.9419: Server #6 broadcasts parameter update
81.3102: Server #3 broadcasts parameter update
81.4115: Server #2 broadcasts parameter update
81.4498: Server #1 broadcasts parameter update
81.9654: Server #7 broadcasts parameter update
82.1384: Server #0 broadcasts parameter update
82.6241: Server #5 broadcasts parameter update
82.6894: Server #4 broadcasts parameter update
84.4462: Server #3 broadcasts parameter update
84.792: Server #1 broadcasts parameter update
85.1965: Server #7 broadcasts parameter update
85.3437: Server #6 broadcasts parameter update
85.4021: Server #2 broadcasts parameter update
86.2802: Server #0 broadcasts parameter update
86.4688: Server #5 broadcasts parameter update
86.8932: Server #4 broadcasts parameter update
87.4726: Server #3 broadcasts parameter update
88.2806: Server #1 broadcasts parameter update
88.6784: Server #6 broadcasts parameter update
89.5289: Server #0 broadcasts parameter update
89.7346: Server #2 broadcasts parameter update
90.1058: Server #5 broadcasts parameter update
90.1405: Server #7 broadcasts parameter update
90.5618: Server #4 broadcasts parameter update
90.7358: Server #3 broadcasts parameter update
91.5761: Server #1 broadcasts parameter update
91.8259: Server #6 broadcasts parameter update
92.7394: Server #0 broadcasts parameter update
93.3687: Server #5 broadcasts parameter update
93.4511: Server #2 broadcasts parameter update
93.8469: Server #7 broadcasts parameter update
93.9358: Server #3 broadcasts parameter update
95.1838: Server #4 broadcasts parameter update
95.2015: Server #1 broadcasts parameter update
95.4368: Server #6 broadcasts parameter update
96.1251: Server #0 broadcasts parameter update
97.0473: Server #5 broadcasts parameter update
97.1459: Server #2 broadcasts parameter update
97.7183: Server #7 broadcasts parameter update
98.2173: Server #3 broadcasts parameter update
98.6134: Server #4 broadcasts parameter update
98.851: Server #1 broadcasts parameter update
98.9987: Server #6 broadcasts parameter update
99.374: Server #0 broadcasts parameter update
100.792: Server #5 broadcasts parameter update
101.265: Server #7 broadcasts parameter update
101.956: Server #1 broadcasts parameter update
102.133: Server #3 broadcasts parameter update
102.293: Server #4 broadcasts parameter update
102.428: Server #2 broadcasts parameter update
102.659: Server #6 broadcasts parameter update
103.167: Server #0 broadcasts parameter update
104.24: Server #5 broadcasts parameter update
104.739: Server #7 broadcasts parameter update
105.717: Server #2 broadcasts parameter update
106.027: Server #4 broadcasts parameter update
106.249: Server #1 broadcasts parameter update
106.351: Server #3 broadcasts parameter update
106.522: Server #0 broadcasts parameter update
106.834: Server #6 broadcasts parameter update
107.924: Server #5 broadcasts parameter update
108.085: Server #7 broadcasts parameter update
109.493: Server #2 broadcasts parameter update
109.586: Server #4 broadcasts parameter update
109.861: Server #3 broadcasts parameter update
110.036: Server #1 broadcasts parameter update
110.042: Server #0 broadcasts parameter update
110.166: Server #6 broadcasts parameter update
111.339: Server #7 broadcasts parameter update
111.766: Server #5 broadcasts parameter update
113.103: Server #2 broadcasts parameter update
113.238: Server #3 broadcasts parameter update
113.676: Server #4 broadcasts parameter update
113.768: Server #0 broadcasts parameter update
114.024: Server #6 broadcasts parameter update
114.193: Server #1 broadcasts parameter update
114.201: Server #7 broadcasts parameter update
114.942: Server #5 broadcasts parameter update
117.089: Server #1 broadcasts parameter update
117.205: Server #4 broadcasts parameter update
117.26: Server #3 broadcasts parameter update
117.322: Server #2 broadcasts parameter update
117.494: Server #0 broadcasts parameter update
117.526: Server #7 broadcasts parameter update
118.021: Server #6 broadcasts parameter update
118.736: Server #5 broadcasts parameter update
120.745: Server #0 broadcasts parameter update
120.821: Server #2 broadcasts parameter update
121.109: Server #1 broadcasts parameter update
121.209: Server #4 broadcasts parameter update
121.3: Server #7 broadcasts parameter update
121.496: Server #6 broadcasts parameter update
121.927: Server #3 broadcasts parameter update
122.644: Server #5 broadcasts parameter update
124.018: Server #2 broadcasts parameter update
124.613: Server #0 broadcasts parameter update
124.721: Server #4 broadcasts parameter update
124.944: Server #7 broadcasts parameter update
125.035: Server #6 broadcasts parameter update
125.266: Server #1 broadcasts parameter update
125.727: Server #5 broadcasts parameter update
125.971: Server #3 broadcasts parameter update
127.539: Server #2 broadcasts parameter update
127.966: Server #0 broadcasts parameter update
128.163: Server #4 broadcasts parameter update
129.104: Server #6 broadcasts parameter update
129.466: Server #7 broadcasts parameter update
129.565: Server #1 broadcasts parameter update
129.637: Server #5 broadcasts parameter update
130.096: Server #3 broadcasts parameter update
130.687: Server #2 broadcasts parameter update
131.096: Server #0 broadcasts parameter update
132.417: Server #4 broadcasts parameter update
132.539: Server #5 broadcasts parameter update
132.79: Server #1 broadcasts parameter update
132.791: Server #6 broadcasts parameter update
132.819: Server #7 broadcasts parameter update
133.366: Server #3 broadcasts parameter update
134.845: Server #2 broadcasts parameter update
135.377: Server #0 broadcasts parameter update
135.686: Server #1 broadcasts parameter update
136.427: Server #5 broadcasts parameter update
136.56: Server #3 broadcasts parameter update
136.565: Server #7 broadcasts parameter update
136.573: Server #4 broadcasts parameter update
136.955: Server #6 broadcasts parameter update
138.359: Server #2 broadcasts parameter update
138.91: Server #1 broadcasts parameter update
139.253: Server #0 broadcasts parameter update
139.967: Server #4 broadcasts parameter update
140.162: Server #6 broadcasts parameter update
140.19: Server #5 broadcasts parameter update
140.221: Server #7 broadcasts parameter update
140.379: Server #3 broadcasts parameter update
142.017: Server #2 broadcasts parameter update
142.606: Server #1 broadcasts parameter update
143.212: Server #0 broadcasts parameter update
143.629: Server #7 broadcasts parameter update
143.692: Server #6 broadcasts parameter update
143.95: Server #3 broadcasts parameter update
144.025: Server #4 broadcasts parameter update
144.091: Server #5 broadcasts parameter update
146.405: Server #1 broadcasts parameter update
146.416: Server #2 broadcasts parameter update
146.417: Server #0 broadcasts parameter update
146.879: Server #7 broadcasts parameter update
147.375: Server #3 broadcasts parameter update
147.424: Server #6 broadcasts parameter update
147.456: Server #4 broadcasts parameter update
147.506: Server #5 broadcasts parameter update
149.806: Server #2 broadcasts parameter update
150.406: Server #1 broadcasts parameter update
150.764: Server #0 broadcasts parameter update
150.789: Server #7 broadcasts parameter update
151.002: Server #5 broadcasts parameter update
151.14: Server #3 broadcasts parameter update
151.357: Server #6 broadcasts parameter update
151.446: Server #4 broadcasts parameter update
153.994: Server #2 broadcasts parameter update
154.301: Server #0 broadcasts parameter update
154.332: Server #7 broadcasts parameter update
154.591: Server #5 broadcasts parameter update
154.671: Server #4 broadcasts parameter update
154.892: Server #1 broadcasts parameter update
155.201: Server #6 broadcasts parameter update
155.468: Server #3 broadcasts parameter update
157.245: Server #2 broadcasts parameter update
157.914: Server #0 broadcasts parameter update
158.081: Server #1 broadcasts parameter update
158.188: Server #7 broadcasts parameter update
158.384: Server #4 broadcasts parameter update
158.928: Server #5 broadcasts parameter update
159.007: Server #6 broadcasts parameter update
159.083: Server #3 broadcasts parameter update
160.911: Server #2 broadcasts parameter update
161.827: Server #4 broadcasts parameter update
162.054: Server #1 broadcasts parameter update
162.06: Server #7 broadcasts parameter update
162.231: Server #6 broadcasts parameter update
162.449: Server #0 broadcasts parameter update
162.758: Server #3 broadcasts parameter update
163.315: Server #5 broadcasts parameter update
164.546: Server #2 broadcasts parameter update
165.16: Server #1 broadcasts parameter update
165.23: Server #4 broadcasts parameter update
165.503: Server #6 broadcasts parameter update
165.674: Server #0 broadcasts parameter update
166.084: Server #7 broadcasts parameter update
166.708: Server #3 broadcasts parameter update
167.084: Server #5 broadcasts parameter update
168.641: Server #2 broadcasts parameter update
168.948: Server #6 broadcasts parameter update
169.046: Server #1 broadcasts parameter update
169.092: Server #4 broadcasts parameter update
169.367: Server #0 broadcasts parameter update
169.865: Server #3 broadcasts parameter update
170.198: Server #7 broadcasts parameter update
170.568: Server #5 broadcasts parameter update
171.971: Server #2 broadcasts parameter update
172.355: Server #6 broadcasts parameter update
172.512: Server #4 broadcasts parameter update
172.618: Server #0 broadcasts parameter update
173.336: Server #3 broadcasts parameter update
173.485: Server #7 broadcasts parameter update
173.562: Server #1 broadcasts parameter update
175: Server #5 broadcasts parameter update
175.543: Server #4 broadcasts parameter update
175.973: Server #0 broadcasts parameter update
176.159: Server #2 broadcasts parameter update
176.406: Server #7 broadcasts parameter update
176.455: Server #6 broadcasts parameter update
177.219: Server #3 broadcasts parameter update
177.46: Server #1 broadcasts parameter update
179.051: Server #5 broadcasts parameter update
179.388: Server #4 broadcasts parameter update
179.685: Server #2 broadcasts parameter update
180.337: Server #0 broadcasts parameter update
180.693: Server #7 broadcasts parameter update
180.975: Server #1 broadcasts parameter update
181.094: Server #3 broadcasts parameter update
181.41: Server #6 broadcasts parameter update
182.792: Server #5 broadcasts parameter update
183.167: Server #2 broadcasts parameter update
183.628: Server #0 broadcasts parameter update
184: Server #4 broadcasts parameter update
184.243: Server #3 broadcasts parameter update
184.869: Server #1 broadcasts parameter update
184.941: Server #7 broadcasts parameter update
185.746: Server #6 broadcasts parameter update
186.171: Server #5 broadcasts parameter update
186.573: Server #2 broadcasts parameter update
187.143: Server #0 broadcasts parameter update
188.182: Server #4 broadcasts parameter update
188.271: Server #7 broadcasts parameter update
188.559: Server #1 broadcasts parameter update
188.841: Server #3 broadcasts parameter update
189.377: Server #2 broadcasts parameter update
189.595: Server #5 broadcasts parameter update
189.795: Server #6 broadcasts parameter update
190.653: Server #0 broadcasts parameter update
191.544: Server #4 broadcasts parameter update
191.98: Server #7 broadcasts parameter update
192.485: Server #3 broadcasts parameter update
192.776: Server #1 broadcasts parameter update
193.211: Server #6 broadcasts parameter update
193.33: Server #5 broadcasts parameter update
193.335: Server #2 broadcasts parameter update
194.541: Server #0 broadcasts parameter update
195.156: Server #4 broadcasts parameter update
195.425: Server #7 broadcasts parameter update
195.984: Server #3 broadcasts parameter update
196.758: Server #6 broadcasts parameter update
196.991: Server #1 broadcasts parameter update
197.007: Server #5 broadcasts parameter update
197.298: Server #2 broadcasts parameter update
197.618: Server #0 broadcasts parameter update
198.741: Server #4 broadcasts parameter update
199.144: Server #7 broadcasts parameter update
199.176: Server #3 broadcasts parameter update
200.467: Server #1 broadcasts parameter update
200.469: Server #5 broadcasts parameter update
200.532: Server #6 broadcasts parameter update
200.818: Server #2 broadcasts parameter update
201.607: Server #0 broadcasts parameter update
202.155: Server #4 broadcasts parameter update
202.904: Server #7 broadcasts parameter update
203.044: Server #3 broadcasts parameter update
203.842: Server #6 broadcasts parameter update
203.861: Server #1 broadcasts parameter update
204.272: Server #5 broadcasts parameter update
204.284: Server #2 broadcasts parameter update
205.595: Server #4 broadcasts parameter update
205.601: Server #0 broadcasts parameter update
206.133: Server #7 broadcasts parameter update
206.879: Server #3 broadcasts parameter update
207.403: Server #1 broadcasts parameter update
207.429: Server #2 broadcasts parameter update
207.571: Server #6 broadcasts parameter update
207.618: Server #5 broadcasts parameter update
208.96: Server #0 broadcasts parameter update
209.166: Server #4 broadcasts parameter update
209.847: Server #7 broadcasts parameter update
210.137: Server #3 broadcasts parameter update
210.601: Server #2 broadcasts parameter update
211.124: Server #6 broadcasts parameter update
211.486: Server #5 broadcasts parameter update
211.707: Server #1 broadcasts parameter update
212.232: Server #0 broadcasts parameter update
212.396: Server #4 broadcasts parameter update
213.469: Server #7 broadcasts parameter update
213.619: Server #3 broadcasts parameter update
214.212: Server #2 broadcasts parameter update
214.66: Server #5 broadcasts parameter update
215.021: Server #6 broadcasts parameter update
215.335: Server #1 broadcasts parameter update
215.504: Server #0 broadcasts parameter update
216.316: Server #4 broadcasts parameter update
216.891: Server #3 broadcasts parameter update
217.027: Server #7 broadcasts parameter update
218.301: Server #2 broadcasts parameter update
218.383: Server #6 broadcasts parameter update
218.881: Server #1 broadcasts parameter update
218.908: Server #0 broadcasts parameter update
219.313: Server #4 broadcasts parameter update
219.509: Server #5 broadcasts parameter update
220.603: Server #7 broadcasts parameter update
220.691: Server #3 broadcasts parameter update
221.596: Server #6 broadcasts parameter update
221.663: Server #2 broadcasts parameter update
222.17: Server #1 broadcasts parameter update
222.596: Server #4 broadcasts parameter update
223.096: Server #0 broadcasts parameter update
223.14: Server #5 broadcasts parameter update
224.024: Server #7 broadcasts parameter update
224.389: Server #3 broadcasts parameter update
225.313: Server #6 broadcasts parameter update
225.63: Server #2 broadcasts parameter update
226.248: Server #1 broadcasts parameter update
226.347: Server #0 broadcasts parameter update
226.347: Server #5 broadcasts parameter update
226.609: Server #4 broadcasts parameter update
227.558: Server #7 broadcasts parameter update
228.222: Server #3 broadcasts parameter update
228.742: Server #2 broadcasts parameter update
228.989: Server #6 broadcasts parameter update
229.931: Server #1 broadcasts parameter update
230.052: Server #5 broadcasts parameter update
230.477: Server #4 broadcasts parameter update
231.03: Server #0 broadcasts parameter update
231.263: Server #7 broadcasts parameter update
231.451: Server #3 broadcasts parameter update
231.985: Server #2 broadcasts parameter update
232.714: Server #6 broadcasts parameter update
233.275: Server #1 broadcasts parameter update
233.739: Server #4 broadcasts parameter update
234.086: Server #5 broadcasts parameter update
234.515: Server #0 broadcasts parameter update
234.711: Server #7 broadcasts parameter update
234.869: Server #3 broadcasts parameter update
235.72: Server #2 broadcasts parameter update
235.915: Server #6 broadcasts parameter update
236.844: Server #1 broadcasts parameter update
237.248: Server #4 broadcasts parameter update
237.651: Server #5 broadcasts parameter update
237.939: Server #0 broadcasts parameter update
238.524: Server #3 broadcasts parameter update
239.062: Server #7 broadcasts parameter update
239.347: Server #2 broadcasts parameter update
240.222: Server #1 broadcasts parameter update
240.248: Server #6 broadcasts parameter update
240.901: Server #4 broadcasts parameter update
241.19: Server #5 broadcasts parameter update
241.236: Server #0 broadcasts parameter update
241.996: Server #3 broadcasts parameter update
242.464: Server #2 broadcasts parameter update
243.616: Server #7 broadcasts parameter update
243.853: Server #1 broadcasts parameter update
244.074: Server #0 broadcasts parameter update
244.08: Server #6 broadcasts parameter update
244.44: Server #5 broadcasts parameter update
244.856: Server #4 broadcasts parameter update
245.196: Server #3 broadcasts parameter update
245.758: Server #2 broadcasts parameter update
246.696: Server #7 broadcasts parameter update
247.469: Server #1 broadcasts parameter update
248.129: Server #6 broadcasts parameter update
248.41: Server #4 broadcasts parameter update
248.448: Server #5 broadcasts parameter update
249.024: Server #0 broadcasts parameter update
249.676: Server #2 broadcasts parameter update
249.897: Server #7 broadcasts parameter update
249.967: Server #3 broadcasts parameter update
250.948: Server #1 broadcasts parameter update
251.769: Server #6 broadcasts parameter update
252.257: Server #5 broadcasts parameter update
252.548: Server #4 broadcasts parameter update
252.675: Server #0 broadcasts parameter update
253.297: Server #7 broadcasts parameter update
253.714: Server #2 broadcasts parameter update
253.776: Server #3 broadcasts parameter update
254.844: Server #1 broadcasts parameter update
255.486: Server #6 broadcasts parameter update
255.993: Server #5 broadcasts parameter update
256.001: Server #4 broadcasts parameter update
256.448: Server #0 broadcasts parameter update
256.73: Server #7 broadcasts parameter update
257.197: Server #2 broadcasts parameter update
257.42: Server #3 broadcasts parameter update
258.32: Server #1 broadcasts parameter update
258.654: Server #6 broadcasts parameter update
259.679: Server #4 broadcasts parameter update
260.065: Server #0 broadcasts parameter update
260.35: Server #5 broadcasts parameter update
261.375: Server #3 broadcasts parameter update
261.381: Server #7 broadcasts parameter update
261.438: Server #2 broadcasts parameter update
261.781: Server #1 broadcasts parameter update
261.849: Server #6 broadcasts parameter update
263.136: Server #4 broadcasts parameter update
263.71: Server #5 broadcasts parameter update
264.021: Server #0 broadcasts parameter update
265.13: Server #3 broadcasts parameter update
265.151: Server #2 broadcasts parameter update
265.209: Server #7 broadcasts parameter update
265.232: Server #1 broadcasts parameter update
266.337: Server #6 broadcasts parameter update
266.856: Server #4 broadcasts parameter update
266.857: Server #5 broadcasts parameter update
267.513: Server #0 broadcasts parameter update
268.378: Server #3 broadcasts parameter update
268.618: Server #7 broadcasts parameter update
268.646: Server #2 broadcasts parameter update
268.705: Server #1 broadcasts parameter update
270.105: Server #6 broadcasts parameter update
270.32: Server #5 broadcasts parameter update
270.377: Server #4 broadcasts parameter update
270.93: Server #0 broadcasts parameter update
271.863: Server #3 broadcasts parameter update
272.072: Server #1 broadcasts parameter update
272.428: Server #7 broadcasts parameter update
273.517: Server #2 broadcasts parameter update
273.731: Server #6 broadcasts parameter update
274.304: Server #4 broadcasts parameter update
274.717: Server #0 broadcasts parameter update
274.726: Server #5 broadcasts parameter update
275.291: Server #1 broadcasts parameter update
275.491: Server #3 broadcasts parameter update
276.263: Server #7 broadcasts parameter update
276.693: Server #6 broadcasts parameter update
277.511: Server #2 broadcasts parameter update
277.859: Server #4 broadcasts parameter update
278.257: Server #0 broadcasts parameter update
278.963: Server #3 broadcasts parameter update
279.032: Server #5 broadcasts parameter update
279.257: Server #1 broadcasts parameter update
279.708: Server #7 broadcasts parameter update
279.961: Server #6 broadcasts parameter update
280.842: Server #2 broadcasts parameter update
281.261: Server #4 broadcasts parameter update
281.79: Server #0 broadcasts parameter update
282.169: Server #5 broadcasts parameter update
282.177: Server #3 broadcasts parameter update
282.568: Server #1 broadcasts parameter update
284.121: Server #7 broadcasts parameter update
284.564: Server #4 broadcasts parameter update
284.569: Server #6 broadcasts parameter update
284.792: Server #0 broadcasts parameter update
284.989: Server #2 broadcasts parameter update
285.87: Server #3 broadcasts parameter update
285.976: Server #5 broadcasts parameter update
286.452: Server #1 broadcasts parameter update
287.42: Server #7 broadcasts parameter update
288.021: Server #4 broadcasts parameter update
288.567: Server #2 broadcasts parameter update
288.971: Server #6 broadcasts parameter update
289.157: Server #3 broadcasts parameter update
289.417: Server #5 broadcasts parameter update
290.105: Server #1 broadcasts parameter update
290.23: Server #0 broadcasts parameter update
290.919: Server #7 broadcasts parameter update
291.481: Server #4 broadcasts parameter update
292.044: Server #3 broadcasts parameter update
292.624: Server #6 broadcasts parameter update
292.663: Server #2 broadcasts parameter update
293.871: Server #5 broadcasts parameter update
294.064: Server #1 broadcasts parameter update
294.305: Server #0 broadcasts parameter update
294.411: Server #7 broadcasts parameter update
294.511: Server #4 broadcasts parameter update
295.887: Server #2 broadcasts parameter update
296.034: Server #6 broadcasts parameter update
296.14: Server #3 broadcasts parameter update
297.412: Server #1 broadcasts parameter update
297.433: Server #5 broadcasts parameter update
297.843: Server #4 broadcasts parameter update
298.291: Server #7 broadcasts parameter update
298.627: Server #0 broadcasts parameter update
299.632: Server #6 broadcasts parameter update
299.712: Server #2 broadcasts parameter update
299.73: Server #3 broadcasts parameter update
