Waf: Entering directory `/home/alexander/Documents/ns3/workspace/bake/source/ns-3.29/build'
[2731/2813] Compiling scratch/cs268/cs268.cc
[2772/2813] Linking build/scratch/cs268/cs268
Waf: Leaving directory `/home/alexander/Documents/ns3/workspace/bake/source/ns-3.29/build'
Build commands will be stored in build/compile_commands.json
'build' finished successfully (8.487s)
1.01639: Server #2 broadcasts parameter update
3.58144: Server #2 broadcasts parameter update
4.0259: Server #7 broadcasts parameter update
4.04328: Server #0 broadcasts parameter update
4.08397: Server #4 broadcasts parameter update
4.08403: Server #5 broadcasts parameter update
4.11465: Server #3 broadcasts parameter update
4.11492: Server #1 broadcasts parameter update
4.11505: Server #6 broadcasts parameter update
6.048: Server #2 broadcasts parameter update
12.9212: Server #2 broadcasts parameter update
16.0819: Server #7 broadcasts parameter update
16.2427: Server #5 broadcasts parameter update
17.336: Server #0 broadcasts parameter update
19.8525: Server #3 broadcasts parameter update
21.2362: Server #2 broadcasts parameter update
21.7231: Server #7 broadcasts parameter update
21.9032: Server #6 broadcasts parameter update
22.3342: Server #5 broadcasts parameter update
26.4092: Server #1 broadcasts parameter update
27.9344: Server #2 broadcasts parameter update
28.5111: Server #7 broadcasts parameter update
29.4812: Server #5 broadcasts parameter update
30.3938: Server #0 broadcasts parameter update
33.8921: Server #3 broadcasts parameter update
34.0104: Server #6 broadcasts parameter update
34.7478: Server #1 broadcasts parameter update
36.8532: Server #0 broadcasts parameter update
37.321: Server #2 broadcasts parameter update
37.88: Server #5 broadcasts parameter update
38.8973: Server #7 broadcasts parameter update
41.4873: Server #4 broadcasts parameter update
42.5918: Server #6 broadcasts parameter update
43.9858: Server #1 broadcasts parameter update
46.2446: Server #0 broadcasts parameter update
48.5729: Server #5 broadcasts parameter update
49.9212: Server #4 broadcasts parameter update
50.354: Server #2 broadcasts parameter update
51.7055: Server #0 broadcasts parameter update
51.7856: Server #7 broadcasts parameter update
52.6772: Server #1 broadcasts parameter update
52.8604: Server #6 broadcasts parameter update
56.2073: Server #3 broadcasts parameter update
59.0746: Server #5 broadcasts parameter update
59.2626: Server #7 broadcasts parameter update
61.4259: Server #6 broadcasts parameter update
62.6084: Server #2 broadcasts parameter update
63.2337: Server #1 broadcasts parameter update
63.5505: Server #3 broadcasts parameter update
65.5098: Server #4 broadcasts parameter update
68.6562: Server #0 broadcasts parameter update
68.961: Server #6 broadcasts parameter update
70.5035: Server #5 broadcasts parameter update
71.2774: Server #7 broadcasts parameter update
71.7734: Server #1 broadcasts parameter update
74.1762: Server #3 broadcasts parameter update
74.3908: Server #4 broadcasts parameter update
77.4906: Server #2 broadcasts parameter update
80.4005: Server #5 broadcasts parameter update
80.6786: Server #6 broadcasts parameter update
81.2057: Server #3 broadcasts parameter update
81.6643: Server #0 broadcasts parameter update
82.7571: Server #1 broadcasts parameter update
83.1581: Server #7 broadcasts parameter update
84.7108: Server #4 broadcasts parameter update
86.0616: Server #2 broadcasts parameter update
91.5404: Server #6 broadcasts parameter update
92.588: Server #0 broadcasts parameter update
92.6477: Server #3 broadcasts parameter update
93.424: Server #5 broadcasts parameter update
94.2111: Server #7 broadcasts parameter update
94.4119: Server #1 broadcasts parameter update
95.2287: Server #2 broadcasts parameter update
98.0953: Server #4 broadcasts parameter update
102.632: Server #6 broadcasts parameter update
103.796: Server #3 broadcasts parameter update
104.166: Server #0 broadcasts parameter update
104.282: Server #5 broadcasts parameter update
105.845: Server #1 broadcasts parameter update
105.978: Server #7 broadcasts parameter update
106.363: Server #4 broadcasts parameter update
106.832: Server #2 broadcasts parameter update
112.979: Server #6 broadcasts parameter update
115.286: Server #2 broadcasts parameter update
116.019: Server #3 broadcasts parameter update
116.203: Server #7 broadcasts parameter update
116.248: Server #1 broadcasts parameter update
116.613: Server #4 broadcasts parameter update
116.74: Server #0 broadcasts parameter update
119.056: Server #6 broadcasts parameter update
122.288: Server #5 broadcasts parameter update
127.087: Server #1 broadcasts parameter update
127.196: Server #0 broadcasts parameter update
127.224: Server #4 broadcasts parameter update
127.424: Server #2 broadcasts parameter update
127.438: Server #3 broadcasts parameter update
128.621: Server #7 broadcasts parameter update
130.192: Server #6 broadcasts parameter update
130.508: Server #5 broadcasts parameter update
138.812: Server #7 broadcasts parameter update
138.853: Server #4 broadcasts parameter update
138.884: Server #3 broadcasts parameter update
138.921: Server #2 broadcasts parameter update
138.99: Server #0 broadcasts parameter update
139.061: Server #1 broadcasts parameter update
139.176: Server #5 broadcasts parameter update
140.285: Server #6 broadcasts parameter update
148.778: Server #5 broadcasts parameter update
149.366: Server #7 broadcasts parameter update
150.226: Server #1 broadcasts parameter update
150.352: Server #2 broadcasts parameter update
150.881: Server #4 broadcasts parameter update
151.281: Server #0 broadcasts parameter update
151.452: Server #3 broadcasts parameter update
152.488: Server #6 broadcasts parameter update
159.576: Server #2 broadcasts parameter update
159.969: Server #5 broadcasts parameter update
160.779: Server #3 broadcasts parameter update
162.384: Server #7 broadcasts parameter update
163.798: Server #1 broadcasts parameter update
164.048: Server #0 broadcasts parameter update
164.168: Server #4 broadcasts parameter update
164.681: Server #6 broadcasts parameter update
167.26: Server #2 broadcasts parameter update
167.426: Server #5 broadcasts parameter update
172.471: Server #3 broadcasts parameter update
174.958: Server #4 broadcasts parameter update
174.991: Server #7 broadcasts parameter update
174.991: Server #5 broadcasts parameter update
175.042: Server #6 broadcasts parameter update
175.589: Server #0 broadcasts parameter update
177.02: Server #1 broadcasts parameter update
177.155: Server #2 broadcasts parameter update
177.903: Server #3 broadcasts parameter update
186.521: Server #5 broadcasts parameter update
186.851: Server #3 broadcasts parameter update
187.895: Server #7 broadcasts parameter update
188.183: Server #1 broadcasts parameter update
188.406: Server #4 broadcasts parameter update
188.465: Server #0 broadcasts parameter update
189.454: Server #6 broadcasts parameter update
189.582: Server #2 broadcasts parameter update
193.776: Server #5 broadcasts parameter update
198.756: Server #1 broadcasts parameter update
199.078: Server #2 broadcasts parameter update
199.351: Server #6 broadcasts parameter update
199.408: Server #4 broadcasts parameter update
200.199: Server #7 broadcasts parameter update
200.882: Server #3 broadcasts parameter update
202.478: Server #5 broadcasts parameter update
205.375: Server #1 broadcasts parameter update
207.349: Server #6 broadcasts parameter update
207.435: Server #0 broadcasts parameter update
210.499: Server #2 broadcasts parameter update
211.69: Server #7 broadcasts parameter update
212.055: Server #4 broadcasts parameter update
213.31: Server #3 broadcasts parameter update
213.32: Server #5 broadcasts parameter update
213.85: Server #1 broadcasts parameter update
216.713: Server #6 broadcasts parameter update
220.027: Server #2 broadcasts parameter update
220.337: Server #0 broadcasts parameter update
221.774: Server #7 broadcasts parameter update
222.685: Server #4 broadcasts parameter update
223.632: Server #1 broadcasts parameter update
224.813: Server #5 broadcasts parameter update
225.777: Server #6 broadcasts parameter update
226.492: Server #3 broadcasts parameter update
231.252: Server #2 broadcasts parameter update
232.245: Server #0 broadcasts parameter update
233.74: Server #4 broadcasts parameter update
234.155: Server #7 broadcasts parameter update
234.986: Server #1 broadcasts parameter update
236.315: Server #3 broadcasts parameter update
237.395: Server #6 broadcasts parameter update
238.215: Server #5 broadcasts parameter update
242.084: Server #4 broadcasts parameter update
244.338: Server #0 broadcasts parameter update
244.381: Server #2 broadcasts parameter update
244.414: Server #1 broadcasts parameter update
244.911: Server #7 broadcasts parameter update
245.979: Server #3 broadcasts parameter update
246.098: Server #6 broadcasts parameter update
246.596: Server #5 broadcasts parameter update
251.156: Server #4 broadcasts parameter update
255.486: Server #7 broadcasts parameter update
256.314: Server #6 broadcasts parameter update
256.627: Server #2 broadcasts parameter update
257.494: Server #0 broadcasts parameter update
257.679: Server #5 broadcasts parameter update
257.831: Server #1 broadcasts parameter update
258.389: Server #3 broadcasts parameter update
261.722: Server #4 broadcasts parameter update
266.388: Server #3 broadcasts parameter update
266.555: Server #2 broadcasts parameter update
268.054: Server #1 broadcasts parameter update
268.411: Server #7 broadcasts parameter update
269.627: Server #5 broadcasts parameter update
270.172: Server #6 broadcasts parameter update
272.274: Server #0 broadcasts parameter update
275.158: Server #3 broadcasts parameter update
275.559: Server #2 broadcasts parameter update
276.543: Server #1 broadcasts parameter update
276.766: Server #4 broadcasts parameter update
278.685: Server #7 broadcasts parameter update
280.015: Server #6 broadcasts parameter update
281.412: Server #5 broadcasts parameter update
281.951: Server #0 broadcasts parameter update
288.138: Server #3 broadcasts parameter update
288.489: Server #2 broadcasts parameter update
288.553: Server #7 broadcasts parameter update
288.612: Server #4 broadcasts parameter update
288.825: Server #0 broadcasts parameter update
288.908: Server #5 broadcasts parameter update
290.178: Server #6 broadcasts parameter update
292.292: Server #1 broadcasts parameter update
297.778: Server #0 broadcasts parameter update
298.143: Server #7 broadcasts parameter update
299.81: Server #3 broadcasts parameter update
299.935: Server #6 broadcasts parameter update
