Waf: Entering directory `/home/alexander/Documents/ns3/workspace/bake/source/ns-3.29/build'
[2732/2813] Compiling scratch/cs268/cs268.cc
[2773/2813] Linking build/scratch/cs268/cs268
Waf: Leaving directory `/home/alexander/Documents/ns3/workspace/bake/source/ns-3.29/build'
Build commands will be stored in build/compile_commands.json
'build' finished successfully (8.347s)
1.01088: Server #4 broadcasts parameter update
1.0128: Server #7 broadcasts parameter update
1.0139: Server #5 broadcasts parameter update
1.01605: Server #2 broadcasts parameter update
1.01676: Server #3 broadcasts parameter update
1.01776: Server #0 broadcasts parameter update
1.01789: Server #6 broadcasts parameter update
1.01876: Server #1 broadcasts parameter update
3.57506: Server #3 broadcasts parameter update
3.64113: Server #5 broadcasts parameter update
3.65708: Server #6 broadcasts parameter update
3.72049: Server #0 broadcasts parameter update
3.73364: Server #7 broadcasts parameter update
3.81492: Server #1 broadcasts parameter update
4.48844: Server #2 broadcasts parameter update
4.57167: Server #4 broadcasts parameter update
6.03102: Server #0 broadcasts parameter update
6.15041: Server #7 broadcasts parameter update
6.7964: Server #2 broadcasts parameter update
6.81339: Server #5 broadcasts parameter update
6.84095: Server #1 broadcasts parameter update
6.89304: Server #6 broadcasts parameter update
6.91519: Server #3 broadcasts parameter update
7.4315: Server #4 broadcasts parameter update
8.2657: Server #0 broadcasts parameter update
8.59625: Server #7 broadcasts parameter update
9.11891: Server #1 broadcasts parameter update
9.27267: Server #5 broadcasts parameter update
9.41543: Server #6 broadcasts parameter update
10.2222: Server #3 broadcasts parameter update
10.2939: Server #2 broadcasts parameter update
10.4415: Server #0 broadcasts parameter update
11.0882: Server #4 broadcasts parameter update
11.5285: Server #6 broadcasts parameter update
12.4494: Server #1 broadcasts parameter update
12.5409: Server #3 broadcasts parameter update
12.5888: Server #2 broadcasts parameter update
12.6448: Server #7 broadcasts parameter update
12.7104: Server #0 broadcasts parameter update
13.1737: Server #4 broadcasts parameter update
13.2781: Server #5 broadcasts parameter update
13.8296: Server #6 broadcasts parameter update
14.7155: Server #1 broadcasts parameter update
14.7173: Server #3 broadcasts parameter update
14.8123: Server #2 broadcasts parameter update
14.8941: Server #0 broadcasts parameter update
14.9633: Server #7 broadcasts parameter update
15.2772: Server #4 broadcasts parameter update
15.4621: Server #5 broadcasts parameter update
15.985: Server #6 broadcasts parameter update
16.8959: Server #2 broadcasts parameter update
16.9733: Server #3 broadcasts parameter update
16.9863: Server #1 broadcasts parameter update
17.0148: Server #0 broadcasts parameter update
17.106: Server #7 broadcasts parameter update
17.3739: Server #4 broadcasts parameter update
17.9295: Server #5 broadcasts parameter update
18.1143: Server #6 broadcasts parameter update
19.1133: Server #1 broadcasts parameter update
19.135: Server #2 broadcasts parameter update
19.2179: Server #3 broadcasts parameter update
19.2673: Server #0 broadcasts parameter update
19.3563: Server #7 broadcasts parameter update
20.0232: Server #5 broadcasts parameter update
20.1921: Server #6 broadcasts parameter update
20.4732: Server #4 broadcasts parameter update
21.2787: Server #2 broadcasts parameter update
21.317: Server #1 broadcasts parameter update
21.4917: Server #0 broadcasts parameter update
21.6089: Server #3 broadcasts parameter update
21.831: Server #7 broadcasts parameter update
22.2906: Server #5 broadcasts parameter update
22.4746: Server #6 broadcasts parameter update
22.8358: Server #4 broadcasts parameter update
23.4715: Server #2 broadcasts parameter update
23.6618: Server #0 broadcasts parameter update
23.8568: Server #3 broadcasts parameter update
23.9468: Server #7 broadcasts parameter update
24.4283: Server #1 broadcasts parameter update
24.5378: Server #5 broadcasts parameter update
24.9653: Server #4 broadcasts parameter update
25.3483: Server #6 broadcasts parameter update
25.5673: Server #2 broadcasts parameter update
26.1495: Server #7 broadcasts parameter update
26.657: Server #1 broadcasts parameter update
26.7286: Server #5 broadcasts parameter update
26.7774: Server #0 broadcasts parameter update
26.806: Server #3 broadcasts parameter update
27.0733: Server #4 broadcasts parameter update
27.5282: Server #6 broadcasts parameter update
27.7541: Server #2 broadcasts parameter update
28.4494: Server #7 broadcasts parameter update
28.755: Server #1 broadcasts parameter update
28.9535: Server #5 broadcasts parameter update
29.0056: Server #0 broadcasts parameter update
29.0388: Server #3 broadcasts parameter update
29.2113: Server #4 broadcasts parameter update
29.7243: Server #6 broadcasts parameter update
30.5996: Server #7 broadcasts parameter update
30.8519: Server #1 broadcasts parameter update
31.0179: Server #2 broadcasts parameter update
31.1271: Server #5 broadcasts parameter update
31.1841: Server #0 broadcasts parameter update
31.2669: Server #3 broadcasts parameter update
31.2755: Server #4 broadcasts parameter update
31.8389: Server #6 broadcasts parameter update
32.9515: Server #7 broadcasts parameter update
33.0637: Server #1 broadcasts parameter update
33.1686: Server #5 broadcasts parameter update
33.2233: Server #2 broadcasts parameter update
33.3831: Server #0 broadcasts parameter update
33.5378: Server #3 broadcasts parameter update
33.6088: Server #4 broadcasts parameter update
33.912: Server #6 broadcasts parameter update
35.1087: Server #7 broadcasts parameter update
35.3476: Server #5 broadcasts parameter update
35.4479: Server #2 broadcasts parameter update
35.6014: Server #0 broadcasts parameter update
35.6128: Server #1 broadcasts parameter update
35.6859: Server #4 broadcasts parameter update
35.7001: Server #3 broadcasts parameter update
36.0325: Server #6 broadcasts parameter update
37.5798: Server #5 broadcasts parameter update
37.681: Server #0 broadcasts parameter update
37.7148: Server #1 broadcasts parameter update
37.7941: Server #7 broadcasts parameter update
37.8346: Server #3 broadcasts parameter update
38.0783: Server #4 broadcasts parameter update
38.1986: Server #6 broadcasts parameter update
38.4077: Server #2 broadcasts parameter update
39.6361: Server #5 broadcasts parameter update
39.9458: Server #1 broadcasts parameter update
39.9513: Server #7 broadcasts parameter update
40.0756: Server #0 broadcasts parameter update
40.3716: Server #6 broadcasts parameter update
40.4626: Server #4 broadcasts parameter update
40.524: Server #2 broadcasts parameter update
40.6455: Server #3 broadcasts parameter update
41.7897: Server #5 broadcasts parameter update
41.9733: Server #1 broadcasts parameter update
42.1965: Server #0 broadcasts parameter update
42.2401: Server #7 broadcasts parameter update
42.5303: Server #6 broadcasts parameter update
42.6544: Server #2 broadcasts parameter update
42.898: Server #4 broadcasts parameter update
43.0416: Server #3 broadcasts parameter update
44.1189: Server #1 broadcasts parameter update
44.3727: Server #0 broadcasts parameter update
44.4635: Server #7 broadcasts parameter update
44.6193: Server #5 broadcasts parameter update
44.7491: Server #2 broadcasts parameter update
44.8501: Server #6 broadcasts parameter update
44.9931: Server #4 broadcasts parameter update
45.1877: Server #3 broadcasts parameter update
46.3211: Server #1 broadcasts parameter update
46.5234: Server #0 broadcasts parameter update
46.6269: Server #7 broadcasts parameter update
47.0059: Server #6 broadcasts parameter update
47.0472: Server #2 broadcasts parameter update
47.1028: Server #5 broadcasts parameter update
47.1226: Server #4 broadcasts parameter update
47.28: Server #3 broadcasts parameter update
48.4139: Server #1 broadcasts parameter update
48.6484: Server #7 broadcasts parameter update
48.657: Server #0 broadcasts parameter update
49.1732: Server #5 broadcasts parameter update
49.2096: Server #6 broadcasts parameter update
49.3161: Server #2 broadcasts parameter update
49.3845: Server #3 broadcasts parameter update
49.4472: Server #4 broadcasts parameter update
50.5133: Server #1 broadcasts parameter update
50.6842: Server #0 broadcasts parameter update
51.3553: Server #6 broadcasts parameter update
51.374: Server #5 broadcasts parameter update
51.483: Server #7 broadcasts parameter update
51.5202: Server #4 broadcasts parameter update
51.537: Server #2 broadcasts parameter update
51.5844: Server #3 broadcasts parameter update
52.7535: Server #1 broadcasts parameter update
53.3315: Server #0 broadcasts parameter update
53.4474: Server #6 broadcasts parameter update
53.5638: Server #5 broadcasts parameter update
53.5957: Server #7 broadcasts parameter update
53.7467: Server #2 broadcasts parameter update
53.7501: Server #3 broadcasts parameter update
54.4505: Server #4 broadcasts parameter update
54.9191: Server #1 broadcasts parameter update
55.4823: Server #0 broadcasts parameter update
55.6155: Server #6 broadcasts parameter update
55.6983: Server #7 broadcasts parameter update
55.7161: Server #5 broadcasts parameter update
55.8513: Server #2 broadcasts parameter update
55.8711: Server #3 broadcasts parameter update
56.4782: Server #4 broadcasts parameter update
57.015: Server #1 broadcasts parameter update
57.6027: Server #0 broadcasts parameter update
57.7226: Server #6 broadcasts parameter update
57.9853: Server #3 broadcasts parameter update
58.4587: Server #7 broadcasts parameter update
58.5122: Server #2 broadcasts parameter update
58.6646: Server #4 broadcasts parameter update
58.7865: Server #5 broadcasts parameter update
59.2106: Server #1 broadcasts parameter update
59.8782: Server #6 broadcasts parameter update
60.0739: Server #0 broadcasts parameter update
60.1438: Server #3 broadcasts parameter update
60.6187: Server #2 broadcasts parameter update
60.7271: Server #4 broadcasts parameter update
60.7593: Server #7 broadcasts parameter update
61.1932: Server #5 broadcasts parameter update
62.0406: Server #6 broadcasts parameter update
62.0487: Server #1 broadcasts parameter update
62.2484: Server #0 broadcasts parameter update
62.8378: Server #4 broadcasts parameter update
62.9111: Server #2 broadcasts parameter update
63.0849: Server #7 broadcasts parameter update
63.2658: Server #5 broadcasts parameter update
63.3092: Server #3 broadcasts parameter update
64.2541: Server #1 broadcasts parameter update
64.3631: Server #6 broadcasts parameter update
64.9492: Server #0 broadcasts parameter update
65.0856: Server #2 broadcasts parameter update
65.1839: Server #4 broadcasts parameter update
65.224: Server #7 broadcasts parameter update
65.2926: Server #5 broadcasts parameter update
65.4913: Server #3 broadcasts parameter update
66.4176: Server #1 broadcasts parameter update
66.5955: Server #6 broadcasts parameter update
67.2298: Server #0 broadcasts parameter update
67.36: Server #5 broadcasts parameter update
67.4299: Server #2 broadcasts parameter update
67.4943: Server #4 broadcasts parameter update
67.5522: Server #7 broadcasts parameter update
67.6431: Server #3 broadcasts parameter update
68.6208: Server #1 broadcasts parameter update
68.7786: Server #6 broadcasts parameter update
69.3484: Server #0 broadcasts parameter update
69.5137: Server #5 broadcasts parameter update
69.6043: Server #4 broadcasts parameter update
69.6383: Server #7 broadcasts parameter update
69.728: Server #2 broadcasts parameter update
69.7586: Server #3 broadcasts parameter update
70.7584: Server #1 broadcasts parameter update
70.8946: Server #6 broadcasts parameter update
71.4527: Server #0 broadcasts parameter update
71.6335: Server #5 broadcasts parameter update
71.714: Server #7 broadcasts parameter update
72.0846: Server #4 broadcasts parameter update
72.1374: Server #2 broadcasts parameter update
72.2597: Server #3 broadcasts parameter update
72.865: Server #1 broadcasts parameter update
72.9648: Server #6 broadcasts parameter update
73.746: Server #0 broadcasts parameter update
73.7798: Server #5 broadcasts parameter update
73.8638: Server #7 broadcasts parameter update
74.4021: Server #3 broadcasts parameter update
74.705: Server #4 broadcasts parameter update
74.9261: Server #1 broadcasts parameter update
75.0933: Server #2 broadcasts parameter update
75.1082: Server #6 broadcasts parameter update
75.8797: Server #0 broadcasts parameter update
76.0039: Server #5 broadcasts parameter update
76.0756: Server #7 broadcasts parameter update
76.4645: Server #3 broadcasts parameter update
76.792: Server #4 broadcasts parameter update
77.1381: Server #6 broadcasts parameter update
77.2704: Server #1 broadcasts parameter update
77.4216: Server #2 broadcasts parameter update
78.0259: Server #0 broadcasts parameter update
78.3149: Server #7 broadcasts parameter update
78.3595: Server #5 broadcasts parameter update
78.6056: Server #3 broadcasts parameter update
78.8725: Server #4 broadcasts parameter update
79.1676: Server #6 broadcasts parameter update
79.3733: Server #1 broadcasts parameter update
79.9222: Server #2 broadcasts parameter update
80.3107: Server #0 broadcasts parameter update
80.522: Server #7 broadcasts parameter update
80.8093: Server #3 broadcasts parameter update
80.9351: Server #4 broadcasts parameter update
81.007: Server #5 broadcasts parameter update
81.3308: Server #6 broadcasts parameter update
81.8657: Server #1 broadcasts parameter update
82.1118: Server #2 broadcasts parameter update
82.5024: Server #0 broadcasts parameter update
82.7811: Server #7 broadcasts parameter update
82.9258: Server #4 broadcasts parameter update
83.0061: Server #3 broadcasts parameter update
83.1517: Server #5 broadcasts parameter update
83.4054: Server #6 broadcasts parameter update
83.979: Server #1 broadcasts parameter update
84.2935: Server #2 broadcasts parameter update
84.675: Server #0 broadcasts parameter update
84.975: Server #7 broadcasts parameter update
85.0206: Server #4 broadcasts parameter update
85.332: Server #5 broadcasts parameter update
85.5006: Server #6 broadcasts parameter update
85.6553: Server #3 broadcasts parameter update
86.1222: Server #1 broadcasts parameter update
86.8511: Server #0 broadcasts parameter update
87.1839: Server #4 broadcasts parameter update
87.257: Server #2 broadcasts parameter update
87.5344: Server #5 broadcasts parameter update
87.6133: Server #6 broadcasts parameter update
87.9056: Server #3 broadcasts parameter update
88.0274: Server #7 broadcasts parameter update
88.3181: Server #1 broadcasts parameter update
89.0403: Server #0 broadcasts parameter update
89.4336: Server #2 broadcasts parameter update
89.8566: Server #6 broadcasts parameter update
90.0588: Server #3 broadcasts parameter update
90.0777: Server #5 broadcasts parameter update
90.3279: Server #4 broadcasts parameter update
90.5213: Server #1 broadcasts parameter update
90.7709: Server #7 broadcasts parameter update
91.244: Server #0 broadcasts parameter update
91.5768: Server #2 broadcasts parameter update
91.9751: Server #6 broadcasts parameter update
92.1911: Server #5 broadcasts parameter update
92.3352: Server #3 broadcasts parameter update
92.6268: Server #1 broadcasts parameter update
92.6868: Server #4 broadcasts parameter update
93.141: Server #7 broadcasts parameter update
93.3486: Server #0 broadcasts parameter update
93.7842: Server #2 broadcasts parameter update
94.0589: Server #6 broadcasts parameter update
94.2039: Server #5 broadcasts parameter update
94.8763: Server #4 broadcasts parameter update
94.8974: Server #3 broadcasts parameter update
94.9363: Server #1 broadcasts parameter update
95.4221: Server #7 broadcasts parameter update
95.8995: Server #2 broadcasts parameter update
96.1476: Server #0 broadcasts parameter update
96.3272: Server #6 broadcasts parameter update
96.3878: Server #5 broadcasts parameter update
97.1085: Server #4 broadcasts parameter update
97.1199: Server #3 broadcasts parameter update
97.6901: Server #7 broadcasts parameter update
97.8804: Server #1 broadcasts parameter update
98.1555: Server #2 broadcasts parameter update
98.3146: Server #0 broadcasts parameter update
98.5581: Server #5 broadcasts parameter update
98.7379: Server #6 broadcasts parameter update
99.279: Server #3 broadcasts parameter update
99.5798: Server #4 broadcasts parameter update
99.9257: Server #7 broadcasts parameter update
100.087: Server #1 broadcasts parameter update
100.262: Server #2 broadcasts parameter update
100.677: Server #5 broadcasts parameter update
100.784: Server #0 broadcasts parameter update
100.878: Server #6 broadcasts parameter update
101.406: Server #3 broadcasts parameter update
101.681: Server #4 broadcasts parameter update
102.212: Server #1 broadcasts parameter update
102.241: Server #7 broadcasts parameter update
102.47: Server #2 broadcasts parameter update
102.838: Server #5 broadcasts parameter update
102.871: Server #0 broadcasts parameter update
102.935: Server #6 broadcasts parameter update
103.704: Server #3 broadcasts parameter update
103.773: Server #4 broadcasts parameter update
104.557: Server #1 broadcasts parameter update
104.597: Server #7 broadcasts parameter update
104.624: Server #2 broadcasts parameter update
104.923: Server #5 broadcasts parameter update
105.038: Server #0 broadcasts parameter update
105.956: Server #4 broadcasts parameter update
105.984: Server #6 broadcasts parameter update
106.39: Server #3 broadcasts parameter update
106.674: Server #7 broadcasts parameter update
106.769: Server #2 broadcasts parameter update
106.815: Server #1 broadcasts parameter update
106.996: Server #5 broadcasts parameter update
107.207: Server #0 broadcasts parameter update
108.121: Server #4 broadcasts parameter update
108.204: Server #6 broadcasts parameter update
108.506: Server #3 broadcasts parameter update
108.867: Server #1 broadcasts parameter update
108.893: Server #7 broadcasts parameter update
108.896: Server #2 broadcasts parameter update
109.167: Server #5 broadcasts parameter update
109.505: Server #0 broadcasts parameter update
110.298: Server #4 broadcasts parameter update
110.401: Server #6 broadcasts parameter update
110.923: Server #1 broadcasts parameter update
111.039: Server #2 broadcasts parameter update
111.051: Server #7 broadcasts parameter update
111.285: Server #5 broadcasts parameter update
111.405: Server #3 broadcasts parameter update
111.643: Server #0 broadcasts parameter update
112.439: Server #4 broadcasts parameter update
112.63: Server #6 broadcasts parameter update
113.202: Server #2 broadcasts parameter update
113.308: Server #7 broadcasts parameter update
113.474: Server #1 broadcasts parameter update
113.593: Server #5 broadcasts parameter update
113.661: Server #3 broadcasts parameter update
113.85: Server #0 broadcasts parameter update
114.574: Server #4 broadcasts parameter update
114.957: Server #6 broadcasts parameter update
115.166: Server #2 broadcasts parameter update
115.382: Server #7 broadcasts parameter update
115.728: Server #3 broadcasts parameter update
115.803: Server #5 broadcasts parameter update
115.963: Server #1 broadcasts parameter update
115.973: Server #0 broadcasts parameter update
116.788: Server #4 broadcasts parameter update
117.054: Server #6 broadcasts parameter update
117.19: Server #2 broadcasts parameter update
117.512: Server #7 broadcasts parameter update
118: Server #5 broadcasts parameter update
118.167: Server #0 broadcasts parameter update
118.203: Server #3 broadcasts parameter update
118.318: Server #1 broadcasts parameter update
118.879: Server #4 broadcasts parameter update
119.27: Server #6 broadcasts parameter update
119.43: Server #2 broadcasts parameter update
120.268: Server #0 broadcasts parameter update
120.292: Server #7 broadcasts parameter update
120.401: Server #1 broadcasts parameter update
120.432: Server #3 broadcasts parameter update
120.522: Server #5 broadcasts parameter update
120.957: Server #4 broadcasts parameter update
121.32: Server #6 broadcasts parameter update
121.679: Server #2 broadcasts parameter update
122.406: Server #0 broadcasts parameter update
122.56: Server #3 broadcasts parameter update
122.633: Server #5 broadcasts parameter update
122.83: Server #1 broadcasts parameter update
122.847: Server #7 broadcasts parameter update
123.101: Server #4 broadcasts parameter update
123.462: Server #6 broadcasts parameter update
123.837: Server #2 broadcasts parameter update
124.65: Server #3 broadcasts parameter update
124.679: Server #0 broadcasts parameter update
124.937: Server #5 broadcasts parameter update
124.958: Server #7 broadcasts parameter update
124.995: Server #1 broadcasts parameter update
125.225: Server #4 broadcasts parameter update
125.68: Server #6 broadcasts parameter update
126.052: Server #2 broadcasts parameter update
126.822: Server #3 broadcasts parameter update
126.899: Server #0 broadcasts parameter update
127.179: Server #7 broadcasts parameter update
127.215: Server #5 broadcasts parameter update
127.273: Server #4 broadcasts parameter update
127.301: Server #1 broadcasts parameter update
127.716: Server #6 broadcasts parameter update
128.065: Server #2 broadcasts parameter update
129.097: Server #3 broadcasts parameter update
129.117: Server #0 broadcasts parameter update
129.306: Server #5 broadcasts parameter update
129.324: Server #7 broadcasts parameter update
129.376: Server #1 broadcasts parameter update
129.929: Server #6 broadcasts parameter update
129.977: Server #4 broadcasts parameter update
130.221: Server #2 broadcasts parameter update
131.308: Server #3 broadcasts parameter update
131.314: Server #0 broadcasts parameter update
131.51: Server #7 broadcasts parameter update
131.572: Server #5 broadcasts parameter update
131.598: Server #1 broadcasts parameter update
132.03: Server #4 broadcasts parameter update
132.042: Server #6 broadcasts parameter update
132.497: Server #2 broadcasts parameter update
133.352: Server #0 broadcasts parameter update
133.365: Server #3 broadcasts parameter update
133.773: Server #7 broadcasts parameter update
134.003: Server #5 broadcasts parameter update
134.199: Server #6 broadcasts parameter update
134.331: Server #1 broadcasts parameter update
134.417: Server #4 broadcasts parameter update
134.595: Server #2 broadcasts parameter update
135.379: Server #0 broadcasts parameter update
135.734: Server #3 broadcasts parameter update
135.93: Server #7 broadcasts parameter update
136.056: Server #5 broadcasts parameter update
136.414: Server #1 broadcasts parameter update
136.547: Server #4 broadcasts parameter update
136.688: Server #2 broadcasts parameter update
137.04: Server #6 broadcasts parameter update
137.573: Server #0 broadcasts parameter update
137.831: Server #3 broadcasts parameter update
138.182: Server #5 broadcasts parameter update
138.331: Server #7 broadcasts parameter update
138.548: Server #1 broadcasts parameter update
138.731: Server #4 broadcasts parameter update
138.852: Server #2 broadcasts parameter update
139.802: Server #6 broadcasts parameter update
139.813: Server #0 broadcasts parameter update
140.183: Server #3 broadcasts parameter update
140.479: Server #5 broadcasts parameter update
140.63: Server #1 broadcasts parameter update
140.672: Server #7 broadcasts parameter update
140.99: Server #4 broadcasts parameter update
141.01: Server #2 broadcasts parameter update
141.934: Server #6 broadcasts parameter update
141.997: Server #0 broadcasts parameter update
142.334: Server #3 broadcasts parameter update
142.792: Server #7 broadcasts parameter update
142.829: Server #1 broadcasts parameter update
143.081: Server #5 broadcasts parameter update
143.094: Server #2 broadcasts parameter update
143.167: Server #4 broadcasts parameter update
144.125: Server #6 broadcasts parameter update
144.139: Server #0 broadcasts parameter update
144.646: Server #3 broadcasts parameter update
145.018: Server #1 broadcasts parameter update
145.032: Server #7 broadcasts parameter update
145.156: Server #2 broadcasts parameter update
145.798: Server #4 broadcasts parameter update
146.252: Server #5 broadcasts parameter update
146.305: Server #6 broadcasts parameter update
146.386: Server #0 broadcasts parameter update
146.836: Server #3 broadcasts parameter update
147.088: Server #7 broadcasts parameter update
147.303: Server #2 broadcasts parameter update
147.373: Server #1 broadcasts parameter update
148.035: Server #4 broadcasts parameter update
148.525: Server #6 broadcasts parameter update
148.552: Server #5 broadcasts parameter update
148.598: Server #0 broadcasts parameter update
149.042: Server #3 broadcasts parameter update
149.209: Server #7 broadcasts parameter update
149.423: Server #1 broadcasts parameter update
150.212: Server #4 broadcasts parameter update
150.256: Server #2 broadcasts parameter update
150.692: Server #5 broadcasts parameter update
150.754: Server #6 broadcasts parameter update
150.794: Server #0 broadcasts parameter update
151.161: Server #3 broadcasts parameter update
151.414: Server #7 broadcasts parameter update
151.63: Server #1 broadcasts parameter update
152.437: Server #4 broadcasts parameter update
152.888: Server #2 broadcasts parameter update
152.904: Server #6 broadcasts parameter update
153.087: Server #5 broadcasts parameter update
153.129: Server #0 broadcasts parameter update
153.337: Server #3 broadcasts parameter update
153.568: Server #7 broadcasts parameter update
153.776: Server #1 broadcasts parameter update
154.592: Server #4 broadcasts parameter update
155.018: Server #2 broadcasts parameter update
155.112: Server #6 broadcasts parameter update
155.244: Server #0 broadcasts parameter update
155.348: Server #5 broadcasts parameter update
155.377: Server #3 broadcasts parameter update
155.891: Server #7 broadcasts parameter update
155.895: Server #1 broadcasts parameter update
156.816: Server #4 broadcasts parameter update
157.132: Server #6 broadcasts parameter update
157.193: Server #2 broadcasts parameter update
157.349: Server #0 broadcasts parameter update
157.487: Server #3 broadcasts parameter update
157.545: Server #5 broadcasts parameter update
158.012: Server #1 broadcasts parameter update
158.057: Server #7 broadcasts parameter update
159.149: Server #4 broadcasts parameter update
159.313: Server #6 broadcasts parameter update
159.341: Server #2 broadcasts parameter update
159.507: Server #3 broadcasts parameter update
159.562: Server #5 broadcasts parameter update
160.118: Server #7 broadcasts parameter update
160.18: Server #1 broadcasts parameter update
160.414: Server #0 broadcasts parameter update
161.33: Server #4 broadcasts parameter update
161.548: Server #2 broadcasts parameter update
161.647: Server #6 broadcasts parameter update
161.684: Server #3 broadcasts parameter update
161.707: Server #5 broadcasts parameter update
162.353: Server #7 broadcasts parameter update
162.355: Server #1 broadcasts parameter update
162.576: Server #0 broadcasts parameter update
163.809: Server #4 broadcasts parameter update
163.88: Server #3 broadcasts parameter update
163.934: Server #6 broadcasts parameter update
163.946: Server #5 broadcasts parameter update
163.962: Server #2 broadcasts parameter update
164.551: Server #1 broadcasts parameter update
164.555: Server #7 broadcasts parameter update
164.676: Server #0 broadcasts parameter update
165.918: Server #4 broadcasts parameter update
166.039: Server #5 broadcasts parameter update
166.079: Server #6 broadcasts parameter update
166.128: Server #3 broadcasts parameter update
166.129: Server #2 broadcasts parameter update
166.721: Server #0 broadcasts parameter update
166.726: Server #1 broadcasts parameter update
166.738: Server #7 broadcasts parameter update
168.063: Server #5 broadcasts parameter update
168.064: Server #4 broadcasts parameter update
168.342: Server #6 broadcasts parameter update
168.414: Server #3 broadcasts parameter update
168.55: Server #2 broadcasts parameter update
168.833: Server #7 broadcasts parameter update
168.842: Server #0 broadcasts parameter update
168.951: Server #1 broadcasts parameter update
170.055: Server #4 broadcasts parameter update
170.337: Server #5 broadcasts parameter update
170.394: Server #6 broadcasts parameter update
170.425: Server #3 broadcasts parameter update
170.638: Server #2 broadcasts parameter update
170.98: Server #0 broadcasts parameter update
171.138: Server #7 broadcasts parameter update
171.527: Server #1 broadcasts parameter update
172.18: Server #4 broadcasts parameter update
172.443: Server #5 broadcasts parameter update
172.476: Server #3 broadcasts parameter update
172.513: Server #6 broadcasts parameter update
172.749: Server #2 broadcasts parameter update
173.464: Server #7 broadcasts parameter update
173.724: Server #1 broadcasts parameter update
174.04: Server #0 broadcasts parameter update
174.51: Server #5 broadcasts parameter update
174.626: Server #3 broadcasts parameter update
174.73: Server #6 broadcasts parameter update
174.734: Server #4 broadcasts parameter update
175.355: Server #2 broadcasts parameter update
175.602: Server #7 broadcasts parameter update
175.917: Server #1 broadcasts parameter update
176.766: Server #0 broadcasts parameter update
176.827: Server #6 broadcasts parameter update
176.901: Server #5 broadcasts parameter update
177.203: Server #3 broadcasts parameter update
177.356: Server #4 broadcasts parameter update
177.581: Server #2 broadcasts parameter update
177.843: Server #7 broadcasts parameter update
178.138: Server #1 broadcasts parameter update
178.896: Server #6 broadcasts parameter update
178.946: Server #0 broadcasts parameter update
178.966: Server #5 broadcasts parameter update
179.435: Server #3 broadcasts parameter update
179.535: Server #4 broadcasts parameter update
179.792: Server #2 broadcasts parameter update
179.883: Server #7 broadcasts parameter update
180.287: Server #1 broadcasts parameter update
181.334: Server #5 broadcasts parameter update
181.575: Server #4 broadcasts parameter update
181.765: Server #3 broadcasts parameter update
181.845: Server #0 broadcasts parameter update
181.958: Server #6 broadcasts parameter update
182.013: Server #7 broadcasts parameter update
182.267: Server #2 broadcasts parameter update
183.106: Server #1 broadcasts parameter update
183.717: Server #4 broadcasts parameter update
184.071: Server #3 broadcasts parameter update
184.122: Server #5 broadcasts parameter update
184.124: Server #0 broadcasts parameter update
184.139: Server #6 broadcasts parameter update
184.16: Server #7 broadcasts parameter update
184.46: Server #2 broadcasts parameter update
185.411: Server #1 broadcasts parameter update
185.932: Server #4 broadcasts parameter update
186.212: Server #0 broadcasts parameter update
186.274: Server #6 broadcasts parameter update
186.293: Server #7 broadcasts parameter update
186.324: Server #5 broadcasts parameter update
186.698: Server #2 broadcasts parameter update
187.217: Server #3 broadcasts parameter update
187.524: Server #1 broadcasts parameter update
188.316: Server #4 broadcasts parameter update
188.357: Server #5 broadcasts parameter update
188.365: Server #0 broadcasts parameter update
188.377: Server #6 broadcasts parameter update
189.319: Server #7 broadcasts parameter update
189.34: Server #3 broadcasts parameter update
189.531: Server #2 broadcasts parameter update
189.614: Server #1 broadcasts parameter update
190.546: Server #6 broadcasts parameter update
190.606: Server #4 broadcasts parameter update
190.639: Server #0 broadcasts parameter update
190.783: Server #5 broadcasts parameter update
191.354: Server #3 broadcasts parameter update
191.54: Server #7 broadcasts parameter update
191.777: Server #1 broadcasts parameter update
191.851: Server #2 broadcasts parameter update
192.682: Server #6 broadcasts parameter update
192.764: Server #0 broadcasts parameter update
192.915: Server #5 broadcasts parameter update
193.333: Server #4 broadcasts parameter update
193.473: Server #3 broadcasts parameter update
193.692: Server #7 broadcasts parameter update
194.083: Server #2 broadcasts parameter update
194.489: Server #1 broadcasts parameter update
194.853: Server #6 broadcasts parameter update
194.867: Server #0 broadcasts parameter update
195.615: Server #4 broadcasts parameter update
195.704: Server #3 broadcasts parameter update
196.01: Server #5 broadcasts parameter update
196.233: Server #2 broadcasts parameter update
196.44: Server #7 broadcasts parameter update
196.669: Server #1 broadcasts parameter update
197.233: Server #6 broadcasts parameter update
197.785: Server #3 broadcasts parameter update
197.839: Server #4 broadcasts parameter update
198.199: Server #5 broadcasts parameter update
198.483: Server #2 broadcasts parameter update
198.496: Server #7 broadcasts parameter update
198.808: Server #1 broadcasts parameter update
198.833: Server #0 broadcasts parameter update
199.334: Server #6 broadcasts parameter update
200.061: Server #4 broadcasts parameter update
200.261: Server #3 broadcasts parameter update
200.399: Server #5 broadcasts parameter update
200.647: Server #7 broadcasts parameter update
200.902: Server #1 broadcasts parameter update
201.046: Server #0 broadcasts parameter update
201.216: Server #2 broadcasts parameter update
201.549: Server #6 broadcasts parameter update
202.145: Server #4 broadcasts parameter update
202.526: Server #3 broadcasts parameter update
202.979: Server #7 broadcasts parameter update
203.16: Server #1 broadcasts parameter update
203.342: Server #2 broadcasts parameter update
203.557: Server #5 broadcasts parameter update
203.71: Server #6 broadcasts parameter update
203.821: Server #0 broadcasts parameter update
204.766: Server #3 broadcasts parameter update
204.835: Server #4 broadcasts parameter update
205.134: Server #7 broadcasts parameter update
205.391: Server #1 broadcasts parameter update
205.514: Server #2 broadcasts parameter update
205.928: Server #5 broadcasts parameter update
205.937: Server #0 broadcasts parameter update
206.014: Server #6 broadcasts parameter update
207.032: Server #4 broadcasts parameter update
207.331: Server #7 broadcasts parameter update
207.447: Server #3 broadcasts parameter update
207.686: Server #1 broadcasts parameter update
207.746: Server #2 broadcasts parameter update
208.007: Server #5 broadcasts parameter update
208.212: Server #6 broadcasts parameter update
208.866: Server #0 broadcasts parameter update
209.264: Server #4 broadcasts parameter update
209.473: Server #3 broadcasts parameter update
209.59: Server #7 broadcasts parameter update
209.799: Server #1 broadcasts parameter update
209.948: Server #2 broadcasts parameter update
210.502: Server #5 broadcasts parameter update
210.634: Server #6 broadcasts parameter update
211.249: Server #0 broadcasts parameter update
211.686: Server #3 broadcasts parameter update
211.776: Server #7 broadcasts parameter update
212.059: Server #1 broadcasts parameter update
212.144: Server #4 broadcasts parameter update
212.172: Server #2 broadcasts parameter update
212.734: Server #5 broadcasts parameter update
212.842: Server #6 broadcasts parameter update
213.607: Server #0 broadcasts parameter update
213.908: Server #3 broadcasts parameter update
214.023: Server #7 broadcasts parameter update
214.224: Server #4 broadcasts parameter update
214.4: Server #2 broadcasts parameter update
214.848: Server #5 broadcasts parameter update
214.864: Server #1 broadcasts parameter update
214.987: Server #6 broadcasts parameter update
215.809: Server #0 broadcasts parameter update
216.064: Server #3 broadcasts parameter update
216.189: Server #7 broadcasts parameter update
216.369: Server #4 broadcasts parameter update
216.691: Server #2 broadcasts parameter update
217.062: Server #1 broadcasts parameter update
217.547: Server #5 broadcasts parameter update
218.178: Server #6 broadcasts parameter update
218.445: Server #7 broadcasts parameter update
218.471: Server #0 broadcasts parameter update
218.487: Server #3 broadcasts parameter update
218.543: Server #4 broadcasts parameter update
218.702: Server #2 broadcasts parameter update
219.237: Server #1 broadcasts parameter update
219.811: Server #5 broadcasts parameter update
220.329: Server #6 broadcasts parameter update
220.562: Server #7 broadcasts parameter update
220.622: Server #0 broadcasts parameter update
220.633: Server #4 broadcasts parameter update
220.777: Server #3 broadcasts parameter update
220.812: Server #2 broadcasts parameter update
221.373: Server #1 broadcasts parameter update
222.099: Server #5 broadcasts parameter update
222.441: Server #6 broadcasts parameter update
222.695: Server #4 broadcasts parameter update
222.776: Server #7 broadcasts parameter update
222.87: Server #3 broadcasts parameter update
222.916: Server #0 broadcasts parameter update
223.033: Server #2 broadcasts parameter update
223.45: Server #1 broadcasts parameter update
224.421: Server #5 broadcasts parameter update
224.455: Server #6 broadcasts parameter update
224.83: Server #7 broadcasts parameter update
224.956: Server #4 broadcasts parameter update
225.01: Server #3 broadcasts parameter update
225.204: Server #0 broadcasts parameter update
225.218: Server #2 broadcasts parameter update
225.565: Server #1 broadcasts parameter update
226.707: Server #6 broadcasts parameter update
226.753: Server #5 broadcasts parameter update
226.984: Server #7 broadcasts parameter update
227.173: Server #4 broadcasts parameter update
227.253: Server #3 broadcasts parameter update
227.262: Server #0 broadcasts parameter update
227.424: Server #2 broadcasts parameter update
227.678: Server #1 broadcasts parameter update
228.817: Server #5 broadcasts parameter update
228.982: Server #6 broadcasts parameter update
229.169: Server #7 broadcasts parameter update
229.282: Server #0 broadcasts parameter update
229.388: Server #4 broadcasts parameter update
229.464: Server #3 broadcasts parameter update
229.589: Server #2 broadcasts parameter update
229.7: Server #1 broadcasts parameter update
230.952: Server #5 broadcasts parameter update
231.221: Server #6 broadcasts parameter update
231.534: Server #0 broadcasts parameter update
231.587: Server #3 broadcasts parameter update
231.846: Server #2 broadcasts parameter update
232.156: Server #7 broadcasts parameter update
232.244: Server #4 broadcasts parameter update
232.357: Server #1 broadcasts parameter update
233.068: Server #5 broadcasts parameter update
233.647: Server #3 broadcasts parameter update
233.756: Server #0 broadcasts parameter update
234.038: Server #6 broadcasts parameter update
234.18: Server #7 broadcasts parameter update
234.402: Server #4 broadcasts parameter update
234.68: Server #2 broadcasts parameter update
235.141: Server #5 broadcasts parameter update
235.487: Server #1 broadcasts parameter update
235.791: Server #3 broadcasts parameter update
235.894: Server #0 broadcasts parameter update
236.178: Server #6 broadcasts parameter update
236.323: Server #7 broadcasts parameter update
236.814: Server #4 broadcasts parameter update
237.03: Server #2 broadcasts parameter update
237.319: Server #5 broadcasts parameter update
237.755: Server #1 broadcasts parameter update
237.949: Server #3 broadcasts parameter update
238.063: Server #0 broadcasts parameter update
238.42: Server #6 broadcasts parameter update
238.604: Server #7 broadcasts parameter update
238.923: Server #4 broadcasts parameter update
239.242: Server #2 broadcasts parameter update
239.582: Server #5 broadcasts parameter update
239.962: Server #1 broadcasts parameter update
240.057: Server #3 broadcasts parameter update
240.254: Server #0 broadcasts parameter update
240.742: Server #6 broadcasts parameter update
240.751: Server #7 broadcasts parameter update
241.107: Server #4 broadcasts parameter update
241.336: Server #2 broadcasts parameter update
241.798: Server #5 broadcasts parameter update
242.024: Server #1 broadcasts parameter update
242.345: Server #3 broadcasts parameter update
242.399: Server #0 broadcasts parameter update
243.019: Server #7 broadcasts parameter update
243.063: Server #6 broadcasts parameter update
243.253: Server #4 broadcasts parameter update
243.529: Server #2 broadcasts parameter update
243.858: Server #5 broadcasts parameter update
244.151: Server #1 broadcasts parameter update
244.611: Server #3 broadcasts parameter update
245.253: Server #7 broadcasts parameter update
245.305: Server #6 broadcasts parameter update
245.45: Server #0 broadcasts parameter update
245.571: Server #4 broadcasts parameter update
245.61: Server #2 broadcasts parameter update
245.97: Server #5 broadcasts parameter update
246.253: Server #1 broadcasts parameter update
247.081: Server #3 broadcasts parameter update
247.395: Server #6 broadcasts parameter update
247.433: Server #7 broadcasts parameter update
247.683: Server #0 broadcasts parameter update
247.778: Server #4 broadcasts parameter update
247.874: Server #2 broadcasts parameter update
248.097: Server #5 broadcasts parameter update
248.52: Server #1 broadcasts parameter update
249.685: Server #6 broadcasts parameter update
249.721: Server #7 broadcasts parameter update
249.823: Server #4 broadcasts parameter update
249.891: Server #0 broadcasts parameter update
249.968: Server #2 broadcasts parameter update
250.313: Server #3 broadcasts parameter update
250.431: Server #5 broadcasts parameter update
251.264: Server #1 broadcasts parameter update
251.8: Server #7 broadcasts parameter update
251.897: Server #6 broadcasts parameter update
251.963: Server #4 broadcasts parameter update
252.184: Server #2 broadcasts parameter update
252.418: Server #3 broadcasts parameter update
252.503: Server #0 broadcasts parameter update
252.516: Server #5 broadcasts parameter update
253.615: Server #1 broadcasts parameter update
253.93: Server #7 broadcasts parameter update
254.682: Server #0 broadcasts parameter update
254.686: Server #4 broadcasts parameter update
254.813: Server #6 broadcasts parameter update
254.85: Server #5 broadcasts parameter update
255.094: Server #2 broadcasts parameter update
255.569: Server #3 broadcasts parameter update
255.8: Server #1 broadcasts parameter update
255.975: Server #7 broadcasts parameter update
256.909: Server #6 broadcasts parameter update
256.957: Server #0 broadcasts parameter update
257.041: Server #5 broadcasts parameter update
257.215: Server #4 broadcasts parameter update
257.222: Server #2 broadcasts parameter update
257.764: Server #3 broadcasts parameter update
257.958: Server #1 broadcasts parameter update
258.11: Server #7 broadcasts parameter update
259.249: Server #5 broadcasts parameter update
259.253: Server #0 broadcasts parameter update
259.385: Server #4 broadcasts parameter update
259.501: Server #2 broadcasts parameter update
259.876: Server #6 broadcasts parameter update
260.039: Server #1 broadcasts parameter update
260.109: Server #3 broadcasts parameter update
260.229: Server #7 broadcasts parameter update
261.5: Server #0 broadcasts parameter update
261.55: Server #4 broadcasts parameter update
261.686: Server #5 broadcasts parameter update
261.732: Server #2 broadcasts parameter update
262.031: Server #6 broadcasts parameter update
262.169: Server #3 broadcasts parameter update
262.217: Server #1 broadcasts parameter update
262.38: Server #7 broadcasts parameter update
263.712: Server #4 broadcasts parameter update
263.801: Server #0 broadcasts parameter update
263.899: Server #5 broadcasts parameter update
263.982: Server #2 broadcasts parameter update
264.212: Server #6 broadcasts parameter update
264.33: Server #1 broadcasts parameter update
264.42: Server #3 broadcasts parameter update
264.536: Server #7 broadcasts parameter update
265.937: Server #0 broadcasts parameter update
265.951: Server #4 broadcasts parameter update
265.984: Server #2 broadcasts parameter update
266.076: Server #5 broadcasts parameter update
266.447: Server #6 broadcasts parameter update
266.489: Server #1 broadcasts parameter update
266.581: Server #3 broadcasts parameter update
266.83: Server #7 broadcasts parameter update
268.144: Server #0 broadcasts parameter update
268.183: Server #4 broadcasts parameter update
268.301: Server #5 broadcasts parameter update
268.308: Server #2 broadcasts parameter update
268.55: Server #6 broadcasts parameter update
268.633: Server #1 broadcasts parameter update
268.775: Server #3 broadcasts parameter update
268.945: Server #7 broadcasts parameter update
270.28: Server #0 broadcasts parameter update
270.397: Server #5 broadcasts parameter update
270.553: Server #2 broadcasts parameter update
270.574: Server #4 broadcasts parameter update
270.701: Server #6 broadcasts parameter update
270.805: Server #1 broadcasts parameter update
271.534: Server #3 broadcasts parameter update
271.802: Server #7 broadcasts parameter update
272.492: Server #0 broadcasts parameter update
272.776: Server #5 broadcasts parameter update
272.811: Server #4 broadcasts parameter update
272.976: Server #1 broadcasts parameter update
273.068: Server #2 broadcasts parameter update
273.147: Server #6 broadcasts parameter update
273.674: Server #3 broadcasts parameter update
274.184: Server #7 broadcasts parameter update
274.697: Server #0 broadcasts parameter update
274.923: Server #4 broadcasts parameter update
275.144: Server #5 broadcasts parameter update
275.164: Server #1 broadcasts parameter update
275.186: Server #6 broadcasts parameter update
275.398: Server #2 broadcasts parameter update
276.177: Server #3 broadcasts parameter update
276.379: Server #7 broadcasts parameter update
276.749: Server #0 broadcasts parameter update
277.103: Server #4 broadcasts parameter update
277.326: Server #5 broadcasts parameter update
277.365: Server #1 broadcasts parameter update
277.498: Server #6 broadcasts parameter update
278.28: Server #3 broadcasts parameter update
278.387: Server #2 broadcasts parameter update
278.488: Server #7 broadcasts parameter update
278.992: Server #0 broadcasts parameter update
279.356: Server #5 broadcasts parameter update
279.504: Server #1 broadcasts parameter update
279.615: Server #6 broadcasts parameter update
280.254: Server #4 broadcasts parameter update
280.365: Server #3 broadcasts parameter update
280.613: Server #2 broadcasts parameter update
280.643: Server #7 broadcasts parameter update
281.241: Server #0 broadcasts parameter update
281.423: Server #5 broadcasts parameter update
281.677: Server #1 broadcasts parameter update
281.844: Server #6 broadcasts parameter update
282.478: Server #3 broadcasts parameter update
282.678: Server #2 broadcasts parameter update
282.802: Server #7 broadcasts parameter update
282.967: Server #4 broadcasts parameter update
283.406: Server #0 broadcasts parameter update
283.909: Server #1 broadcasts parameter update
283.929: Server #5 broadcasts parameter update
284.105: Server #6 broadcasts parameter update
284.668: Server #3 broadcasts parameter update
284.907: Server #2 broadcasts parameter update
285.037: Server #7 broadcasts parameter update
285.257: Server #4 broadcasts parameter update
285.595: Server #0 broadcasts parameter update
286.033: Server #1 broadcasts parameter update
286.234: Server #6 broadcasts parameter update
286.274: Server #5 broadcasts parameter update
286.846: Server #3 broadcasts parameter update
287.056: Server #2 broadcasts parameter update
287.171: Server #7 broadcasts parameter update
287.372: Server #4 broadcasts parameter update
287.783: Server #0 broadcasts parameter update
288.078: Server #1 broadcasts parameter update
288.26: Server #6 broadcasts parameter update
288.482: Server #5 broadcasts parameter update
288.993: Server #3 broadcasts parameter update
289.282: Server #7 broadcasts parameter update
289.799: Server #4 broadcasts parameter update
290.164: Server #2 broadcasts parameter update
290.234: Server #1 broadcasts parameter update
290.256: Server #0 broadcasts parameter update
290.598: Server #6 broadcasts parameter update
291.675: Server #3 broadcasts parameter update
291.739: Server #5 broadcasts parameter update
291.814: Server #7 broadcasts parameter update
291.922: Server #4 broadcasts parameter update
292.28: Server #2 broadcasts parameter update
292.362: Server #1 broadcasts parameter update
292.559: Server #0 broadcasts parameter update
292.771: Server #6 broadcasts parameter update
293.774: Server #3 broadcasts parameter update
293.949: Server #7 broadcasts parameter update
293.996: Server #5 broadcasts parameter update
294.08: Server #4 broadcasts parameter update
294.433: Server #2 broadcasts parameter update
294.497: Server #1 broadcasts parameter update
294.848: Server #0 broadcasts parameter update
294.995: Server #6 broadcasts parameter update
296.102: Server #7 broadcasts parameter update
296.194: Server #3 broadcasts parameter update
296.275: Server #5 broadcasts parameter update
296.359: Server #4 broadcasts parameter update
296.608: Server #2 broadcasts parameter update
296.711: Server #1 broadcasts parameter update
297.017: Server #0 broadcasts parameter update
297.064: Server #6 broadcasts parameter update
298.286: Server #3 broadcasts parameter update
298.298: Server #7 broadcasts parameter update
298.45: Server #4 broadcasts parameter update
298.473: Server #5 broadcasts parameter update
298.868: Server #2 broadcasts parameter update
298.978: Server #1 broadcasts parameter update
299.149: Server #0 broadcasts parameter update
299.291: Server #6 broadcasts parameter update
