Waf: Entering directory `/home/alexander/Documents/ns3/workspace/bake/source/ns-3.29/build'
Waf: Leaving directory `/home/alexander/Documents/ns3/workspace/bake/source/ns-3.29/build'
Build commands will be stored in build/compile_commands.json
'build' finished successfully (7.952s)
1.01167: Server #0 broadcasts parameter update
1.01777: Server #5 broadcasts parameter update
1.01782: Server #2 broadcasts parameter update
1.01811: Server #1 broadcasts parameter update
3.76021: Server #1 broadcasts parameter update
3.80665: Server #2 broadcasts parameter update
4.06297: Server #7 broadcasts parameter update
4.08423: Server #3 broadcasts parameter update
4.10648: Server #6 broadcasts parameter update
4.10683: Server #4 broadcasts parameter update
4.24416: Server #0 broadcasts parameter update
4.27821: Server #5 broadcasts parameter update
7.13019: Server #2 broadcasts parameter update
7.84: Server #1 broadcasts parameter update
8.02745: Server #4 broadcasts parameter update
8.40556: Server #0 broadcasts parameter update
8.43539: Server #6 broadcasts parameter update
8.6338: Server #5 broadcasts parameter update
9.63323: Server #2 broadcasts parameter update
9.65973: Server #7 broadcasts parameter update
9.81437: Server #3 broadcasts parameter update
11.5119: Server #6 broadcasts parameter update
12.0012: Server #4 broadcasts parameter update
12.4035: Server #0 broadcasts parameter update
12.405: Server #1 broadcasts parameter update
12.6071: Server #5 broadcasts parameter update
12.7807: Server #2 broadcasts parameter update
12.8297: Server #7 broadcasts parameter update
13.1537: Server #3 broadcasts parameter update
15.5622: Server #6 broadcasts parameter update
15.6117: Server #4 broadcasts parameter update
15.8813: Server #0 broadcasts parameter update
16.2858: Server #2 broadcasts parameter update
16.5546: Server #1 broadcasts parameter update
16.8238: Server #7 broadcasts parameter update
17.0165: Server #5 broadcasts parameter update
17.4228: Server #3 broadcasts parameter update
18.7804: Server #6 broadcasts parameter update
18.9357: Server #2 broadcasts parameter update
19.0111: Server #0 broadcasts parameter update
19.0225: Server #4 broadcasts parameter update
20.2629: Server #1 broadcasts parameter update
20.4628: Server #5 broadcasts parameter update
20.9977: Server #3 broadcasts parameter update
21.0173: Server #7 broadcasts parameter update
21.7708: Server #2 broadcasts parameter update
22.2997: Server #0 broadcasts parameter update
22.9599: Server #6 broadcasts parameter update
23.9063: Server #5 broadcasts parameter update
24.3917: Server #1 broadcasts parameter update
24.4455: Server #2 broadcasts parameter update
24.6372: Server #4 broadcasts parameter update
24.6967: Server #3 broadcasts parameter update
25.2371: Server #0 broadcasts parameter update
26.0252: Server #7 broadcasts parameter update
26.5619: Server #6 broadcasts parameter update
27.0249: Server #5 broadcasts parameter update
27.1466: Server #2 broadcasts parameter update
27.6821: Server #4 broadcasts parameter update
29.1845: Server #0 broadcasts parameter update
29.3338: Server #7 broadcasts parameter update
29.5717: Server #1 broadcasts parameter update
29.686: Server #6 broadcasts parameter update
29.6946: Server #3 broadcasts parameter update
