Waf: Entering directory `/home/alexander/Documents/ns3/workspace/bake/source/ns-3.29/build'
Waf: Leaving directory `/home/alexander/Documents/ns3/workspace/bake/source/ns-3.29/build'
Build commands will be stored in build/compile_commands.json
'build' finished successfully (11.710s)
4.00467: Server #2 broadcasts parameter update
4.00647: Server #3 broadcasts parameter update
4.00674: Server #7 broadcasts parameter update
4.009: Server #5 broadcasts parameter update
4.01249: Server #1 broadcasts parameter update
4.01391: Server #0 broadcasts parameter update
4.01747: Server #6 broadcasts parameter update
4.01809: Server #4 broadcasts parameter update
7.14109: Server #3 broadcasts parameter update
7.99098: Server #4 broadcasts parameter update
8.07485: Server #2 broadcasts parameter update
8.09364: Server #0 broadcasts parameter update
8.64891: Server #6 broadcasts parameter update
8.93859: Server #1 broadcasts parameter update
9.2146: Server #7 broadcasts parameter update
9.5948: Server #5 broadcasts parameter update
10.3645: Server #3 broadcasts parameter update
11.4254: Server #2 broadcasts parameter update
12.0156: Server #4 broadcasts parameter update
12.7157: Server #1 broadcasts parameter update
12.7449: Server #6 broadcasts parameter update
12.8899: Server #7 broadcasts parameter update
13.2576: Server #3 broadcasts parameter update
14.855: Server #5 broadcasts parameter update
15.7248: Server #0 broadcasts parameter update
16.4919: Server #2 broadcasts parameter update
16.5044: Server #4 broadcasts parameter update
16.5771: Server #3 broadcasts parameter update
17.0662: Server #1 broadcasts parameter update
17.169: Server #7 broadcasts parameter update
17.2604: Server #6 broadcasts parameter update
18.4316: Server #5 broadcasts parameter update
19.385: Server #3 broadcasts parameter update
19.5581: Server #0 broadcasts parameter update
20.6092: Server #4 broadcasts parameter update
21.1611: Server #2 broadcasts parameter update
21.3212: Server #7 broadcasts parameter update
21.6382: Server #6 broadcasts parameter update
22.236: Server #3 broadcasts parameter update
22.5156: Server #5 broadcasts parameter update
24.396: Server #1 broadcasts parameter update
24.4402: Server #7 broadcasts parameter update
24.5092: Server #0 broadcasts parameter update
24.7958: Server #3 broadcasts parameter update
24.8949: Server #4 broadcasts parameter update
25.4334: Server #2 broadcasts parameter update
27.4884: Server #3 broadcasts parameter update
28.0156: Server #5 broadcasts parameter update
28.2016: Server #7 broadcasts parameter update
28.2863: Server #0 broadcasts parameter update
28.5238: Server #6 broadcasts parameter update
28.8686: Server #1 broadcasts parameter update
28.8964: Server #4 broadcasts parameter update
29.5963: Server #2 broadcasts parameter update
