Waf: Entering directory `/home/alexander/Documents/ns3/workspace/bake/source/ns-3.29/build'
Waf: Leaving directory `/home/alexander/Documents/ns3/workspace/bake/source/ns-3.29/build'
Build commands will be stored in build/compile_commands.json
'build' finished successfully (14.207s)
1.01638: Server #7 broadcasts parameter update
3.63737: Server #7 broadcasts parameter update
4.00411: Server #4 broadcasts parameter update
4.00715: Server #3 broadcasts parameter update
4.03447: Server #1 broadcasts parameter update
4.03456: Server #6 broadcasts parameter update
4.03571: Server #5 broadcasts parameter update
4.03837: Server #0 broadcasts parameter update
4.15547: Server #2 broadcasts parameter update
6.91407: Server #7 broadcasts parameter update
7.18892: Server #4 broadcasts parameter update
8.01632: Server #5 broadcasts parameter update
8.46983: Server #1 broadcasts parameter update
8.51522: Server #3 broadcasts parameter update
8.95783: Server #6 broadcasts parameter update
9.56261: Server #0 broadcasts parameter update
9.93601: Server #7 broadcasts parameter update
10.7725: Server #5 broadcasts parameter update
12.2664: Server #4 broadcasts parameter update
12.8847: Server #7 broadcasts parameter update
13.679: Server #6 broadcasts parameter update
13.9281: Server #5 broadcasts parameter update
14.0971: Server #0 broadcasts parameter update
14.4963: Server #1 broadcasts parameter update
15.0719: Server #4 broadcasts parameter update
15.4045: Server #7 broadcasts parameter update
15.9929: Server #3 broadcasts parameter update
17.4515: Server #6 broadcasts parameter update
17.6601: Server #5 broadcasts parameter update
17.6865: Server #4 broadcasts parameter update
18.8159: Server #2 broadcasts parameter update
18.8174: Server #1 broadcasts parameter update
19.3539: Server #7 broadcasts parameter update
20.3175: Server #3 broadcasts parameter update
20.3255: Server #4 broadcasts parameter update
20.4312: Server #6 broadcasts parameter update
21.1949: Server #5 broadcasts parameter update
21.3316: Server #0 broadcasts parameter update
22.3313: Server #2 broadcasts parameter update
22.529: Server #1 broadcasts parameter update
22.9794: Server #4 broadcasts parameter update
23.3908: Server #6 broadcasts parameter update
25.1897: Server #2 broadcasts parameter update
25.2748: Server #3 broadcasts parameter update
25.3109: Server #5 broadcasts parameter update
25.5866: Server #0 broadcasts parameter update
25.7428: Server #7 broadcasts parameter update
25.8837: Server #4 broadcasts parameter update
26.163: Server #1 broadcasts parameter update
27.4345: Server #6 broadcasts parameter update
29.207: Server #5 broadcasts parameter update
29.3281: Server #7 broadcasts parameter update
29.3889: Server #4 broadcasts parameter update
29.6186: Server #2 broadcasts parameter update
29.7293: Server #1 broadcasts parameter update
29.8301: Server #0 broadcasts parameter update
