Waf: Entering directory `/home/alexander/Documents/ns3/workspace/bake/source/ns-3.29/build'
Waf: Leaving directory `/home/alexander/Documents/ns3/workspace/bake/source/ns-3.29/build'
Build commands will be stored in build/compile_commands.json
'build' finished successfully (18.232s)
1.01611: Server #3 broadcasts parameter update
1.01625: Server #1 broadcasts parameter update
1.01726: Server #6 broadcasts parameter update
3.71357: Server #6 broadcasts parameter update
3.75779: Server #1 broadcasts parameter update
3.86086: Server #3 broadcasts parameter update
4.00891: Server #5 broadcasts parameter update
4.15473: Server #0 broadcasts parameter update
4.1548: Server #2 broadcasts parameter update
4.18305: Server #7 broadcasts parameter update
4.18312: Server #4 broadcasts parameter update
6.62351: Server #3 broadcasts parameter update
7.22796: Server #5 broadcasts parameter update
7.61068: Server #1 broadcasts parameter update
8.78935: Server #6 broadcasts parameter update
9.86912: Server #5 broadcasts parameter update
10.3509: Server #1 broadcasts parameter update
10.7287: Server #4 broadcasts parameter update
10.8985: Server #7 broadcasts parameter update
10.904: Server #3 broadcasts parameter update
10.9523: Server #2 broadcasts parameter update
11.0571: Server #6 broadcasts parameter update
11.1311: Server #0 broadcasts parameter update
13.3302: Server #5 broadcasts parameter update
13.4293: Server #1 broadcasts parameter update
14.4928: Server #6 broadcasts parameter update
15.7826: Server #7 broadcasts parameter update
15.9709: Server #1 broadcasts parameter update
16.8085: Server #0 broadcasts parameter update
16.8684: Server #2 broadcasts parameter update
16.9216: Server #3 broadcasts parameter update
17.0587: Server #6 broadcasts parameter update
17.1563: Server #4 broadcasts parameter update
17.2971: Server #5 broadcasts parameter update
18.6051: Server #1 broadcasts parameter update
19.888: Server #6 broadcasts parameter update
20.3: Server #7 broadcasts parameter update
21.69: Server #1 broadcasts parameter update
22.1707: Server #4 broadcasts parameter update
22.2255: Server #5 broadcasts parameter update
23.0722: Server #0 broadcasts parameter update
23.1519: Server #7 broadcasts parameter update
23.2667: Server #6 broadcasts parameter update
23.8: Server #3 broadcasts parameter update
24.3358: Server #1 broadcasts parameter update
24.8324: Server #2 broadcasts parameter update
26.5974: Server #6 broadcasts parameter update
26.8341: Server #5 broadcasts parameter update
26.8609: Server #1 broadcasts parameter update
26.9177: Server #4 broadcasts parameter update
27.4522: Server #7 broadcasts parameter update
28.5387: Server #0 broadcasts parameter update
29.0497: Server #6 broadcasts parameter update
29.3715: Server #1 broadcasts parameter update
29.4638: Server #2 broadcasts parameter update
29.9837: Server #3 broadcasts parameter update
