Waf: Entering directory `/home/alexander/Documents/ns3/workspace/bake/source/ns-3.29/build'
Waf: Leaving directory `/home/alexander/Documents/ns3/workspace/bake/source/ns-3.29/build'
Build commands will be stored in build/compile_commands.json
'build' finished successfully (12.637s)
1.01625: Server #6 broadcasts parameter update
1.01815: Server #0 broadcasts parameter update
3.55357: Server #6 broadcasts parameter update
3.76796: Server #0 broadcasts parameter update
4.0126: Server #4 broadcasts parameter update
4.04228: Server #1 broadcasts parameter update
4.04794: Server #3 broadcasts parameter update
4.06589: Server #2 broadcasts parameter update
4.08285: Server #7 broadcasts parameter update
4.08378: Server #5 broadcasts parameter update
6.42861: Server #6 broadcasts parameter update
6.96018: Server #0 broadcasts parameter update
6.99015: Server #4 broadcasts parameter update
7.40468: Server #3 broadcasts parameter update
7.97116: Server #1 broadcasts parameter update
7.99888: Server #2 broadcasts parameter update
8.01948: Server #7 broadcasts parameter update
10.0685: Server #4 broadcasts parameter update
10.3118: Server #6 broadcasts parameter update
10.4412: Server #3 broadcasts parameter update
10.9733: Server #5 broadcasts parameter update
11.1061: Server #1 broadcasts parameter update
11.8084: Server #2 broadcasts parameter update
11.892: Server #0 broadcasts parameter update
12.9418: Server #7 broadcasts parameter update
13.348: Server #6 broadcasts parameter update
13.6896: Server #4 broadcasts parameter update
13.8244: Server #3 broadcasts parameter update
14.8054: Server #1 broadcasts parameter update
15.0134: Server #5 broadcasts parameter update
15.5005: Server #2 broadcasts parameter update
15.5799: Server #7 broadcasts parameter update
15.6527: Server #0 broadcasts parameter update
16.7467: Server #4 broadcasts parameter update
17.034: Server #6 broadcasts parameter update
17.2069: Server #3 broadcasts parameter update
18.6113: Server #1 broadcasts parameter update
19.5333: Server #5 broadcasts parameter update
19.5453: Server #2 broadcasts parameter update
19.6132: Server #0 broadcasts parameter update
19.6861: Server #6 broadcasts parameter update
19.9283: Server #7 broadcasts parameter update
19.9625: Server #3 broadcasts parameter update
20.4969: Server #4 broadcasts parameter update
22.7408: Server #6 broadcasts parameter update
22.9633: Server #7 broadcasts parameter update
23.1284: Server #1 broadcasts parameter update
23.2338: Server #3 broadcasts parameter update
23.26: Server #4 broadcasts parameter update
23.2792: Server #0 broadcasts parameter update
23.455: Server #5 broadcasts parameter update
24.1093: Server #2 broadcasts parameter update
25.3867: Server #6 broadcasts parameter update
25.845: Server #4 broadcasts parameter update
26.2703: Server #3 broadcasts parameter update
27.2301: Server #5 broadcasts parameter update
27.3891: Server #1 broadcasts parameter update
27.7922: Server #7 broadcasts parameter update
27.8698: Server #0 broadcasts parameter update
27.9042: Server #6 broadcasts parameter update
28.3601: Server #4 broadcasts parameter update
28.9936: Server #2 broadcasts parameter update
