Waf: Entering directory `/home/alexander/Documents/ns3/workspace/bake/source/ns-3.29/build'
Waf: Leaving directory `/home/alexander/Documents/ns3/workspace/bake/source/ns-3.29/build'
Build commands will be stored in build/compile_commands.json
'build' finished successfully (14.687s)
4.0012: Server #4 broadcasts parameter update
4.00811: Server #2 broadcasts parameter update
4.00867: Server #6 broadcasts parameter update
4.00912: Server #1 broadcasts parameter update
4.00913: Server #3 broadcasts parameter update
4.00913: Server #7 broadcasts parameter update
4.00944: Server #0 broadcasts parameter update
4.01177: Server #5 broadcasts parameter update
7.34419: Server #6 broadcasts parameter update
7.58597: Server #2 broadcasts parameter update
7.7498: Server #0 broadcasts parameter update
8.15445: Server #1 broadcasts parameter update
8.57306: Server #5 broadcasts parameter update
9.10541: Server #3 broadcasts parameter update
9.5735: Server #4 broadcasts parameter update
10.8348: Server #6 broadcasts parameter update
11.111: Server #2 broadcasts parameter update
11.1432: Server #0 broadcasts parameter update
12.452: Server #1 broadcasts parameter update
12.5902: Server #4 broadcasts parameter update
13.0201: Server #5 broadcasts parameter update
13.9278: Server #2 broadcasts parameter update
13.9849: Server #3 broadcasts parameter update
15.4021: Server #0 broadcasts parameter update
15.4443: Server #6 broadcasts parameter update
15.6984: Server #1 broadcasts parameter update
15.9952: Server #4 broadcasts parameter update
16.3157: Server #2 broadcasts parameter update
16.6778: Server #5 broadcasts parameter update
18.1469: Server #7 broadcasts parameter update
18.6238: Server #3 broadcasts parameter update
18.6783: Server #6 broadcasts parameter update
19.1054: Server #1 broadcasts parameter update
19.1199: Server #0 broadcasts parameter update
19.5834: Server #5 broadcasts parameter update
20.7172: Server #2 broadcasts parameter update
20.806: Server #4 broadcasts parameter update
21.9951: Server #3 broadcasts parameter update
22.0299: Server #7 broadcasts parameter update
22.1643: Server #1 broadcasts parameter update
22.3272: Server #0 broadcasts parameter update
22.8419: Server #5 broadcasts parameter update
23.4839: Server #6 broadcasts parameter update
23.6692: Server #2 broadcasts parameter update
25.3233: Server #3 broadcasts parameter update
25.6846: Server #4 broadcasts parameter update
25.6864: Server #5 broadcasts parameter update
25.8585: Server #0 broadcasts parameter update
26.0322: Server #1 broadcasts parameter update
27.1163: Server #6 broadcasts parameter update
27.435: Server #2 broadcasts parameter update
28.1474: Server #7 broadcasts parameter update
28.8879: Server #0 broadcasts parameter update
29.049: Server #5 broadcasts parameter update
29.5155: Server #4 broadcasts parameter update
29.5736: Server #1 broadcasts parameter update
