Waf: Entering directory `/home/alexander/Documents/ns3/workspace/bake/source/ns-3.29/build'
Waf: Leaving directory `/home/alexander/Documents/ns3/workspace/bake/source/ns-3.29/build'
Build commands will be stored in build/compile_commands.json
'build' finished successfully (13.071s)
4.0031: Server #5 broadcasts parameter update
4.00474: Server #1 broadcasts parameter update
4.00854: Server #7 broadcasts parameter update
4.00867: Server #2 broadcasts parameter update
4.00931: Server #3 broadcasts parameter update
4.00968: Server #4 broadcasts parameter update
4.01511: Server #6 broadcasts parameter update
4.02302: Server #0 broadcasts parameter update
7.65396: Server #4 broadcasts parameter update
7.82489: Server #5 broadcasts parameter update
7.85986: Server #3 broadcasts parameter update
8.18457: Server #1 broadcasts parameter update
8.4793: Server #7 broadcasts parameter update
8.49631: Server #0 broadcasts parameter update
8.61863: Server #6 broadcasts parameter update
9.09829: Server #2 broadcasts parameter update
10.825: Server #3 broadcasts parameter update
10.9312: Server #4 broadcasts parameter update
11.7536: Server #1 broadcasts parameter update
12.2486: Server #5 broadcasts parameter update
13.6726: Server #7 broadcasts parameter update
13.8087: Server #3 broadcasts parameter update
13.8717: Server #4 broadcasts parameter update
14.5031: Server #2 broadcasts parameter update
14.5629: Server #0 broadcasts parameter update
14.7064: Server #5 broadcasts parameter update
14.7444: Server #1 broadcasts parameter update
16.6878: Server #6 broadcasts parameter update
17.1019: Server #3 broadcasts parameter update
17.2124: Server #4 broadcasts parameter update
17.5803: Server #7 broadcasts parameter update
17.9203: Server #5 broadcasts parameter update
18.9914: Server #1 broadcasts parameter update
19.5008: Server #0 broadcasts parameter update
20.4435: Server #6 broadcasts parameter update
20.4657: Server #4 broadcasts parameter update
20.8271: Server #3 broadcasts parameter update
21.0675: Server #5 broadcasts parameter update
21.6859: Server #7 broadcasts parameter update
22.8076: Server #1 broadcasts parameter update
23.6488: Server #4 broadcasts parameter update
23.8392: Server #6 broadcasts parameter update
23.9789: Server #0 broadcasts parameter update
24.0351: Server #5 broadcasts parameter update
24.2539: Server #3 broadcasts parameter update
24.5723: Server #2 broadcasts parameter update
26.6563: Server #4 broadcasts parameter update
26.8601: Server #1 broadcasts parameter update
27.3855: Server #6 broadcasts parameter update
27.434: Server #5 broadcasts parameter update
27.4434: Server #3 broadcasts parameter update
28.523: Server #0 broadcasts parameter update
28.5853: Server #2 broadcasts parameter update
29.9672: Server #1 broadcasts parameter update
