Waf: Entering directory `/home/alexander/Documents/ns3/workspace/bake/source/ns-3.29/build'
[2732/2813] Compiling scratch/cs268/cs268.cc
[2733/2813] Compiling scratch/cs268/parameter-client.cc
[2739/2813] Compiling scratch/cs268/parameter-server.cc
[2771/2813] Linking build/scratch/cs268/cs268
Waf: Leaving directory `/home/alexander/Documents/ns3/workspace/bake/source/ns-3.29/build'
Build commands will be stored in build/compile_commands.json
'build' finished successfully (7.900s)
1.0143: Server #7 broadcasts parameter update
1.01911: Server #1 broadcasts parameter update
3.64253: Server #7 broadcasts parameter update
3.70078: Server #1 broadcasts parameter update
4.00852: Server #4 broadcasts parameter update
4.01015: Server #3 broadcasts parameter update
4.01353: Server #5 broadcasts parameter update
4.07339: Server #6 broadcasts parameter update
4.09258: Server #2 broadcasts parameter update
6.65222: Server #7 broadcasts parameter update
7.44857: Server #1 broadcasts parameter update
7.90733: Server #3 broadcasts parameter update
8.28174: Server #4 broadcasts parameter update
8.55627: Server #5 broadcasts parameter update
9.06326: Server #2 broadcasts parameter update
9.6673: Server #6 broadcasts parameter update
9.9486: Server #7 broadcasts parameter update
10.0708: Server #0 broadcasts parameter update
10.2637: Server #1 broadcasts parameter update
11.7505: Server #4 broadcasts parameter update
12.02: Server #3 broadcasts parameter update
13.6625: Server #7 broadcasts parameter update
14.2327: Server #6 broadcasts parameter update
14.2731: Server #2 broadcasts parameter update
14.3452: Server #1 broadcasts parameter update
14.9706: Server #0 broadcasts parameter update
15.4743: Server #4 broadcasts parameter update
16.4592: Server #3 broadcasts parameter update
17.119: Server #6 broadcasts parameter update
17.2949: Server #2 broadcasts parameter update
17.7633: Server #5 broadcasts parameter update
17.9223: Server #0 broadcasts parameter update
18.1038: Server #7 broadcasts parameter update
18.3691: Server #4 broadcasts parameter update
18.5691: Server #1 broadcasts parameter update
21.0124: Server #2 broadcasts parameter update
21.2735: Server #3 broadcasts parameter update
21.4649: Server #5 broadcasts parameter update
21.5053: Server #6 broadcasts parameter update
21.5584: Server #0 broadcasts parameter update
22.5262: Server #7 broadcasts parameter update
22.6612: Server #1 broadcasts parameter update
23.8798: Server #4 broadcasts parameter update
25.0362: Server #3 broadcasts parameter update
25.6241: Server #0 broadcasts parameter update
25.7909: Server #5 broadcasts parameter update
25.8143: Server #6 broadcasts parameter update
25.9062: Server #2 broadcasts parameter update
25.9722: Server #7 broadcasts parameter update
26.2218: Server #1 broadcasts parameter update
26.8622: Server #4 broadcasts parameter update
28.8227: Server #3 broadcasts parameter update
29.2882: Server #6 broadcasts parameter update
29.5035: Server #0 broadcasts parameter update
29.661: Server #1 broadcasts parameter update
29.8725: Server #7 broadcasts parameter update
30.0471: Server #2 broadcasts parameter update
30.2476: Server #5 broadcasts parameter update
30.4713: Server #4 broadcasts parameter update
32.677: Server #3 broadcasts parameter update
33.2036: Server #6 broadcasts parameter update
33.2308: Server #0 broadcasts parameter update
33.2357: Server #1 broadcasts parameter update
33.5872: Server #5 broadcasts parameter update
33.7977: Server #7 broadcasts parameter update
33.9382: Server #2 broadcasts parameter update
34.1857: Server #4 broadcasts parameter update
36.1277: Server #3 broadcasts parameter update
36.6679: Server #0 broadcasts parameter update
36.8615: Server #6 broadcasts parameter update
37.2943: Server #5 broadcasts parameter update
37.6735: Server #2 broadcasts parameter update
38.0645: Server #1 broadcasts parameter update
38.0767: Server #7 broadcasts parameter update
38.5599: Server #4 broadcasts parameter update
39.3331: Server #0 broadcasts parameter update
40.5289: Server #3 broadcasts parameter update
40.8598: Server #2 broadcasts parameter update
41.1362: Server #5 broadcasts parameter update
41.2494: Server #7 broadcasts parameter update
41.7717: Server #1 broadcasts parameter update
42.3643: Server #6 broadcasts parameter update
42.4169: Server #4 broadcasts parameter update
43.882: Server #0 broadcasts parameter update
44.4242: Server #7 broadcasts parameter update
44.4794: Server #5 broadcasts parameter update
44.5722: Server #3 broadcasts parameter update
45.1176: Server #2 broadcasts parameter update
45.2361: Server #1 broadcasts parameter update
45.6789: Server #6 broadcasts parameter update
45.9153: Server #4 broadcasts parameter update
47.2781: Server #0 broadcasts parameter update
47.6953: Server #7 broadcasts parameter update
48.1417: Server #5 broadcasts parameter update
48.3706: Server #3 broadcasts parameter update
48.7909: Server #2 broadcasts parameter update
49.0799: Server #6 broadcasts parameter update
49.2411: Server #4 broadcasts parameter update
49.396: Server #1 broadcasts parameter update
50.7648: Server #0 broadcasts parameter update
51.6919: Server #5 broadcasts parameter update
51.9949: Server #7 broadcasts parameter update
52.1232: Server #3 broadcasts parameter update
52.1667: Server #4 broadcasts parameter update
52.4333: Server #2 broadcasts parameter update
53.0537: Server #6 broadcasts parameter update
53.4131: Server #1 broadcasts parameter update
53.8554: Server #0 broadcasts parameter update
55.1848: Server #5 broadcasts parameter update
55.4896: Server #7 broadcasts parameter update
55.7022: Server #4 broadcasts parameter update
55.8078: Server #3 broadcasts parameter update
56.5439: Server #1 broadcasts parameter update
56.7801: Server #2 broadcasts parameter update
56.7881: Server #6 broadcasts parameter update
57.7371: Server #0 broadcasts parameter update
58.9801: Server #5 broadcasts parameter update
59.1716: Server #4 broadcasts parameter update
59.4117: Server #3 broadcasts parameter update
59.6134: Server #7 broadcasts parameter update
60.0989: Server #1 broadcasts parameter update
60.1552: Server #6 broadcasts parameter update
60.8403: Server #2 broadcasts parameter update
61.2143: Server #0 broadcasts parameter update
62.9322: Server #4 broadcasts parameter update
63.0488: Server #5 broadcasts parameter update
63.1468: Server #7 broadcasts parameter update
63.4169: Server #3 broadcasts parameter update
63.6789: Server #1 broadcasts parameter update
63.7394: Server #6 broadcasts parameter update
63.8023: Server #2 broadcasts parameter update
65.1201: Server #0 broadcasts parameter update
66.6915: Server #6 broadcasts parameter update
66.7558: Server #7 broadcasts parameter update
66.9084: Server #4 broadcasts parameter update
67.5833: Server #5 broadcasts parameter update
67.7158: Server #1 broadcasts parameter update
67.9365: Server #2 broadcasts parameter update
68.1546: Server #0 broadcasts parameter update
68.7804: Server #3 broadcasts parameter update
70.2443: Server #4 broadcasts parameter update
70.5134: Server #5 broadcasts parameter update
70.6368: Server #6 broadcasts parameter update
71.0786: Server #7 broadcasts parameter update
71.2936: Server #0 broadcasts parameter update
71.3439: Server #1 broadcasts parameter update
71.7697: Server #2 broadcasts parameter update
72.9907: Server #3 broadcasts parameter update
73.6743: Server #4 broadcasts parameter update
74.095: Server #6 broadcasts parameter update
74.9443: Server #5 broadcasts parameter update
75.3154: Server #7 broadcasts parameter update
75.7407: Server #1 broadcasts parameter update
75.9308: Server #2 broadcasts parameter update
76.6965: Server #3 broadcasts parameter update
76.7675: Server #4 broadcasts parameter update
76.8142: Server #0 broadcasts parameter update
77.1883: Server #6 broadcasts parameter update
79.0716: Server #2 broadcasts parameter update
79.2761: Server #5 broadcasts parameter update
79.7561: Server #0 broadcasts parameter update
79.9351: Server #7 broadcasts parameter update
80.1485: Server #4 broadcasts parameter update
80.3439: Server #6 broadcasts parameter update
80.4889: Server #1 broadcasts parameter update
81.4322: Server #3 broadcasts parameter update
81.9281: Server #2 broadcasts parameter update
82.6155: Server #5 broadcasts parameter update
83.6489: Server #7 broadcasts parameter update
83.6858: Server #0 broadcasts parameter update
84.2093: Server #4 broadcasts parameter update
84.429: Server #6 broadcasts parameter update
84.9728: Server #3 broadcasts parameter update
85.1344: Server #1 broadcasts parameter update
85.5705: Server #2 broadcasts parameter update
86.1155: Server #5 broadcasts parameter update
87.3364: Server #0 broadcasts parameter update
87.6961: Server #7 broadcasts parameter update
87.7196: Server #4 broadcasts parameter update
88.0123: Server #6 broadcasts parameter update
88.2678: Server #3 broadcasts parameter update
88.8375: Server #1 broadcasts parameter update
89.1921: Server #2 broadcasts parameter update
89.8222: Server #5 broadcasts parameter update
90.4802: Server #0 broadcasts parameter update
91.1341: Server #4 broadcasts parameter update
91.4294: Server #3 broadcasts parameter update
91.7321: Server #6 broadcasts parameter update
91.81: Server #7 broadcasts parameter update
92.5156: Server #2 broadcasts parameter update
93.332: Server #5 broadcasts parameter update
93.6583: Server #1 broadcasts parameter update
93.7226: Server #0 broadcasts parameter update
94.4725: Server #4 broadcasts parameter update
95.3484: Server #6 broadcasts parameter update
95.3765: Server #3 broadcasts parameter update
95.4107: Server #7 broadcasts parameter update
95.6012: Server #2 broadcasts parameter update
96.8552: Server #5 broadcasts parameter update
97.3177: Server #0 broadcasts parameter update
97.3428: Server #1 broadcasts parameter update
97.5141: Server #4 broadcasts parameter update
98.8085: Server #2 broadcasts parameter update
99.1493: Server #7 broadcasts parameter update
99.5898: Server #3 broadcasts parameter update
99.7421: Server #6 broadcasts parameter update
100.022: Server #5 broadcasts parameter update
100.843: Server #4 broadcasts parameter update
100.897: Server #1 broadcasts parameter update
102.111: Server #2 broadcasts parameter update
102.12: Server #7 broadcasts parameter update
102.813: Server #3 broadcasts parameter update
102.917: Server #0 broadcasts parameter update
103.064: Server #5 broadcasts parameter update
104.031: Server #6 broadcasts parameter update
104.539: Server #4 broadcasts parameter update
104.982: Server #1 broadcasts parameter update
105.201: Server #2 broadcasts parameter update
106.132: Server #0 broadcasts parameter update
106.191: Server #7 broadcasts parameter update
106.202: Server #5 broadcasts parameter update
106.347: Server #3 broadcasts parameter update
107.468: Server #6 broadcasts parameter update
108.245: Server #4 broadcasts parameter update
109.374: Server #0 broadcasts parameter update
109.513: Server #7 broadcasts parameter update
109.77: Server #1 broadcasts parameter update
110.036: Server #3 broadcasts parameter update
110.119: Server #5 broadcasts parameter update
110.159: Server #2 broadcasts parameter update
110.469: Server #6 broadcasts parameter update
111.608: Server #4 broadcasts parameter update
112.996: Server #0 broadcasts parameter update
113.023: Server #7 broadcasts parameter update
113.745: Server #3 broadcasts parameter update
113.782: Server #2 broadcasts parameter update
113.838: Server #5 broadcasts parameter update
113.987: Server #1 broadcasts parameter update
114.348: Server #4 broadcasts parameter update
114.655: Server #6 broadcasts parameter update
116.604: Server #7 broadcasts parameter update
116.979: Server #0 broadcasts parameter update
117.012: Server #1 broadcasts parameter update
117.403: Server #5 broadcasts parameter update
117.41: Server #3 broadcasts parameter update
117.598: Server #2 broadcasts parameter update
117.76: Server #4 broadcasts parameter update
118.198: Server #6 broadcasts parameter update
120.156: Server #7 broadcasts parameter update
120.745: Server #3 broadcasts parameter update
120.818: Server #5 broadcasts parameter update
120.979: Server #2 broadcasts parameter update
121.348: Server #0 broadcasts parameter update
121.723: Server #6 broadcasts parameter update
121.794: Server #1 broadcasts parameter update
122.309: Server #4 broadcasts parameter update
123.63: Server #7 broadcasts parameter update
124.134: Server #5 broadcasts parameter update
124.644: Server #3 broadcasts parameter update
124.912: Server #2 broadcasts parameter update
124.999: Server #0 broadcasts parameter update
125.149: Server #6 broadcasts parameter update
125.957: Server #1 broadcasts parameter update
126.027: Server #4 broadcasts parameter update
127.221: Server #7 broadcasts parameter update
127.328: Server #5 broadcasts parameter update
127.885: Server #3 broadcasts parameter update
128.544: Server #6 broadcasts parameter update
128.79: Server #0 broadcasts parameter update
129.001: Server #1 broadcasts parameter update
129.015: Server #2 broadcasts parameter update
130.336: Server #5 broadcasts parameter update
130.4: Server #4 broadcasts parameter update
130.442: Server #7 broadcasts parameter update
130.988: Server #3 broadcasts parameter update
132.732: Server #1 broadcasts parameter update
132.887: Server #2 broadcasts parameter update
133.195: Server #6 broadcasts parameter update
133.374: Server #5 broadcasts parameter update
134.014: Server #0 broadcasts parameter update
134.127: Server #7 broadcasts parameter update
134.535: Server #3 broadcasts parameter update
134.576: Server #4 broadcasts parameter update
136.388: Server #2 broadcasts parameter update
136.882: Server #1 broadcasts parameter update
137.3: Server #5 broadcasts parameter update
137.355: Server #6 broadcasts parameter update
137.402: Server #7 broadcasts parameter update
137.679: Server #0 broadcasts parameter update
137.868: Server #4 broadcasts parameter update
138.625: Server #3 broadcasts parameter update
139.812: Server #2 broadcasts parameter update
140.77: Server #6 broadcasts parameter update
140.872: Server #5 broadcasts parameter update
141.193: Server #1 broadcasts parameter update
141.218: Server #7 broadcasts parameter update
141.296: Server #4 broadcasts parameter update
141.576: Server #0 broadcasts parameter update
141.867: Server #3 broadcasts parameter update
143.33: Server #2 broadcasts parameter update
144.203: Server #6 broadcasts parameter update
144.703: Server #5 broadcasts parameter update
144.922: Server #1 broadcasts parameter update
145.204: Server #4 broadcasts parameter update
145.232: Server #7 broadcasts parameter update
145.658: Server #0 broadcasts parameter update
146.009: Server #3 broadcasts parameter update
147.008: Server #2 broadcasts parameter update
147.634: Server #6 broadcasts parameter update
148.386: Server #7 broadcasts parameter update
148.442: Server #5 broadcasts parameter update
148.796: Server #1 broadcasts parameter update
148.872: Server #0 broadcasts parameter update
149.224: Server #3 broadcasts parameter update
149.679: Server #4 broadcasts parameter update
150.288: Server #2 broadcasts parameter update
150.962: Server #6 broadcasts parameter update
151.609: Server #7 broadcasts parameter update
151.946: Server #5 broadcasts parameter update
152.293: Server #1 broadcasts parameter update
153.112: Server #3 broadcasts parameter update
153.16: Server #0 broadcasts parameter update
153.167: Server #4 broadcasts parameter update
153.56: Server #2 broadcasts parameter update
154.714: Server #7 broadcasts parameter update
154.715: Server #6 broadcasts parameter update
155.168: Server #5 broadcasts parameter update
155.466: Server #1 broadcasts parameter update
156.907: Server #4 broadcasts parameter update
157.041: Server #3 broadcasts parameter update
157.41: Server #0 broadcasts parameter update
158.109: Server #2 broadcasts parameter update
158.225: Server #1 broadcasts parameter update
158.915: Server #7 broadcasts parameter update
159.041: Server #6 broadcasts parameter update
159.267: Server #5 broadcasts parameter update
160.603: Server #4 broadcasts parameter update
161.028: Server #0 broadcasts parameter update
161.487: Server #1 broadcasts parameter update
161.89: Server #3 broadcasts parameter update
162.232: Server #2 broadcasts parameter update
162.419: Server #7 broadcasts parameter update
163.411: Server #5 broadcasts parameter update
163.548: Server #6 broadcasts parameter update
163.762: Server #4 broadcasts parameter update
165.066: Server #0 broadcasts parameter update
165.404: Server #1 broadcasts parameter update
165.529: Server #3 broadcasts parameter update
165.896: Server #7 broadcasts parameter update
166.114: Server #2 broadcasts parameter update
166.56: Server #5 broadcasts parameter update
167.584: Server #4 broadcasts parameter update
167.895: Server #6 broadcasts parameter update
168.736: Server #1 broadcasts parameter update
168.84: Server #0 broadcasts parameter update
169.045: Server #7 broadcasts parameter update
169.174: Server #3 broadcasts parameter update
169.876: Server #2 broadcasts parameter update
170.011: Server #5 broadcasts parameter update
171.536: Server #6 broadcasts parameter update
171.647: Server #4 broadcasts parameter update
171.785: Server #1 broadcasts parameter update
172.403: Server #7 broadcasts parameter update
172.628: Server #0 broadcasts parameter update
173.339: Server #3 broadcasts parameter update
173.514: Server #5 broadcasts parameter update
173.566: Server #2 broadcasts parameter update
174.715: Server #1 broadcasts parameter update
175.064: Server #4 broadcasts parameter update
175.729: Server #7 broadcasts parameter update
175.749: Server #6 broadcasts parameter update
176.183: Server #0 broadcasts parameter update
177.248: Server #5 broadcasts parameter update
177.275: Server #3 broadcasts parameter update
177.44: Server #2 broadcasts parameter update
177.783: Server #4 broadcasts parameter update
178.001: Server #1 broadcasts parameter update
179.723: Server #0 broadcasts parameter update
179.946: Server #6 broadcasts parameter update
180.046: Server #7 broadcasts parameter update
180.972: Server #5 broadcasts parameter update
181.254: Server #3 broadcasts parameter update
181.321: Server #2 broadcasts parameter update
181.355: Server #1 broadcasts parameter update
181.545: Server #4 broadcasts parameter update
183.279: Server #0 broadcasts parameter update
183.38: Server #7 broadcasts parameter update
184.397: Server #6 broadcasts parameter update
184.603: Server #5 broadcasts parameter update
184.718: Server #1 broadcasts parameter update
184.873: Server #2 broadcasts parameter update
184.999: Server #3 broadcasts parameter update
185.147: Server #4 broadcasts parameter update
187.425: Server #7 broadcasts parameter update
187.427: Server #0 broadcasts parameter update
187.843: Server #1 broadcasts parameter update
188.143: Server #6 broadcasts parameter update
188.333: Server #4 broadcasts parameter update
188.426: Server #2 broadcasts parameter update
188.657: Server #3 broadcasts parameter update
189.43: Server #5 broadcasts parameter update
190.915: Server #0 broadcasts parameter update
191.139: Server #1 broadcasts parameter update
191.284: Server #7 broadcasts parameter update
191.628: Server #6 broadcasts parameter update
191.807: Server #2 broadcasts parameter update
191.952: Server #4 broadcasts parameter update
192.402: Server #3 broadcasts parameter update
193.027: Server #5 broadcasts parameter update
194.772: Server #1 broadcasts parameter update
194.953: Server #2 broadcasts parameter update
194.977: Server #0 broadcasts parameter update
195.34: Server #7 broadcasts parameter update
195.535: Server #4 broadcasts parameter update
195.857: Server #6 broadcasts parameter update
196.008: Server #5 broadcasts parameter update
196.591: Server #3 broadcasts parameter update
198.645: Server #0 broadcasts parameter update
198.698: Server #7 broadcasts parameter update
198.85: Server #1 broadcasts parameter update
199.024: Server #2 broadcasts parameter update
199.369: Server #5 broadcasts parameter update
199.452: Server #6 broadcasts parameter update
199.455: Server #4 broadcasts parameter update
199.579: Server #3 broadcasts parameter update
202.582: Server #0 broadcasts parameter update
202.653: Server #1 broadcasts parameter update
202.695: Server #6 broadcasts parameter update
202.721: Server #7 broadcasts parameter update
203.019: Server #2 broadcasts parameter update
203.069: Server #3 broadcasts parameter update
203.178: Server #4 broadcasts parameter update
203.62: Server #5 broadcasts parameter update
205.928: Server #0 broadcasts parameter update
206.256: Server #6 broadcasts parameter update
206.629: Server #3 broadcasts parameter update
206.885: Server #4 broadcasts parameter update
207.192: Server #2 broadcasts parameter update
207.356: Server #7 broadcasts parameter update
207.567: Server #5 broadcasts parameter update
208.199: Server #1 broadcasts parameter update
209.026: Server #0 broadcasts parameter update
209.299: Server #6 broadcasts parameter update
210.129: Server #4 broadcasts parameter update
210.497: Server #3 broadcasts parameter update
210.521: Server #2 broadcasts parameter update
211.152: Server #7 broadcasts parameter update
211.527: Server #5 broadcasts parameter update
211.784: Server #1 broadcasts parameter update
212.372: Server #0 broadcasts parameter update
212.889: Server #6 broadcasts parameter update
213.711: Server #4 broadcasts parameter update
214.037: Server #2 broadcasts parameter update
214.722: Server #7 broadcasts parameter update
215.047: Server #3 broadcasts parameter update
215.25: Server #5 broadcasts parameter update
215.671: Server #0 broadcasts parameter update
216.83: Server #6 broadcasts parameter update
216.83: Server #1 broadcasts parameter update
216.93: Server #4 broadcasts parameter update
217.008: Server #2 broadcasts parameter update
218.303: Server #3 broadcasts parameter update
218.342: Server #7 broadcasts parameter update
218.616: Server #0 broadcasts parameter update
218.626: Server #5 broadcasts parameter update
220.374: Server #6 broadcasts parameter update
220.821: Server #2 broadcasts parameter update
220.982: Server #4 broadcasts parameter update
221.194: Server #3 broadcasts parameter update
221.266: Server #1 broadcasts parameter update
222.054: Server #7 broadcasts parameter update
222.234: Server #5 broadcasts parameter update
222.32: Server #0 broadcasts parameter update
223.681: Server #6 broadcasts parameter update
223.889: Server #2 broadcasts parameter update
224.659: Server #4 broadcasts parameter update
225.09: Server #1 broadcasts parameter update
225.386: Server #3 broadcasts parameter update
225.621: Server #7 broadcasts parameter update
225.689: Server #0 broadcasts parameter update
225.705: Server #5 broadcasts parameter update
227.112: Server #2 broadcasts parameter update
227.78: Server #6 broadcasts parameter update
228.729: Server #5 broadcasts parameter update
228.873: Server #4 broadcasts parameter update
229.131: Server #7 broadcasts parameter update
229.25: Server #3 broadcasts parameter update
229.297: Server #0 broadcasts parameter update
229.556: Server #1 broadcasts parameter update
230.12: Server #2 broadcasts parameter update
231.179: Server #6 broadcasts parameter update
232.484: Server #0 broadcasts parameter update
232.568: Server #3 broadcasts parameter update
232.568: Server #5 broadcasts parameter update
233.083: Server #7 broadcasts parameter update
233.588: Server #2 broadcasts parameter update
233.746: Server #1 broadcasts parameter update
234.004: Server #4 broadcasts parameter update
234.777: Server #6 broadcasts parameter update
235.667: Server #0 broadcasts parameter update
235.947: Server #5 broadcasts parameter update
236.376: Server #3 broadcasts parameter update
236.832: Server #7 broadcasts parameter update
236.914: Server #2 broadcasts parameter update
237.404: Server #1 broadcasts parameter update
237.789: Server #4 broadcasts parameter update
238.474: Server #6 broadcasts parameter update
239.273: Server #0 broadcasts parameter update
239.375: Server #5 broadcasts parameter update
240.338: Server #3 broadcasts parameter update
240.46: Server #7 broadcasts parameter update
240.908: Server #2 broadcasts parameter update
241.02: Server #1 broadcasts parameter update
241.738: Server #6 broadcasts parameter update
242.331: Server #4 broadcasts parameter update
242.335: Server #5 broadcasts parameter update
242.771: Server #0 broadcasts parameter update
243.268: Server #3 broadcasts parameter update
244.266: Server #7 broadcasts parameter update
244.817: Server #6 broadcasts parameter update
244.929: Server #2 broadcasts parameter update
245.093: Server #1 broadcasts parameter update
245.557: Server #5 broadcasts parameter update
245.963: Server #0 broadcasts parameter update
246.411: Server #3 broadcasts parameter update
246.956: Server #4 broadcasts parameter update
247.945: Server #7 broadcasts parameter update
248.487: Server #2 broadcasts parameter update
248.74: Server #6 broadcasts parameter update
248.753: Server #1 broadcasts parameter update
249.179: Server #5 broadcasts parameter update
249.61: Server #0 broadcasts parameter update
250.239: Server #3 broadcasts parameter update
250.252: Server #4 broadcasts parameter update
251.41: Server #7 broadcasts parameter update
252.148: Server #6 broadcasts parameter update
252.488: Server #2 broadcasts parameter update
252.584: Server #1 broadcasts parameter update
252.585: Server #5 broadcasts parameter update
253.157: Server #0 broadcasts parameter update
253.781: Server #3 broadcasts parameter update
253.897: Server #4 broadcasts parameter update
254.906: Server #7 broadcasts parameter update
255.351: Server #6 broadcasts parameter update
256.649: Server #5 broadcasts parameter update
256.674: Server #1 broadcasts parameter update
256.865: Server #2 broadcasts parameter update
256.982: Server #3 broadcasts parameter update
257.202: Server #0 broadcasts parameter update
257.549: Server #4 broadcasts parameter update
258.408: Server #7 broadcasts parameter update
259.703: Server #5 broadcasts parameter update
259.817: Server #6 broadcasts parameter update
260.351: Server #2 broadcasts parameter update
260.423: Server #1 broadcasts parameter update
260.63: Server #0 broadcasts parameter update
260.68: Server #3 broadcasts parameter update
261.241: Server #4 broadcasts parameter update
261.707: Server #7 broadcasts parameter update
263.231: Server #6 broadcasts parameter update
263.909: Server #2 broadcasts parameter update
263.981: Server #0 broadcasts parameter update
264.085: Server #1 broadcasts parameter update
264.167: Server #3 broadcasts parameter update
264.377: Server #5 broadcasts parameter update
264.453: Server #4 broadcasts parameter update
265.342: Server #7 broadcasts parameter update
266.611: Server #6 broadcasts parameter update
267.304: Server #2 broadcasts parameter update
267.656: Server #0 broadcasts parameter update
268.071: Server #4 broadcasts parameter update
268.141: Server #3 broadcasts parameter update
268.299: Server #5 broadcasts parameter update
268.431: Server #1 broadcasts parameter update
269.062: Server #7 broadcasts parameter update
269.933: Server #6 broadcasts parameter update
270.573: Server #2 broadcasts parameter update
271.26: Server #0 broadcasts parameter update
271.476: Server #5 broadcasts parameter update
271.782: Server #4 broadcasts parameter update
271.842: Server #1 broadcasts parameter update
272.196: Server #3 broadcasts parameter update
272.643: Server #7 broadcasts parameter update
274.034: Server #2 broadcasts parameter update
274.463: Server #6 broadcasts parameter update
274.862: Server #0 broadcasts parameter update
275.296: Server #1 broadcasts parameter update
275.639: Server #4 broadcasts parameter update
275.788: Server #3 broadcasts parameter update
276.082: Server #5 broadcasts parameter update
276.201: Server #7 broadcasts parameter update
277.41: Server #2 broadcasts parameter update
277.589: Server #6 broadcasts parameter update
278.225: Server #0 broadcasts parameter update
278.9: Server #4 broadcasts parameter update
279.193: Server #1 broadcasts parameter update
279.56: Server #5 broadcasts parameter update
280.157: Server #7 broadcasts parameter update
280.203: Server #3 broadcasts parameter update
280.672: Server #2 broadcasts parameter update
281.047: Server #6 broadcasts parameter update
281.679: Server #0 broadcasts parameter update
282.076: Server #4 broadcasts parameter update
282.85: Server #1 broadcasts parameter update
282.963: Server #5 broadcasts parameter update
283.617: Server #7 broadcasts parameter update
283.881: Server #3 broadcasts parameter update
283.971: Server #2 broadcasts parameter update
284.777: Server #6 broadcasts parameter update
285.578: Server #4 broadcasts parameter update
285.976: Server #0 broadcasts parameter update
286.141: Server #5 broadcasts parameter update
287.227: Server #1 broadcasts parameter update
287.232: Server #7 broadcasts parameter update
287.454: Server #2 broadcasts parameter update
287.681: Server #3 broadcasts parameter update
288.945: Server #6 broadcasts parameter update
289.314: Server #5 broadcasts parameter update
289.374: Server #4 broadcasts parameter update
289.546: Server #0 broadcasts parameter update
290.889: Server #7 broadcasts parameter update
291.038: Server #1 broadcasts parameter update
291.534: Server #3 broadcasts parameter update
291.85: Server #2 broadcasts parameter update
292.403: Server #6 broadcasts parameter update
292.821: Server #4 broadcasts parameter update
292.912: Server #0 broadcasts parameter update
293.375: Server #5 broadcasts parameter update
295.052: Server #7 broadcasts parameter update
295.149: Server #3 broadcasts parameter update
295.471: Server #6 broadcasts parameter update
295.61: Server #0 broadcasts parameter update
295.671: Server #1 broadcasts parameter update
296.032: Server #2 broadcasts parameter update
296.31: Server #4 broadcasts parameter update
297.024: Server #5 broadcasts parameter update
298.384: Server #3 broadcasts parameter update
298.627: Server #7 broadcasts parameter update
298.806: Server #6 broadcasts parameter update
299.351: Server #0 broadcasts parameter update
299.391: Server #1 broadcasts parameter update
299.818: Server #4 broadcasts parameter update
299.907: Server #2 broadcasts parameter update
