Waf: Entering directory `/home/alexander/Documents/ns3/workspace/bake/source/ns-3.29/build'
[2733/2813] Compiling scratch/cs268/cs268.cc
[2769/2813] Linking build/scratch/cs268/cs268
Waf: Leaving directory `/home/alexander/Documents/ns3/workspace/bake/source/ns-3.29/build'
Build commands will be stored in build/compile_commands.json
'build' finished successfully (13.924s)
1.01639: Server #2 broadcasts parameter update
2.73638: Server #2 broadcasts parameter update
4.07333: Server #7 broadcasts parameter update
4.08111: Server #5 broadcasts parameter update
4.08157: Server #0 broadcasts parameter update
4.08177: Server #3 broadcasts parameter update
4.08216: Server #4 broadcasts parameter update
4.08286: Server #1 broadcasts parameter update
4.10866: Server #6 broadcasts parameter update
4.23908: Server #2 broadcasts parameter update
13.7968: Server #2 broadcasts parameter update
16.0035: Server #6 broadcasts parameter update
16.1382: Server #2 broadcasts parameter update
16.2644: Server #3 broadcasts parameter update
16.5051: Server #4 broadcasts parameter update
18.5447: Server #5 broadcasts parameter update
19.036: Server #2 broadcasts parameter update
24.3179: Server #4 broadcasts parameter update
24.4585: Server #2 broadcasts parameter update
26.9273: Server #3 broadcasts parameter update
27.578: Server #4 broadcasts parameter update
28.3003: Server #2 broadcasts parameter update
29.1051: Server #0 broadcasts parameter update
30.2312: Server #6 broadcasts parameter update
30.3091: Server #1 broadcasts parameter update
31.4285: Server #5 broadcasts parameter update
32.5482: Server #4 broadcasts parameter update
37.1554: Server #7 broadcasts parameter update
39.1496: Server #5 broadcasts parameter update
39.5919: Server #3 broadcasts parameter update
39.8061: Server #0 broadcasts parameter update
40.1345: Server #4 broadcasts parameter update
40.5543: Server #7 broadcasts parameter update
41.3557: Server #2 broadcasts parameter update
46.7522: Server #5 broadcasts parameter update
47.8807: Server #4 broadcasts parameter update
48.0924: Server #7 broadcasts parameter update
48.9734: Server #0 broadcasts parameter update
52.6831: Server #2 broadcasts parameter update
53.2344: Server #6 broadcasts parameter update
53.7424: Server #7 broadcasts parameter update
54.0167: Server #5 broadcasts parameter update
54.9003: Server #3 broadcasts parameter update
55.231: Server #0 broadcasts parameter update
60.475: Server #4 broadcasts parameter update
61.3339: Server #5 broadcasts parameter update
61.5238: Server #2 broadcasts parameter update
62.2548: Server #0 broadcasts parameter update
63.1357: Server #1 broadcasts parameter update
63.7357: Server #6 broadcasts parameter update
65.3627: Server #7 broadcasts parameter update
68.1406: Server #4 broadcasts parameter update
71.8901: Server #6 broadcasts parameter update
72.2233: Server #0 broadcasts parameter update
72.5662: Server #3 broadcasts parameter update
72.8342: Server #2 broadcasts parameter update
73.2563: Server #5 broadcasts parameter update
74.9507: Server #7 broadcasts parameter update
80.9231: Server #7 broadcasts parameter update
80.9298: Server #6 broadcasts parameter update
81.2527: Server #5 broadcasts parameter update
81.3029: Server #4 broadcasts parameter update
82.055: Server #3 broadcasts parameter update
82.7084: Server #2 broadcasts parameter update
83.672: Server #0 broadcasts parameter update
89.4217: Server #3 broadcasts parameter update
91.5968: Server #2 broadcasts parameter update
91.7414: Server #7 broadcasts parameter update
92.0049: Server #5 broadcasts parameter update
92.7812: Server #4 broadcasts parameter update
92.9237: Server #6 broadcasts parameter update
94.7328: Server #3 broadcasts parameter update
99.0053: Server #2 broadcasts parameter update
99.966: Server #6 broadcasts parameter update
100.678: Server #0 broadcasts parameter update
101.333: Server #3 broadcasts parameter update
101.335: Server #1 broadcasts parameter update
103.526: Server #4 broadcasts parameter update
105.437: Server #5 broadcasts parameter update
105.9: Server #7 broadcasts parameter update
106.819: Server #0 broadcasts parameter update
107.676: Server #2 broadcasts parameter update
111.58: Server #3 broadcasts parameter update
111.979: Server #6 broadcasts parameter update
116.058: Server #0 broadcasts parameter update
117.417: Server #5 broadcasts parameter update
117.417: Server #6 broadcasts parameter update
118.02: Server #4 broadcasts parameter update
118.262: Server #3 broadcasts parameter update
120.548: Server #2 broadcasts parameter update
123.187: Server #0 broadcasts parameter update
123.829: Server #4 broadcasts parameter update
126.629: Server #6 broadcasts parameter update
126.696: Server #1 broadcasts parameter update
128.283: Server #5 broadcasts parameter update
129.56: Server #4 broadcasts parameter update
129.597: Server #3 broadcasts parameter update
130.14: Server #2 broadcasts parameter update
130.806: Server #7 broadcasts parameter update
134.171: Server #0 broadcasts parameter update
134.233: Server #1 broadcasts parameter update
138.872: Server #5 broadcasts parameter update
138.982: Server #2 broadcasts parameter update
139.785: Server #3 broadcasts parameter update
140.851: Server #4 broadcasts parameter update
140.942: Server #7 broadcasts parameter update
143.285: Server #6 broadcasts parameter update
144.507: Server #1 broadcasts parameter update
146.714: Server #3 broadcasts parameter update
147.255: Server #0 broadcasts parameter update
151.047: Server #7 broadcasts parameter update
151.618: Server #4 broadcasts parameter update
152.136: Server #5 broadcasts parameter update
154.013: Server #6 broadcasts parameter update
155.925: Server #0 broadcasts parameter update
156.013: Server #3 broadcasts parameter update
158.808: Server #5 broadcasts parameter update
159.246: Server #2 broadcasts parameter update
159.937: Server #1 broadcasts parameter update
162.796: Server #6 broadcasts parameter update
163.712: Server #7 broadcasts parameter update
164.54: Server #0 broadcasts parameter update
165.653: Server #3 broadcasts parameter update
166.405: Server #4 broadcasts parameter update
167.582: Server #5 broadcasts parameter update
168.277: Server #1 broadcasts parameter update
169.449: Server #2 broadcasts parameter update
172.43: Server #0 broadcasts parameter update
172.541: Server #6 broadcasts parameter update
177.073: Server #4 broadcasts parameter update
177.977: Server #1 broadcasts parameter update
178.061: Server #3 broadcasts parameter update
179.149: Server #5 broadcasts parameter update
181.148: Server #2 broadcasts parameter update
181.662: Server #6 broadcasts parameter update
185.133: Server #4 broadcasts parameter update
186.926: Server #7 broadcasts parameter update
188.071: Server #6 broadcasts parameter update
188.242: Server #0 broadcasts parameter update
188.963: Server #5 broadcasts parameter update
189.176: Server #1 broadcasts parameter update
189.772: Server #2 broadcasts parameter update
190.149: Server #3 broadcasts parameter update
192.012: Server #4 broadcasts parameter update
197.223: Server #1 broadcasts parameter update
198.26: Server #7 broadcasts parameter update
199.156: Server #2 broadcasts parameter update
201.939: Server #5 broadcasts parameter update
202.589: Server #6 broadcasts parameter update
203.995: Server #4 broadcasts parameter update
203.996: Server #7 broadcasts parameter update
204.158: Server #3 broadcasts parameter update
206.252: Server #1 broadcasts parameter update
208.479: Server #2 broadcasts parameter update
211.01: Server #0 broadcasts parameter update
211.41: Server #4 broadcasts parameter update
211.628: Server #5 broadcasts parameter update
214.546: Server #6 broadcasts parameter update
214.925: Server #1 broadcasts parameter update
217.822: Server #7 broadcasts parameter update
218.064: Server #4 broadcasts parameter update
219.912: Server #3 broadcasts parameter update
220.058: Server #2 broadcasts parameter update
220.248: Server #0 broadcasts parameter update
224.211: Server #5 broadcasts parameter update
226.979: Server #0 broadcasts parameter update
227.886: Server #4 broadcasts parameter update
227.927: Server #7 broadcasts parameter update
227.973: Server #3 broadcasts parameter update
229.103: Server #6 broadcasts parameter update
230.458: Server #5 broadcasts parameter update
231.942: Server #1 broadcasts parameter update
235.474: Server #4 broadcasts parameter update
237.835: Server #5 broadcasts parameter update
238.826: Server #0 broadcasts parameter update
239.059: Server #7 broadcasts parameter update
240.029: Server #3 broadcasts parameter update
241.741: Server #4 broadcasts parameter update
242.285: Server #1 broadcasts parameter update
242.88: Server #6 broadcasts parameter update
244.98: Server #2 broadcasts parameter update
245.888: Server #0 broadcasts parameter update
249.687: Server #3 broadcasts parameter update
251.322: Server #1 broadcasts parameter update
252.435: Server #4 broadcasts parameter update
252.468: Server #6 broadcasts parameter update
252.589: Server #5 broadcasts parameter update
252.956: Server #7 broadcasts parameter update
253.677: Server #2 broadcasts parameter update
254.906: Server #0 broadcasts parameter update
260.401: Server #1 broadcasts parameter update
261.472: Server #5 broadcasts parameter update
263.235: Server #0 broadcasts parameter update
263.852: Server #3 broadcasts parameter update
264.489: Server #2 broadcasts parameter update
265.044: Server #4 broadcasts parameter update
265.679: Server #1 broadcasts parameter update
266.248: Server #6 broadcasts parameter update
266.543: Server #7 broadcasts parameter update
271.733: Server #5 broadcasts parameter update
272.682: Server #3 broadcasts parameter update
273.264: Server #2 broadcasts parameter update
274.661: Server #1 broadcasts parameter update
278.603: Server #6 broadcasts parameter update
279.124: Server #4 broadcasts parameter update
280.641: Server #5 broadcasts parameter update
281.148: Server #7 broadcasts parameter update
282.792: Server #3 broadcasts parameter update
285: Server #2 broadcasts parameter update
286.425: Server #1 broadcasts parameter update
287.561: Server #6 broadcasts parameter update
288.49: Server #4 broadcasts parameter update
288.75: Server #0 broadcasts parameter update
289.118: Server #3 broadcasts parameter update
289.892: Server #5 broadcasts parameter update
292.959: Server #2 broadcasts parameter update
295.096: Server #7 broadcasts parameter update
295.745: Server #1 broadcasts parameter update
297.074: Server #6 broadcasts parameter update
299.349: Server #0 broadcasts parameter update
