Waf: Entering directory `/home/alexander/Documents/ns3/workspace/bake/source/ns-3.29/build'
[2734/2813] Compiling scratch/cs268/cs268.cc
[2769/2813] Linking build/scratch/cs268/cs268
Waf: Leaving directory `/home/alexander/Documents/ns3/workspace/bake/source/ns-3.29/build'
Build commands will be stored in build/compile_commands.json
'build' finished successfully (13.960s)
1.01088: Server #4 broadcasts parameter update
1.0128: Server #7 broadcasts parameter update
1.0139: Server #5 broadcasts parameter update
1.01605: Server #2 broadcasts parameter update
1.01676: Server #3 broadcasts parameter update
1.01776: Server #0 broadcasts parameter update
1.01789: Server #6 broadcasts parameter update
1.01876: Server #1 broadcasts parameter update
2.7321: Server #5 broadcasts parameter update
2.76257: Server #6 broadcasts parameter update
2.7661: Server #1 broadcasts parameter update
2.78827: Server #4 broadcasts parameter update
2.82803: Server #3 broadcasts parameter update
3.30576: Server #7 broadcasts parameter update
3.40385: Server #2 broadcasts parameter update
3.50217: Server #0 broadcasts parameter update
4.30321: Server #1 broadcasts parameter update
4.35053: Server #4 broadcasts parameter update
4.78731: Server #6 broadcasts parameter update
4.79404: Server #3 broadcasts parameter update
4.89895: Server #5 broadcasts parameter update
5.04556: Server #7 broadcasts parameter update
5.13279: Server #2 broadcasts parameter update
5.21505: Server #0 broadcasts parameter update
6.33144: Server #6 broadcasts parameter update
6.36627: Server #4 broadcasts parameter update
6.50928: Server #5 broadcasts parameter update
6.53584: Server #1 broadcasts parameter update
6.74731: Server #0 broadcasts parameter update
7.07929: Server #7 broadcasts parameter update
7.24891: Server #3 broadcasts parameter update
7.47295: Server #2 broadcasts parameter update
8.23302: Server #5 broadcasts parameter update
8.51853: Server #4 broadcasts parameter update
8.80719: Server #1 broadcasts parameter update
9.07518: Server #0 broadcasts parameter update
9.14502: Server #3 broadcasts parameter update
9.26174: Server #6 broadcasts parameter update
9.27286: Server #7 broadcasts parameter update
9.51219: Server #2 broadcasts parameter update
9.90593: Server #5 broadcasts parameter update
10.277: Server #4 broadcasts parameter update
10.5177: Server #1 broadcasts parameter update
10.6166: Server #0 broadcasts parameter update
10.9926: Server #7 broadcasts parameter update
11.0467: Server #6 broadcasts parameter update
11.1385: Server #3 broadcasts parameter update
11.3409: Server #2 broadcasts parameter update
11.7322: Server #5 broadcasts parameter update
12.1074: Server #4 broadcasts parameter update
12.1339: Server #0 broadcasts parameter update
12.5574: Server #1 broadcasts parameter update
12.6872: Server #6 broadcasts parameter update
12.7803: Server #7 broadcasts parameter update
13.1857: Server #2 broadcasts parameter update
13.665: Server #3 broadcasts parameter update
13.7087: Server #5 broadcasts parameter update
13.895: Server #4 broadcasts parameter update
13.9566: Server #0 broadcasts parameter update
14.4152: Server #6 broadcasts parameter update
14.4408: Server #7 broadcasts parameter update
14.4705: Server #1 broadcasts parameter update
14.7873: Server #2 broadcasts parameter update
15.2706: Server #3 broadcasts parameter update
15.5169: Server #0 broadcasts parameter update
15.5814: Server #4 broadcasts parameter update
15.6421: Server #5 broadcasts parameter update
16.0962: Server #1 broadcasts parameter update
16.1625: Server #7 broadcasts parameter update
16.4479: Server #6 broadcasts parameter update
16.6054: Server #2 broadcasts parameter update
17.0391: Server #0 broadcasts parameter update
17.2497: Server #3 broadcasts parameter update
17.3474: Server #5 broadcasts parameter update
17.58: Server #4 broadcasts parameter update
17.7004: Server #1 broadcasts parameter update
18.1193: Server #6 broadcasts parameter update
18.2596: Server #7 broadcasts parameter update
18.4822: Server #2 broadcasts parameter update
18.9362: Server #3 broadcasts parameter update
18.9871: Server #0 broadcasts parameter update
19.2597: Server #5 broadcasts parameter update
19.3597: Server #4 broadcasts parameter update
19.6909: Server #1 broadcasts parameter update
19.9836: Server #6 broadcasts parameter update
20.0966: Server #7 broadcasts parameter update
20.1483: Server #2 broadcasts parameter update
20.5376: Server #0 broadcasts parameter update
20.8346: Server #3 broadcasts parameter update
20.9384: Server #5 broadcasts parameter update
21.3371: Server #4 broadcasts parameter update
21.3647: Server #1 broadcasts parameter update
21.56: Server #6 broadcasts parameter update
21.852: Server #7 broadcasts parameter update
22.3681: Server #2 broadcasts parameter update
22.4504: Server #0 broadcasts parameter update
22.528: Server #5 broadcasts parameter update
22.9039: Server #3 broadcasts parameter update
23.1778: Server #4 broadcasts parameter update
23.2412: Server #1 broadcasts parameter update
23.5639: Server #7 broadcasts parameter update
23.6264: Server #6 broadcasts parameter update
24.1172: Server #0 broadcasts parameter update
24.1881: Server #2 broadcasts parameter update
24.1969: Server #5 broadcasts parameter update
24.624: Server #3 broadcasts parameter update
24.9088: Server #1 broadcasts parameter update
25.1718: Server #4 broadcasts parameter update
25.2926: Server #6 broadcasts parameter update
25.6593: Server #7 broadcasts parameter update
25.8185: Server #5 broadcasts parameter update
26.081: Server #0 broadcasts parameter update
26.2051: Server #2 broadcasts parameter update
26.3302: Server #3 broadcasts parameter update
26.682: Server #1 broadcasts parameter update
27.1734: Server #4 broadcasts parameter update
27.6055: Server #5 broadcasts parameter update
27.7277: Server #7 broadcasts parameter update
27.8868: Server #2 broadcasts parameter update
27.9352: Server #0 broadcasts parameter update
28.0077: Server #3 broadcasts parameter update
28.3199: Server #6 broadcasts parameter update
28.3493: Server #1 broadcasts parameter update
28.9033: Server #4 broadcasts parameter update
29.2407: Server #5 broadcasts parameter update
29.4476: Server #0 broadcasts parameter update
29.4837: Server #7 broadcasts parameter update
29.6674: Server #2 broadcasts parameter update
29.8226: Server #3 broadcasts parameter update
29.9435: Server #6 broadcasts parameter update
30.3441: Server #1 broadcasts parameter update
30.7756: Server #4 broadcasts parameter update
30.8594: Server #5 broadcasts parameter update
31.2116: Server #7 broadcasts parameter update
31.5736: Server #0 broadcasts parameter update
31.5905: Server #3 broadcasts parameter update
31.671: Server #2 broadcasts parameter update
31.8185: Server #6 broadcasts parameter update
32.0908: Server #1 broadcasts parameter update
32.4913: Server #4 broadcasts parameter update
32.7327: Server #5 broadcasts parameter update
32.8296: Server #7 broadcasts parameter update
33.0856: Server #0 broadcasts parameter update
33.4637: Server #2 broadcasts parameter update
33.5966: Server #6 broadcasts parameter update
33.6047: Server #3 broadcasts parameter update
33.8264: Server #1 broadcasts parameter update
34.2028: Server #4 broadcasts parameter update
34.3396: Server #5 broadcasts parameter update
34.513: Server #7 broadcasts parameter update
34.9736: Server #0 broadcasts parameter update
35.3394: Server #2 broadcasts parameter update
35.4538: Server #6 broadcasts parameter update
35.5962: Server #3 broadcasts parameter update
35.7947: Server #1 broadcasts parameter update
36.0945: Server #7 broadcasts parameter update
36.1097: Server #5 broadcasts parameter update
36.114: Server #4 broadcasts parameter update
37.2962: Server #2 broadcasts parameter update
37.3054: Server #0 broadcasts parameter update
37.3057: Server #3 broadcasts parameter update
37.4323: Server #6 broadcasts parameter update
37.6919: Server #1 broadcasts parameter update
37.7136: Server #5 broadcasts parameter update
37.8128: Server #4 broadcasts parameter update
37.8684: Server #7 broadcasts parameter update
39.0497: Server #3 broadcasts parameter update
39.2477: Server #2 broadcasts parameter update
39.3177: Server #6 broadcasts parameter update
39.3693: Server #0 broadcasts parameter update
39.4921: Server #4 broadcasts parameter update
39.4971: Server #1 broadcasts parameter update
39.6144: Server #7 broadcasts parameter update
39.6287: Server #5 broadcasts parameter update
40.7613: Server #3 broadcasts parameter update
40.893: Server #0 broadcasts parameter update
40.9856: Server #2 broadcasts parameter update
41.0534: Server #4 broadcasts parameter update
41.1824: Server #6 broadcasts parameter update
41.2856: Server #5 broadcasts parameter update
41.5553: Server #7 broadcasts parameter update
41.5698: Server #1 broadcasts parameter update
42.4703: Server #3 broadcasts parameter update
42.6856: Server #2 broadcasts parameter update
42.8412: Server #0 broadcasts parameter update
42.9228: Server #5 broadcasts parameter update
43.0269: Server #6 broadcasts parameter update
43.0678: Server #4 broadcasts parameter update
43.2629: Server #7 broadcasts parameter update
43.4825: Server #1 broadcasts parameter update
44.386: Server #0 broadcasts parameter update
44.4267: Server #3 broadcasts parameter update
44.5016: Server #2 broadcasts parameter update
44.5681: Server #5 broadcasts parameter update
44.8768: Server #7 broadcasts parameter update
44.9002: Server #4 broadcasts parameter update
44.9311: Server #6 broadcasts parameter update
45.1264: Server #1 broadcasts parameter update
46.0501: Server #3 broadcasts parameter update
46.1122: Server #5 broadcasts parameter update
46.2992: Server #0 broadcasts parameter update
46.4817: Server #2 broadcasts parameter update
46.507: Server #6 broadcasts parameter update
46.5608: Server #7 broadcasts parameter update
46.631: Server #4 broadcasts parameter update
47.0265: Server #1 broadcasts parameter update
47.6743: Server #3 broadcasts parameter update
47.8658: Server #0 broadcasts parameter update
48.0454: Server #6 broadcasts parameter update
48.1859: Server #5 broadcasts parameter update
48.2149: Server #2 broadcasts parameter update
48.4238: Server #4 broadcasts parameter update
48.5099: Server #7 broadcasts parameter update
48.7191: Server #1 broadcasts parameter update
49.4337: Server #0 broadcasts parameter update
49.6724: Server #3 broadcasts parameter update
49.8345: Server #2 broadcasts parameter update
49.9613: Server #5 broadcasts parameter update
50.1643: Server #7 broadcasts parameter update
50.2187: Server #4 broadcasts parameter update
50.2373: Server #6 broadcasts parameter update
50.4007: Server #1 broadcasts parameter update
51.3161: Server #0 broadcasts parameter update
51.4707: Server #2 broadcasts parameter update
51.6579: Server #3 broadcasts parameter update
52.04: Server #6 broadcasts parameter update
52.0575: Server #7 broadcasts parameter update
52.0634: Server #5 broadcasts parameter update
52.0976: Server #1 broadcasts parameter update
52.2452: Server #4 broadcasts parameter update
53.2563: Server #2 broadcasts parameter update
53.3239: Server #3 broadcasts parameter update
53.6949: Server #0 broadcasts parameter update
53.9146: Server #7 broadcasts parameter update
53.9728: Server #1 broadcasts parameter update
54.0337: Server #5 broadcasts parameter update
54.1282: Server #4 broadcasts parameter update
54.2723: Server #6 broadcasts parameter update
54.936: Server #2 broadcasts parameter update
55.0577: Server #3 broadcasts parameter update
55.2199: Server #0 broadcasts parameter update
55.6007: Server #1 broadcasts parameter update
55.6919: Server #7 broadcasts parameter update
55.7944: Server #5 broadcasts parameter update
55.8: Server #6 broadcasts parameter update
56.0025: Server #4 broadcasts parameter update
56.9205: Server #3 broadcasts parameter update
56.9728: Server #2 broadcasts parameter update
56.9873: Server #0 broadcasts parameter update
57.3387: Server #7 broadcasts parameter update
57.575: Server #5 broadcasts parameter update
57.6492: Server #1 broadcasts parameter update
57.8367: Server #6 broadcasts parameter update
58.007: Server #4 broadcasts parameter update
58.5677: Server #3 broadcasts parameter update
58.7446: Server #2 broadcasts parameter update
58.9645: Server #7 broadcasts parameter update
59.1723: Server #0 broadcasts parameter update
59.2468: Server #5 broadcasts parameter update
59.3043: Server #1 broadcasts parameter update
59.3932: Server #6 broadcasts parameter update
59.986: Server #4 broadcasts parameter update
60.232: Server #3 broadcasts parameter update
60.7245: Server #0 broadcasts parameter update
60.7443: Server #2 broadcasts parameter update
60.8482: Server #7 broadcasts parameter update
60.8945: Server #6 broadcasts parameter update
60.9985: Server #1 broadcasts parameter update
61.2317: Server #5 broadcasts parameter update
61.9545: Server #4 broadcasts parameter update
61.995: Server #3 broadcasts parameter update
62.398: Server #2 broadcasts parameter update
62.4343: Server #6 broadcasts parameter update
62.4555: Server #0 broadcasts parameter update
62.7015: Server #7 broadcasts parameter update
62.801: Server #1 broadcasts parameter update
63.1242: Server #5 broadcasts parameter update
63.8967: Server #4 broadcasts parameter update
63.9834: Server #3 broadcasts parameter update
64.0278: Server #2 broadcasts parameter update
64.2273: Server #0 broadcasts parameter update
64.4806: Server #7 broadcasts parameter update
64.5957: Server #1 broadcasts parameter update
64.7613: Server #6 broadcasts parameter update
65.1236: Server #5 broadcasts parameter update
65.6825: Server #4 broadcasts parameter update
65.6981: Server #3 broadcasts parameter update
65.7745: Server #0 broadcasts parameter update
65.813: Server #2 broadcasts parameter update
66.243: Server #7 broadcasts parameter update
66.5202: Server #1 broadcasts parameter update
66.7066: Server #5 broadcasts parameter update
66.7899: Server #6 broadcasts parameter update
67.447: Server #0 broadcasts parameter update
67.4703: Server #3 broadcasts parameter update
67.518: Server #4 broadcasts parameter update
67.5739: Server #2 broadcasts parameter update
68.2155: Server #7 broadcasts parameter update
68.3306: Server #6 broadcasts parameter update
68.3593: Server #1 broadcasts parameter update
68.7291: Server #5 broadcasts parameter update
68.9875: Server #0 broadcasts parameter update
69.152: Server #3 broadcasts parameter update
69.4821: Server #4 broadcasts parameter update
69.8923: Server #7 broadcasts parameter update
70.1525: Server #6 broadcasts parameter update
70.215: Server #1 broadcasts parameter update
70.6632: Server #2 broadcasts parameter update
70.7898: Server #5 broadcasts parameter update
70.9072: Server #0 broadcasts parameter update
71.1838: Server #3 broadcasts parameter update
71.2178: Server #4 broadcasts parameter update
71.6798: Server #7 broadcasts parameter update
71.912: Server #1 broadcasts parameter update
71.9556: Server #6 broadcasts parameter update
72.5999: Server #2 broadcasts parameter update
72.6352: Server #5 broadcasts parameter update
72.7291: Server #0 broadcasts parameter update
72.7458: Server #3 broadcasts parameter update
72.8697: Server #4 broadcasts parameter update
73.4337: Server #7 broadcasts parameter update
73.4995: Server #6 broadcasts parameter update
73.6199: Server #1 broadcasts parameter update
74.3703: Server #2 broadcasts parameter update
74.464: Server #5 broadcasts parameter update
74.4641: Server #3 broadcasts parameter update
74.5483: Server #0 broadcasts parameter update
74.6824: Server #4 broadcasts parameter update
75.0198: Server #6 broadcasts parameter update
75.2042: Server #7 broadcasts parameter update
75.3619: Server #1 broadcasts parameter update
76.0664: Server #2 broadcasts parameter update
76.0959: Server #5 broadcasts parameter update
76.2049: Server #3 broadcasts parameter update
76.2406: Server #0 broadcasts parameter update
76.2702: Server #4 broadcasts parameter update
76.9482: Server #7 broadcasts parameter update
76.97: Server #6 broadcasts parameter update
77.1516: Server #1 broadcasts parameter update
77.7555: Server #5 broadcasts parameter update
77.7952: Server #0 broadcasts parameter update
77.8668: Server #3 broadcasts parameter update
78.0107: Server #4 broadcasts parameter update
78.0272: Server #2 broadcasts parameter update
78.5255: Server #6 broadcasts parameter update
78.6237: Server #7 broadcasts parameter update
78.861: Server #1 broadcasts parameter update
79.3227: Server #0 broadcasts parameter update
79.4795: Server #3 broadcasts parameter update
79.6946: Server #4 broadcasts parameter update
79.7525: Server #5 broadcasts parameter update
79.9965: Server #2 broadcasts parameter update
80.0667: Server #6 broadcasts parameter update
80.5138: Server #7 broadcasts parameter update
80.5192: Server #1 broadcasts parameter update
80.9762: Server #0 broadcasts parameter update
81.0987: Server #3 broadcasts parameter update
81.6142: Server #6 broadcasts parameter update
81.7358: Server #5 broadcasts parameter update
81.8389: Server #2 broadcasts parameter update
82.2094: Server #7 broadcasts parameter update
82.2372: Server #1 broadcasts parameter update
82.4882: Server #4 broadcasts parameter update
82.5199: Server #0 broadcasts parameter update
82.7838: Server #3 broadcasts parameter update
83.4294: Server #6 broadcasts parameter update
83.4396: Server #2 broadcasts parameter update
83.9045: Server #7 broadcasts parameter update
83.9592: Server #1 broadcasts parameter update
84.202: Server #4 broadcasts parameter update
84.2495: Server #5 broadcasts parameter update
84.3677: Server #3 broadcasts parameter update
84.5061: Server #0 broadcasts parameter update
85.1494: Server #2 broadcasts parameter update
85.4327: Server #6 broadcasts parameter update
85.7553: Server #7 broadcasts parameter update
85.992: Server #1 broadcasts parameter update
86.0362: Server #0 broadcasts parameter update
86.0583: Server #3 broadcasts parameter update
86.1046: Server #4 broadcasts parameter update
86.8613: Server #5 broadcasts parameter update
86.9085: Server #2 broadcasts parameter update
86.9681: Server #6 broadcasts parameter update
87.5534: Server #0 broadcasts parameter update
87.6276: Server #7 broadcasts parameter update
87.7864: Server #1 broadcasts parameter update
87.8264: Server #4 broadcasts parameter update
87.8479: Server #3 broadcasts parameter update
88.4372: Server #5 broadcasts parameter update
88.6299: Server #2 broadcasts parameter update
88.9733: Server #6 broadcasts parameter update
89.0863: Server #0 broadcasts parameter update
89.3858: Server #1 broadcasts parameter update
89.4908: Server #3 broadcasts parameter update
89.7482: Server #7 broadcasts parameter update
89.7707: Server #4 broadcasts parameter update
89.961: Server #5 broadcasts parameter update
90.3236: Server #2 broadcasts parameter update
90.749: Server #6 broadcasts parameter update
91.0906: Server #0 broadcasts parameter update
91.2215: Server #1 broadcasts parameter update
91.4459: Server #3 broadcasts parameter update
91.5046: Server #5 broadcasts parameter update
91.6465: Server #4 broadcasts parameter update
91.9421: Server #7 broadcasts parameter update
92.0784: Server #2 broadcasts parameter update
92.2779: Server #6 broadcasts parameter update
92.8846: Server #1 broadcasts parameter update
93.0153: Server #0 broadcasts parameter update
93.163: Server #5 broadcasts parameter update
93.25: Server #3 broadcasts parameter update
93.4027: Server #4 broadcasts parameter update
93.7572: Server #2 broadcasts parameter update
93.7823: Server #7 broadcasts parameter update
94.0515: Server #6 broadcasts parameter update
94.4727: Server #1 broadcasts parameter update
94.5569: Server #0 broadcasts parameter update
94.7107: Server #5 broadcasts parameter update
95.2528: Server #4 broadcasts parameter update
95.309: Server #7 broadcasts parameter update
95.3172: Server #3 broadcasts parameter update
95.5925: Server #2 broadcasts parameter update
95.7809: Server #6 broadcasts parameter update
96.0595: Server #1 broadcasts parameter update
96.224: Server #5 broadcasts parameter update
96.6185: Server #0 broadcasts parameter update
96.8274: Server #7 broadcasts parameter update
97.1043: Server #3 broadcasts parameter update
97.3165: Server #6 broadcasts parameter update
97.3999: Server #2 broadcasts parameter update
97.566: Server #4 broadcasts parameter update
97.6534: Server #1 broadcasts parameter update
98.0033: Server #5 broadcasts parameter update
98.3715: Server #7 broadcasts parameter update
98.6119: Server #0 broadcasts parameter update
98.8503: Server #6 broadcasts parameter update
98.9428: Server #3 broadcasts parameter update
99.3149: Server #2 broadcasts parameter update
99.3272: Server #1 broadcasts parameter update
99.5218: Server #4 broadcasts parameter update
100.16: Server #5 broadcasts parameter update
100.349: Server #7 broadcasts parameter update
100.372: Server #6 broadcasts parameter update
100.491: Server #0 broadcasts parameter update
100.755: Server #3 broadcasts parameter update
101.071: Server #2 broadcasts parameter update
101.27: Server #4 broadcasts parameter update
101.289: Server #1 broadcasts parameter update
101.873: Server #7 broadcasts parameter update
102.028: Server #0 broadcasts parameter update
102.059: Server #5 broadcasts parameter update
102.293: Server #6 broadcasts parameter update
102.833: Server #3 broadcasts parameter update
102.868: Server #2 broadcasts parameter update
102.927: Server #4 broadcasts parameter update
103.008: Server #1 broadcasts parameter update
103.388: Server #7 broadcasts parameter update
103.612: Server #5 broadcasts parameter update
103.84: Server #0 broadcasts parameter update
104.456: Server #2 broadcasts parameter update
104.575: Server #4 broadcasts parameter update
104.715: Server #1 broadcasts parameter update
104.728: Server #6 broadcasts parameter update
104.813: Server #3 broadcasts parameter update
105.156: Server #5 broadcasts parameter update
105.324: Server #7 broadcasts parameter update
105.371: Server #0 broadcasts parameter update
106.259: Server #6 broadcasts parameter update
106.272: Server #4 broadcasts parameter update
106.281: Server #1 broadcasts parameter update
106.347: Server #2 broadcasts parameter update
106.426: Server #3 broadcasts parameter update
106.937: Server #0 broadcasts parameter update
107.123: Server #5 broadcasts parameter update
107.264: Server #7 broadcasts parameter update
107.906: Server #2 broadcasts parameter update
107.97: Server #6 broadcasts parameter update
108.036: Server #3 broadcasts parameter update
108.056: Server #1 broadcasts parameter update
108.528: Server #4 broadcasts parameter update
108.766: Server #5 broadcasts parameter update
108.807: Server #0 broadcasts parameter update
109.132: Server #7 broadcasts parameter update
109.513: Server #6 broadcasts parameter update
109.648: Server #2 broadcasts parameter update
109.773: Server #1 broadcasts parameter update
110.217: Server #4 broadcasts parameter update
110.308: Server #3 broadcasts parameter update
110.343: Server #0 broadcasts parameter update
110.345: Server #5 broadcasts parameter update
110.647: Server #7 broadcasts parameter update
111.204: Server #2 broadcasts parameter update
111.38: Server #6 broadcasts parameter update
111.701: Server #1 broadcasts parameter update
111.866: Server #5 broadcasts parameter update
111.877: Server #0 broadcasts parameter update
111.994: Server #3 broadcasts parameter update
111.997: Server #4 broadcasts parameter update
112.782: Server #7 broadcasts parameter update
113.26: Server #6 broadcasts parameter update
113.279: Server #2 broadcasts parameter update
113.364: Server #1 broadcasts parameter update
113.438: Server #0 broadcasts parameter update
113.705: Server #5 broadcasts parameter update
114.025: Server #4 broadcasts parameter update
114.038: Server #3 broadcasts parameter update
114.777: Server #6 broadcasts parameter update
114.803: Server #7 broadcasts parameter update
114.83: Server #2 broadcasts parameter update
114.966: Server #0 broadcasts parameter update
115.362: Server #5 broadcasts parameter update
115.706: Server #4 broadcasts parameter update
115.845: Server #1 broadcasts parameter update
115.914: Server #3 broadcasts parameter update
116.344: Server #7 broadcasts parameter update
116.353: Server #2 broadcasts parameter update
116.913: Server #5 broadcasts parameter update
117.134: Server #0 broadcasts parameter update
117.165: Server #6 broadcasts parameter update
117.484: Server #3 broadcasts parameter update
117.542: Server #4 broadcasts parameter update
117.72: Server #1 broadcasts parameter update
117.88: Server #7 broadcasts parameter update
118.246: Server #2 broadcasts parameter update
118.487: Server #5 broadcasts parameter update
118.665: Server #0 broadcasts parameter update
119.023: Server #3 broadcasts parameter update
119.196: Server #6 broadcasts parameter update
119.259: Server #4 broadcasts parameter update
119.368: Server #1 broadcasts parameter update
119.391: Server #7 broadcasts parameter update
120.066: Server #5 broadcasts parameter update
120.134: Server #2 broadcasts parameter update
120.161: Server #0 broadcasts parameter update
120.894: Server #4 broadcasts parameter update
120.942: Server #3 broadcasts parameter update
120.945: Server #7 broadcasts parameter update
121.195: Server #6 broadcasts parameter update
121.229: Server #1 broadcasts parameter update
121.626: Server #5 broadcasts parameter update
121.708: Server #0 broadcasts parameter update
122.117: Server #2 broadcasts parameter update
122.482: Server #7 broadcasts parameter update
122.744: Server #6 broadcasts parameter update
122.769: Server #1 broadcasts parameter update
122.825: Server #3 broadcasts parameter update
122.921: Server #4 broadcasts parameter update
123.512: Server #5 broadcasts parameter update
123.829: Server #0 broadcasts parameter update
123.964: Server #2 broadcasts parameter update
124.238: Server #7 broadcasts parameter update
124.259: Server #6 broadcasts parameter update
124.322: Server #1 broadcasts parameter update
124.345: Server #3 broadcasts parameter update
124.503: Server #4 broadcasts parameter update
125.065: Server #5 broadcasts parameter update
125.508: Server #2 broadcasts parameter update
125.74: Server #7 broadcasts parameter update
125.789: Server #6 broadcasts parameter update
125.837: Server #0 broadcasts parameter update
125.852: Server #1 broadcasts parameter update
126.08: Server #3 broadcasts parameter update
126.286: Server #4 broadcasts parameter update
126.594: Server #5 broadcasts parameter update
127.059: Server #2 broadcasts parameter update
127.324: Server #6 broadcasts parameter update
127.38: Server #0 broadcasts parameter update
127.594: Server #7 broadcasts parameter update
127.623: Server #1 broadcasts parameter update
127.64: Server #3 broadcasts parameter update
128.192: Server #4 broadcasts parameter update
128.467: Server #5 broadcasts parameter update
128.903: Server #0 broadcasts parameter update
128.94: Server #2 broadcasts parameter update
129.145: Server #7 broadcasts parameter update
129.161: Server #1 broadcasts parameter update
129.161: Server #6 broadcasts parameter update
129.173: Server #3 broadcasts parameter update
129.742: Server #4 broadcasts parameter update
130.097: Server #5 broadcasts parameter update
130.421: Server #0 broadcasts parameter update
130.648: Server #7 broadcasts parameter update
130.705: Server #3 broadcasts parameter update
130.906: Server #2 broadcasts parameter update
130.953: Server #1 broadcasts parameter update
130.964: Server #6 broadcasts parameter update
131.628: Server #5 broadcasts parameter update
131.883: Server #4 broadcasts parameter update
131.932: Server #0 broadcasts parameter update
132.456: Server #2 broadcasts parameter update
132.53: Server #6 broadcasts parameter update
132.662: Server #7 broadcasts parameter update
132.902: Server #1 broadcasts parameter update
133.03: Server #3 broadcasts parameter update
133.157: Server #5 broadcasts parameter update
133.81: Server #0 broadcasts parameter update
133.961: Server #4 broadcasts parameter update
134.179: Server #7 broadcasts parameter update
134.474: Server #2 broadcasts parameter update
134.55: Server #6 broadcasts parameter update
134.691: Server #5 broadcasts parameter update
134.776: Server #1 broadcasts parameter update
134.947: Server #3 broadcasts parameter update
135.789: Server #0 broadcasts parameter update
135.862: Server #4 broadcasts parameter update
135.992: Server #2 broadcasts parameter update
136.078: Server #6 broadcasts parameter update
136.167: Server #7 broadcasts parameter update
136.476: Server #3 broadcasts parameter update
136.519: Server #1 broadcasts parameter update
137.084: Server #5 broadcasts parameter update
137.314: Server #0 broadcasts parameter update
137.542: Server #2 broadcasts parameter update
137.682: Server #7 broadcasts parameter update
137.69: Server #4 broadcasts parameter update
138.015: Server #3 broadcasts parameter update
138.214: Server #6 broadcasts parameter update
138.278: Server #1 broadcasts parameter update
138.608: Server #5 broadcasts parameter update
138.842: Server #0 broadcasts parameter update
139.226: Server #7 broadcasts parameter update
139.246: Server #2 broadcasts parameter update
139.492: Server #4 broadcasts parameter update
139.723: Server #6 broadcasts parameter update
139.78: Server #1 broadcasts parameter update
139.826: Server #3 broadcasts parameter update
140.136: Server #5 broadcasts parameter update
140.794: Server #2 broadcasts parameter update
140.823: Server #0 broadcasts parameter update
141.203: Server #7 broadcasts parameter update
141.341: Server #3 broadcasts parameter update
141.616: Server #4 broadcasts parameter update
141.66: Server #5 broadcasts parameter update
141.69: Server #6 broadcasts parameter update
141.762: Server #1 broadcasts parameter update
142.321: Server #2 broadcasts parameter update
142.347: Server #0 broadcasts parameter update
143.056: Server #7 broadcasts parameter update
143.212: Server #5 broadcasts parameter update
143.443: Server #1 broadcasts parameter update
143.49: Server #4 broadcasts parameter update
143.613: Server #3 broadcasts parameter update
143.757: Server #6 broadcasts parameter update
143.873: Server #0 broadcasts parameter update
144.328: Server #2 broadcasts parameter update
144.781: Server #5 broadcasts parameter update
145.031: Server #7 broadcasts parameter update
145.149: Server #3 broadcasts parameter update
145.317: Server #6 broadcasts parameter update
145.464: Server #1 broadcasts parameter update
145.492: Server #4 broadcasts parameter update
145.741: Server #0 broadcasts parameter update
146.287: Server #2 broadcasts parameter update
146.553: Server #7 broadcasts parameter update
146.753: Server #5 broadcasts parameter update
146.833: Server #3 broadcasts parameter update
146.857: Server #6 broadcasts parameter update
147.04: Server #4 broadcasts parameter update
147.395: Server #1 broadcasts parameter update
147.714: Server #0 broadcasts parameter update
148.054: Server #7 broadcasts parameter update
148.282: Server #5 broadcasts parameter update
148.338: Server #3 broadcasts parameter update
148.344: Server #2 broadcasts parameter update
148.376: Server #6 broadcasts parameter update
148.56: Server #4 broadcasts parameter update
148.96: Server #1 broadcasts parameter update
149.281: Server #0 broadcasts parameter update
149.8: Server #5 broadcasts parameter update
150.114: Server #7 broadcasts parameter update
150.119: Server #4 broadcasts parameter update
150.346: Server #3 broadcasts parameter update
150.402: Server #6 broadcasts parameter update
150.436: Server #2 broadcasts parameter update
150.496: Server #1 broadcasts parameter update
151.356: Server #0 broadcasts parameter update
151.525: Server #5 broadcasts parameter update
151.922: Server #6 broadcasts parameter update
151.938: Server #2 broadcasts parameter update
152.074: Server #3 broadcasts parameter update
152.237: Server #7 broadcasts parameter update
152.259: Server #4 broadcasts parameter update
152.345: Server #1 broadcasts parameter update
153.052: Server #5 broadcasts parameter update
153.326: Server #0 broadcasts parameter update
153.419: Server #6 broadcasts parameter update
153.473: Server #2 broadcasts parameter update
153.593: Server #3 broadcasts parameter update
153.797: Server #4 broadcasts parameter update
153.877: Server #1 broadcasts parameter update
154.421: Server #7 broadcasts parameter update
154.982: Server #2 broadcasts parameter update
155.005: Server #0 broadcasts parameter update
155.038: Server #5 broadcasts parameter update
155.349: Server #4 broadcasts parameter update
155.374: Server #6 broadcasts parameter update
155.43: Server #1 broadcasts parameter update
155.907: Server #3 broadcasts parameter update
155.938: Server #7 broadcasts parameter update
156.818: Server #2 broadcasts parameter update
156.868: Server #0 broadcasts parameter update
156.898: Server #4 broadcasts parameter update
156.901: Server #6 broadcasts parameter update
156.996: Server #1 broadcasts parameter update
157.002: Server #5 broadcasts parameter update
157.469: Server #7 broadcasts parameter update
157.576: Server #3 broadcasts parameter update
158.307: Server #2 broadcasts parameter update
158.534: Server #1 broadcasts parameter update
158.737: Server #4 broadcasts parameter update
158.832: Server #0 broadcasts parameter update
158.993: Server #5 broadcasts parameter update
159.139: Server #3 broadcasts parameter update
159.247: Server #7 broadcasts parameter update
159.257: Server #6 broadcasts parameter update
159.834: Server #2 broadcasts parameter update
160.055: Server #1 broadcasts parameter update
160.687: Server #3 broadcasts parameter update
160.748: Server #0 broadcasts parameter update
160.795: Server #6 broadcasts parameter update
160.928: Server #5 broadcasts parameter update
161.18: Server #4 broadcasts parameter update
161.237: Server #7 broadcasts parameter update
161.364: Server #2 broadcasts parameter update
161.858: Server #1 broadcasts parameter update
162.258: Server #3 broadcasts parameter update
162.36: Server #6 broadcasts parameter update
162.48: Server #5 broadcasts parameter update
162.67: Server #0 broadcasts parameter update
162.76: Server #7 broadcasts parameter update
162.969: Server #4 broadcasts parameter update
163.392: Server #1 broadcasts parameter update
163.753: Server #2 broadcasts parameter update
163.803: Server #3 broadcasts parameter update
164.003: Server #5 broadcasts parameter update
164.246: Server #6 broadcasts parameter update
164.296: Server #7 broadcasts parameter update
164.401: Server #0 broadcasts parameter update
164.538: Server #4 broadcasts parameter update
164.917: Server #1 broadcasts parameter update
165.285: Server #2 broadcasts parameter update
165.518: Server #5 broadcasts parameter update
165.747: Server #6 broadcasts parameter update
165.807: Server #7 broadcasts parameter update
165.821: Server #3 broadcasts parameter update
166.35: Server #0 broadcasts parameter update
166.387: Server #4 broadcasts parameter update
166.439: Server #1 broadcasts parameter update
167.05: Server #5 broadcasts parameter update
167.443: Server #2 broadcasts parameter update
167.706: Server #6 broadcasts parameter update
167.775: Server #3 broadcasts parameter update
167.92: Server #7 broadcasts parameter update
168.05: Server #4 broadcasts parameter update
168.107: Server #0 broadcasts parameter update
168.378: Server #1 broadcasts parameter update
168.611: Server #5 broadcasts parameter update
169.477: Server #7 broadcasts parameter update
169.605: Server #6 broadcasts parameter update
169.623: Server #4 broadcasts parameter update
169.648: Server #0 broadcasts parameter update
169.702: Server #2 broadcasts parameter update
169.917: Server #3 broadcasts parameter update
170.345: Server #5 broadcasts parameter update
170.401: Server #1 broadcasts parameter update
171.006: Server #7 broadcasts parameter update
171.125: Server #6 broadcasts parameter update
171.146: Server #4 broadcasts parameter update
171.192: Server #0 broadcasts parameter update
171.353: Server #2 broadcasts parameter update
171.441: Server #3 broadcasts parameter update
171.89: Server #5 broadcasts parameter update
172.206: Server #1 broadcasts parameter update
172.725: Server #0 broadcasts parameter update
172.734: Server #4 broadcasts parameter update
172.802: Server #7 broadcasts parameter update
172.865: Server #2 broadcasts parameter update
172.942: Server #3 broadcasts parameter update
173.159: Server #6 broadcasts parameter update
173.39: Server #5 broadcasts parameter update
173.712: Server #1 broadcasts parameter update
174.273: Server #4 broadcasts parameter update
174.429: Server #0 broadcasts parameter update
174.459: Server #3 broadcasts parameter update
174.815: Server #2 broadcasts parameter update
174.911: Server #5 broadcasts parameter update
175.226: Server #1 broadcasts parameter update
175.253: Server #6 broadcasts parameter update
175.264: Server #7 broadcasts parameter update
175.834: Server #4 broadcasts parameter update
175.983: Server #0 broadcasts parameter update
176.285: Server #3 broadcasts parameter update
176.368: Server #2 broadcasts parameter update
176.438: Server #5 broadcasts parameter update
176.781: Server #7 broadcasts parameter update
177.192: Server #6 broadcasts parameter update
177.37: Server #1 broadcasts parameter update
177.402: Server #4 broadcasts parameter update
177.733: Server #0 broadcasts parameter update
177.807: Server #3 broadcasts parameter update
177.963: Server #5 broadcasts parameter update
178.113: Server #2 broadcasts parameter update
178.266: Server #7 broadcasts parameter update
178.915: Server #4 broadcasts parameter update
179.224: Server #6 broadcasts parameter update
179.265: Server #0 broadcasts parameter update
179.271: Server #1 broadcasts parameter update
179.468: Server #5 broadcasts parameter update
179.625: Server #2 broadcasts parameter update
180.042: Server #7 broadcasts parameter update
180.078: Server #3 broadcasts parameter update
180.785: Server #1 broadcasts parameter update
180.833: Server #4 broadcasts parameter update
181.002: Server #5 broadcasts parameter update
181.203: Server #6 broadcasts parameter update
181.215: Server #0 broadcasts parameter update
181.597: Server #2 broadcasts parameter update
181.608: Server #3 broadcasts parameter update
182.011: Server #7 broadcasts parameter update
182.375: Server #4 broadcasts parameter update
182.643: Server #1 broadcasts parameter update
182.91: Server #6 broadcasts parameter update
183.081: Server #5 broadcasts parameter update
183.114: Server #2 broadcasts parameter update
183.163: Server #0 broadcasts parameter update
183.535: Server #7 broadcasts parameter update
183.636: Server #3 broadcasts parameter update
184.175: Server #1 broadcasts parameter update
184.475: Server #4 broadcasts parameter update
184.897: Server #0 broadcasts parameter update
184.973: Server #5 broadcasts parameter update
185.061: Server #7 broadcasts parameter update
185.137: Server #2 broadcasts parameter update
185.334: Server #6 broadcasts parameter update
185.413: Server #3 broadcasts parameter update
186.308: Server #1 broadcasts parameter update
186.342: Server #4 broadcasts parameter update
186.477: Server #0 broadcasts parameter update
186.69: Server #2 broadcasts parameter update
186.833: Server #6 broadcasts parameter update
186.842: Server #7 broadcasts parameter update
186.893: Server #5 broadcasts parameter update
187.214: Server #3 broadcasts parameter update
187.899: Server #4 broadcasts parameter update
188.214: Server #2 broadcasts parameter update
188.281: Server #0 broadcasts parameter update
188.37: Server #7 broadcasts parameter update
188.38: Server #1 broadcasts parameter update
188.736: Server #6 broadcasts parameter update
188.94: Server #5 broadcasts parameter update
189.336: Server #3 broadcasts parameter update
190.144: Server #0 broadcasts parameter update
190.206: Server #2 broadcasts parameter update
190.316: Server #4 broadcasts parameter update
190.342: Server #1 broadcasts parameter update
190.47: Server #7 broadcasts parameter update
190.788: Server #5 broadcasts parameter update
190.876: Server #3 broadcasts parameter update
191.134: Server #6 broadcasts parameter update
191.855: Server #0 broadcasts parameter update
192.143: Server #1 broadcasts parameter update
192.149: Server #2 broadcasts parameter update
192.309: Server #4 broadcasts parameter update
192.393: Server #3 broadcasts parameter update
192.472: Server #5 broadcasts parameter update
192.909: Server #7 broadcasts parameter update
193.151: Server #6 broadcasts parameter update
193.402: Server #0 broadcasts parameter update
193.737: Server #1 broadcasts parameter update
194.021: Server #2 broadcasts parameter update
194.205: Server #4 broadcasts parameter update
194.439: Server #7 broadcasts parameter update
194.455: Server #5 broadcasts parameter update
194.64: Server #6 broadcasts parameter update
194.725: Server #3 broadcasts parameter update
194.929: Server #0 broadcasts parameter update
195.317: Server #1 broadcasts parameter update
195.558: Server #2 broadcasts parameter update
195.978: Server #7 broadcasts parameter update
196.004: Server #5 broadcasts parameter update
196.172: Server #6 broadcasts parameter update
196.383: Server #4 broadcasts parameter update
196.477: Server #0 broadcasts parameter update
196.803: Server #3 broadcasts parameter update
197.533: Server #5 broadcasts parameter update
197.652: Server #2 broadcasts parameter update
197.676: Server #7 broadcasts parameter update
197.701: Server #6 broadcasts parameter update
197.765: Server #1 broadcasts parameter update
198.146: Server #0 broadcasts parameter update
198.336: Server #3 broadcasts parameter update
198.422: Server #4 broadcasts parameter update
199.163: Server #2 broadcasts parameter update
199.195: Server #7 broadcasts parameter update
199.212: Server #6 broadcasts parameter update
199.299: Server #1 broadcasts parameter update
199.662: Server #5 broadcasts parameter update
199.685: Server #0 broadcasts parameter update
199.948: Server #4 broadcasts parameter update
200.069: Server #3 broadcasts parameter update
200.707: Server #2 broadcasts parameter update
200.943: Server #7 broadcasts parameter update
201.29: Server #6 broadcasts parameter update
201.312: Server #1 broadcasts parameter update
201.349: Server #5 broadcasts parameter update
201.607: Server #0 broadcasts parameter update
201.824: Server #3 broadcasts parameter update
202.137: Server #4 broadcasts parameter update
202.445: Server #7 broadcasts parameter update
202.668: Server #2 broadcasts parameter update
202.811: Server #6 broadcasts parameter update
202.883: Server #5 broadcasts parameter update
203.205: Server #1 broadcasts parameter update
203.338: Server #3 broadcasts parameter update
203.435: Server #0 broadcasts parameter update
203.813: Server #4 broadcasts parameter update
204.114: Server #7 broadcasts parameter update
204.203: Server #2 broadcasts parameter update
204.599: Server #5 broadcasts parameter update
204.784: Server #1 broadcasts parameter update
204.911: Server #6 broadcasts parameter update
205: Server #0 broadcasts parameter update
205.258: Server #3 broadcasts parameter update
205.881: Server #4 broadcasts parameter update
205.981: Server #2 broadcasts parameter update
206.113: Server #5 broadcasts parameter update
206.317: Server #1 broadcasts parameter update
206.495: Server #7 broadcasts parameter update
206.513: Server #0 broadcasts parameter update
206.785: Server #3 broadcasts parameter update
206.89: Server #6 broadcasts parameter update
207.4: Server #4 broadcasts parameter update
208.065: Server #0 broadcasts parameter update
208.107: Server #2 broadcasts parameter update
208.217: Server #5 broadcasts parameter update
208.278: Server #1 broadcasts parameter update
208.398: Server #6 broadcasts parameter update
208.741: Server #7 broadcasts parameter update
208.775: Server #3 broadcasts parameter update
208.917: Server #4 broadcasts parameter update
209.814: Server #1 broadcasts parameter update
209.819: Server #2 broadcasts parameter update
210.042: Server #0 broadcasts parameter update
210.134: Server #5 broadcasts parameter update
210.311: Server #3 broadcasts parameter update
210.452: Server #4 broadcasts parameter update
210.471: Server #6 broadcasts parameter update
210.484: Server #7 broadcasts parameter update
211.335: Server #2 broadcasts parameter update
211.652: Server #5 broadcasts parameter update
211.833: Server #3 broadcasts parameter update
211.936: Server #1 broadcasts parameter update
211.991: Server #4 broadcasts parameter update
212.165: Server #0 broadcasts parameter update
212.52: Server #6 broadcasts parameter update
212.527: Server #7 broadcasts parameter update
212.839: Server #2 broadcasts parameter update
213.174: Server #5 broadcasts parameter update
213.36: Server #3 broadcasts parameter update
213.504: Server #4 broadcasts parameter update
214.053: Server #0 broadcasts parameter update
214.059: Server #1 broadcasts parameter update
214.065: Server #7 broadcasts parameter update
214.47: Server #6 broadcasts parameter update
214.863: Server #2 broadcasts parameter update
215.029: Server #4 broadcasts parameter update
215.129: Server #5 broadcasts parameter update
215.231: Server #3 broadcasts parameter update
215.573: Server #0 broadcasts parameter update
215.843: Server #1 broadcasts parameter update
216.41: Server #7 broadcasts parameter update
216.624: Server #6 broadcasts parameter update
216.855: Server #2 broadcasts parameter update
216.945: Server #4 broadcasts parameter update
216.999: Server #5 broadcasts parameter update
217.113: Server #0 broadcasts parameter update
217.323: Server #3 broadcasts parameter update
217.377: Server #1 broadcasts parameter update
217.955: Server #7 broadcasts parameter update
218.408: Server #2 broadcasts parameter update
218.546: Server #5 broadcasts parameter update
218.655: Server #0 broadcasts parameter update
218.731: Server #4 broadcasts parameter update
218.778: Server #6 broadcasts parameter update
218.91: Server #1 broadcasts parameter update
219.223: Server #3 broadcasts parameter update
219.509: Server #7 broadcasts parameter update
219.939: Server #2 broadcasts parameter update
220.068: Server #5 broadcasts parameter update
220.295: Server #4 broadcasts parameter update
220.524: Server #0 broadcasts parameter update
220.67: Server #6 broadcasts parameter update
220.815: Server #1 broadcasts parameter update
221.298: Server #7 broadcasts parameter update
221.345: Server #3 broadcasts parameter update
221.505: Server #2 broadcasts parameter update
221.844: Server #5 broadcasts parameter update
221.999: Server #4 broadcasts parameter update
222.033: Server #0 broadcasts parameter update
222.372: Server #1 broadcasts parameter update
222.829: Server #3 broadcasts parameter update
223.019: Server #6 broadcasts parameter update
223.024: Server #7 broadcasts parameter update
223.033: Server #2 broadcasts parameter update
223.543: Server #4 broadcasts parameter update
223.558: Server #5 broadcasts parameter update
223.567: Server #0 broadcasts parameter update
223.94: Server #1 broadcasts parameter update
224.339: Server #3 broadcasts parameter update
224.527: Server #6 broadcasts parameter update
224.559: Server #2 broadcasts parameter update
224.957: Server #7 broadcasts parameter update
225.081: Server #5 broadcasts parameter update
225.107: Server #0 broadcasts parameter update
225.407: Server #4 broadcasts parameter update
226.364: Server #1 broadcasts parameter update
226.377: Server #3 broadcasts parameter update
226.378: Server #6 broadcasts parameter update
226.584: Server #2 broadcasts parameter update
226.957: Server #4 broadcasts parameter update
227.14: Server #0 broadcasts parameter update
227.149: Server #7 broadcasts parameter update
227.249: Server #5 broadcasts parameter update
227.879: Server #3 broadcasts parameter update
227.888: Server #6 broadcasts parameter update
227.904: Server #1 broadcasts parameter update
228.221: Server #2 broadcasts parameter update
228.689: Server #7 broadcasts parameter update
228.698: Server #0 broadcasts parameter update
228.784: Server #5 broadcasts parameter update
228.868: Server #4 broadcasts parameter update
229.381: Server #3 broadcasts parameter update
229.416: Server #6 broadcasts parameter update
229.68: Server #1 broadcasts parameter update
230.23: Server #0 broadcasts parameter update
230.274: Server #2 broadcasts parameter update
230.617: Server #7 broadcasts parameter update
230.744: Server #5 broadcasts parameter update
230.761: Server #4 broadcasts parameter update
231.213: Server #1 broadcasts parameter update
231.348: Server #6 broadcasts parameter update
231.425: Server #3 broadcasts parameter update
231.809: Server #2 broadcasts parameter update
232.159: Server #7 broadcasts parameter update
232.434: Server #5 broadcasts parameter update
232.877: Server #0 broadcasts parameter update
232.905: Server #4 broadcasts parameter update
233.172: Server #6 broadcasts parameter update
233.279: Server #1 broadcasts parameter update
233.674: Server #7 broadcasts parameter update
233.768: Server #3 broadcasts parameter update
233.817: Server #2 broadcasts parameter update
233.97: Server #5 broadcasts parameter update
234.811: Server #1 broadcasts parameter update
235.019: Server #0 broadcasts parameter update
235.064: Server #6 broadcasts parameter update
235.135: Server #4 broadcasts parameter update
235.378: Server #2 broadcasts parameter update
235.668: Server #7 broadcasts parameter update
235.779: Server #3 broadcasts parameter update
236.425: Server #5 broadcasts parameter update
236.536: Server #0 broadcasts parameter update
236.568: Server #6 broadcasts parameter update
236.59: Server #1 broadcasts parameter update
236.731: Server #4 broadcasts parameter update
237.306: Server #3 broadcasts parameter update
237.616: Server #2 broadcasts parameter update
237.624: Server #7 broadcasts parameter update
238.08: Server #5 broadcasts parameter update
238.315: Server #4 broadcasts parameter update
238.419: Server #0 broadcasts parameter update
238.463: Server #1 broadcasts parameter update
238.743: Server #6 broadcasts parameter update
239.137: Server #7 broadcasts parameter update
239.156: Server #2 broadcasts parameter update
239.42: Server #3 broadcasts parameter update
239.597: Server #5 broadcasts parameter update
239.86: Server #4 broadcasts parameter update
239.963: Server #0 broadcasts parameter update
240.302: Server #1 broadcasts parameter update
240.521: Server #6 broadcasts parameter update
240.659: Server #7 broadcasts parameter update
240.755: Server #2 broadcasts parameter update
240.957: Server #3 broadcasts parameter update
241.129: Server #5 broadcasts parameter update
241.407: Server #4 broadcasts parameter update
241.912: Server #0 broadcasts parameter update
242.122: Server #1 broadcasts parameter update
242.28: Server #2 broadcasts parameter update
242.495: Server #6 broadcasts parameter update
242.686: Server #5 broadcasts parameter update
242.739: Server #7 broadcasts parameter update
242.909: Server #3 broadcasts parameter update
242.96: Server #4 broadcasts parameter update
243.672: Server #0 broadcasts parameter update
243.892: Server #1 broadcasts parameter update
244.024: Server #6 broadcasts parameter update
244.051: Server #2 broadcasts parameter update
244.272: Server #7 broadcasts parameter update
244.727: Server #5 broadcasts parameter update
244.841: Server #4 broadcasts parameter update
244.987: Server #3 broadcasts parameter update
245.217: Server #0 broadcasts parameter update
245.481: Server #1 broadcasts parameter update
245.803: Server #7 broadcasts parameter update
245.952: Server #2 broadcasts parameter update
246.179: Server #6 broadcasts parameter update
246.33: Server #5 broadcasts parameter update
246.368: Server #4 broadcasts parameter update
246.53: Server #3 broadcasts parameter update
246.747: Server #0 broadcasts parameter update
247.21: Server #1 broadcasts parameter update
247.464: Server #2 broadcasts parameter update
247.69: Server #6 broadcasts parameter update
247.713: Server #7 broadcasts parameter update
247.867: Server #5 broadcasts parameter update
247.914: Server #4 broadcasts parameter update
248.528: Server #3 broadcasts parameter update
248.761: Server #0 broadcasts parameter update
249.055: Server #1 broadcasts parameter update
249.239: Server #7 broadcasts parameter update
249.382: Server #2 broadcasts parameter update
249.612: Server #4 broadcasts parameter update
249.667: Server #5 broadcasts parameter update
249.728: Server #6 broadcasts parameter update
250.052: Server #3 broadcasts parameter update
250.735: Server #0 broadcasts parameter update
250.766: Server #7 broadcasts parameter update
250.947: Server #1 broadcasts parameter update
251.224: Server #6 broadcasts parameter update
251.31: Server #4 broadcasts parameter update
251.449: Server #2 broadcasts parameter update
251.57: Server #3 broadcasts parameter update
251.646: Server #5 broadcasts parameter update
252.253: Server #0 broadcasts parameter update
252.259: Server #7 broadcasts parameter update
252.859: Server #4 broadcasts parameter update
252.972: Server #2 broadcasts parameter update
253.065: Server #1 broadcasts parameter update
253.223: Server #5 broadcasts parameter update
253.257: Server #6 broadcasts parameter update
253.675: Server #3 broadcasts parameter update
254.271: Server #0 broadcasts parameter update
254.287: Server #7 broadcasts parameter update
254.385: Server #4 broadcasts parameter update
254.492: Server #2 broadcasts parameter update
254.621: Server #1 broadcasts parameter update
254.75: Server #5 broadcasts parameter update
254.776: Server #6 broadcasts parameter update
255.196: Server #3 broadcasts parameter update
255.833: Server #0 broadcasts parameter update
255.9: Server #4 broadcasts parameter update
256.019: Server #2 broadcasts parameter update
256.246: Server #7 broadcasts parameter update
256.252: Server #1 broadcasts parameter update
256.28: Server #6 broadcasts parameter update
256.515: Server #5 broadcasts parameter update
257.302: Server #3 broadcasts parameter update
257.375: Server #0 broadcasts parameter update
257.419: Server #4 broadcasts parameter update
257.562: Server #2 broadcasts parameter update
257.769: Server #7 broadcasts parameter update
257.817: Server #6 broadcasts parameter update
258.052: Server #5 broadcasts parameter update
258.236: Server #1 broadcasts parameter update
258.884: Server #0 broadcasts parameter update
258.991: Server #4 broadcasts parameter update
259.07: Server #2 broadcasts parameter update
259.187: Server #3 broadcasts parameter update
259.288: Server #7 broadcasts parameter update
259.57: Server #5 broadcasts parameter update
259.837: Server #1 broadcasts parameter update
259.902: Server #6 broadcasts parameter update
260.597: Server #2 broadcasts parameter update
260.7: Server #3 broadcasts parameter update
260.929: Server #0 broadcasts parameter update
260.948: Server #4 broadcasts parameter update
261.121: Server #5 broadcasts parameter update
261.319: Server #7 broadcasts parameter update
261.359: Server #1 broadcasts parameter update
261.939: Server #6 broadcasts parameter update
262.455: Server #2 broadcasts parameter update
262.471: Server #3 broadcasts parameter update
262.479: Server #0 broadcasts parameter update
262.64: Server #5 broadcasts parameter update
262.825: Server #4 broadcasts parameter update
262.92: Server #1 broadcasts parameter update
262.922: Server #7 broadcasts parameter update
263.987: Server #0 broadcasts parameter update
263.988: Server #2 broadcasts parameter update
264.027: Server #6 broadcasts parameter update
264.227: Server #3 broadcasts parameter update
264.373: Server #4 broadcasts parameter update
264.47: Server #1 broadcasts parameter update
264.532: Server #5 broadcasts parameter update
264.945: Server #7 broadcasts parameter update
265.52: Server #0 broadcasts parameter update
266.036: Server #1 broadcasts parameter update
266.131: Server #2 broadcasts parameter update
266.189: Server #3 broadcasts parameter update
266.191: Server #6 broadcasts parameter update
266.33: Server #4 broadcasts parameter update
266.488: Server #7 broadcasts parameter update
266.864: Server #5 broadcasts parameter update
267.037: Server #0 broadcasts parameter update
267.651: Server #2 broadcasts parameter update
267.726: Server #3 broadcasts parameter update
267.827: Server #1 broadcasts parameter update
268.025: Server #7 broadcasts parameter update
268.135: Server #4 broadcasts parameter update
268.382: Server #5 broadcasts parameter update
268.55: Server #0 broadcasts parameter update
268.597: Server #6 broadcasts parameter update
269.193: Server #2 broadcasts parameter update
269.243: Server #3 broadcasts parameter update
269.55: Server #7 broadcasts parameter update
269.63: Server #4 broadcasts parameter update
269.735: Server #1 broadcasts parameter update
269.936: Server #5 broadcasts parameter update
270.07: Server #0 broadcasts parameter update
270.715: Server #6 broadcasts parameter update
270.716: Server #2 broadcasts parameter update
270.748: Server #3 broadcasts parameter update
271.169: Server #4 broadcasts parameter update
271.249: Server #1 broadcasts parameter update
271.525: Server #7 broadcasts parameter update
271.59: Server #0 broadcasts parameter update
272.127: Server #5 broadcasts parameter update
272.27: Server #3 broadcasts parameter update
272.429: Server #2 broadcasts parameter update
272.461: Server #6 broadcasts parameter update
272.757: Server #1 broadcasts parameter update
273.203: Server #4 broadcasts parameter update
273.588: Server #7 broadcasts parameter update
273.63: Server #0 broadcasts parameter update
273.663: Server #5 broadcasts parameter update
274.281: Server #1 broadcasts parameter update
274.3: Server #3 broadcasts parameter update
274.431: Server #2 broadcasts parameter update
274.547: Server #6 broadcasts parameter update
275.02: Server #4 broadcasts parameter update
275.138: Server #7 broadcasts parameter update
275.145: Server #0 broadcasts parameter update
275.193: Server #5 broadcasts parameter update
275.819: Server #3 broadcasts parameter update
275.946: Server #2 broadcasts parameter update
276.135: Server #1 broadcasts parameter update
276.538: Server #4 broadcasts parameter update
276.608: Server #6 broadcasts parameter update
276.656: Server #7 broadcasts parameter update
276.685: Server #0 broadcasts parameter update
276.703: Server #5 broadcasts parameter update
277.674: Server #2 broadcasts parameter update
277.731: Server #3 broadcasts parameter update
277.987: Server #1 broadcasts parameter update
278.06: Server #4 broadcasts parameter update
278.526: Server #7 broadcasts parameter update
278.56: Server #6 broadcasts parameter update
278.717: Server #0 broadcasts parameter update
278.766: Server #5 broadcasts parameter update
279.225: Server #2 broadcasts parameter update
279.253: Server #3 broadcasts parameter update
279.567: Server #4 broadcasts parameter update
279.82: Server #1 broadcasts parameter update
280.205: Server #6 broadcasts parameter update
280.24: Server #0 broadcasts parameter update
280.525: Server #7 broadcasts parameter update
280.68: Server #5 broadcasts parameter update
281.113: Server #3 broadcasts parameter update
281.324: Server #2 broadcasts parameter update
281.406: Server #1 broadcasts parameter update
281.655: Server #4 broadcasts parameter update
282.172: Server #0 broadcasts parameter update
282.26: Server #6 broadcasts parameter update
282.572: Server #5 broadcasts parameter update
282.631: Server #3 broadcasts parameter update
282.769: Server #7 broadcasts parameter update
282.844: Server #2 broadcasts parameter update
282.953: Server #1 broadcasts parameter update
283.695: Server #0 broadcasts parameter update
283.733: Server #4 broadcasts parameter update
283.8: Server #6 broadcasts parameter update
284.092: Server #5 broadcasts parameter update
284.517: Server #1 broadcasts parameter update
284.67: Server #2 broadcasts parameter update
284.741: Server #3 broadcasts parameter update
284.993: Server #7 broadcasts parameter update
285.4: Server #4 broadcasts parameter update
285.628: Server #5 broadcasts parameter update
285.66: Server #0 broadcasts parameter update
285.743: Server #6 broadcasts parameter update
286.085: Server #1 broadcasts parameter update
286.206: Server #2 broadcasts parameter update
286.259: Server #3 broadcasts parameter update
286.502: Server #7 broadcasts parameter update
287.165: Server #5 broadcasts parameter update
287.43: Server #6 broadcasts parameter update
287.455: Server #4 broadcasts parameter update
287.707: Server #0 broadcasts parameter update
287.778: Server #3 broadcasts parameter update
287.804: Server #1 broadcasts parameter update
287.884: Server #2 broadcasts parameter update
288.04: Server #7 broadcasts parameter update
288.716: Server #5 broadcasts parameter update
288.984: Server #4 broadcasts parameter update
289.215: Server #6 broadcasts parameter update
289.28: Server #3 broadcasts parameter update
289.344: Server #1 broadcasts parameter update
289.435: Server #2 broadcasts parameter update
289.605: Server #0 broadcasts parameter update
290.038: Server #7 broadcasts parameter update
290.496: Server #4 broadcasts parameter update
290.794: Server #5 broadcasts parameter update
290.891: Server #1 broadcasts parameter update
290.9: Server #6 broadcasts parameter update
290.978: Server #2 broadcasts parameter update
291.02: Server #3 broadcasts parameter update
291.61: Server #0 broadcasts parameter update
291.978: Server #7 broadcasts parameter update
292.516: Server #2 broadcasts parameter update
292.532: Server #1 broadcasts parameter update
292.554: Server #3 broadcasts parameter update
292.653: Server #4 broadcasts parameter update
292.946: Server #6 broadcasts parameter update
293.109: Server #0 broadcasts parameter update
293.135: Server #5 broadcasts parameter update
294.019: Server #7 broadcasts parameter update
294.046: Server #3 broadcasts parameter update
294.058: Server #2 broadcasts parameter update
294.125: Server #1 broadcasts parameter update
294.515: Server #4 broadcasts parameter update
294.703: Server #5 broadcasts parameter update
294.967: Server #0 broadcasts parameter update
295.039: Server #6 broadcasts parameter update
295.581: Server #2 broadcasts parameter update
295.584: Server #3 broadcasts parameter update
295.68: Server #1 broadcasts parameter update
296.012: Server #7 broadcasts parameter update
296.235: Server #5 broadcasts parameter update
296.367: Server #4 broadcasts parameter update
297.021: Server #0 broadcasts parameter update
297.093: Server #2 broadcasts parameter update
297.111: Server #3 broadcasts parameter update
297.252: Server #6 broadcasts parameter update
297.551: Server #7 broadcasts parameter update
297.646: Server #1 broadcasts parameter update
297.767: Server #5 broadcasts parameter update
298.198: Server #4 broadcasts parameter update
298.557: Server #0 broadcasts parameter update
298.605: Server #2 broadcasts parameter update
298.635: Server #3 broadcasts parameter update
298.973: Server #6 broadcasts parameter update
299.313: Server #5 broadcasts parameter update
299.63: Server #7 broadcasts parameter update
299.738: Server #1 broadcasts parameter update
299.762: Server #4 broadcasts parameter update
