Waf: Entering directory `/home/alexander/Documents/ns3/workspace/bake/source/ns-3.29/build'
Waf: Leaving directory `/home/alexander/Documents/ns3/workspace/bake/source/ns-3.29/build'
Build commands will be stored in build/compile_commands.json
'build' finished successfully (27.770s)
1.01579: Server #5 broadcasts parameter update
1.01756: Server #4 broadcasts parameter update
3.48352: Server #4 broadcasts parameter update
4.00846: Server #6 broadcasts parameter update
4.01093: Server #0 broadcasts parameter update
4.01517: Server #3 broadcasts parameter update
4.04774: Server #7 broadcasts parameter update
4.05369: Server #2 broadcasts parameter update
4.06157: Server #1 broadcasts parameter update
6.46435: Server #4 broadcasts parameter update
6.69921: Server #6 broadcasts parameter update
6.84495: Server #5 broadcasts parameter update
7.43755: Server #0 broadcasts parameter update
8.79672: Server #6 broadcasts parameter update
9.23144: Server #0 broadcasts parameter update
9.60095: Server #2 broadcasts parameter update
9.73122: Server #4 broadcasts parameter update
10.6003: Server #7 broadcasts parameter update
10.8216: Server #6 broadcasts parameter update
12.6811: Server #2 broadcasts parameter update
12.8012: Server #3 broadcasts parameter update
12.934: Server #6 broadcasts parameter update
13.2775: Server #0 broadcasts parameter update
13.347: Server #7 broadcasts parameter update
14.4461: Server #4 broadcasts parameter update
15.386: Server #0 broadcasts parameter update
15.5055: Server #5 broadcasts parameter update
16.3331: Server #7 broadcasts parameter update
16.8177: Server #6 broadcasts parameter update
17.3149: Server #0 broadcasts parameter update
17.4061: Server #3 broadcasts parameter update
18.167: Server #2 broadcasts parameter update
18.6981: Server #4 broadcasts parameter update
19.2029: Server #0 broadcasts parameter update
19.3356: Server #7 broadcasts parameter update
19.5309: Server #5 broadcasts parameter update
21.285: Server #6 broadcasts parameter update
21.3269: Server #1 broadcasts parameter update
21.4047: Server #0 broadcasts parameter update
22.7478: Server #5 broadcasts parameter update
23.1391: Server #6 broadcasts parameter update
23.1479: Server #7 broadcasts parameter update
23.2473: Server #2 broadcasts parameter update
23.7621: Server #3 broadcasts parameter update
24.2205: Server #4 broadcasts parameter update
25.1149: Server #0 broadcasts parameter update
25.4418: Server #6 broadcasts parameter update
27.23: Server #0 broadcasts parameter update
27.3851: Server #7 broadcasts parameter update
27.4918: Server #6 broadcasts parameter update
27.6433: Server #5 broadcasts parameter update
27.7718: Server #2 broadcasts parameter update
29.1283: Server #3 broadcasts parameter update
29.5938: Server #0 broadcasts parameter update
29.7633: Server #4 broadcasts parameter update
