Waf: Entering directory `/home/alexander/Documents/ns3/workspace/bake/source/ns-3.29/build'
Waf: Leaving directory `/home/alexander/Documents/ns3/workspace/bake/source/ns-3.29/build'
Build commands will be stored in build/compile_commands.json
'build' finished successfully (20.568s)
1.01757: Server #6 broadcasts parameter update
1.01872: Server #1 broadcasts parameter update
3.1566: Server #6 broadcasts parameter update
3.21788: Server #1 broadcasts parameter update
4.00929: Server #5 broadcasts parameter update
4.0827: Server #4 broadcasts parameter update
4.16161: Server #7 broadcasts parameter update
4.1815: Server #2 broadcasts parameter update
6.12803: Server #6 broadcasts parameter update
6.65989: Server #5 broadcasts parameter update
6.80576: Server #4 broadcasts parameter update
7.31359: Server #7 broadcasts parameter update
7.98037: Server #1 broadcasts parameter update
8.38226: Server #6 broadcasts parameter update
9.79701: Server #5 broadcasts parameter update
9.89769: Server #7 broadcasts parameter update
10.0257: Server #3 broadcasts parameter update
10.0381: Server #4 broadcasts parameter update
10.0578: Server #0 broadcasts parameter update
10.7296: Server #1 broadcasts parameter update
11.1442: Server #6 broadcasts parameter update
11.8778: Server #2 broadcasts parameter update
12.3363: Server #3 broadcasts parameter update
12.7092: Server #5 broadcasts parameter update
14.069: Server #7 broadcasts parameter update
14.3686: Server #4 broadcasts parameter update
14.5116: Server #5 broadcasts parameter update
14.635: Server #3 broadcasts parameter update
15.2198: Server #1 broadcasts parameter update
16.4953: Server #5 broadcasts parameter update
16.5581: Server #7 broadcasts parameter update
16.7765: Server #0 broadcasts parameter update
17.2524: Server #2 broadcasts parameter update
17.5901: Server #3 broadcasts parameter update
17.753: Server #1 broadcasts parameter update
18.3429: Server #6 broadcasts parameter update
18.5001: Server #4 broadcasts parameter update
18.9954: Server #5 broadcasts parameter update
20.0623: Server #3 broadcasts parameter update
20.3305: Server #7 broadcasts parameter update
21.2669: Server #6 broadcasts parameter update
21.3465: Server #5 broadcasts parameter update
21.5865: Server #4 broadcasts parameter update
22.1714: Server #2 broadcasts parameter update
22.3167: Server #1 broadcasts parameter update
22.6655: Server #0 broadcasts parameter update
23.0041: Server #3 broadcasts parameter update
23.2953: Server #7 broadcasts parameter update
23.3055: Server #5 broadcasts parameter update
24.3473: Server #4 broadcasts parameter update
24.8053: Server #6 broadcasts parameter update
25.6012: Server #3 broadcasts parameter update
26.2246: Server #0 broadcasts parameter update
26.3156: Server #5 broadcasts parameter update
26.857: Server #4 broadcasts parameter update
27.3714: Server #7 broadcasts parameter update
27.5537: Server #3 broadcasts parameter update
27.6789: Server #1 broadcasts parameter update
28.4022: Server #2 broadcasts parameter update
28.7784: Server #5 broadcasts parameter update
29.4346: Server #6 broadcasts parameter update
29.8687: Server #7 broadcasts parameter update
29.944: Server #3 broadcasts parameter update
