Waf: Entering directory `/home/alexander/Documents/ns3/workspace/bake/source/ns-3.29/build'
Waf: Leaving directory `/home/alexander/Documents/ns3/workspace/bake/source/ns-3.29/build'
Build commands will be stored in build/compile_commands.json
'build' finished successfully (18.917s)
1.01353: Server #5 broadcasts parameter update
1.01511: Server #1 broadcasts parameter update
1.01582: Server #2 broadcasts parameter update
2.76995: Server #2 broadcasts parameter update
2.97867: Server #5 broadcasts parameter update
3.04183: Server #1 broadcasts parameter update
4.00971: Server #3 broadcasts parameter update
4.0286: Server #0 broadcasts parameter update
4.03194: Server #4 broadcasts parameter update
4.10582: Server #6 broadcasts parameter update
4.27001: Server #7 broadcasts parameter update
4.92455: Server #5 broadcasts parameter update
5.25824: Server #2 broadcasts parameter update
6.39622: Server #0 broadcasts parameter update
7.02242: Server #1 broadcasts parameter update
7.22302: Server #3 broadcasts parameter update
7.51708: Server #5 broadcasts parameter update
8.27928: Server #2 broadcasts parameter update
8.97117: Server #0 broadcasts parameter update
9.36357: Server #6 broadcasts parameter update
10.1925: Server #1 broadcasts parameter update
10.271: Server #7 broadcasts parameter update
10.3183: Server #3 broadcasts parameter update
10.5455: Server #5 broadcasts parameter update
10.9674: Server #2 broadcasts parameter update
12.0921: Server #0 broadcasts parameter update
13.0306: Server #6 broadcasts parameter update
13.4369: Server #2 broadcasts parameter update
13.4966: Server #3 broadcasts parameter update
13.5968: Server #1 broadcasts parameter update
14.0949: Server #5 broadcasts parameter update
14.2152: Server #0 broadcasts parameter update
15.2248: Server #7 broadcasts parameter update
15.8028: Server #2 broadcasts parameter update
16.2355: Server #6 broadcasts parameter update
16.3727: Server #1 broadcasts parameter update
16.5435: Server #0 broadcasts parameter update
17.1696: Server #5 broadcasts parameter update
17.5903: Server #3 broadcasts parameter update
17.6745: Server #4 broadcasts parameter update
18.7111: Server #2 broadcasts parameter update
19.2479: Server #0 broadcasts parameter update
19.3029: Server #1 broadcasts parameter update
19.5217: Server #5 broadcasts parameter update
19.965: Server #6 broadcasts parameter update
20.0299: Server #7 broadcasts parameter update
20.1905: Server #3 broadcasts parameter update
21.0837: Server #4 broadcasts parameter update
21.3552: Server #0 broadcasts parameter update
21.52: Server #2 broadcasts parameter update
22.1223: Server #1 broadcasts parameter update
22.9271: Server #5 broadcasts parameter update
23.4075: Server #0 broadcasts parameter update
23.5673: Server #3 broadcasts parameter update
24.4536: Server #7 broadcasts parameter update
24.805: Server #4 broadcasts parameter update
24.8196: Server #6 broadcasts parameter update
25.1943: Server #5 broadcasts parameter update
25.32: Server #1 broadcasts parameter update
25.4674: Server #0 broadcasts parameter update
25.6617: Server #2 broadcasts parameter update
27.6158: Server #4 broadcasts parameter update
27.7306: Server #0 broadcasts parameter update
27.9084: Server #1 broadcasts parameter update
28.0434: Server #6 broadcasts parameter update
28.5597: Server #3 broadcasts parameter update
28.7044: Server #2 broadcasts parameter update
28.8082: Server #7 broadcasts parameter update
29.8364: Server #0 broadcasts parameter update
