Waf: Entering directory `/home/alexander/Documents/ns3/workspace/bake/source/ns-3.29/build'
Waf: Leaving directory `/home/alexander/Documents/ns3/workspace/bake/source/ns-3.29/build'
Build commands will be stored in build/compile_commands.json
'build' finished successfully (26.231s)
1.01625: Server #2 broadcasts parameter update
1.01876: Server #4 broadcasts parameter update
2.88052: Server #2 broadcasts parameter update
3.87346: Server #4 broadcasts parameter update
4.00894: Server #5 broadcasts parameter update
4.01208: Server #0 broadcasts parameter update
4.29548: Server #3 broadcasts parameter update
5.03859: Server #6 broadcasts parameter update
5.51744: Server #2 broadcasts parameter update
5.77562: Server #4 broadcasts parameter update
6.2346: Server #0 broadcasts parameter update
7.0126: Server #6 broadcasts parameter update
7.70573: Server #5 broadcasts parameter update
7.9497: Server #4 broadcasts parameter update
8.87964: Server #2 broadcasts parameter update
9.43034: Server #6 broadcasts parameter update
9.58306: Server #0 broadcasts parameter update
10.0602: Server #7 broadcasts parameter update
10.0709: Server #1 broadcasts parameter update
10.0807: Server #3 broadcasts parameter update
10.377: Server #5 broadcasts parameter update
10.7944: Server #4 broadcasts parameter update
11.0321: Server #2 broadcasts parameter update
12.9155: Server #4 broadcasts parameter update
12.9178: Server #6 broadcasts parameter update
12.98: Server #5 broadcasts parameter update
13.3274: Server #2 broadcasts parameter update
14.3935: Server #0 broadcasts parameter update
15.2078: Server #4 broadcasts parameter update
15.2192: Server #7 broadcasts parameter update
15.4266: Server #2 broadcasts parameter update
15.7913: Server #6 broadcasts parameter update
15.8867: Server #5 broadcasts parameter update
17.0987: Server #3 broadcasts parameter update
17.6842: Server #4 broadcasts parameter update
17.7639: Server #2 broadcasts parameter update
17.9295: Server #6 broadcasts parameter update
18.4084: Server #7 broadcasts parameter update
18.559: Server #5 broadcasts parameter update
19.0434: Server #1 broadcasts parameter update
19.7074: Server #4 broadcasts parameter update
20.0001: Server #0 broadcasts parameter update
20.5261: Server #2 broadcasts parameter update
20.5455: Server #6 broadcasts parameter update
22.0463: Server #3 broadcasts parameter update
22.2748: Server #4 broadcasts parameter update
22.2809: Server #5 broadcasts parameter update
22.8027: Server #2 broadcasts parameter update
22.8221: Server #6 broadcasts parameter update
23.0611: Server #7 broadcasts parameter update
24.5942: Server #4 broadcasts parameter update
25.2621: Server #6 broadcasts parameter update
25.3822: Server #3 broadcasts parameter update
25.4091: Server #5 broadcasts parameter update
25.6947: Server #0 broadcasts parameter update
25.9342: Server #7 broadcasts parameter update
26.0517: Server #1 broadcasts parameter update
26.5682: Server #2 broadcasts parameter update
27.9536: Server #6 broadcasts parameter update
28.115: Server #4 broadcasts parameter update
28.3419: Server #5 broadcasts parameter update
29.1428: Server #2 broadcasts parameter update
