Waf: Entering directory `/home/alexander/Documents/ns3/workspace/bake/source/ns-3.29/build'
Waf: Leaving directory `/home/alexander/Documents/ns3/workspace/bake/source/ns-3.29/build'
Build commands will be stored in build/compile_commands.json
'build' finished successfully (28.254s)
1.01425: Server #6 broadcasts parameter update
2.75708: Server #6 broadcasts parameter update
4.00404: Server #4 broadcasts parameter update
4.0076: Server #3 broadcasts parameter update
4.00907: Server #5 broadcasts parameter update
4.00923: Server #0 broadcasts parameter update
4.00927: Server #1 broadcasts parameter update
4.01095: Server #7 broadcasts parameter update
4.01997: Server #2 broadcasts parameter update
6.62399: Server #7 broadcasts parameter update
6.64546: Server #6 broadcasts parameter update
6.83397: Server #0 broadcasts parameter update
7.35258: Server #4 broadcasts parameter update
9.0658: Server #4 broadcasts parameter update
9.4309: Server #7 broadcasts parameter update
9.57855: Server #0 broadcasts parameter update
9.9857: Server #1 broadcasts parameter update
10.5189: Server #2 broadcasts parameter update
11.1596: Server #4 broadcasts parameter update
11.6753: Server #6 broadcasts parameter update
11.8766: Server #0 broadcasts parameter update
12.3006: Server #7 broadcasts parameter update
13.662: Server #4 broadcasts parameter update
13.9836: Server #0 broadcasts parameter update
15.0688: Server #6 broadcasts parameter update
15.7084: Server #7 broadcasts parameter update
15.7258: Server #1 broadcasts parameter update
15.7868: Server #0 broadcasts parameter update
15.8861: Server #4 broadcasts parameter update
15.9086: Server #2 broadcasts parameter update
18.1374: Server #7 broadcasts parameter update
18.3444: Server #6 broadcasts parameter update
18.4539: Server #4 broadcasts parameter update
18.4921: Server #0 broadcasts parameter update
19.5734: Server #1 broadcasts parameter update
19.9926: Server #2 broadcasts parameter update
20.7437: Server #7 broadcasts parameter update
20.8297: Server #0 broadcasts parameter update
20.8298: Server #4 broadcasts parameter update
22.2094: Server #1 broadcasts parameter update
22.5416: Server #6 broadcasts parameter update
23.347: Server #0 broadcasts parameter update
23.4417: Server #7 broadcasts parameter update
23.4535: Server #4 broadcasts parameter update
23.5037: Server #2 broadcasts parameter update
25.1272: Server #0 broadcasts parameter update
25.3731: Server #1 broadcasts parameter update
25.594: Server #4 broadcasts parameter update
26.031: Server #7 broadcasts parameter update
26.3141: Server #5 broadcasts parameter update
26.9166: Server #3 broadcasts parameter update
27.7838: Server #1 broadcasts parameter update
28.0449: Server #6 broadcasts parameter update
28.0588: Server #0 broadcasts parameter update
28.1713: Server #2 broadcasts parameter update
28.523: Server #7 broadcasts parameter update
29.0566: Server #4 broadcasts parameter update
29.292: Server #5 broadcasts parameter update
