Waf: Entering directory `/home/alexander/Documents/ns3/workspace/bake/source/ns-3.29/build'
Waf: Leaving directory `/home/alexander/Documents/ns3/workspace/bake/source/ns-3.29/build'
Build commands will be stored in build/compile_commands.json
'build' finished successfully (27.505s)
1.01311: Server #5 broadcasts parameter update
1.0173: Server #7 broadcasts parameter update
3.36549: Server #7 broadcasts parameter update
3.76978: Server #5 broadcasts parameter update
4.00391: Server #6 broadcasts parameter update
4.00944: Server #1 broadcasts parameter update
4.01277: Server #4 broadcasts parameter update
4.26394: Server #3 broadcasts parameter update
4.26408: Server #2 broadcasts parameter update
5.03586: Server #0 broadcasts parameter update
6.20939: Server #6 broadcasts parameter update
6.22369: Server #7 broadcasts parameter update
6.49153: Server #4 broadcasts parameter update
7.33815: Server #2 broadcasts parameter update
7.77452: Server #5 broadcasts parameter update
7.85929: Server #6 broadcasts parameter update
7.90333: Server #3 broadcasts parameter update
7.95876: Server #1 broadcasts parameter update
8.79153: Server #7 broadcasts parameter update
10.1447: Server #2 broadcasts parameter update
10.177: Server #4 broadcasts parameter update
10.4766: Server #6 broadcasts parameter update
10.4845: Server #0 broadcasts parameter update
11.2219: Server #7 broadcasts parameter update
11.272: Server #3 broadcasts parameter update
12.6184: Server #6 broadcasts parameter update
12.6819: Server #1 broadcasts parameter update
13.1502: Server #2 broadcasts parameter update
13.597: Server #4 broadcasts parameter update
13.9301: Server #0 broadcasts parameter update
14.0761: Server #7 broadcasts parameter update
14.6603: Server #5 broadcasts parameter update
15.0366: Server #6 broadcasts parameter update
15.1874: Server #1 broadcasts parameter update
15.7354: Server #4 broadcasts parameter update
16.22: Server #3 broadcasts parameter update
16.227: Server #0 broadcasts parameter update
16.7719: Server #2 broadcasts parameter update
17.0411: Server #6 broadcasts parameter update
17.5429: Server #5 broadcasts parameter update
17.5934: Server #7 broadcasts parameter update
18.6081: Server #1 broadcasts parameter update
18.9534: Server #4 broadcasts parameter update
19.1662: Server #6 broadcasts parameter update
19.171: Server #3 broadcasts parameter update
19.2331: Server #2 broadcasts parameter update
19.6295: Server #0 broadcasts parameter update
20.7812: Server #5 broadcasts parameter update
21.1671: Server #6 broadcasts parameter update
21.3936: Server #7 broadcasts parameter update
21.5188: Server #2 broadcasts parameter update
21.5382: Server #0 broadcasts parameter update
21.594: Server #1 broadcasts parameter update
22.7155: Server #4 broadcasts parameter update
22.936: Server #6 broadcasts parameter update
23.0246: Server #3 broadcasts parameter update
23.9252: Server #0 broadcasts parameter update
24.396: Server #2 broadcasts parameter update
24.5962: Server #1 broadcasts parameter update
24.835: Server #5 broadcasts parameter update
25.0537: Server #6 broadcasts parameter update
25.462: Server #4 broadcasts parameter update
25.7014: Server #7 broadcasts parameter update
25.9355: Server #0 broadcasts parameter update
26.3215: Server #3 broadcasts parameter update
26.6048: Server #2 broadcasts parameter update
27.1717: Server #6 broadcasts parameter update
27.585: Server #1 broadcasts parameter update
28.4103: Server #0 broadcasts parameter update
28.5579: Server #5 broadcasts parameter update
28.6693: Server #4 broadcasts parameter update
28.9509: Server #6 broadcasts parameter update
29.1678: Server #2 broadcasts parameter update
29.3362: Server #3 broadcasts parameter update
29.9764: Server #7 broadcasts parameter update
