Waf: Entering directory `/home/alexander/Documents/ns3/workspace/bake/source/ns-3.29/build'
Waf: Leaving directory `/home/alexander/Documents/ns3/workspace/bake/source/ns-3.29/build'
Build commands will be stored in build/compile_commands.json
'build' finished successfully (24.204s)
1.01411: Server #6 broadcasts parameter update
1.01929: Server #0 broadcasts parameter update
2.8407: Server #0 broadcasts parameter update
3.45148: Server #6 broadcasts parameter update
4.00413: Server #4 broadcasts parameter update
4.0092: Server #7 broadcasts parameter update
4.00964: Server #5 broadcasts parameter update
4.02455: Server #1 broadcasts parameter update
4.0258: Server #3 broadcasts parameter update
4.34479: Server #2 broadcasts parameter update
5.41826: Server #0 broadcasts parameter update
5.89806: Server #6 broadcasts parameter update
6.11573: Server #1 broadcasts parameter update
6.51255: Server #5 broadcasts parameter update
7.65999: Server #4 broadcasts parameter update
7.72964: Server #7 broadcasts parameter update
7.75285: Server #6 broadcasts parameter update
7.75636: Server #3 broadcasts parameter update
7.76785: Server #0 broadcasts parameter update
7.90229: Server #1 broadcasts parameter update
9.23933: Server #5 broadcasts parameter update
9.66876: Server #4 broadcasts parameter update
10.2596: Server #6 broadcasts parameter update
10.4565: Server #1 broadcasts parameter update
11.2127: Server #2 broadcasts parameter update
11.2919: Server #0 broadcasts parameter update
11.8345: Server #4 broadcasts parameter update
11.9912: Server #3 broadcasts parameter update
12.4448: Server #6 broadcasts parameter update
12.4534: Server #5 broadcasts parameter update
12.5774: Server #1 broadcasts parameter update
12.6322: Server #7 broadcasts parameter update
14.3812: Server #2 broadcasts parameter update
14.4708: Server #4 broadcasts parameter update
14.5691: Server #6 broadcasts parameter update
14.6774: Server #1 broadcasts parameter update
15.3935: Server #0 broadcasts parameter update
15.5303: Server #5 broadcasts parameter update
15.855: Server #3 broadcasts parameter update
16.5896: Server #1 broadcasts parameter update
16.7995: Server #4 broadcasts parameter update
16.8864: Server #7 broadcasts parameter update
17.7536: Server #5 broadcasts parameter update
17.8352: Server #2 broadcasts parameter update
18.1798: Server #6 broadcasts parameter update
18.7419: Server #0 broadcasts parameter update
18.7718: Server #1 broadcasts parameter update
18.8055: Server #4 broadcasts parameter update
19.5547: Server #3 broadcasts parameter update
20.4044: Server #4 broadcasts parameter update
20.4488: Server #1 broadcasts parameter update
20.5401: Server #5 broadcasts parameter update
20.5545: Server #6 broadcasts parameter update
20.9534: Server #2 broadcasts parameter update
21.881: Server #0 broadcasts parameter update
22.4332: Server #6 broadcasts parameter update
22.4341: Server #3 broadcasts parameter update
22.6179: Server #4 broadcasts parameter update
22.7282: Server #7 broadcasts parameter update
22.9867: Server #5 broadcasts parameter update
23.1171: Server #1 broadcasts parameter update
24.4235: Server #2 broadcasts parameter update
24.7406: Server #6 broadcasts parameter update
24.8669: Server #0 broadcasts parameter update
24.9873: Server #1 broadcasts parameter update
25.0359: Server #4 broadcasts parameter update
25.0959: Server #5 broadcasts parameter update
25.2701: Server #3 broadcasts parameter update
26.8565: Server #1 broadcasts parameter update
27.0701: Server #0 broadcasts parameter update
27.0967: Server #2 broadcasts parameter update
27.1257: Server #6 broadcasts parameter update
27.22: Server #4 broadcasts parameter update
27.8159: Server #3 broadcasts parameter update
27.9117: Server #5 broadcasts parameter update
28.5027: Server #7 broadcasts parameter update
28.8544: Server #1 broadcasts parameter update
29.1223: Server #4 broadcasts parameter update
29.2613: Server #6 broadcasts parameter update
29.6212: Server #0 broadcasts parameter update
