Waf: Entering directory `/home/alexander/Documents/ns3/workspace/bake/source/ns-3.29/build'
[2731/2813] Compiling scratch/cs268/cs268.cc
[2769/2813] Linking build/scratch/cs268/cs268
Waf: Leaving directory `/home/alexander/Documents/ns3/workspace/bake/source/ns-3.29/build'
Build commands will be stored in build/compile_commands.json
'build' finished successfully (17.211s)
1.01376: Server #5 broadcasts parameter update
1.01416: Server #3 broadcasts parameter update
1.0142: Server #4 broadcasts parameter update
2.77664: Server #3 broadcasts parameter update
3.20889: Server #4 broadcasts parameter update
4.00691: Server #1 broadcasts parameter update
4.00814: Server #0 broadcasts parameter update
4.04172: Server #2 broadcasts parameter update
4.15179: Server #5 broadcasts parameter update
4.65494: Server #3 broadcasts parameter update
5.99909: Server #4 broadcasts parameter update
6.80852: Server #3 broadcasts parameter update
7.04734: Server #2 broadcasts parameter update
7.24538: Server #0 broadcasts parameter update
7.77391: Server #1 broadcasts parameter update
8.19088: Server #5 broadcasts parameter update
8.73345: Server #3 broadcasts parameter update
9.19835: Server #4 broadcasts parameter update
9.6385: Server #2 broadcasts parameter update
10.6009: Server #0 broadcasts parameter update
10.7602: Server #3 broadcasts parameter update
10.9666: Server #1 broadcasts parameter update
11.7884: Server #2 broadcasts parameter update
11.9387: Server #4 broadcasts parameter update
13.0144: Server #3 broadcasts parameter update
13.1631: Server #0 broadcasts parameter update
13.4568: Server #1 broadcasts parameter update
13.8306: Server #5 broadcasts parameter update
14.1777: Server #2 broadcasts parameter update
14.941: Server #3 broadcasts parameter update
15.3521: Server #0 broadcasts parameter update
16.1468: Server #1 broadcasts parameter update
16.1788: Server #2 broadcasts parameter update
16.2095: Server #4 broadcasts parameter update
17.1386: Server #3 broadcasts parameter update
18.3034: Server #0 broadcasts parameter update
18.3398: Server #5 broadcasts parameter update
18.4087: Server #1 broadcasts parameter update
18.6985: Server #2 broadcasts parameter update
19.0081: Server #3 broadcasts parameter update
20.0209: Server #0 broadcasts parameter update
20.7098: Server #1 broadcasts parameter update
20.8291: Server #4 broadcasts parameter update
20.9707: Server #5 broadcasts parameter update
21.0261: Server #3 broadcasts parameter update
21.7579: Server #2 broadcasts parameter update
21.9077: Server #0 broadcasts parameter update
22.8975: Server #3 broadcasts parameter update
23.5521: Server #4 broadcasts parameter update
23.6489: Server #1 broadcasts parameter update
23.7473: Server #0 broadcasts parameter update
24.3056: Server #5 broadcasts parameter update
24.5412: Server #2 broadcasts parameter update
25.546: Server #3 broadcasts parameter update
25.7667: Server #1 broadcasts parameter update
26.1638: Server #4 broadcasts parameter update
26.4518: Server #0 broadcasts parameter update
26.7545: Server #5 broadcasts parameter update
27.5756: Server #1 broadcasts parameter update
28.0035: Server #2 broadcasts parameter update
28.0386: Server #0 broadcasts parameter update
28.2738: Server #3 broadcasts parameter update
29.6525: Server #4 broadcasts parameter update
29.656: Server #1 broadcasts parameter update
29.7704: Server #5 broadcasts parameter update
