Waf: Entering directory `/home/alexander/Documents/ns3/workspace/bake/source/ns-3.29/build'
[2733/2813] Compiling scratch/cs268/cs268.cc
[2769/2813] Linking build/scratch/cs268/cs268
Waf: Leaving directory `/home/alexander/Documents/ns3/workspace/bake/source/ns-3.29/build'
Build commands will be stored in build/compile_commands.json
'build' finished successfully (15.802s)
1.0143: Server #7 broadcasts parameter update
1.01911: Server #1 broadcasts parameter update
2.81999: Server #7 broadcasts parameter update
3.32586: Server #1 broadcasts parameter update
4.00852: Server #4 broadcasts parameter update
4.0101: Server #3 broadcasts parameter update
4.01363: Server #5 broadcasts parameter update
4.04774: Server #2 broadcasts parameter update
4.04893: Server #6 broadcasts parameter update
4.10582: Server #0 broadcasts parameter update
5.01398: Server #7 broadcasts parameter update
5.50635: Server #1 broadcasts parameter update
6.88598: Server #5 broadcasts parameter update
7.58001: Server #4 broadcasts parameter update
7.61241: Server #7 broadcasts parameter update
7.83789: Server #1 broadcasts parameter update
7.96385: Server #2 broadcasts parameter update
8.17641: Server #3 broadcasts parameter update
9.43259: Server #7 broadcasts parameter update
9.45961: Server #6 broadcasts parameter update
10.617: Server #4 broadcasts parameter update
10.739: Server #1 broadcasts parameter update
10.8213: Server #5 broadcasts parameter update
11.4549: Server #2 broadcasts parameter update
11.5527: Server #3 broadcasts parameter update
12.9738: Server #1 broadcasts parameter update
13.418: Server #7 broadcasts parameter update
13.923: Server #4 broadcasts parameter update
14.2653: Server #6 broadcasts parameter update
15.0521: Server #2 broadcasts parameter update
15.109: Server #5 broadcasts parameter update
15.1126: Server #3 broadcasts parameter update
15.5548: Server #1 broadcasts parameter update
16.0644: Server #7 broadcasts parameter update
16.9515: Server #0 broadcasts parameter update
16.9583: Server #4 broadcasts parameter update
17.5259: Server #6 broadcasts parameter update
17.9625: Server #3 broadcasts parameter update
18.2406: Server #5 broadcasts parameter update
18.5264: Server #1 broadcasts parameter update
18.531: Server #2 broadcasts parameter update
18.9899: Server #7 broadcasts parameter update
19.7267: Server #4 broadcasts parameter update
19.9386: Server #0 broadcasts parameter update
21.378: Server #2 broadcasts parameter update
21.5388: Server #5 broadcasts parameter update
21.5998: Server #3 broadcasts parameter update
21.9932: Server #1 broadcasts parameter update
22.0394: Server #7 broadcasts parameter update
22.2284: Server #6 broadcasts parameter update
22.295: Server #4 broadcasts parameter update
23.5702: Server #0 broadcasts parameter update
24.3119: Server #2 broadcasts parameter update
24.4453: Server #5 broadcasts parameter update
24.9974: Server #4 broadcasts parameter update
25.3942: Server #6 broadcasts parameter update
25.5089: Server #1 broadcasts parameter update
25.6247: Server #0 broadcasts parameter update
25.8421: Server #3 broadcasts parameter update
25.8556: Server #7 broadcasts parameter update
27.079: Server #2 broadcasts parameter update
27.3646: Server #5 broadcasts parameter update
28.4299: Server #1 broadcasts parameter update
28.5716: Server #6 broadcasts parameter update
28.6401: Server #3 broadcasts parameter update
28.8178: Server #7 broadcasts parameter update
29.2493: Server #4 broadcasts parameter update
29.4754: Server #0 broadcasts parameter update
29.6645: Server #5 broadcasts parameter update
30.6081: Server #2 broadcasts parameter update
31.5354: Server #1 broadcasts parameter update
31.7729: Server #3 broadcasts parameter update
31.8465: Server #7 broadcasts parameter update
32.1074: Server #5 broadcasts parameter update
32.2257: Server #0 broadcasts parameter update
32.6993: Server #4 broadcasts parameter update
32.8998: Server #6 broadcasts parameter update
33.5059: Server #2 broadcasts parameter update
34.8375: Server #1 broadcasts parameter update
34.8927: Server #0 broadcasts parameter update
34.9763: Server #3 broadcasts parameter update
35.0902: Server #7 broadcasts parameter update
35.19: Server #5 broadcasts parameter update
35.3872: Server #4 broadcasts parameter update
35.4481: Server #6 broadcasts parameter update
36.276: Server #2 broadcasts parameter update
37.7186: Server #1 broadcasts parameter update
37.8835: Server #7 broadcasts parameter update
38.0303: Server #3 broadcasts parameter update
38.1901: Server #4 broadcasts parameter update
38.2073: Server #0 broadcasts parameter update
38.4539: Server #6 broadcasts parameter update
38.5519: Server #5 broadcasts parameter update
39.1868: Server #2 broadcasts parameter update
40.8845: Server #0 broadcasts parameter update
40.9176: Server #7 broadcasts parameter update
40.9767: Server #1 broadcasts parameter update
41.0476: Server #6 broadcasts parameter update
41.2306: Server #4 broadcasts parameter update
41.2437: Server #3 broadcasts parameter update
41.766: Server #2 broadcasts parameter update
42.1544: Server #5 broadcasts parameter update
43.9354: Server #1 broadcasts parameter update
43.9651: Server #0 broadcasts parameter update
44.0633: Server #7 broadcasts parameter update
44.3179: Server #4 broadcasts parameter update
44.3396: Server #6 broadcasts parameter update
44.666: Server #2 broadcasts parameter update
44.8995: Server #3 broadcasts parameter update
44.9634: Server #5 broadcasts parameter update
46.9681: Server #7 broadcasts parameter update
46.9931: Server #1 broadcasts parameter update
47.0127: Server #0 broadcasts parameter update
47.3548: Server #5 broadcasts parameter update
47.7432: Server #4 broadcasts parameter update
47.8309: Server #3 broadcasts parameter update
48.2287: Server #6 broadcasts parameter update
48.3499: Server #2 broadcasts parameter update
49.3305: Server #1 broadcasts parameter update
49.3792: Server #7 broadcasts parameter update
50.4993: Server #5 broadcasts parameter update
50.649: Server #4 broadcasts parameter update
50.6502: Server #0 broadcasts parameter update
50.6504: Server #3 broadcasts parameter update
51.4131: Server #6 broadcasts parameter update
51.7287: Server #2 broadcasts parameter update
52.044: Server #7 broadcasts parameter update
52.3733: Server #1 broadcasts parameter update
53.2901: Server #5 broadcasts parameter update
53.5996: Server #3 broadcasts parameter update
53.8213: Server #0 broadcasts parameter update
53.932: Server #4 broadcasts parameter update
54.7406: Server #6 broadcasts parameter update
54.9597: Server #7 broadcasts parameter update
54.9856: Server #2 broadcasts parameter update
55.4272: Server #1 broadcasts parameter update
55.9551: Server #5 broadcasts parameter update
56.532: Server #3 broadcasts parameter update
56.9446: Server #0 broadcasts parameter update
57.3167: Server #4 broadcasts parameter update
57.8355: Server #7 broadcasts parameter update
57.9229: Server #2 broadcasts parameter update
58.239: Server #6 broadcasts parameter update
58.7302: Server #1 broadcasts parameter update
59.1469: Server #5 broadcasts parameter update
59.5432: Server #3 broadcasts parameter update
59.8918: Server #0 broadcasts parameter update
60.2742: Server #4 broadcasts parameter update
60.8336: Server #7 broadcasts parameter update
60.9775: Server #2 broadcasts parameter update
61.625: Server #6 broadcasts parameter update
62.37: Server #1 broadcasts parameter update
62.3902: Server #5 broadcasts parameter update
62.7292: Server #3 broadcasts parameter update
62.768: Server #4 broadcasts parameter update
62.9758: Server #0 broadcasts parameter update
63.7038: Server #7 broadcasts parameter update
63.7131: Server #2 broadcasts parameter update
64.726: Server #6 broadcasts parameter update
65.3881: Server #5 broadcasts parameter update
65.5823: Server #1 broadcasts parameter update
65.6618: Server #4 broadcasts parameter update
65.9877: Server #3 broadcasts parameter update
66.0881: Server #0 broadcasts parameter update
66.6007: Server #7 broadcasts parameter update
67.2858: Server #2 broadcasts parameter update
67.8415: Server #6 broadcasts parameter update
68.0195: Server #5 broadcasts parameter update
68.536: Server #1 broadcasts parameter update
69.1398: Server #3 broadcasts parameter update
69.2443: Server #7 broadcasts parameter update
69.4403: Server #4 broadcasts parameter update
69.8383: Server #0 broadcasts parameter update
71.0537: Server #5 broadcasts parameter update
71.2996: Server #2 broadcasts parameter update
71.3609: Server #6 broadcasts parameter update
71.5841: Server #1 broadcasts parameter update
72.1442: Server #7 broadcasts parameter update
72.3471: Server #3 broadcasts parameter update
72.3818: Server #4 broadcasts parameter update
72.8729: Server #0 broadcasts parameter update
73.9466: Server #2 broadcasts parameter update
74.3951: Server #5 broadcasts parameter update
74.4572: Server #6 broadcasts parameter update
75.0529: Server #4 broadcasts parameter update
75.2191: Server #0 broadcasts parameter update
75.4922: Server #7 broadcasts parameter update
76.1646: Server #1 broadcasts parameter update
76.1683: Server #2 broadcasts parameter update
76.6775: Server #6 broadcasts parameter update
76.7127: Server #3 broadcasts parameter update
77.4489: Server #4 broadcasts parameter update
78.3862: Server #0 broadcasts parameter update
78.503: Server #5 broadcasts parameter update
79.0245: Server #2 broadcasts parameter update
79.2562: Server #7 broadcasts parameter update
79.3636: Server #6 broadcasts parameter update
79.9977: Server #1 broadcasts parameter update
80.1469: Server #4 broadcasts parameter update
80.6398: Server #3 broadcasts parameter update
80.927: Server #0 broadcasts parameter update
81.3454: Server #2 broadcasts parameter update
81.9687: Server #5 broadcasts parameter update
82.1755: Server #6 broadcasts parameter update
82.7106: Server #7 broadcasts parameter update
82.7358: Server #4 broadcasts parameter update
83.3766: Server #1 broadcasts parameter update
84.115: Server #0 broadcasts parameter update
84.3299: Server #2 broadcasts parameter update
84.8716: Server #3 broadcasts parameter update
85.0059: Server #4 broadcasts parameter update
85.2928: Server #6 broadcasts parameter update
85.6505: Server #7 broadcasts parameter update
86.1822: Server #1 broadcasts parameter update
86.571: Server #5 broadcasts parameter update
87.3621: Server #2 broadcasts parameter update
87.3655: Server #0 broadcasts parameter update
87.9753: Server #4 broadcasts parameter update
88.0764: Server #3 broadcasts parameter update
88.3964: Server #7 broadcasts parameter update
88.8506: Server #6 broadcasts parameter update
89.2292: Server #1 broadcasts parameter update
89.3295: Server #5 broadcasts parameter update
90.3319: Server #2 broadcasts parameter update
90.5956: Server #0 broadcasts parameter update
91.1302: Server #4 broadcasts parameter update
91.1612: Server #7 broadcasts parameter update
91.2199: Server #3 broadcasts parameter update
92.1234: Server #6 broadcasts parameter update
92.2734: Server #1 broadcasts parameter update
92.3251: Server #5 broadcasts parameter update
93.2917: Server #2 broadcasts parameter update
93.6597: Server #4 broadcasts parameter update
93.6881: Server #0 broadcasts parameter update
94.7321: Server #6 broadcasts parameter update
94.8736: Server #7 broadcasts parameter update
94.9967: Server #3 broadcasts parameter update
95.1309: Server #1 broadcasts parameter update
96.1355: Server #5 broadcasts parameter update
96.1459: Server #4 broadcasts parameter update
96.1713: Server #2 broadcasts parameter update
96.9061: Server #0 broadcasts parameter update
97.8436: Server #6 broadcasts parameter update
98.237: Server #3 broadcasts parameter update
98.5316: Server #1 broadcasts parameter update
98.5429: Server #7 broadcasts parameter update
98.5583: Server #2 broadcasts parameter update
99.0447: Server #0 broadcasts parameter update
99.1478: Server #5 broadcasts parameter update
99.5514: Server #4 broadcasts parameter update
100.849: Server #6 broadcasts parameter update
101.204: Server #3 broadcasts parameter update
101.733: Server #0 broadcasts parameter update
101.77: Server #2 broadcasts parameter update
101.964: Server #1 broadcasts parameter update
102.139: Server #7 broadcasts parameter update
102.606: Server #5 broadcasts parameter update
102.627: Server #4 broadcasts parameter update
103.271: Server #6 broadcasts parameter update
104.281: Server #3 broadcasts parameter update
104.623: Server #0 broadcasts parameter update
105.153: Server #2 broadcasts parameter update
105.184: Server #1 broadcasts parameter update
105.487: Server #7 broadcasts parameter update
105.727: Server #5 broadcasts parameter update
105.851: Server #6 broadcasts parameter update
106.214: Server #4 broadcasts parameter update
106.823: Server #3 broadcasts parameter update
107.716: Server #1 broadcasts parameter update
107.727: Server #0 broadcasts parameter update
108.543: Server #7 broadcasts parameter update
108.632: Server #5 broadcasts parameter update
109.17: Server #6 broadcasts parameter update
109.245: Server #2 broadcasts parameter update
109.635: Server #4 broadcasts parameter update
109.661: Server #3 broadcasts parameter update
110.447: Server #1 broadcasts parameter update
111.244: Server #7 broadcasts parameter update
111.55: Server #5 broadcasts parameter update
112.424: Server #3 broadcasts parameter update
112.431: Server #0 broadcasts parameter update
112.603: Server #6 broadcasts parameter update
112.888: Server #2 broadcasts parameter update
113.22: Server #4 broadcasts parameter update
113.72: Server #1 broadcasts parameter update
114.249: Server #7 broadcasts parameter update
114.565: Server #5 broadcasts parameter update
115.146: Server #0 broadcasts parameter update
115.273: Server #3 broadcasts parameter update
115.415: Server #6 broadcasts parameter update
116.356: Server #2 broadcasts parameter update
116.55: Server #4 broadcasts parameter update
116.738: Server #1 broadcasts parameter update
117.502: Server #7 broadcasts parameter update
117.92: Server #6 broadcasts parameter update
117.946: Server #5 broadcasts parameter update
117.98: Server #0 broadcasts parameter update
118.702: Server #3 broadcasts parameter update
118.988: Server #4 broadcasts parameter update
119.593: Server #1 broadcasts parameter update
119.61: Server #2 broadcasts parameter update
120.567: Server #7 broadcasts parameter update
120.747: Server #0 broadcasts parameter update
121.06: Server #6 broadcasts parameter update
121.333: Server #5 broadcasts parameter update
121.836: Server #3 broadcasts parameter update
121.927: Server #4 broadcasts parameter update
122.587: Server #2 broadcasts parameter update
122.987: Server #1 broadcasts parameter update
123.394: Server #0 broadcasts parameter update
123.633: Server #6 broadcasts parameter update
124.142: Server #7 broadcasts parameter update
124.967: Server #3 broadcasts parameter update
125.089: Server #5 broadcasts parameter update
125.5: Server #4 broadcasts parameter update
125.516: Server #2 broadcasts parameter update
126.179: Server #1 broadcasts parameter update
126.338: Server #0 broadcasts parameter update
126.549: Server #6 broadcasts parameter update
127.139: Server #7 broadcasts parameter update
127.968: Server #3 broadcasts parameter update
128.444: Server #5 broadcasts parameter update
128.487: Server #4 broadcasts parameter update
128.568: Server #2 broadcasts parameter update
129.184: Server #1 broadcasts parameter update
129.655: Server #6 broadcasts parameter update
129.695: Server #0 broadcasts parameter update
130.117: Server #7 broadcasts parameter update
130.641: Server #3 broadcasts parameter update
131.174: Server #5 broadcasts parameter update
131.871: Server #2 broadcasts parameter update
131.882: Server #1 broadcasts parameter update
132.07: Server #4 broadcasts parameter update
132.908: Server #6 broadcasts parameter update
132.93: Server #0 broadcasts parameter update
132.966: Server #7 broadcasts parameter update
133.488: Server #3 broadcasts parameter update
134.026: Server #5 broadcasts parameter update
134.768: Server #1 broadcasts parameter update
135.119: Server #2 broadcasts parameter update
135.661: Server #7 broadcasts parameter update
135.719: Server #4 broadcasts parameter update
136.203: Server #3 broadcasts parameter update
136.428: Server #5 broadcasts parameter update
136.487: Server #0 broadcasts parameter update
136.981: Server #6 broadcasts parameter update
137.72: Server #1 broadcasts parameter update
138.08: Server #2 broadcasts parameter update
138.445: Server #7 broadcasts parameter update
138.936: Server #4 broadcasts parameter update
139.269: Server #0 broadcasts parameter update
139.293: Server #3 broadcasts parameter update
139.467: Server #5 broadcasts parameter update
139.986: Server #6 broadcasts parameter update
140.949: Server #1 broadcasts parameter update
141.151: Server #2 broadcasts parameter update
141.91: Server #0 broadcasts parameter update
142.127: Server #3 broadcasts parameter update
142.467: Server #6 broadcasts parameter update
142.685: Server #4 broadcasts parameter update
142.794: Server #5 broadcasts parameter update
142.97: Server #7 broadcasts parameter update
144.388: Server #1 broadcasts parameter update
144.493: Server #0 broadcasts parameter update
144.881: Server #2 broadcasts parameter update
144.943: Server #3 broadcasts parameter update
145.243: Server #6 broadcasts parameter update
145.882: Server #4 broadcasts parameter update
145.935: Server #5 broadcasts parameter update
146.105: Server #7 broadcasts parameter update
147.33: Server #1 broadcasts parameter update
147.972: Server #3 broadcasts parameter update
148.178: Server #2 broadcasts parameter update
148.22: Server #6 broadcasts parameter update
148.442: Server #0 broadcasts parameter update
149.131: Server #7 broadcasts parameter update
149.209: Server #5 broadcasts parameter update
149.252: Server #4 broadcasts parameter update
149.944: Server #1 broadcasts parameter update
150.676: Server #3 broadcasts parameter update
150.996: Server #6 broadcasts parameter update
151.732: Server #0 broadcasts parameter update
151.737: Server #2 broadcasts parameter update
152.13: Server #5 broadcasts parameter update
152.234: Server #7 broadcasts parameter update
152.631: Server #4 broadcasts parameter update
152.855: Server #1 broadcasts parameter update
153.48: Server #3 broadcasts parameter update
153.85: Server #6 broadcasts parameter update
154.751: Server #2 broadcasts parameter update
154.94: Server #0 broadcasts parameter update
155.448: Server #7 broadcasts parameter update
155.529: Server #5 broadcasts parameter update
155.562: Server #4 broadcasts parameter update
155.711: Server #1 broadcasts parameter update
156.503: Server #3 broadcasts parameter update
156.746: Server #6 broadcasts parameter update
157.723: Server #2 broadcasts parameter update
157.774: Server #0 broadcasts parameter update
158.537: Server #5 broadcasts parameter update
158.812: Server #1 broadcasts parameter update
159.033: Server #4 broadcasts parameter update
159.234: Server #7 broadcasts parameter update
159.501: Server #3 broadcasts parameter update
159.719: Server #6 broadcasts parameter update
160.232: Server #0 broadcasts parameter update
160.605: Server #2 broadcasts parameter update
161.496: Server #5 broadcasts parameter update
162.028: Server #1 broadcasts parameter update
162.359: Server #3 broadcasts parameter update
162.909: Server #0 broadcasts parameter update
163.36: Server #6 broadcasts parameter update
163.439: Server #5 broadcasts parameter update
163.461: Server #4 broadcasts parameter update
163.776: Server #2 broadcasts parameter update
164.167: Server #7 broadcasts parameter update
165.121: Server #3 broadcasts parameter update
165.332: Server #1 broadcasts parameter update
165.878: Server #0 broadcasts parameter update
166.409: Server #6 broadcasts parameter update
166.553: Server #2 broadcasts parameter update
166.783: Server #5 broadcasts parameter update
166.843: Server #4 broadcasts parameter update
167.246: Server #7 broadcasts parameter update
168.197: Server #1 broadcasts parameter update
168.346: Server #3 broadcasts parameter update
169.388: Server #6 broadcasts parameter update
169.398: Server #0 broadcasts parameter update
169.427: Server #4 broadcasts parameter update
169.506: Server #7 broadcasts parameter update
169.716: Server #2 broadcasts parameter update
170.267: Server #5 broadcasts parameter update
171.022: Server #1 broadcasts parameter update
171.259: Server #3 broadcasts parameter update
172.444: Server #7 broadcasts parameter update
172.451: Server #4 broadcasts parameter update
172.506: Server #6 broadcasts parameter update
172.577: Server #0 broadcasts parameter update
172.759: Server #2 broadcasts parameter update
173.538: Server #5 broadcasts parameter update
174.103: Server #1 broadcasts parameter update
174.634: Server #3 broadcasts parameter update
175.116: Server #4 broadcasts parameter update
175.501: Server #6 broadcasts parameter update
175.833: Server #2 broadcasts parameter update
176.057: Server #0 broadcasts parameter update
176.113: Server #7 broadcasts parameter update
176.455: Server #1 broadcasts parameter update
176.965: Server #5 broadcasts parameter update
177.923: Server #3 broadcasts parameter update
177.943: Server #4 broadcasts parameter update
178.232: Server #6 broadcasts parameter update
178.953: Server #0 broadcasts parameter update
179.193: Server #2 broadcasts parameter update
179.494: Server #1 broadcasts parameter update
179.659: Server #7 broadcasts parameter update
180.112: Server #5 broadcasts parameter update
180.766: Server #4 broadcasts parameter update
181.043: Server #6 broadcasts parameter update
181.441: Server #3 broadcasts parameter update
181.686: Server #0 broadcasts parameter update
182.237: Server #2 broadcasts parameter update
182.641: Server #1 broadcasts parameter update
182.935: Server #7 broadcasts parameter update
183.304: Server #5 broadcasts parameter update
183.744: Server #4 broadcasts parameter update
184.028: Server #6 broadcasts parameter update
184.491: Server #0 broadcasts parameter update
184.655: Server #3 broadcasts parameter update
185.366: Server #2 broadcasts parameter update
186.178: Server #1 broadcasts parameter update
186.482: Server #5 broadcasts parameter update
186.52: Server #6 broadcasts parameter update
186.631: Server #7 broadcasts parameter update
186.751: Server #0 broadcasts parameter update
186.928: Server #4 broadcasts parameter update
187.781: Server #3 broadcasts parameter update
188.146: Server #2 broadcasts parameter update
189.238: Server #1 broadcasts parameter update
189.637: Server #5 broadcasts parameter update
189.655: Server #6 broadcasts parameter update
189.659: Server #7 broadcasts parameter update
189.741: Server #0 broadcasts parameter update
189.784: Server #4 broadcasts parameter update
190.892: Server #3 broadcasts parameter update
191.008: Server #2 broadcasts parameter update
192.469: Server #1 broadcasts parameter update
192.495: Server #6 broadcasts parameter update
192.524: Server #0 broadcasts parameter update
192.977: Server #5 broadcasts parameter update
193.373: Server #7 broadcasts parameter update
193.672: Server #3 broadcasts parameter update
193.923: Server #4 broadcasts parameter update
194.677: Server #2 broadcasts parameter update
195.289: Server #1 broadcasts parameter update
195.388: Server #6 broadcasts parameter update
195.888: Server #0 broadcasts parameter update
196.142: Server #5 broadcasts parameter update
196.491: Server #3 broadcasts parameter update
196.749: Server #7 broadcasts parameter update
197.045: Server #4 broadcasts parameter update
197.798: Server #2 broadcasts parameter update
198.154: Server #6 broadcasts parameter update
198.499: Server #1 broadcasts parameter update
198.992: Server #0 broadcasts parameter update
199.46: Server #5 broadcasts parameter update
199.549: Server #4 broadcasts parameter update
200.091: Server #7 broadcasts parameter update
200.256: Server #2 broadcasts parameter update
200.725: Server #3 broadcasts parameter update
200.735: Server #6 broadcasts parameter update
201.689: Server #0 broadcasts parameter update
202.207: Server #1 broadcasts parameter update
202.73: Server #5 broadcasts parameter update
203.27: Server #2 broadcasts parameter update
203.276: Server #7 broadcasts parameter update
203.334: Server #3 broadcasts parameter update
203.5: Server #4 broadcasts parameter update
203.965: Server #6 broadcasts parameter update
204.738: Server #0 broadcasts parameter update
205.221: Server #1 broadcasts parameter update
205.826: Server #5 broadcasts parameter update
206.453: Server #3 broadcasts parameter update
206.462: Server #4 broadcasts parameter update
206.564: Server #2 broadcasts parameter update
206.702: Server #7 broadcasts parameter update
206.722: Server #6 broadcasts parameter update
208.023: Server #1 broadcasts parameter update
208.167: Server #0 broadcasts parameter update
208.444: Server #5 broadcasts parameter update
209.41: Server #3 broadcasts parameter update
209.556: Server #7 broadcasts parameter update
209.964: Server #4 broadcasts parameter update
210.387: Server #2 broadcasts parameter update
210.618: Server #6 broadcasts parameter update
210.833: Server #1 broadcasts parameter update
210.913: Server #5 broadcasts parameter update
211.782: Server #0 broadcasts parameter update
211.983: Server #7 broadcasts parameter update
212.409: Server #3 broadcasts parameter update
212.859: Server #4 broadcasts parameter update
213.333: Server #2 broadcasts parameter update
213.526: Server #6 broadcasts parameter update
214.261: Server #1 broadcasts parameter update
214.304: Server #5 broadcasts parameter update
214.566: Server #0 broadcasts parameter update
215.321: Server #7 broadcasts parameter update
215.449: Server #4 broadcasts parameter update
215.634: Server #3 broadcasts parameter update
215.907: Server #2 broadcasts parameter update
216.213: Server #6 broadcasts parameter update
217.598: Server #0 broadcasts parameter update
217.757: Server #1 broadcasts parameter update
217.915: Server #5 broadcasts parameter update
218.309: Server #4 broadcasts parameter update
218.461: Server #7 broadcasts parameter update
218.52: Server #2 broadcasts parameter update
219.084: Server #3 broadcasts parameter update
219.4: Server #6 broadcasts parameter update
220.772: Server #0 broadcasts parameter update
221.14: Server #4 broadcasts parameter update
221.262: Server #5 broadcasts parameter update
221.369: Server #2 broadcasts parameter update
222.04: Server #6 broadcasts parameter update
222.084: Server #7 broadcasts parameter update
222.544: Server #3 broadcasts parameter update
222.927: Server #1 broadcasts parameter update
223.389: Server #0 broadcasts parameter update
224.084: Server #4 broadcasts parameter update
224.446: Server #2 broadcasts parameter update
224.774: Server #6 broadcasts parameter update
225.208: Server #7 broadcasts parameter update
225.465: Server #5 broadcasts parameter update
226.219: Server #3 broadcasts parameter update
226.225: Server #1 broadcasts parameter update
226.388: Server #4 broadcasts parameter update
226.663: Server #0 broadcasts parameter update
226.715: Server #2 broadcasts parameter update
227.748: Server #6 broadcasts parameter update
228.765: Server #5 broadcasts parameter update
229.003: Server #0 broadcasts parameter update
229.273: Server #2 broadcasts parameter update
229.295: Server #4 broadcasts parameter update
229.559: Server #1 broadcasts parameter update
229.836: Server #7 broadcasts parameter update
229.963: Server #6 broadcasts parameter update
230.505: Server #3 broadcasts parameter update
231.671: Server #0 broadcasts parameter update
231.998: Server #2 broadcasts parameter update
232.162: Server #4 broadcasts parameter update
232.222: Server #5 broadcasts parameter update
232.884: Server #7 broadcasts parameter update
233.202: Server #6 broadcasts parameter update
233.621: Server #3 broadcasts parameter update
233.699: Server #1 broadcasts parameter update
234.365: Server #2 broadcasts parameter update
234.713: Server #0 broadcasts parameter update
235.064: Server #5 broadcasts parameter update
235.2: Server #4 broadcasts parameter update
235.623: Server #7 broadcasts parameter update
236.568: Server #3 broadcasts parameter update
236.652: Server #1 broadcasts parameter update
237.511: Server #5 broadcasts parameter update
238.028: Server #6 broadcasts parameter update
238.103: Server #7 broadcasts parameter update
238.208: Server #2 broadcasts parameter update
238.22: Server #0 broadcasts parameter update
238.82: Server #1 broadcasts parameter update
239.109: Server #4 broadcasts parameter update
239.163: Server #3 broadcasts parameter update
240.076: Server #5 broadcasts parameter update
241.135: Server #7 broadcasts parameter update
241.425: Server #1 broadcasts parameter update
241.515: Server #2 broadcasts parameter update
241.52: Server #0 broadcasts parameter update
241.775: Server #6 broadcasts parameter update
241.969: Server #3 broadcasts parameter update
242.663: Server #4 broadcasts parameter update
242.681: Server #5 broadcasts parameter update
244.133: Server #7 broadcasts parameter update
244.299: Server #1 broadcasts parameter update
244.46: Server #6 broadcasts parameter update
244.761: Server #0 broadcasts parameter update
244.798: Server #3 broadcasts parameter update
245.337: Server #2 broadcasts parameter update
245.803: Server #5 broadcasts parameter update
246: Server #4 broadcasts parameter update
247.207: Server #1 broadcasts parameter update
247.296: Server #7 broadcasts parameter update
247.476: Server #6 broadcasts parameter update
247.517: Server #0 broadcasts parameter update
247.727: Server #3 broadcasts parameter update
248.259: Server #2 broadcasts parameter update
248.926: Server #5 broadcasts parameter update
249.222: Server #4 broadcasts parameter update
250.027: Server #1 broadcasts parameter update
250.135: Server #7 broadcasts parameter update
250.54: Server #3 broadcasts parameter update
250.772: Server #0 broadcasts parameter update
251.014: Server #6 broadcasts parameter update
251.462: Server #5 broadcasts parameter update
252.292: Server #2 broadcasts parameter update
252.451: Server #1 broadcasts parameter update
252.724: Server #3 broadcasts parameter update
252.937: Server #7 broadcasts parameter update
253.316: Server #4 broadcasts parameter update
254.115: Server #5 broadcasts parameter update
254.574: Server #0 broadcasts parameter update
255.25: Server #6 broadcasts parameter update
255.356: Server #7 broadcasts parameter update
255.387: Server #1 broadcasts parameter update
255.562: Server #2 broadcasts parameter update
255.691: Server #3 broadcasts parameter update
256.643: Server #5 broadcasts parameter update
256.763: Server #4 broadcasts parameter update
257.515: Server #0 broadcasts parameter update
257.869: Server #1 broadcasts parameter update
258.147: Server #7 broadcasts parameter update
258.355: Server #3 broadcasts parameter update
258.971: Server #6 broadcasts parameter update
259.201: Server #5 broadcasts parameter update
259.546: Server #2 broadcasts parameter update
260.3: Server #4 broadcasts parameter update
260.662: Server #0 broadcasts parameter update
260.746: Server #1 broadcasts parameter update
260.895: Server #7 broadcasts parameter update
261.008: Server #3 broadcasts parameter update
261.98: Server #5 broadcasts parameter update
262.355: Server #6 broadcasts parameter update
262.873: Server #2 broadcasts parameter update
263.335: Server #1 broadcasts parameter update
263.36: Server #4 broadcasts parameter update
263.794: Server #7 broadcasts parameter update
264.055: Server #3 broadcasts parameter update
264.348: Server #0 broadcasts parameter update
265.059: Server #6 broadcasts parameter update
265.658: Server #5 broadcasts parameter update
265.709: Server #2 broadcasts parameter update
265.865: Server #4 broadcasts parameter update
266.703: Server #1 broadcasts parameter update
267.125: Server #7 broadcasts parameter update
267.138: Server #0 broadcasts parameter update
267.69: Server #3 broadcasts parameter update
267.917: Server #6 broadcasts parameter update
268.46: Server #2 broadcasts parameter update
268.567: Server #4 broadcasts parameter update
269.421: Server #5 broadcasts parameter update
270.01: Server #0 broadcasts parameter update
270.052: Server #1 broadcasts parameter update
270.568: Server #7 broadcasts parameter update
270.923: Server #3 broadcasts parameter update
270.927: Server #6 broadcasts parameter update
270.952: Server #2 broadcasts parameter update
271.289: Server #4 broadcasts parameter update
272.479: Server #5 broadcasts parameter update
273.309: Server #1 broadcasts parameter update
273.323: Server #0 broadcasts parameter update
273.43: Server #7 broadcasts parameter update
273.778: Server #2 broadcasts parameter update
274.048: Server #3 broadcasts parameter update
274.475: Server #6 broadcasts parameter update
274.663: Server #4 broadcasts parameter update
274.717: Server #5 broadcasts parameter update
276.319: Server #0 broadcasts parameter update
276.379: Server #7 broadcasts parameter update
276.41: Server #1 broadcasts parameter update
276.688: Server #2 broadcasts parameter update
277.421: Server #4 broadcasts parameter update
277.754: Server #6 broadcasts parameter update
278.301: Server #3 broadcasts parameter update
279.031: Server #5 broadcasts parameter update
279.223: Server #1 broadcasts parameter update
279.437: Server #7 broadcasts parameter update
279.514: Server #0 broadcasts parameter update
279.813: Server #2 broadcasts parameter update
280.162: Server #4 broadcasts parameter update
280.709: Server #6 broadcasts parameter update
281.394: Server #3 broadcasts parameter update
281.919: Server #1 broadcasts parameter update
282.148: Server #5 broadcasts parameter update
282.2: Server #7 broadcasts parameter update
282.814: Server #0 broadcasts parameter update
283.206: Server #4 broadcasts parameter update
283.291: Server #2 broadcasts parameter update
283.497: Server #6 broadcasts parameter update
284.448: Server #3 broadcasts parameter update
284.689: Server #1 broadcasts parameter update
285.147: Server #7 broadcasts parameter update
285.512: Server #5 broadcasts parameter update
286.026: Server #2 broadcasts parameter update
286.275: Server #4 broadcasts parameter update
286.801: Server #6 broadcasts parameter update
287.232: Server #7 broadcasts parameter update
287.239: Server #0 broadcasts parameter update
287.662: Server #3 broadcasts parameter update
287.781: Server #1 broadcasts parameter update
288.14: Server #5 broadcasts parameter update
288.713: Server #2 broadcasts parameter update
289.515: Server #4 broadcasts parameter update
289.951: Server #7 broadcasts parameter update
290.073: Server #6 broadcasts parameter update
290.619: Server #3 broadcasts parameter update
290.704: Server #1 broadcasts parameter update
290.799: Server #0 broadcasts parameter update
291.22: Server #5 broadcasts parameter update
291.619: Server #2 broadcasts parameter update
292.87: Server #4 broadcasts parameter update
293.03: Server #7 broadcasts parameter update
293.608: Server #6 broadcasts parameter update
293.647: Server #1 broadcasts parameter update
293.747: Server #3 broadcasts parameter update
294.022: Server #5 broadcasts parameter update
294.51: Server #2 broadcasts parameter update
294.726: Server #0 broadcasts parameter update
295.755: Server #7 broadcasts parameter update
295.894: Server #4 broadcasts parameter update
296.382: Server #1 broadcasts parameter update
296.813: Server #5 broadcasts parameter update
296.86: Server #6 broadcasts parameter update
297.045: Server #3 broadcasts parameter update
297.445: Server #2 broadcasts parameter update
298.019: Server #0 broadcasts parameter update
298.801: Server #7 broadcasts parameter update
299.044: Server #1 broadcasts parameter update
299.285: Server #4 broadcasts parameter update
299.307: Server #5 broadcasts parameter update
299.694: Server #3 broadcasts parameter update
