Waf: Entering directory `/home/alexander/Documents/ns3/workspace/bake/source/ns-3.29/build'
[2731/2813] Compiling scratch/cs268/cs268.cc
[2770/2813] Linking build/scratch/cs268/cs268
Waf: Leaving directory `/home/alexander/Documents/ns3/workspace/bake/source/ns-3.29/build'
Build commands will be stored in build/compile_commands.json
'build' finished successfully (14.610s)
1.01639: Server #2 broadcasts parameter update
3.02896: Server #2 broadcasts parameter update
4.30519: Server #7 broadcasts parameter update
4.31152: Server #0 broadcasts parameter update
4.39157: Server #4 broadcasts parameter update
4.8513: Server #2 broadcasts parameter update
7.00109: Server #2 broadcasts parameter update
7.26945: Server #1 broadcasts parameter update
7.26958: Server #3 broadcasts parameter update
7.27004: Server #5 broadcasts parameter update
7.27011: Server #6 broadcasts parameter update
11.8073: Server #2 broadcasts parameter update
16.0463: Server #7 broadcasts parameter update
18.1457: Server #2 broadcasts parameter update
18.4606: Server #5 broadcasts parameter update
20.2714: Server #3 broadcasts parameter update
21.4741: Server #1 broadcasts parameter update
22.2418: Server #7 broadcasts parameter update
24.0499: Server #5 broadcasts parameter update
24.8314: Server #2 broadcasts parameter update
28.5173: Server #3 broadcasts parameter update
29.4452: Server #1 broadcasts parameter update
29.5109: Server #7 broadcasts parameter update
29.6192: Server #0 broadcasts parameter update
32.6041: Server #6 broadcasts parameter update
33.1113: Server #2 broadcasts parameter update
33.815: Server #5 broadcasts parameter update
34.4924: Server #3 broadcasts parameter update
37.3825: Server #1 broadcasts parameter update
39.4136: Server #7 broadcasts parameter update
39.5922: Server #0 broadcasts parameter update
43.4238: Server #4 broadcasts parameter update
44.0742: Server #6 broadcasts parameter update
44.5103: Server #1 broadcasts parameter update
44.7127: Server #5 broadcasts parameter update
45.4231: Server #3 broadcasts parameter update
45.6672: Server #0 broadcasts parameter update
47.5487: Server #2 broadcasts parameter update
50.0514: Server #7 broadcasts parameter update
54.3918: Server #3 broadcasts parameter update
54.552: Server #6 broadcasts parameter update
55.3355: Server #0 broadcasts parameter update
55.3388: Server #4 broadcasts parameter update
56.4601: Server #2 broadcasts parameter update
56.6682: Server #1 broadcasts parameter update
56.7181: Server #5 broadcasts parameter update
60.5983: Server #7 broadcasts parameter update
65.4741: Server #6 broadcasts parameter update
65.8316: Server #4 broadcasts parameter update
65.8417: Server #0 broadcasts parameter update
66.8316: Server #3 broadcasts parameter update
67.138: Server #2 broadcasts parameter update
67.7666: Server #5 broadcasts parameter update
69.1271: Server #1 broadcasts parameter update
73.045: Server #7 broadcasts parameter update
75.6253: Server #0 broadcasts parameter update
77.2574: Server #4 broadcasts parameter update
77.9359: Server #3 broadcasts parameter update
77.9405: Server #5 broadcasts parameter update
78.1705: Server #2 broadcasts parameter update
79.217: Server #1 broadcasts parameter update
80.5352: Server #6 broadcasts parameter update
84.565: Server #7 broadcasts parameter update
85.0942: Server #0 broadcasts parameter update
89.0526: Server #2 broadcasts parameter update
89.4853: Server #5 broadcasts parameter update
89.6655: Server #6 broadcasts parameter update
90.6152: Server #1 broadcasts parameter update
91.3225: Server #7 broadcasts parameter update
92.3646: Server #3 broadcasts parameter update
92.3943: Server #4 broadcasts parameter update
95.2077: Server #0 broadcasts parameter update
99.1741: Server #4 broadcasts parameter update
100.59: Server #1 broadcasts parameter update
100.608: Server #6 broadcasts parameter update
100.881: Server #2 broadcasts parameter update
101.865: Server #7 broadcasts parameter update
102.12: Server #3 broadcasts parameter update
106.633: Server #4 broadcasts parameter update
108.56: Server #5 broadcasts parameter update
110.062: Server #7 broadcasts parameter update
110.434: Server #6 broadcasts parameter update
111.027: Server #2 broadcasts parameter update
111.468: Server #1 broadcasts parameter update
112.821: Server #0 broadcasts parameter update
114.921: Server #3 broadcasts parameter update
115.489: Server #4 broadcasts parameter update
118.541: Server #2 broadcasts parameter update
119.358: Server #7 broadcasts parameter update
121.227: Server #1 broadcasts parameter update
121.297: Server #5 broadcasts parameter update
122.86: Server #6 broadcasts parameter update
123.643: Server #0 broadcasts parameter update
124.523: Server #4 broadcasts parameter update
125.318: Server #3 broadcasts parameter update
130.839: Server #7 broadcasts parameter update
131.137: Server #2 broadcasts parameter update
133.117: Server #1 broadcasts parameter update
133.976: Server #0 broadcasts parameter update
134.437: Server #4 broadcasts parameter update
134.618: Server #6 broadcasts parameter update
134.874: Server #5 broadcasts parameter update
137.239: Server #3 broadcasts parameter update
137.781: Server #2 broadcasts parameter update
144.017: Server #4 broadcasts parameter update
144.314: Server #7 broadcasts parameter update
144.606: Server #6 broadcasts parameter update
146.568: Server #0 broadcasts parameter update
147.483: Server #5 broadcasts parameter update
147.666: Server #3 broadcasts parameter update
149.33: Server #4 broadcasts parameter update
149.337: Server #1 broadcasts parameter update
154.201: Server #7 broadcasts parameter update
155.467: Server #5 broadcasts parameter update
156.337: Server #4 broadcasts parameter update
156.385: Server #0 broadcasts parameter update
156.419: Server #6 broadcasts parameter update
157.849: Server #1 broadcasts parameter update
160.196: Server #2 broadcasts parameter update
160.923: Server #3 broadcasts parameter update
162.378: Server #5 broadcasts parameter update
165.028: Server #0 broadcasts parameter update
165.124: Server #6 broadcasts parameter update
166.811: Server #7 broadcasts parameter update
169.072: Server #1 broadcasts parameter update
169.404: Server #4 broadcasts parameter update
172.876: Server #3 broadcasts parameter update
174.222: Server #6 broadcasts parameter update
174.693: Server #0 broadcasts parameter update
175.532: Server #5 broadcasts parameter update
176.953: Server #1 broadcasts parameter update
178.438: Server #2 broadcasts parameter update
179.558: Server #7 broadcasts parameter update
180.472: Server #3 broadcasts parameter update
181.295: Server #6 broadcasts parameter update
181.828: Server #4 broadcasts parameter update
185.332: Server #5 broadcasts parameter update
189.388: Server #3 broadcasts parameter update
189.74: Server #6 broadcasts parameter update
189.803: Server #1 broadcasts parameter update
190.264: Server #2 broadcasts parameter update
191.228: Server #0 broadcasts parameter update
192.116: Server #7 broadcasts parameter update
195.683: Server #4 broadcasts parameter update
196.212: Server #2 broadcasts parameter update
196.651: Server #5 broadcasts parameter update
199.125: Server #3 broadcasts parameter update
201.206: Server #7 broadcasts parameter update
202.945: Server #2 broadcasts parameter update
203.612: Server #1 broadcasts parameter update
205.259: Server #5 broadcasts parameter update
205.311: Server #4 broadcasts parameter update
205.484: Server #0 broadcasts parameter update
206.493: Server #3 broadcasts parameter update
208.873: Server #6 broadcasts parameter update
209.828: Server #7 broadcasts parameter update
213.25: Server #5 broadcasts parameter update
215.959: Server #2 broadcasts parameter update
216.003: Server #1 broadcasts parameter update
216.919: Server #4 broadcasts parameter update
219.188: Server #6 broadcasts parameter update
219.527: Server #7 broadcasts parameter update
219.725: Server #0 broadcasts parameter update
224.826: Server #2 broadcasts parameter update
224.902: Server #3 broadcasts parameter update
225.093: Server #5 broadcasts parameter update
225.367: Server #4 broadcasts parameter update
225.805: Server #1 broadcasts parameter update
226.677: Server #6 broadcasts parameter update
230.811: Server #0 broadcasts parameter update
231.679: Server #7 broadcasts parameter update
234.877: Server #2 broadcasts parameter update
235.42: Server #5 broadcasts parameter update
236.501: Server #1 broadcasts parameter update
237.513: Server #4 broadcasts parameter update
237.728: Server #3 broadcasts parameter update
238.806: Server #0 broadcasts parameter update
239.712: Server #6 broadcasts parameter update
240.612: Server #7 broadcasts parameter update
243.498: Server #5 broadcasts parameter update
243.847: Server #2 broadcasts parameter update
244.67: Server #1 broadcasts parameter update
249.964: Server #3 broadcasts parameter update
251.666: Server #7 broadcasts parameter update
252.603: Server #0 broadcasts parameter update
252.708: Server #6 broadcasts parameter update
252.751: Server #2 broadcasts parameter update
253.232: Server #4 broadcasts parameter update
253.741: Server #5 broadcasts parameter update
255.968: Server #1 broadcasts parameter update
262.511: Server #0 broadcasts parameter update
262.641: Server #7 broadcasts parameter update
262.71: Server #2 broadcasts parameter update
263.12: Server #6 broadcasts parameter update
263.497: Server #1 broadcasts parameter update
264.521: Server #5 broadcasts parameter update
265.093: Server #3 broadcasts parameter update
265.889: Server #4 broadcasts parameter update
272.632: Server #6 broadcasts parameter update
273.416: Server #2 broadcasts parameter update
273.51: Server #0 broadcasts parameter update
274.145: Server #5 broadcasts parameter update
274.587: Server #1 broadcasts parameter update
276.991: Server #7 broadcasts parameter update
277.08: Server #4 broadcasts parameter update
278.105: Server #3 broadcasts parameter update
281.988: Server #6 broadcasts parameter update
282.161: Server #5 broadcasts parameter update
284.901: Server #0 broadcasts parameter update
286.882: Server #1 broadcasts parameter update
286.887: Server #4 broadcasts parameter update
288.428: Server #2 broadcasts parameter update
288.82: Server #3 broadcasts parameter update
289.185: Server #7 broadcasts parameter update
291.551: Server #6 broadcasts parameter update
292.362: Server #5 broadcasts parameter update
294.163: Server #0 broadcasts parameter update
295.952: Server #1 broadcasts parameter update
298.093: Server #2 broadcasts parameter update
299.633: Server #3 broadcasts parameter update
