Waf: Entering directory `/home/alexander/Documents/ns3/workspace/bake/source/ns-3.29/build'
[2735/2813] Compiling scratch/cs268/cs268.cc
[2769/2813] Linking build/scratch/cs268/cs268
Waf: Leaving directory `/home/alexander/Documents/ns3/workspace/bake/source/ns-3.29/build'
Build commands will be stored in build/compile_commands.json
'build' finished successfully (14.049s)
1.01088: Server #4 broadcasts parameter update
1.0128: Server #7 broadcasts parameter update
1.0139: Server #5 broadcasts parameter update
1.01605: Server #2 broadcasts parameter update
1.01676: Server #3 broadcasts parameter update
1.01776: Server #0 broadcasts parameter update
1.01789: Server #6 broadcasts parameter update
1.01876: Server #1 broadcasts parameter update
2.98096: Server #5 broadcasts parameter update
3.04031: Server #2 broadcasts parameter update
3.05077: Server #3 broadcasts parameter update
3.08062: Server #1 broadcasts parameter update
3.09828: Server #7 broadcasts parameter update
3.11026: Server #4 broadcasts parameter update
3.79368: Server #0 broadcasts parameter update
4.07105: Server #6 broadcasts parameter update
4.76809: Server #4 broadcasts parameter update
4.77626: Server #2 broadcasts parameter update
4.79213: Server #7 broadcasts parameter update
4.80437: Server #5 broadcasts parameter update
4.83322: Server #1 broadcasts parameter update
5.32827: Server #3 broadcasts parameter update
5.47282: Server #0 broadcasts parameter update
5.75468: Server #6 broadcasts parameter update
6.55937: Server #5 broadcasts parameter update
7.24889: Server #1 broadcasts parameter update
7.37109: Server #7 broadcasts parameter update
7.38866: Server #4 broadcasts parameter update
7.47179: Server #2 broadcasts parameter update
7.49687: Server #0 broadcasts parameter update
7.87977: Server #3 broadcasts parameter update
8.01481: Server #6 broadcasts parameter update
8.65787: Server #5 broadcasts parameter update
9.35095: Server #4 broadcasts parameter update
9.62614: Server #0 broadcasts parameter update
9.99148: Server #6 broadcasts parameter update
10.0119: Server #3 broadcasts parameter update
10.8269: Server #5 broadcasts parameter update
10.8541: Server #1 broadcasts parameter update
10.9758: Server #7 broadcasts parameter update
11.1935: Server #2 broadcasts parameter update
11.343: Server #4 broadcasts parameter update
11.6706: Server #0 broadcasts parameter update
12.0333: Server #3 broadcasts parameter update
12.0383: Server #6 broadcasts parameter update
12.8827: Server #5 broadcasts parameter update
13.1027: Server #7 broadcasts parameter update
13.1496: Server #1 broadcasts parameter update
13.1649: Server #2 broadcasts parameter update
13.4606: Server #4 broadcasts parameter update
13.7209: Server #0 broadcasts parameter update
13.9776: Server #3 broadcasts parameter update
14.2119: Server #6 broadcasts parameter update
14.708: Server #5 broadcasts parameter update
14.9762: Server #7 broadcasts parameter update
15.0241: Server #1 broadcasts parameter update
15.2602: Server #2 broadcasts parameter update
15.6712: Server #4 broadcasts parameter update
15.9246: Server #3 broadcasts parameter update
16.0693: Server #6 broadcasts parameter update
16.1152: Server #0 broadcasts parameter update
16.7195: Server #5 broadcasts parameter update
16.9982: Server #1 broadcasts parameter update
17.0123: Server #7 broadcasts parameter update
17.368: Server #2 broadcasts parameter update
17.7154: Server #4 broadcasts parameter update
17.888: Server #3 broadcasts parameter update
18.0307: Server #0 broadcasts parameter update
18.0459: Server #6 broadcasts parameter update
18.776: Server #5 broadcasts parameter update
19.0244: Server #7 broadcasts parameter update
19.1414: Server #1 broadcasts parameter update
19.4372: Server #4 broadcasts parameter update
19.5555: Server #2 broadcasts parameter update
19.973: Server #6 broadcasts parameter update
19.9814: Server #0 broadcasts parameter update
19.994: Server #3 broadcasts parameter update
20.9774: Server #5 broadcasts parameter update
21.0622: Server #7 broadcasts parameter update
21.1581: Server #1 broadcasts parameter update
21.4189: Server #2 broadcasts parameter update
21.5649: Server #4 broadcasts parameter update
21.9218: Server #0 broadcasts parameter update
22.0948: Server #6 broadcasts parameter update
22.1768: Server #3 broadcasts parameter update
22.9552: Server #7 broadcasts parameter update
23.0902: Server #5 broadcasts parameter update
23.1469: Server #2 broadcasts parameter update
23.3069: Server #1 broadcasts parameter update
23.6026: Server #4 broadcasts parameter update
23.8813: Server #0 broadcasts parameter update
24.1592: Server #6 broadcasts parameter update
24.4354: Server #3 broadcasts parameter update
24.8414: Server #2 broadcasts parameter update
24.9852: Server #5 broadcasts parameter update
25.0138: Server #7 broadcasts parameter update
25.3805: Server #1 broadcasts parameter update
25.606: Server #4 broadcasts parameter update
25.9852: Server #0 broadcasts parameter update
26.1372: Server #3 broadcasts parameter update
26.2754: Server #6 broadcasts parameter update
26.9632: Server #5 broadcasts parameter update
27.2775: Server #1 broadcasts parameter update
27.3269: Server #2 broadcasts parameter update
27.3876: Server #4 broadcasts parameter update
27.431: Server #7 broadcasts parameter update
27.8244: Server #3 broadcasts parameter update
28.0104: Server #0 broadcasts parameter update
28.4156: Server #6 broadcasts parameter update
28.96: Server #5 broadcasts parameter update
29.0242: Server #2 broadcasts parameter update
29.0487: Server #4 broadcasts parameter update
29.333: Server #1 broadcasts parameter update
29.5311: Server #3 broadcasts parameter update
29.593: Server #7 broadcasts parameter update
30.2248: Server #0 broadcasts parameter update
30.4017: Server #6 broadcasts parameter update
30.7091: Server #2 broadcasts parameter update
30.9432: Server #5 broadcasts parameter update
31.0986: Server #4 broadcasts parameter update
31.2576: Server #3 broadcasts parameter update
31.37: Server #1 broadcasts parameter update
31.6457: Server #7 broadcasts parameter update
32.0842: Server #0 broadcasts parameter update
32.4067: Server #6 broadcasts parameter update
32.4251: Server #2 broadcasts parameter update
32.8459: Server #5 broadcasts parameter update
32.966: Server #3 broadcasts parameter update
33.3047: Server #1 broadcasts parameter update
33.552: Server #7 broadcasts parameter update
33.7618: Server #4 broadcasts parameter update
34.2113: Server #0 broadcasts parameter update
34.4319: Server #6 broadcasts parameter update
34.4955: Server #2 broadcasts parameter update
34.6466: Server #3 broadcasts parameter update
34.8299: Server #5 broadcasts parameter update
35.2304: Server #1 broadcasts parameter update
35.8134: Server #4 broadcasts parameter update
36.1754: Server #0 broadcasts parameter update
36.3324: Server #3 broadcasts parameter update
36.3802: Server #7 broadcasts parameter update
36.6352: Server #2 broadcasts parameter update
36.859: Server #5 broadcasts parameter update
36.9969: Server #6 broadcasts parameter update
37.333: Server #1 broadcasts parameter update
37.5227: Server #4 broadcasts parameter update
37.8962: Server #0 broadcasts parameter update
38.0045: Server #3 broadcasts parameter update
38.3377: Server #7 broadcasts parameter update
38.3418: Server #2 broadcasts parameter update
38.9315: Server #5 broadcasts parameter update
39.1146: Server #6 broadcasts parameter update
39.2475: Server #4 broadcasts parameter update
39.5924: Server #1 broadcasts parameter update
39.698: Server #3 broadcasts parameter update
40.0433: Server #2 broadcasts parameter update
40.3016: Server #7 broadcasts parameter update
40.3993: Server #0 broadcasts parameter update
40.9272: Server #4 broadcasts parameter update
41.02: Server #5 broadcasts parameter update
41.2706: Server #6 broadcasts parameter update
41.4536: Server #1 broadcasts parameter update
41.8056: Server #3 broadcasts parameter update
42.0685: Server #2 broadcasts parameter update
42.1104: Server #0 broadcasts parameter update
42.5904: Server #4 broadcasts parameter update
42.7239: Server #7 broadcasts parameter update
42.8415: Server #5 broadcasts parameter update
43.176: Server #6 broadcasts parameter update
43.2218: Server #1 broadcasts parameter update
43.4579: Server #3 broadcasts parameter update
43.825: Server #0 broadcasts parameter update
44.6479: Server #2 broadcasts parameter update
44.835: Server #7 broadcasts parameter update
44.9016: Server #1 broadcasts parameter update
44.9441: Server #5 broadcasts parameter update
45.1456: Server #6 broadcasts parameter update
45.1856: Server #4 broadcasts parameter update
45.5182: Server #3 broadcasts parameter update
45.5189: Server #0 broadcasts parameter update
46.6258: Server #1 broadcasts parameter update
46.7979: Server #2 broadcasts parameter update
46.8896: Server #5 broadcasts parameter update
46.9576: Server #7 broadcasts parameter update
47.0818: Server #4 broadcasts parameter update
47.2286: Server #6 broadcasts parameter update
47.433: Server #3 broadcasts parameter update
47.9532: Server #0 broadcasts parameter update
48.2919: Server #1 broadcasts parameter update
48.9688: Server #2 broadcasts parameter update
48.9775: Server #5 broadcasts parameter update
49.0488: Server #4 broadcasts parameter update
49.0775: Server #7 broadcasts parameter update
49.0928: Server #3 broadcasts parameter update
49.3543: Server #6 broadcasts parameter update
49.6153: Server #0 broadcasts parameter update
49.9912: Server #1 broadcasts parameter update
51.1355: Server #4 broadcasts parameter update
51.1614: Server #2 broadcasts parameter update
51.1822: Server #3 broadcasts parameter update
51.1942: Server #7 broadcasts parameter update
51.3168: Server #0 broadcasts parameter update
51.397: Server #6 broadcasts parameter update
51.6615: Server #1 broadcasts parameter update
51.7624: Server #5 broadcasts parameter update
52.8066: Server #4 broadcasts parameter update
52.8787: Server #2 broadcasts parameter update
52.9308: Server #3 broadcasts parameter update
53.1834: Server #7 broadcasts parameter update
53.3353: Server #1 broadcasts parameter update
53.505: Server #6 broadcasts parameter update
53.5281: Server #0 broadcasts parameter update
53.7716: Server #5 broadcasts parameter update
54.4931: Server #4 broadcasts parameter update
54.8652: Server #3 broadcasts parameter update
54.906: Server #2 broadcasts parameter update
55.0145: Server #1 broadcasts parameter update
55.1918: Server #7 broadcasts parameter update
55.6079: Server #6 broadcasts parameter update
55.7553: Server #5 broadcasts parameter update
56.041: Server #0 broadcasts parameter update
56.5761: Server #2 broadcasts parameter update
56.5872: Server #3 broadcasts parameter update
56.6139: Server #4 broadcasts parameter update
56.7256: Server #1 broadcasts parameter update
57.0536: Server #7 broadcasts parameter update
57.6725: Server #6 broadcasts parameter update
57.8805: Server #5 broadcasts parameter update
58.1958: Server #0 broadcasts parameter update
58.2807: Server #2 broadcasts parameter update
58.3062: Server #4 broadcasts parameter update
58.3247: Server #3 broadcasts parameter update
59.1167: Server #1 broadcasts parameter update
59.4086: Server #7 broadcasts parameter update
59.786: Server #6 broadcasts parameter update
59.955: Server #5 broadcasts parameter update
59.9752: Server #2 broadcasts parameter update
60.0513: Server #3 broadcasts parameter update
60.2327: Server #0 broadcasts parameter update
60.448: Server #4 broadcasts parameter update
60.7894: Server #1 broadcasts parameter update
61.0901: Server #7 broadcasts parameter update
61.662: Server #2 broadcasts parameter update
61.7287: Server #3 broadcasts parameter update
61.7404: Server #6 broadcasts parameter update
61.9907: Server #5 broadcasts parameter update
62.2659: Server #0 broadcasts parameter update
62.4634: Server #1 broadcasts parameter update
62.9056: Server #4 broadcasts parameter update
63.2205: Server #7 broadcasts parameter update
63.3228: Server #2 broadcasts parameter update
63.4395: Server #3 broadcasts parameter update
63.7802: Server #6 broadcasts parameter update
63.9637: Server #0 broadcasts parameter update
64.1966: Server #5 broadcasts parameter update
64.4655: Server #1 broadcasts parameter update
64.592: Server #4 broadcasts parameter update
65.0049: Server #2 broadcasts parameter update
65.0985: Server #3 broadcasts parameter update
65.3294: Server #7 broadcasts parameter update
65.6755: Server #0 broadcasts parameter update
65.9288: Server #6 broadcasts parameter update
66.1757: Server #1 broadcasts parameter update
66.1947: Server #5 broadcasts parameter update
66.3152: Server #4 broadcasts parameter update
67.1129: Server #2 broadcasts parameter update
67.2298: Server #7 broadcasts parameter update
67.3696: Server #0 broadcasts parameter update
67.7593: Server #3 broadcasts parameter update
67.9098: Server #6 broadcasts parameter update
68.2572: Server #5 broadcasts parameter update
68.3112: Server #1 broadcasts parameter update
68.3429: Server #4 broadcasts parameter update
68.8164: Server #2 broadcasts parameter update
69.0436: Server #0 broadcasts parameter update
69.341: Server #7 broadcasts parameter update
69.432: Server #3 broadcasts parameter update
69.9509: Server #6 broadcasts parameter update
70.3068: Server #5 broadcasts parameter update
70.4592: Server #1 broadcasts parameter update
70.51: Server #2 broadcasts parameter update
70.5585: Server #4 broadcasts parameter update
71.3751: Server #7 broadcasts parameter update
71.3993: Server #0 broadcasts parameter update
71.5156: Server #3 broadcasts parameter update
72.0248: Server #6 broadcasts parameter update
72.1278: Server #1 broadcasts parameter update
72.2834: Server #4 broadcasts parameter update
72.4574: Server #5 broadcasts parameter update
72.5302: Server #2 broadcasts parameter update
73.093: Server #0 broadcasts parameter update
73.4494: Server #7 broadcasts parameter update
73.7955: Server #1 broadcasts parameter update
74.0277: Server #3 broadcasts parameter update
74.075: Server #6 broadcasts parameter update
74.5585: Server #2 broadcasts parameter update
74.6017: Server #5 broadcasts parameter update
74.704: Server #4 broadcasts parameter update
75.1567: Server #0 broadcasts parameter update
75.4695: Server #1 broadcasts parameter update
75.6976: Server #3 broadcasts parameter update
76.0866: Server #6 broadcasts parameter update
76.1221: Server #7 broadcasts parameter update
76.2341: Server #2 broadcasts parameter update
76.3765: Server #4 broadcasts parameter update
76.6666: Server #5 broadcasts parameter update
77.3716: Server #0 broadcasts parameter update
77.6204: Server #1 broadcasts parameter update
77.7383: Server #3 broadcasts parameter update
77.8846: Server #2 broadcasts parameter update
78.1061: Server #4 broadcasts parameter update
78.1074: Server #7 broadcasts parameter update
78.1383: Server #6 broadcasts parameter update
78.8169: Server #5 broadcasts parameter update
79.4237: Server #0 broadcasts parameter update
79.4578: Server #3 broadcasts parameter update
79.7751: Server #4 broadcasts parameter update
79.7845: Server #1 broadcasts parameter update
80.0179: Server #7 broadcasts parameter update
80.0358: Server #2 broadcasts parameter update
80.233: Server #6 broadcasts parameter update
80.8144: Server #5 broadcasts parameter update
81.1094: Server #3 broadcasts parameter update
81.4572: Server #1 broadcasts parameter update
81.6626: Server #0 broadcasts parameter update
81.8574: Server #4 broadcasts parameter update
81.9779: Server #2 broadcasts parameter update
82.0159: Server #7 broadcasts parameter update
82.1982: Server #6 broadcasts parameter update
82.8185: Server #3 broadcasts parameter update
82.8219: Server #5 broadcasts parameter update
83.4133: Server #0 broadcasts parameter update
83.5954: Server #1 broadcasts parameter update
83.9298: Server #4 broadcasts parameter update
83.9803: Server #2 broadcasts parameter update
84.0401: Server #7 broadcasts parameter update
84.2784: Server #6 broadcasts parameter update
84.8889: Server #5 broadcasts parameter update
85.1193: Server #0 broadcasts parameter update
85.2903: Server #1 broadcasts parameter update
85.4927: Server #3 broadcasts parameter update
85.6752: Server #4 broadcasts parameter update
85.6862: Server #2 broadcasts parameter update
86.0468: Server #7 broadcasts parameter update
86.5178: Server #6 broadcasts parameter update
86.7898: Server #0 broadcasts parameter update
86.9655: Server #1 broadcasts parameter update
87.1614: Server #3 broadcasts parameter update
87.2377: Server #5 broadcasts parameter update
87.4043: Server #2 broadcasts parameter update
88.1855: Server #7 broadcasts parameter update
88.2597: Server #4 broadcasts parameter update
88.2775: Server #6 broadcasts parameter update
88.505: Server #0 broadcasts parameter update
88.6156: Server #1 broadcasts parameter update
88.8245: Server #3 broadcasts parameter update
89.1122: Server #2 broadcasts parameter update
89.2745: Server #5 broadcasts parameter update
89.9765: Server #6 broadcasts parameter update
90.1779: Server #7 broadcasts parameter update
90.1972: Server #0 broadcasts parameter update
90.4241: Server #4 broadcasts parameter update
90.5192: Server #3 broadcasts parameter update
90.7294: Server #1 broadcasts parameter update
91.004: Server #5 broadcasts parameter update
91.226: Server #2 broadcasts parameter update
91.6747: Server #6 broadcasts parameter update
92.1264: Server #4 broadcasts parameter update
92.19: Server #7 broadcasts parameter update
92.1933: Server #3 broadcasts parameter update
92.2546: Server #0 broadcasts parameter update
92.7102: Server #5 broadcasts parameter update
92.842: Server #1 broadcasts parameter update
92.9013: Server #2 broadcasts parameter update
93.4059: Server #6 broadcasts parameter update
93.8117: Server #4 broadcasts parameter update
93.9962: Server #0 broadcasts parameter update
94.3893: Server #5 broadcasts parameter update
94.4658: Server #7 broadcasts parameter update
94.6015: Server #2 broadcasts parameter update
94.7006: Server #3 broadcasts parameter update
94.9776: Server #1 broadcasts parameter update
95.5055: Server #6 broadcasts parameter update
95.5207: Server #4 broadcasts parameter update
95.6566: Server #0 broadcasts parameter update
96.0976: Server #5 broadcasts parameter update
96.3008: Server #2 broadcasts parameter update
96.3753: Server #3 broadcasts parameter update
96.453: Server #7 broadcasts parameter update
96.6804: Server #1 broadcasts parameter update
97.2096: Server #4 broadcasts parameter update
97.3237: Server #0 broadcasts parameter update
97.6952: Server #6 broadcasts parameter update
97.784: Server #5 broadcasts parameter update
97.9855: Server #2 broadcasts parameter update
98.3654: Server #1 broadcasts parameter update
98.375: Server #3 broadcasts parameter update
98.432: Server #7 broadcasts parameter update
98.873: Server #4 broadcasts parameter update
99.0173: Server #0 broadcasts parameter update
99.4894: Server #5 broadcasts parameter update
99.6819: Server #2 broadcasts parameter update
100.063: Server #3 broadcasts parameter update
100.217: Server #6 broadcasts parameter update
100.376: Server #7 broadcasts parameter update
100.669: Server #0 broadcasts parameter update
100.873: Server #1 broadcasts parameter update
101.167: Server #5 broadcasts parameter update
101.226: Server #4 broadcasts parameter update
101.728: Server #3 broadcasts parameter update
101.828: Server #2 broadcasts parameter update
101.933: Server #6 broadcasts parameter update
102.33: Server #0 broadcasts parameter update
102.412: Server #7 broadcasts parameter update
102.861: Server #1 broadcasts parameter update
102.921: Server #4 broadcasts parameter update
103.283: Server #5 broadcasts parameter update
103.511: Server #2 broadcasts parameter update
103.655: Server #6 broadcasts parameter update
103.812: Server #3 broadcasts parameter update
103.977: Server #0 broadcasts parameter update
104.545: Server #7 broadcasts parameter update
104.925: Server #5 broadcasts parameter update
104.959: Server #4 broadcasts parameter update
105.04: Server #1 broadcasts parameter update
105.204: Server #2 broadcasts parameter update
105.355: Server #6 broadcasts parameter update
105.527: Server #3 broadcasts parameter update
105.641: Server #0 broadcasts parameter update
106.614: Server #5 broadcasts parameter update
106.658: Server #4 broadcasts parameter update
106.881: Server #2 broadcasts parameter update
107.072: Server #1 broadcasts parameter update
107.075: Server #6 broadcasts parameter update
107.196: Server #3 broadcasts parameter update
107.601: Server #0 broadcasts parameter update
107.763: Server #7 broadcasts parameter update
108.318: Server #5 broadcasts parameter update
108.577: Server #2 broadcasts parameter update
108.756: Server #1 broadcasts parameter update
108.882: Server #3 broadcasts parameter update
109.242: Server #4 broadcasts parameter update
109.274: Server #0 broadcasts parameter update
109.686: Server #7 broadcasts parameter update
109.991: Server #6 broadcasts parameter update
110.417: Server #1 broadcasts parameter update
110.434: Server #5 broadcasts parameter update
110.581: Server #3 broadcasts parameter update
110.745: Server #2 broadcasts parameter update
111.341: Server #4 broadcasts parameter update
111.658: Server #0 broadcasts parameter update
111.67: Server #6 broadcasts parameter update
111.866: Server #7 broadcasts parameter update
112.087: Server #1 broadcasts parameter update
112.117: Server #5 broadcasts parameter update
112.242: Server #3 broadcasts parameter update
112.807: Server #2 broadcasts parameter update
113.336: Server #0 broadcasts parameter update
113.349: Server #6 broadcasts parameter update
113.388: Server #4 broadcasts parameter update
113.748: Server #1 broadcasts parameter update
113.776: Server #7 broadcasts parameter update
114.262: Server #5 broadcasts parameter update
114.576: Server #3 broadcasts parameter update
114.943: Server #2 broadcasts parameter update
115.016: Server #0 broadcasts parameter update
115.335: Server #6 broadcasts parameter update
115.48: Server #7 broadcasts parameter update
115.695: Server #1 broadcasts parameter update
115.722: Server #4 broadcasts parameter update
116.275: Server #3 broadcasts parameter update
116.301: Server #5 broadcasts parameter update
117.033: Server #6 broadcasts parameter update
117.059: Server #0 broadcasts parameter update
117.224: Server #2 broadcasts parameter update
117.381: Server #1 broadcasts parameter update
117.417: Server #4 broadcasts parameter update
117.945: Server #3 broadcasts parameter update
118.039: Server #7 broadcasts parameter update
118.91: Server #5 broadcasts parameter update
119.045: Server #1 broadcasts parameter update
119.089: Server #6 broadcasts parameter update
119.357: Server #0 broadcasts parameter update
119.53: Server #4 broadcasts parameter update
119.544: Server #2 broadcasts parameter update
119.745: Server #7 broadcasts parameter update
120.635: Server #3 broadcasts parameter update
120.907: Server #6 broadcasts parameter update
121.088: Server #5 broadcasts parameter update
121.219: Server #1 broadcasts parameter update
121.22: Server #2 broadcasts parameter update
121.233: Server #4 broadcasts parameter update
121.372: Server #0 broadcasts parameter update
121.417: Server #7 broadcasts parameter update
122.289: Server #3 broadcasts parameter update
122.577: Server #6 broadcasts parameter update
122.892: Server #2 broadcasts parameter update
123.057: Server #4 broadcasts parameter update
123.102: Server #0 broadcasts parameter update
123.497: Server #7 broadcasts parameter update
123.692: Server #5 broadcasts parameter update
123.724: Server #1 broadcasts parameter update
124.497: Server #3 broadcasts parameter update
124.585: Server #2 broadcasts parameter update
124.723: Server #4 broadcasts parameter update
124.763: Server #0 broadcasts parameter update
124.869: Server #6 broadcasts parameter update
125.401: Server #1 broadcasts parameter update
125.625: Server #7 broadcasts parameter update
125.991: Server #5 broadcasts parameter update
126.185: Server #3 broadcasts parameter update
126.257: Server #2 broadcasts parameter update
126.419: Server #4 broadcasts parameter update
126.45: Server #0 broadcasts parameter update
126.913: Server #6 broadcasts parameter update
127.059: Server #1 broadcasts parameter update
127.665: Server #5 broadcasts parameter update
127.95: Server #7 broadcasts parameter update
128.116: Server #0 broadcasts parameter update
128.122: Server #4 broadcasts parameter update
128.175: Server #3 broadcasts parameter update
128.328: Server #2 broadcasts parameter update
128.599: Server #6 broadcasts parameter update
128.735: Server #1 broadcasts parameter update
129.629: Server #7 broadcasts parameter update
129.816: Server #0 broadcasts parameter update
129.826: Server #4 broadcasts parameter update
129.877: Server #3 broadcasts parameter update
129.901: Server #5 broadcasts parameter update
130.036: Server #2 broadcasts parameter update
130.25: Server #6 broadcasts parameter update
130.39: Server #1 broadcasts parameter update
131.32: Server #7 broadcasts parameter update
131.48: Server #0 broadcasts parameter update
131.488: Server #4 broadcasts parameter update
131.565: Server #3 broadcasts parameter update
131.573: Server #5 broadcasts parameter update
131.699: Server #2 broadcasts parameter update
132.571: Server #1 broadcasts parameter update
133.005: Server #6 broadcasts parameter update
133.164: Server #0 broadcasts parameter update
133.171: Server #4 broadcasts parameter update
133.226: Server #3 broadcasts parameter update
133.386: Server #2 broadcasts parameter update
133.636: Server #7 broadcasts parameter update
133.67: Server #5 broadcasts parameter update
134.719: Server #6 broadcasts parameter update
134.825: Server #0 broadcasts parameter update
134.851: Server #4 broadcasts parameter update
134.876: Server #3 broadcasts parameter update
135.014: Server #1 broadcasts parameter update
135.374: Server #7 broadcasts parameter update
135.511: Server #2 broadcasts parameter update
136.42: Server #5 broadcasts parameter update
136.513: Server #4 broadcasts parameter update
136.519: Server #0 broadcasts parameter update
136.568: Server #3 broadcasts parameter update
136.678: Server #1 broadcasts parameter update
136.829: Server #6 broadcasts parameter update
137.075: Server #7 broadcasts parameter update
137.194: Server #2 broadcasts parameter update
138.192: Server #0 broadcasts parameter update
138.23: Server #4 broadcasts parameter update
138.532: Server #5 broadcasts parameter update
138.549: Server #6 broadcasts parameter update
138.622: Server #3 broadcasts parameter update
138.861: Server #1 broadcasts parameter update
138.897: Server #7 broadcasts parameter update
139.232: Server #2 broadcasts parameter update
139.884: Server #0 broadcasts parameter update
139.916: Server #4 broadcasts parameter update
140.189: Server #5 broadcasts parameter update
140.249: Server #6 broadcasts parameter update
140.255: Server #3 broadcasts parameter update
140.549: Server #1 broadcasts parameter update
140.922: Server #2 broadcasts parameter update
141.109: Server #7 broadcasts parameter update
141.554: Server #0 broadcasts parameter update
141.596: Server #4 broadcasts parameter update
141.943: Server #6 broadcasts parameter update
142.228: Server #1 broadcasts parameter update
142.558: Server #5 broadcasts parameter update
142.789: Server #7 broadcasts parameter update
142.895: Server #3 broadcasts parameter update
143.233: Server #0 broadcasts parameter update
143.502: Server #2 broadcasts parameter update
143.622: Server #6 broadcasts parameter update
143.902: Server #4 broadcasts parameter update
143.913: Server #1 broadcasts parameter update
144.487: Server #7 broadcasts parameter update
144.588: Server #5 broadcasts parameter update
144.907: Server #0 broadcasts parameter update
144.986: Server #3 broadcasts parameter update
145.332: Server #6 broadcasts parameter update
145.46: Server #2 broadcasts parameter update
145.569: Server #4 broadcasts parameter update
146.103: Server #1 broadcasts parameter update
146.264: Server #5 broadcasts parameter update
146.575: Server #0 broadcasts parameter update
146.58: Server #7 broadcasts parameter update
146.974: Server #6 broadcasts parameter update
147.125: Server #2 broadcasts parameter update
147.568: Server #3 broadcasts parameter update
147.66: Server #4 broadcasts parameter update
147.934: Server #5 broadcasts parameter update
148.244: Server #1 broadcasts parameter update
148.562: Server #7 broadcasts parameter update
148.663: Server #6 broadcasts parameter update
148.734: Server #0 broadcasts parameter update
148.767: Server #2 broadcasts parameter update
149.226: Server #3 broadcasts parameter update
149.735: Server #4 broadcasts parameter update
149.842: Server #5 broadcasts parameter update
150.019: Server #1 broadcasts parameter update
150.253: Server #7 broadcasts parameter update
150.321: Server #6 broadcasts parameter update
150.451: Server #2 broadcasts parameter update
150.663: Server #0 broadcasts parameter update
151.392: Server #3 broadcasts parameter update
151.429: Server #4 broadcasts parameter update
151.54: Server #5 broadcasts parameter update
151.966: Server #7 broadcasts parameter update
152.149: Server #6 broadcasts parameter update
152.151: Server #2 broadcasts parameter update
152.19: Server #1 broadcasts parameter update
152.891: Server #0 broadcasts parameter update
153.22: Server #5 broadcasts parameter update
153.445: Server #4 broadcasts parameter update
153.51: Server #3 broadcasts parameter update
153.67: Server #7 broadcasts parameter update
153.832: Server #6 broadcasts parameter update
154.324: Server #1 broadcasts parameter update
154.559: Server #2 broadcasts parameter update
154.915: Server #5 broadcasts parameter update
155.115: Server #4 broadcasts parameter update
155.119: Server #0 broadcasts parameter update
155.469: Server #3 broadcasts parameter update
155.927: Server #6 broadcasts parameter update
156.027: Server #1 broadcasts parameter update
156.067: Server #7 broadcasts parameter update
156.258: Server #2 broadcasts parameter update
156.596: Server #5 broadcasts parameter update
156.769: Server #4 broadcasts parameter update
156.807: Server #0 broadcasts parameter update
157.117: Server #3 broadcasts parameter update
157.634: Server #6 broadcasts parameter update
157.734: Server #7 broadcasts parameter update
157.965: Server #2 broadcasts parameter update
158.018: Server #1 broadcasts parameter update
158.796: Server #0 broadcasts parameter update
158.797: Server #5 broadcasts parameter update
158.802: Server #3 broadcasts parameter update
158.947: Server #4 broadcasts parameter update
159.651: Server #2 broadcasts parameter update
159.686: Server #6 broadcasts parameter update
159.711: Server #1 broadcasts parameter update
160.376: Server #7 broadcasts parameter update
160.456: Server #5 broadcasts parameter update
160.462: Server #3 broadcasts parameter update
160.805: Server #0 broadcasts parameter update
161.038: Server #4 broadcasts parameter update
161.322: Server #2 broadcasts parameter update
161.409: Server #1 broadcasts parameter update
161.779: Server #6 broadcasts parameter update
162.035: Server #7 broadcasts parameter update
162.115: Server #3 broadcasts parameter update
162.116: Server #5 broadcasts parameter update
162.746: Server #4 broadcasts parameter update
162.93: Server #0 broadcasts parameter update
163.121: Server #1 broadcasts parameter update
163.536: Server #2 broadcasts parameter update
163.69: Server #7 broadcasts parameter update
163.778: Server #5 broadcasts parameter update
163.796: Server #3 broadcasts parameter update
163.877: Server #6 broadcasts parameter update
164.463: Server #4 broadcasts parameter update
165.023: Server #0 broadcasts parameter update
165.131: Server #1 broadcasts parameter update
165.372: Server #7 broadcasts parameter update
165.75: Server #2 broadcasts parameter update
165.809: Server #6 broadcasts parameter update
165.842: Server #3 broadcasts parameter update
165.864: Server #5 broadcasts parameter update
166.234: Server #4 broadcasts parameter update
166.727: Server #0 broadcasts parameter update
167.057: Server #7 broadcasts parameter update
167.148: Server #1 broadcasts parameter update
167.461: Server #2 broadcasts parameter update
167.93: Server #3 broadcasts parameter update
168.034: Server #5 broadcasts parameter update
168.408: Server #0 broadcasts parameter update
168.612: Server #6 broadcasts parameter update
168.619: Server #4 broadcasts parameter update
168.97: Server #7 broadcasts parameter update
169.145: Server #2 broadcasts parameter update
169.175: Server #1 broadcasts parameter update
169.598: Server #3 broadcasts parameter update
169.729: Server #5 broadcasts parameter update
170.113: Server #0 broadcasts parameter update
170.315: Server #6 broadcasts parameter update
170.355: Server #4 broadcasts parameter update
171.221: Server #1 broadcasts parameter update
171.256: Server #3 broadcasts parameter update
171.33: Server #2 broadcasts parameter update
171.555: Server #7 broadcasts parameter update
171.998: Server #5 broadcasts parameter update
172.03: Server #4 broadcasts parameter update
172.161: Server #0 broadcasts parameter update
172.282: Server #6 broadcasts parameter update
173.046: Server #2 broadcasts parameter update
173.234: Server #7 broadcasts parameter update
173.53: Server #1 broadcasts parameter update
173.663: Server #5 broadcasts parameter update
173.718: Server #4 broadcasts parameter update
173.91: Server #3 broadcasts parameter update
173.966: Server #6 broadcasts parameter update
174.125: Server #0 broadcasts parameter update
174.815: Server #2 broadcasts parameter update
174.896: Server #7 broadcasts parameter update
175.364: Server #5 broadcasts parameter update
175.383: Server #4 broadcasts parameter update
175.536: Server #1 broadcasts parameter update
175.553: Server #3 broadcasts parameter update
175.65: Server #6 broadcasts parameter update
175.826: Server #0 broadcasts parameter update
176.567: Server #7 broadcasts parameter update
176.967: Server #2 broadcasts parameter update
177.242: Server #3 broadcasts parameter update
177.249: Server #1 broadcasts parameter update
177.325: Server #6 broadcasts parameter update
177.511: Server #5 broadcasts parameter update
177.518: Server #0 broadcasts parameter update
177.777: Server #4 broadcasts parameter update
178.787: Server #7 broadcasts parameter update
178.911: Server #1 broadcasts parameter update
179.023: Server #6 broadcasts parameter update
179.186: Server #0 broadcasts parameter update
179.195: Server #5 broadcasts parameter update
179.274: Server #3 broadcasts parameter update
179.421: Server #4 broadcasts parameter update
179.971: Server #2 broadcasts parameter update
180.564: Server #1 broadcasts parameter update
180.863: Server #5 broadcasts parameter update
180.874: Server #0 broadcasts parameter update
181.037: Server #6 broadcasts parameter update
181.248: Server #3 broadcasts parameter update
181.402: Server #7 broadcasts parameter update
181.691: Server #2 broadcasts parameter update
181.729: Server #4 broadcasts parameter update
182.532: Server #5 broadcasts parameter update
182.542: Server #1 broadcasts parameter update
182.709: Server #6 broadcasts parameter update
182.925: Server #3 broadcasts parameter update
183.096: Server #7 broadcasts parameter update
183.113: Server #0 broadcasts parameter update
183.347: Server #2 broadcasts parameter update
183.807: Server #4 broadcasts parameter update
184.229: Server #1 broadcasts parameter update
184.382: Server #6 broadcasts parameter update
184.711: Server #5 broadcasts parameter update
184.765: Server #7 broadcasts parameter update
185.049: Server #2 broadcasts parameter update
185.143: Server #3 broadcasts parameter update
185.585: Server #0 broadcasts parameter update
185.76: Server #4 broadcasts parameter update
186.041: Server #6 broadcasts parameter update
186.241: Server #1 broadcasts parameter update
186.454: Server #7 broadcasts parameter update
186.707: Server #2 broadcasts parameter update
186.838: Server #3 broadcasts parameter update
186.866: Server #5 broadcasts parameter update
187.281: Server #0 broadcasts parameter update
187.433: Server #4 broadcasts parameter update
188.15: Server #1 broadcasts parameter update
188.157: Server #7 broadcasts parameter update
188.332: Server #6 broadcasts parameter update
188.804: Server #5 broadcasts parameter update
188.877: Server #3 broadcasts parameter update
188.958: Server #0 broadcasts parameter update
189.12: Server #4 broadcasts parameter update
189.284: Server #2 broadcasts parameter update
189.852: Server #7 broadcasts parameter update
190.045: Server #6 broadcasts parameter update
190.496: Server #5 broadcasts parameter update
190.551: Server #3 broadcasts parameter update
190.592: Server #1 broadcasts parameter update
190.793: Server #4 broadcasts parameter update
190.954: Server #0 broadcasts parameter update
191.269: Server #2 broadcasts parameter update
191.517: Server #7 broadcasts parameter update
192.113: Server #6 broadcasts parameter update
192.217: Server #3 broadcasts parameter update
192.624: Server #0 broadcasts parameter update
192.63: Server #5 broadcasts parameter update
192.706: Server #1 broadcasts parameter update
192.931: Server #4 broadcasts parameter update
192.956: Server #2 broadcasts parameter update
193.196: Server #7 broadcasts parameter update
194.281: Server #5 broadcasts parameter update
194.285: Server #6 broadcasts parameter update
194.334: Server #0 broadcasts parameter update
194.409: Server #3 broadcasts parameter update
194.631: Server #2 broadcasts parameter update
195.063: Server #4 broadcasts parameter update
195.158: Server #1 broadcasts parameter update
195.17: Server #7 broadcasts parameter update
195.956: Server #5 broadcasts parameter update
196.296: Server #2 broadcasts parameter update
196.391: Server #0 broadcasts parameter update
196.533: Server #6 broadcasts parameter update
196.639: Server #3 broadcasts parameter update
196.758: Server #4 broadcasts parameter update
196.835: Server #7 broadcasts parameter update
197.294: Server #1 broadcasts parameter update
197.972: Server #2 broadcasts parameter update
198.06: Server #0 broadcasts parameter update
198.188: Server #5 broadcasts parameter update
198.223: Server #6 broadcasts parameter update
198.323: Server #3 broadcasts parameter update
198.414: Server #4 broadcasts parameter update
198.971: Server #1 broadcasts parameter update
199.283: Server #7 broadcasts parameter update
199.875: Server #5 broadcasts parameter update
200.076: Server #0 broadcasts parameter update
200.329: Server #3 broadcasts parameter update
200.358: Server #6 broadcasts parameter update
200.376: Server #4 broadcasts parameter update
200.488: Server #2 broadcasts parameter update
200.649: Server #1 broadcasts parameter update
201.312: Server #7 broadcasts parameter update
201.558: Server #5 broadcasts parameter update
202.022: Server #3 broadcasts parameter update
202.077: Server #6 broadcasts parameter update
202.087: Server #4 broadcasts parameter update
202.191: Server #2 broadcasts parameter update
202.242: Server #0 broadcasts parameter update
202.344: Server #1 broadcasts parameter update
203.222: Server #5 broadcasts parameter update
203.367: Server #7 broadcasts parameter update
203.693: Server #3 broadcasts parameter update
203.777: Server #6 broadcasts parameter update
203.782: Server #4 broadcasts parameter update
203.881: Server #2 broadcasts parameter update
203.93: Server #0 broadcasts parameter update
204.012: Server #1 broadcasts parameter update
204.92: Server #5 broadcasts parameter update
205.426: Server #7 broadcasts parameter update
205.501: Server #6 broadcasts parameter update
205.541: Server #2 broadcasts parameter update
205.606: Server #0 broadcasts parameter update
205.708: Server #1 broadcasts parameter update
205.873: Server #3 broadcasts parameter update
206.272: Server #4 broadcasts parameter update
206.59: Server #5 broadcasts parameter update
207.105: Server #7 broadcasts parameter update
207.169: Server #6 broadcasts parameter update
207.215: Server #2 broadcasts parameter update
207.28: Server #0 broadcasts parameter update
207.398: Server #1 broadcasts parameter update
207.548: Server #3 broadcasts parameter update
207.958: Server #4 broadcasts parameter update
208.3: Server #5 broadcasts parameter update
208.82: Server #7 broadcasts parameter update
208.831: Server #6 broadcasts parameter update
208.882: Server #2 broadcasts parameter update
209.071: Server #1 broadcasts parameter update
209.241: Server #3 broadcasts parameter update
209.612: Server #0 broadcasts parameter update
209.631: Server #4 broadcasts parameter update
210.012: Server #5 broadcasts parameter update
210.494: Server #6 broadcasts parameter update
210.494: Server #7 broadcasts parameter update
210.546: Server #2 broadcasts parameter update
210.749: Server #1 broadcasts parameter update
211.325: Server #0 broadcasts parameter update
211.538: Server #3 broadcasts parameter update
211.692: Server #4 broadcasts parameter update
211.7: Server #5 broadcasts parameter update
212.178: Server #7 broadcasts parameter update
212.21: Server #6 broadcasts parameter update
212.225: Server #2 broadcasts parameter update
212.45: Server #1 broadcasts parameter update
213.01: Server #0 broadcasts parameter update
213.359: Server #5 broadcasts parameter update
213.76: Server #4 broadcasts parameter update
213.859: Server #7 broadcasts parameter update
213.901: Server #3 broadcasts parameter update
214.111: Server #1 broadcasts parameter update
214.183: Server #2 broadcasts parameter update
214.402: Server #6 broadcasts parameter update
214.694: Server #0 broadcasts parameter update
215.039: Server #5 broadcasts parameter update
215.501: Server #7 broadcasts parameter update
215.585: Server #3 broadcasts parameter update
215.793: Server #1 broadcasts parameter update
216.111: Server #6 broadcasts parameter update
216.257: Server #4 broadcasts parameter update
216.6: Server #2 broadcasts parameter update
216.819: Server #0 broadcasts parameter update
217.146: Server #7 broadcasts parameter update
217.459: Server #1 broadcasts parameter update
217.628: Server #5 broadcasts parameter update
217.966: Server #4 broadcasts parameter update
218.011: Server #3 broadcasts parameter update
218.182: Server #6 broadcasts parameter update
218.271: Server #2 broadcasts parameter update
218.507: Server #0 broadcasts parameter update
218.81: Server #7 broadcasts parameter update
219.111: Server #1 broadcasts parameter update
219.806: Server #5 broadcasts parameter update
220.088: Server #4 broadcasts parameter update
220.194: Server #0 broadcasts parameter update
220.266: Server #2 broadcasts parameter update
220.494: Server #7 broadcasts parameter update
220.736: Server #6 broadcasts parameter update
220.74: Server #3 broadcasts parameter update
220.776: Server #1 broadcasts parameter update
221.505: Server #5 broadcasts parameter update
221.803: Server #4 broadcasts parameter update
222.142: Server #7 broadcasts parameter update
222.195: Server #0 broadcasts parameter update
222.408: Server #3 broadcasts parameter update
222.448: Server #6 broadcasts parameter update
222.789: Server #2 broadcasts parameter update
222.982: Server #1 broadcasts parameter update
223.173: Server #5 broadcasts parameter update
223.463: Server #4 broadcasts parameter update
223.807: Server #7 broadcasts parameter update
223.902: Server #0 broadcasts parameter update
224.124: Server #6 broadcasts parameter update
224.46: Server #3 broadcasts parameter update
224.462: Server #2 broadcasts parameter update
224.638: Server #1 broadcasts parameter update
225.467: Server #5 broadcasts parameter update
225.597: Server #0 broadcasts parameter update
225.917: Server #4 broadcasts parameter update
226.139: Server #2 broadcasts parameter update
226.167: Server #3 broadcasts parameter update
226.215: Server #7 broadcasts parameter update
226.329: Server #1 broadcasts parameter update
226.721: Server #6 broadcasts parameter update
227.122: Server #5 broadcasts parameter update
227.601: Server #0 broadcasts parameter update
227.824: Server #2 broadcasts parameter update
227.896: Server #7 broadcasts parameter update
227.995: Server #4 broadcasts parameter update
228.33: Server #3 broadcasts parameter update
228.401: Server #6 broadcasts parameter update
228.445: Server #1 broadcasts parameter update
228.795: Server #5 broadcasts parameter update
229.286: Server #0 broadcasts parameter update
229.577: Server #7 broadcasts parameter update
229.674: Server #4 broadcasts parameter update
229.912: Server #2 broadcasts parameter update
230.041: Server #3 broadcasts parameter update
230.553: Server #6 broadcasts parameter update
230.675: Server #1 broadcasts parameter update
230.963: Server #0 broadcasts parameter update
231.175: Server #5 broadcasts parameter update
231.246: Server #7 broadcasts parameter update
231.601: Server #2 broadcasts parameter update
231.739: Server #3 broadcasts parameter update
231.759: Server #4 broadcasts parameter update
232.245: Server #6 broadcasts parameter update
232.668: Server #1 broadcasts parameter update
232.893: Server #5 broadcasts parameter update
233.293: Server #2 broadcasts parameter update
233.383: Server #0 broadcasts parameter update
233.419: Server #3 broadcasts parameter update
233.473: Server #4 broadcasts parameter update
233.68: Server #7 broadcasts parameter update
234.279: Server #6 broadcasts parameter update
234.543: Server #5 broadcasts parameter update
234.59: Server #1 broadcasts parameter update
234.954: Server #2 broadcasts parameter update
235.073: Server #0 broadcasts parameter update
235.104: Server #3 broadcasts parameter update
235.153: Server #4 broadcasts parameter update
235.384: Server #7 broadcasts parameter update
235.987: Server #6 broadcasts parameter update
236.741: Server #0 broadcasts parameter update
236.78: Server #5 broadcasts parameter update
236.798: Server #3 broadcasts parameter update
236.878: Server #1 broadcasts parameter update
237.054: Server #7 broadcasts parameter update
237.131: Server #4 broadcasts parameter update
237.203: Server #2 broadcasts parameter update
237.662: Server #6 broadcasts parameter update
238.492: Server #3 broadcasts parameter update
238.584: Server #1 broadcasts parameter update
238.742: Server #0 broadcasts parameter update
238.834: Server #4 broadcasts parameter update
238.856: Server #2 broadcasts parameter update
238.92: Server #5 broadcasts parameter update
239.268: Server #7 broadcasts parameter update
239.322: Server #6 broadcasts parameter update
240.151: Server #3 broadcasts parameter update
240.418: Server #0 broadcasts parameter update
240.484: Server #4 broadcasts parameter update
240.509: Server #2 broadcasts parameter update
240.601: Server #5 broadcasts parameter update
240.758: Server #1 broadcasts parameter update
241.503: Server #7 broadcasts parameter update
241.508: Server #6 broadcasts parameter update
241.816: Server #3 broadcasts parameter update
242.081: Server #0 broadcasts parameter update
242.148: Server #4 broadcasts parameter update
242.289: Server #5 broadcasts parameter update
242.84: Server #1 broadcasts parameter update
243.034: Server #2 broadcasts parameter update
243.186: Server #6 broadcasts parameter update
243.193: Server #7 broadcasts parameter update
243.513: Server #3 broadcasts parameter update
244.09: Server #0 broadcasts parameter update
244.365: Server #4 broadcasts parameter update
244.44: Server #5 broadcasts parameter update
244.539: Server #1 broadcasts parameter update
244.785: Server #2 broadcasts parameter update
244.856: Server #6 broadcasts parameter update
244.867: Server #7 broadcasts parameter update
245.197: Server #3 broadcasts parameter update
245.762: Server #0 broadcasts parameter update
246.058: Server #4 broadcasts parameter update
246.128: Server #5 broadcasts parameter update
246.208: Server #1 broadcasts parameter update
246.537: Server #6 broadcasts parameter update
246.552: Server #7 broadcasts parameter update
246.854: Server #2 broadcasts parameter update
247.351: Server #3 broadcasts parameter update
247.434: Server #0 broadcasts parameter update
247.763: Server #4 broadcasts parameter update
247.914: Server #1 broadcasts parameter update
248.126: Server #5 broadcasts parameter update
248.209: Server #6 broadcasts parameter update
248.524: Server #2 broadcasts parameter update
248.6: Server #7 broadcasts parameter update
249.041: Server #3 broadcasts parameter update
249.147: Server #0 broadcasts parameter update
249.589: Server #1 broadcasts parameter update
249.787: Server #4 broadcasts parameter update
250.246: Server #5 broadcasts parameter update
250.273: Server #7 broadcasts parameter update
250.372: Server #6 broadcasts parameter update
250.548: Server #2 broadcasts parameter update
250.758: Server #3 broadcasts parameter update
250.799: Server #0 broadcasts parameter update
251.96: Server #1 broadcasts parameter update
251.961: Server #7 broadcasts parameter update
251.981: Server #5 broadcasts parameter update
252.225: Server #4 broadcasts parameter update
252.401: Server #6 broadcasts parameter update
252.436: Server #3 broadcasts parameter update
252.483: Server #0 broadcasts parameter update
252.59: Server #2 broadcasts parameter update
253.634: Server #1 broadcasts parameter update
253.646: Server #5 broadcasts parameter update
253.885: Server #7 broadcasts parameter update
254.286: Server #2 broadcasts parameter update
254.379: Server #4 broadcasts parameter update
254.441: Server #6 broadcasts parameter update
254.549: Server #0 broadcasts parameter update
254.747: Server #3 broadcasts parameter update
255.328: Server #5 broadcasts parameter update
255.562: Server #7 broadcasts parameter update
255.738: Server #1 broadcasts parameter update
256.07: Server #4 broadcasts parameter update
256.209: Server #0 broadcasts parameter update
256.423: Server #2 broadcasts parameter update
256.425: Server #3 broadcasts parameter update
257.053: Server #6 broadcasts parameter update
257.438: Server #7 broadcasts parameter update
257.458: Server #5 broadcasts parameter update
257.46: Server #1 broadcasts parameter update
258.086: Server #3 broadcasts parameter update
258.313: Server #4 broadcasts parameter update
258.46: Server #0 broadcasts parameter update
258.536: Server #2 broadcasts parameter update
258.731: Server #6 broadcasts parameter update
259.131: Server #7 broadcasts parameter update
259.141: Server #5 broadcasts parameter update
259.143: Server #1 broadcasts parameter update
259.754: Server #3 broadcasts parameter update
260.046: Server #4 broadcasts parameter update
260.137: Server #0 broadcasts parameter update
260.202: Server #2 broadcasts parameter update
260.405: Server #6 broadcasts parameter update
260.792: Server #7 broadcasts parameter update
260.837: Server #1 broadcasts parameter update
261.149: Server #5 broadcasts parameter update
261.423: Server #3 broadcasts parameter update
261.805: Server #0 broadcasts parameter update
261.865: Server #2 broadcasts parameter update
262.051: Server #6 broadcasts parameter update
262.073: Server #4 broadcasts parameter update
262.459: Server #7 broadcasts parameter update
262.553: Server #1 broadcasts parameter update
263.078: Server #3 broadcasts parameter update
263.283: Server #5 broadcasts parameter update
263.485: Server #0 broadcasts parameter update
263.52: Server #2 broadcasts parameter update
263.736: Server #6 broadcasts parameter update
263.755: Server #4 broadcasts parameter update
264.124: Server #7 broadcasts parameter update
264.24: Server #1 broadcasts parameter update
264.98: Server #5 broadcasts parameter update
265.705: Server #0 broadcasts parameter update
265.74: Server #3 broadcasts parameter update
265.824: Server #2 broadcasts parameter update
265.903: Server #1 broadcasts parameter update
265.923: Server #4 broadcasts parameter update
266.297: Server #7 broadcasts parameter update
266.388: Server #6 broadcasts parameter update
266.671: Server #5 broadcasts parameter update
267.556: Server #1 broadcasts parameter update
267.599: Server #4 broadcasts parameter update
267.791: Server #0 broadcasts parameter update
267.955: Server #3 broadcasts parameter update
267.984: Server #7 broadcasts parameter update
268.068: Server #6 broadcasts parameter update
268.133: Server #2 broadcasts parameter update
268.347: Server #5 broadcasts parameter update
269.205: Server #1 broadcasts parameter update
269.304: Server #4 broadcasts parameter update
269.495: Server #0 broadcasts parameter update
269.633: Server #7 broadcasts parameter update
269.646: Server #3 broadcasts parameter update
269.743: Server #6 broadcasts parameter update
270.049: Server #5 broadcasts parameter update
270.245: Server #2 broadcasts parameter update
271.32: Server #7 broadcasts parameter update
271.412: Server #6 broadcasts parameter update
271.432: Server #1 broadcasts parameter update
271.475: Server #0 broadcasts parameter update
271.695: Server #4 broadcasts parameter update
271.737: Server #5 broadcasts parameter update
271.769: Server #3 broadcasts parameter update
272.555: Server #2 broadcasts parameter update
272.996: Server #7 broadcasts parameter update
273.091: Server #6 broadcasts parameter update
273.122: Server #1 broadcasts parameter update
273.396: Server #4 broadcasts parameter update
273.414: Server #5 broadcasts parameter update
273.793: Server #3 broadcasts parameter update
274.069: Server #0 broadcasts parameter update
274.227: Server #2 broadcasts parameter update
274.681: Server #7 broadcasts parameter update
275.067: Server #5 broadcasts parameter update
275.094: Server #4 broadcasts parameter update
275.343: Server #1 broadcasts parameter update
275.441: Server #6 broadcasts parameter update
275.77: Server #0 broadcasts parameter update
275.914: Server #3 broadcasts parameter update
276.354: Server #7 broadcasts parameter update
276.54: Server #2 broadcasts parameter update
277.18: Server #4 broadcasts parameter update
277.478: Server #1 broadcasts parameter update
277.549: Server #5 broadcasts parameter update
277.571: Server #3 broadcasts parameter update
277.603: Server #6 broadcasts parameter update
277.927: Server #0 broadcasts parameter update
278.013: Server #7 broadcasts parameter update
278.245: Server #2 broadcasts parameter update
279.166: Server #4 broadcasts parameter update
279.195: Server #1 broadcasts parameter update
279.233: Server #5 broadcasts parameter update
279.571: Server #6 broadcasts parameter update
279.623: Server #0 broadcasts parameter update
279.643: Server #3 broadcasts parameter update
279.682: Server #7 broadcasts parameter update
279.906: Server #2 broadcasts parameter update
280.9: Server #5 broadcasts parameter update
281.239: Server #6 broadcasts parameter update
281.245: Server #4 broadcasts parameter update
281.299: Server #0 broadcasts parameter update
281.366: Server #3 broadcasts parameter update
281.555: Server #2 broadcasts parameter update
281.951: Server #7 broadcasts parameter update
282.007: Server #1 broadcasts parameter update
282.562: Server #5 broadcasts parameter update
282.909: Server #6 broadcasts parameter update
282.973: Server #4 broadcasts parameter update
283.427: Server #0 broadcasts parameter update
283.545: Server #3 broadcasts parameter update
283.62: Server #7 broadcasts parameter update
283.697: Server #1 broadcasts parameter update
284.151: Server #2 broadcasts parameter update
284.265: Server #5 broadcasts parameter update
284.648: Server #4 broadcasts parameter update
285.248: Server #6 broadcasts parameter update
285.268: Server #3 broadcasts parameter update
285.523: Server #0 broadcasts parameter update
285.799: Server #7 broadcasts parameter update
285.937: Server #5 broadcasts parameter update
286.211: Server #1 broadcasts parameter update
286.314: Server #4 broadcasts parameter update
286.472: Server #2 broadcasts parameter update
286.914: Server #6 broadcasts parameter update
286.991: Server #3 broadcasts parameter update
287.223: Server #0 broadcasts parameter update
287.442: Server #7 broadcasts parameter update
287.597: Server #5 broadcasts parameter update
287.906: Server #1 broadcasts parameter update
288.593: Server #6 broadcasts parameter update
288.652: Server #3 broadcasts parameter update
288.837: Server #4 broadcasts parameter update
288.884: Server #0 broadcasts parameter update
289.174: Server #2 broadcasts parameter update
289.277: Server #5 broadcasts parameter update
289.52: Server #7 broadcasts parameter update
290.192: Server #1 broadcasts parameter update
290.26: Server #6 broadcasts parameter update
290.323: Server #3 broadcasts parameter update
290.933: Server #5 broadcasts parameter update
290.994: Server #0 broadcasts parameter update
291.242: Server #7 broadcasts parameter update
291.444: Server #4 broadcasts parameter update
291.884: Server #1 broadcasts parameter update
291.887: Server #2 broadcasts parameter update
292.06: Server #3 broadcasts parameter update
292.33: Server #6 broadcasts parameter update
292.637: Server #5 broadcasts parameter update
292.901: Server #7 broadcasts parameter update
293.146: Server #4 broadcasts parameter update
293.535: Server #2 broadcasts parameter update
293.569: Server #1 broadcasts parameter update
293.614: Server #0 broadcasts parameter update
293.714: Server #3 broadcasts parameter update
294.296: Server #5 broadcasts parameter update
294.419: Server #6 broadcasts parameter update
294.888: Server #7 broadcasts parameter update
295.227: Server #2 broadcasts parameter update
295.425: Server #4 broadcasts parameter update
295.468: Server #0 broadcasts parameter update
295.525: Server #1 broadcasts parameter update
295.72: Server #3 broadcasts parameter update
295.947: Server #5 broadcasts parameter update
296.85: Server #6 broadcasts parameter update
296.912: Server #2 broadcasts parameter update
297.131: Server #4 broadcasts parameter update
297.433: Server #0 broadcasts parameter update
297.438: Server #3 broadcasts parameter update
297.439: Server #1 broadcasts parameter update
297.496: Server #7 broadcasts parameter update
297.605: Server #5 broadcasts parameter update
298.592: Server #2 broadcasts parameter update
298.819: Server #4 broadcasts parameter update
299.019: Server #6 broadcasts parameter update
299.153: Server #3 broadcasts parameter update
299.168: Server #7 broadcasts parameter update
299.278: Server #5 broadcasts parameter update
299.454: Server #1 broadcasts parameter update
299.73: Server #0 broadcasts parameter update
