Waf: Entering directory `/home/alexander/Documents/ns3/workspace/bake/source/ns-3.29/build'
Waf: Leaving directory `/home/alexander/Documents/ns3/workspace/bake/source/ns-3.29/build'
Build commands will be stored in build/compile_commands.json
'build' finished successfully (9.463s)
1.01432: Server #2 broadcasts parameter update
1.0169: Server #6 broadcasts parameter update
1.01717: Server #7 broadcasts parameter update
2.99014: Server #2 broadcasts parameter update
3.28813: Server #7 broadcasts parameter update
3.44662: Server #6 broadcasts parameter update
4.02305: Server #3 broadcasts parameter update
4.1603: Server #1 broadcasts parameter update
4.18524: Server #4 broadcasts parameter update
4.47002: Server #5 broadcasts parameter update
5.00123: Server #0 broadcasts parameter update
5.5695: Server #6 broadcasts parameter update
5.58349: Server #2 broadcasts parameter update
5.77054: Server #7 broadcasts parameter update
8.10958: Server #3 broadcasts parameter update
8.25951: Server #7 broadcasts parameter update
8.50743: Server #6 broadcasts parameter update
8.52151: Server #4 broadcasts parameter update
9.1174: Server #1 broadcasts parameter update
9.25632: Server #2 broadcasts parameter update
10.0156: Server #5 broadcasts parameter update
11.0724: Server #3 broadcasts parameter update
11.2266: Server #7 broadcasts parameter update
11.3683: Server #0 broadcasts parameter update
12.0461: Server #6 broadcasts parameter update
12.1832: Server #4 broadcasts parameter update
12.7811: Server #2 broadcasts parameter update
13.608: Server #3 broadcasts parameter update
13.6491: Server #5 broadcasts parameter update
13.8857: Server #1 broadcasts parameter update
14.4275: Server #4 broadcasts parameter update
14.4463: Server #7 broadcasts parameter update
15.2362: Server #0 broadcasts parameter update
16.352: Server #3 broadcasts parameter update
16.7596: Server #6 broadcasts parameter update
17.2412: Server #4 broadcasts parameter update
17.3076: Server #2 broadcasts parameter update
17.3688: Server #1 broadcasts parameter update
18.179: Server #0 broadcasts parameter update
18.3799: Server #5 broadcasts parameter update
18.8113: Server #3 broadcasts parameter update
20.3352: Server #7 broadcasts parameter update
20.43: Server #1 broadcasts parameter update
20.4637: Server #4 broadcasts parameter update
21.0241: Server #0 broadcasts parameter update
21.1216: Server #3 broadcasts parameter update
21.1747: Server #6 broadcasts parameter update
21.3027: Server #5 broadcasts parameter update
22.2024: Server #2 broadcasts parameter update
23.1739: Server #4 broadcasts parameter update
24.1076: Server #6 broadcasts parameter update
24.3502: Server #3 broadcasts parameter update
24.372: Server #0 broadcasts parameter update
24.5742: Server #7 broadcasts parameter update
25.03: Server #5 broadcasts parameter update
25.372: Server #1 broadcasts parameter update
25.4825: Server #2 broadcasts parameter update
25.555: Server #4 broadcasts parameter update
26.7373: Server #3 broadcasts parameter update
27.4325: Server #0 broadcasts parameter update
27.5903: Server #6 broadcasts parameter update
28.1907: Server #5 broadcasts parameter update
28.2475: Server #4 broadcasts parameter update
28.8737: Server #2 broadcasts parameter update
29.2938: Server #7 broadcasts parameter update
29.4496: Server #3 broadcasts parameter update
