Waf: Entering directory `/home/alexander/Documents/ns3/workspace/bake/source/ns-3.29/build'
Waf: Leaving directory `/home/alexander/Documents/ns3/workspace/bake/source/ns-3.29/build'
Build commands will be stored in build/compile_commands.json
'build' finished successfully (11.173s)
1.01617: Server #6 broadcasts parameter update
2.98134: Server #6 broadcasts parameter update
4.00426: Server #5 broadcasts parameter update
4.00597: Server #1 broadcasts parameter update
4.00916: Server #7 broadcasts parameter update
4.00961: Server #3 broadcasts parameter update
4.01595: Server #0 broadcasts parameter update
4.09396: Server #2 broadcasts parameter update
4.2257: Server #4 broadcasts parameter update
5.02778: Server #6 broadcasts parameter update
7.24202: Server #6 broadcasts parameter update
7.31301: Server #5 broadcasts parameter update
7.39133: Server #2 broadcasts parameter update
8.38239: Server #1 broadcasts parameter update
8.78306: Server #0 broadcasts parameter update
8.79166: Server #3 broadcasts parameter update
8.85501: Server #7 broadcasts parameter update
9.5066: Server #4 broadcasts parameter update
10.5169: Server #5 broadcasts parameter update
11.1987: Server #6 broadcasts parameter update
11.361: Server #7 broadcasts parameter update
12.3725: Server #0 broadcasts parameter update
12.4496: Server #3 broadcasts parameter update
12.7465: Server #1 broadcasts parameter update
12.9285: Server #4 broadcasts parameter update
13.195: Server #5 broadcasts parameter update
13.3851: Server #2 broadcasts parameter update
13.6948: Server #6 broadcasts parameter update
15.3508: Server #7 broadcasts parameter update
15.5152: Server #0 broadcasts parameter update
16.1595: Server #6 broadcasts parameter update
16.1608: Server #3 broadcasts parameter update
16.4081: Server #5 broadcasts parameter update
16.8151: Server #1 broadcasts parameter update
17.4034: Server #4 broadcasts parameter update
17.5562: Server #2 broadcasts parameter update
17.8973: Server #0 broadcasts parameter update
18.3918: Server #7 broadcasts parameter update
18.7166: Server #6 broadcasts parameter update
18.9554: Server #5 broadcasts parameter update
20.0428: Server #3 broadcasts parameter update
20.7741: Server #0 broadcasts parameter update
20.9714: Server #6 broadcasts parameter update
20.9996: Server #1 broadcasts parameter update
21.0525: Server #7 broadcasts parameter update
21.0671: Server #2 broadcasts parameter update
21.1458: Server #5 broadcasts parameter update
21.288: Server #4 broadcasts parameter update
23.5069: Server #3 broadcasts parameter update
23.8044: Server #7 broadcasts parameter update
23.8466: Server #5 broadcasts parameter update
24.0575: Server #4 broadcasts parameter update
24.0625: Server #6 broadcasts parameter update
24.2264: Server #0 broadcasts parameter update
25.0152: Server #2 broadcasts parameter update
26.2741: Server #1 broadcasts parameter update
26.7161: Server #4 broadcasts parameter update
26.8776: Server #7 broadcasts parameter update
26.9022: Server #3 broadcasts parameter update
27.0986: Server #5 broadcasts parameter update
27.121: Server #0 broadcasts parameter update
27.2113: Server #6 broadcasts parameter update
29.154: Server #2 broadcasts parameter update
29.4885: Server #1 broadcasts parameter update
29.6814: Server #0 broadcasts parameter update
29.6886: Server #5 broadcasts parameter update
