Waf: Entering directory `/home/alexander/Documents/ns3/workspace/bake/source/ns-3.29/build'
Waf: Leaving directory `/home/alexander/Documents/ns3/workspace/bake/source/ns-3.29/build'
Build commands will be stored in build/compile_commands.json
'build' finished successfully (16.441s)
1.01717: Server #4 broadcasts parameter update
3.05478: Server #4 broadcasts parameter update
4.004: Server #6 broadcasts parameter update
4.0092: Server #2 broadcasts parameter update
4.0098: Server #5 broadcasts parameter update
4.06663: Server #7 broadcasts parameter update
4.16631: Server #3 broadcasts parameter update
4.28089: Server #0 broadcasts parameter update
4.30627: Server #1 broadcasts parameter update
6.10011: Server #4 broadcasts parameter update
6.52318: Server #7 broadcasts parameter update
7.13707: Server #3 broadcasts parameter update
7.73477: Server #5 broadcasts parameter update
8.91853: Server #6 broadcasts parameter update
9.41676: Server #2 broadcasts parameter update
9.44471: Server #1 broadcasts parameter update
9.48019: Server #7 broadcasts parameter update
9.56667: Server #3 broadcasts parameter update
9.84208: Server #0 broadcasts parameter update
10.2526: Server #5 broadcasts parameter update
10.9433: Server #4 broadcasts parameter update
12.3263: Server #6 broadcasts parameter update
12.507: Server #5 broadcasts parameter update
12.9081: Server #2 broadcasts parameter update
13.2447: Server #7 broadcasts parameter update
13.3369: Server #4 broadcasts parameter update
13.4103: Server #1 broadcasts parameter update
15.2082: Server #6 broadcasts parameter update
15.3447: Server #3 broadcasts parameter update
15.973: Server #5 broadcasts parameter update
16.1119: Server #0 broadcasts parameter update
16.2398: Server #1 broadcasts parameter update
16.6336: Server #2 broadcasts parameter update
16.9125: Server #7 broadcasts parameter update
17.7719: Server #3 broadcasts parameter update
18.5072: Server #6 broadcasts parameter update
18.8117: Server #2 broadcasts parameter update
19.0014: Server #5 broadcasts parameter update
19.1079: Server #4 broadcasts parameter update
19.4235: Server #0 broadcasts parameter update
20.1505: Server #1 broadcasts parameter update
20.4565: Server #3 broadcasts parameter update
20.6374: Server #7 broadcasts parameter update
21.1371: Server #6 broadcasts parameter update
21.5842: Server #5 broadcasts parameter update
22.1555: Server #2 broadcasts parameter update
22.7662: Server #0 broadcasts parameter update
22.8138: Server #3 broadcasts parameter update
23.2975: Server #1 broadcasts parameter update
23.5371: Server #6 broadcasts parameter update
23.7211: Server #7 broadcasts parameter update
23.7783: Server #5 broadcasts parameter update
24.4544: Server #4 broadcasts parameter update
24.8417: Server #2 broadcasts parameter update
25.5826: Server #3 broadcasts parameter update
26.4861: Server #6 broadcasts parameter update
26.532: Server #0 broadcasts parameter update
26.8335: Server #1 broadcasts parameter update
26.9903: Server #5 broadcasts parameter update
27.4264: Server #4 broadcasts parameter update
27.7828: Server #7 broadcasts parameter update
28.8396: Server #2 broadcasts parameter update
29.2952: Server #6 broadcasts parameter update
29.541: Server #5 broadcasts parameter update
29.7981: Server #0 broadcasts parameter update
