Waf: Entering directory `/home/alexander/Documents/ns3/workspace/bake/source/ns-3.29/build'
Waf: Leaving directory `/home/alexander/Documents/ns3/workspace/bake/source/ns-3.29/build'
Build commands will be stored in build/compile_commands.json
'build' finished successfully (17.436s)
1.01419: Server #1 broadcasts parameter update
1.01577: Server #6 broadcasts parameter update
1.02042: Server #7 broadcasts parameter update
3.21938: Server #1 broadcasts parameter update
3.24982: Server #7 broadcasts parameter update
3.26335: Server #6 broadcasts parameter update
4.0129: Server #2 broadcasts parameter update
4.06341: Server #5 broadcasts parameter update
4.0785: Server #4 broadcasts parameter update
4.09357: Server #3 broadcasts parameter update
4.09465: Server #0 broadcasts parameter update
6.09893: Server #7 broadcasts parameter update
6.25676: Server #6 broadcasts parameter update
7.7203: Server #0 broadcasts parameter update
7.97994: Server #1 broadcasts parameter update
8.23493: Server #7 broadcasts parameter update
8.28559: Server #3 broadcasts parameter update
8.51652: Server #4 broadcasts parameter update
10.3592: Server #5 broadcasts parameter update
10.4548: Server #3 broadcasts parameter update
10.5879: Server #6 broadcasts parameter update
11.1403: Server #4 broadcasts parameter update
11.2058: Server #7 broadcasts parameter update
11.4546: Server #1 broadcasts parameter update
12.3275: Server #0 broadcasts parameter update
14.074: Server #7 broadcasts parameter update
14.7562: Server #3 broadcasts parameter update
14.9627: Server #1 broadcasts parameter update
14.988: Server #6 broadcasts parameter update
15.0813: Server #4 broadcasts parameter update
16.9083: Server #5 broadcasts parameter update
17.1719: Server #7 broadcasts parameter update
17.423: Server #2 broadcasts parameter update
17.4984: Server #3 broadcasts parameter update
17.6091: Server #0 broadcasts parameter update
18.2464: Server #4 broadcasts parameter update
19.4848: Server #6 broadcasts parameter update
20.3655: Server #3 broadcasts parameter update
20.4797: Server #0 broadcasts parameter update
20.497: Server #7 broadcasts parameter update
20.8273: Server #5 broadcasts parameter update
21.0226: Server #1 broadcasts parameter update
21.854: Server #6 broadcasts parameter update
22.0734: Server #4 broadcasts parameter update
23.0424: Server #2 broadcasts parameter update
23.3886: Server #3 broadcasts parameter update
23.8968: Server #0 broadcasts parameter update
23.916: Server #7 broadcasts parameter update
25.044: Server #6 broadcasts parameter update
25.7897: Server #1 broadcasts parameter update
25.9918: Server #3 broadcasts parameter update
26.003: Server #5 broadcasts parameter update
26.3866: Server #7 broadcasts parameter update
27.4792: Server #4 broadcasts parameter update
28.2738: Server #2 broadcasts parameter update
29.1232: Server #7 broadcasts parameter update
29.3762: Server #5 broadcasts parameter update
29.4905: Server #3 broadcasts parameter update
29.6788: Server #6 broadcasts parameter update
