Waf: Entering directory `/home/alexander/Documents/ns3/workspace/bake/source/ns-3.29/build'
Waf: Leaving directory `/home/alexander/Documents/ns3/workspace/bake/source/ns-3.29/build'
Build commands will be stored in build/compile_commands.json
'build' finished successfully (21.454s)
1.01524: Server #2 broadcasts parameter update
1.01708: Server #7 broadcasts parameter update
1.01811: Server #0 broadcasts parameter update
3.03183: Server #0 broadcasts parameter update
3.07123: Server #7 broadcasts parameter update
4.00125: Server #4 broadcasts parameter update
4.02092: Server #1 broadcasts parameter update
4.02839: Server #2 broadcasts parameter update
4.07985: Server #6 broadcasts parameter update
4.13078: Server #5 broadcasts parameter update
4.22521: Server #3 broadcasts parameter update
6.05445: Server #0 broadcasts parameter update
6.19132: Server #2 broadcasts parameter update
6.53072: Server #4 broadcasts parameter update
8.06079: Server #7 broadcasts parameter update
8.77229: Server #3 broadcasts parameter update
9.58341: Server #6 broadcasts parameter update
9.94527: Server #7 broadcasts parameter update
10.0021: Server #4 broadcasts parameter update
10.065: Server #0 broadcasts parameter update
10.1941: Server #2 broadcasts parameter update
11.2064: Server #5 broadcasts parameter update
12.289: Server #4 broadcasts parameter update
12.7125: Server #7 broadcasts parameter update
12.8586: Server #3 broadcasts parameter update
13.1917: Server #2 broadcasts parameter update
13.3721: Server #0 broadcasts parameter update
13.8865: Server #1 broadcasts parameter update
13.8866: Server #5 broadcasts parameter update
14.0362: Server #6 broadcasts parameter update
14.4281: Server #4 broadcasts parameter update
16.6172: Server #2 broadcasts parameter update
16.7832: Server #4 broadcasts parameter update
17.247: Server #3 broadcasts parameter update
17.5005: Server #0 broadcasts parameter update
17.6001: Server #7 broadcasts parameter update
18.7088: Server #6 broadcasts parameter update
19.148: Server #2 broadcasts parameter update
19.1723: Server #5 broadcasts parameter update
20.2393: Server #4 broadcasts parameter update
20.3733: Server #1 broadcasts parameter update
21.2952: Server #0 broadcasts parameter update
21.6668: Server #2 broadcasts parameter update
21.8545: Server #3 broadcasts parameter update
21.9108: Server #7 broadcasts parameter update
22.2576: Server #6 broadcasts parameter update
23.6513: Server #2 broadcasts parameter update
23.8522: Server #4 broadcasts parameter update
24.3696: Server #5 broadcasts parameter update
24.4945: Server #0 broadcasts parameter update
25.3009: Server #3 broadcasts parameter update
25.7856: Server #2 broadcasts parameter update
26.2318: Server #6 broadcasts parameter update
26.6329: Server #4 broadcasts parameter update
27.4262: Server #7 broadcasts parameter update
27.8398: Server #2 broadcasts parameter update
28.1932: Server #3 broadcasts parameter update
28.3081: Server #6 broadcasts parameter update
28.4581: Server #0 broadcasts parameter update
28.9498: Server #4 broadcasts parameter update
28.9644: Server #5 broadcasts parameter update
