Waf: Entering directory `/home/alexander/Documents/ns3/workspace/bake/source/ns-3.29/build'
Waf: Leaving directory `/home/alexander/Documents/ns3/workspace/bake/source/ns-3.29/build'
Build commands will be stored in build/compile_commands.json
'build' finished successfully (14.991s)
1.01715: Server #6 broadcasts parameter update
3.10337: Server #6 broadcasts parameter update
4.00935: Server #7 broadcasts parameter update
4.02784: Server #0 broadcasts parameter update
4.02869: Server #5 broadcasts parameter update
4.03042: Server #4 broadcasts parameter update
4.03227: Server #3 broadcasts parameter update
4.03245: Server #2 broadcasts parameter update
4.23626: Server #1 broadcasts parameter update
5.72064: Server #6 broadcasts parameter update
6.59468: Server #7 broadcasts parameter update
7.47802: Server #3 broadcasts parameter update
7.60039: Server #4 broadcasts parameter update
7.97182: Server #6 broadcasts parameter update
8.19227: Server #2 broadcasts parameter update
9.01503: Server #5 broadcasts parameter update
9.15538: Server #7 broadcasts parameter update
9.24887: Server #0 broadcasts parameter update
10.5091: Server #3 broadcasts parameter update
11.1132: Server #7 broadcasts parameter update
11.3839: Server #5 broadcasts parameter update
11.3927: Server #2 broadcasts parameter update
11.5882: Server #6 broadcasts parameter update
11.7579: Server #1 broadcasts parameter update
13.4089: Server #7 broadcasts parameter update
13.7882: Server #0 broadcasts parameter update
14.8546: Server #2 broadcasts parameter update
14.9594: Server #3 broadcasts parameter update
15.0646: Server #6 broadcasts parameter update
15.1696: Server #4 broadcasts parameter update
15.4899: Server #5 broadcasts parameter update
15.5057: Server #7 broadcasts parameter update
15.8833: Server #1 broadcasts parameter update
17.9274: Server #3 broadcasts parameter update
18.318: Server #2 broadcasts parameter update
18.3699: Server #0 broadcasts parameter update
18.6954: Server #4 broadcasts parameter update
18.9268: Server #5 broadcasts parameter update
19.6062: Server #7 broadcasts parameter update
19.6092: Server #1 broadcasts parameter update
19.6185: Server #6 broadcasts parameter update
21.1515: Server #4 broadcasts parameter update
21.6763: Server #7 broadcasts parameter update
21.9651: Server #3 broadcasts parameter update
21.9666: Server #5 broadcasts parameter update
22.5933: Server #2 broadcasts parameter update
23.3929: Server #0 broadcasts parameter update
23.6133: Server #1 broadcasts parameter update
23.8334: Server #4 broadcasts parameter update
24.4796: Server #7 broadcasts parameter update
24.5316: Server #6 broadcasts parameter update
24.8638: Server #5 broadcasts parameter update
25.2266: Server #3 broadcasts parameter update
25.4832: Server #2 broadcasts parameter update
26.9224: Server #7 broadcasts parameter update
26.9633: Server #0 broadcasts parameter update
27.3019: Server #4 broadcasts parameter update
27.8183: Server #5 broadcasts parameter update
27.8894: Server #1 broadcasts parameter update
28.0105: Server #3 broadcasts parameter update
29.7967: Server #7 broadcasts parameter update
29.8722: Server #2 broadcasts parameter update
