Waf: Entering directory `/home/alexander/Documents/ns3/workspace/bake/source/ns-3.29/build'
Waf: Leaving directory `/home/alexander/Documents/ns3/workspace/bake/source/ns-3.29/build'
Build commands will be stored in build/compile_commands.json
'build' finished successfully (12.025s)
1.01714: Server #3 broadcasts parameter update
1.01739: Server #2 broadcasts parameter update
3.07497: Server #2 broadcasts parameter update
3.12034: Server #3 broadcasts parameter update
4.00918: Server #1 broadcasts parameter update
4.02971: Server #7 broadcasts parameter update
4.06586: Server #0 broadcasts parameter update
4.06699: Server #4 broadcasts parameter update
4.12924: Server #5 broadcasts parameter update
4.14371: Server #6 broadcasts parameter update
5.68674: Server #3 broadcasts parameter update
6.45419: Server #7 broadcasts parameter update
6.91651: Server #5 broadcasts parameter update
7.44227: Server #1 broadcasts parameter update
7.72168: Server #0 broadcasts parameter update
8.01778: Server #2 broadcasts parameter update
8.07375: Server #3 broadcasts parameter update
9.0922: Server #6 broadcasts parameter update
9.10723: Server #4 broadcasts parameter update
9.71067: Server #7 broadcasts parameter update
10.3607: Server #1 broadcasts parameter update
10.5686: Server #5 broadcasts parameter update
10.7393: Server #3 broadcasts parameter update
11.9907: Server #0 broadcasts parameter update
12.3052: Server #4 broadcasts parameter update
12.3739: Server #6 broadcasts parameter update
12.625: Server #7 broadcasts parameter update
12.6583: Server #2 broadcasts parameter update
12.8268: Server #1 broadcasts parameter update
13.181: Server #3 broadcasts parameter update
13.6061: Server #5 broadcasts parameter update
15.3796: Server #6 broadcasts parameter update
15.7918: Server #4 broadcasts parameter update
15.8984: Server #1 broadcasts parameter update
16.1815: Server #3 broadcasts parameter update
16.2049: Server #7 broadcasts parameter update
16.5757: Server #5 broadcasts parameter update
16.9241: Server #2 broadcasts parameter update
17.9546: Server #0 broadcasts parameter update
18.3323: Server #6 broadcasts parameter update
18.4645: Server #1 broadcasts parameter update
19.0183: Server #3 broadcasts parameter update
19.1931: Server #7 broadcasts parameter update
19.9174: Server #4 broadcasts parameter update
20.4727: Server #2 broadcasts parameter update
20.7152: Server #5 broadcasts parameter update
20.7918: Server #0 broadcasts parameter update
21.3105: Server #3 broadcasts parameter update
21.8824: Server #6 broadcasts parameter update
22.1198: Server #1 broadcasts parameter update
23.4787: Server #0 broadcasts parameter update
23.5598: Server #7 broadcasts parameter update
23.7866: Server #4 broadcasts parameter update
23.9379: Server #3 broadcasts parameter update
24.0796: Server #5 broadcasts parameter update
24.2259: Server #1 broadcasts parameter update
24.3249: Server #2 broadcasts parameter update
24.3594: Server #6 broadcasts parameter update
26.668: Server #1 broadcasts parameter update
26.6771: Server #0 broadcasts parameter update
26.6874: Server #6 broadcasts parameter update
26.8758: Server #7 broadcasts parameter update
26.9151: Server #3 broadcasts parameter update
27.2467: Server #5 broadcasts parameter update
27.3962: Server #4 broadcasts parameter update
28.3906: Server #2 broadcasts parameter update
29.3543: Server #7 broadcasts parameter update
29.7413: Server #0 broadcasts parameter update
29.8165: Server #5 broadcasts parameter update
29.8992: Server #1 broadcasts parameter update
29.902: Server #3 broadcasts parameter update
