Waf: Entering directory `/home/alexander/Documents/ns3/workspace/bake/source/ns-3.29/build'
Waf: Leaving directory `/home/alexander/Documents/ns3/workspace/bake/source/ns-3.29/build'
Build commands will be stored in build/compile_commands.json
'build' finished successfully (17.166s)
1.01628: Server #0 broadcasts parameter update
1.01935: Server #3 broadcasts parameter update
3.47678: Server #3 broadcasts parameter update
4.00604: Server #1 broadcasts parameter update
4.00741: Server #7 broadcasts parameter update
4.01009: Server #4 broadcasts parameter update
4.01226: Server #5 broadcasts parameter update
4.18741: Server #6 broadcasts parameter update
4.27376: Server #2 broadcasts parameter update
4.77802: Server #0 broadcasts parameter update
6.11208: Server #3 broadcasts parameter update
6.42232: Server #7 broadcasts parameter update
7.32739: Server #5 broadcasts parameter update
7.51787: Server #4 broadcasts parameter update
7.67332: Server #1 broadcasts parameter update
9.52318: Server #6 broadcasts parameter update
9.61736: Server #7 broadcasts parameter update
9.64001: Server #2 broadcasts parameter update
10.3114: Server #3 broadcasts parameter update
10.5288: Server #0 broadcasts parameter update
10.7094: Server #4 broadcasts parameter update
11.6665: Server #5 broadcasts parameter update
11.6913: Server #1 broadcasts parameter update
12.3601: Server #7 broadcasts parameter update
13.3621: Server #2 broadcasts parameter update
13.9031: Server #3 broadcasts parameter update
14.0686: Server #0 broadcasts parameter update
14.3324: Server #1 broadcasts parameter update
15.2227: Server #6 broadcasts parameter update
15.3597: Server #7 broadcasts parameter update
15.9786: Server #2 broadcasts parameter update
16.309: Server #4 broadcasts parameter update
16.9197: Server #1 broadcasts parameter update
17.4468: Server #5 broadcasts parameter update
17.4724: Server #3 broadcasts parameter update
17.5576: Server #0 broadcasts parameter update
17.7343: Server #7 broadcasts parameter update
18.818: Server #2 broadcasts parameter update
19.8924: Server #7 broadcasts parameter update
19.9138: Server #1 broadcasts parameter update
20.2975: Server #5 broadcasts parameter update
20.3583: Server #6 broadcasts parameter update
20.477: Server #0 broadcasts parameter update
20.51: Server #4 broadcasts parameter update
20.7114: Server #3 broadcasts parameter update
22.2039: Server #7 broadcasts parameter update
22.7728: Server #1 broadcasts parameter update
23.0132: Server #4 broadcasts parameter update
23.1245: Server #3 broadcasts parameter update
23.4571: Server #2 broadcasts parameter update
24.431: Server #5 broadcasts parameter update
24.6797: Server #0 broadcasts parameter update
24.8841: Server #1 broadcasts parameter update
25.2471: Server #7 broadcasts parameter update
25.3488: Server #4 broadcasts parameter update
26.0542: Server #6 broadcasts parameter update
26.7708: Server #3 broadcasts parameter update
27.3541: Server #2 broadcasts parameter update
27.3599: Server #1 broadcasts parameter update
27.3769: Server #7 broadcasts parameter update
27.4009: Server #5 broadcasts parameter update
28.0844: Server #4 broadcasts parameter update
29.7077: Server #7 broadcasts parameter update
