Waf: Entering directory `/home/alexander/Documents/ns3/workspace/bake/source/ns-3.29/build'
Waf: Leaving directory `/home/alexander/Documents/ns3/workspace/bake/source/ns-3.29/build'
Build commands will be stored in build/compile_commands.json
'build' finished successfully (12.900s)
1.01431: Server #6 broadcasts parameter update
1.01576: Server #5 broadcasts parameter update
3.1006: Server #6 broadcasts parameter update
4.00761: Server #3 broadcasts parameter update
4.00898: Server #0 broadcasts parameter update
4.01306: Server #7 broadcasts parameter update
4.0379: Server #5 broadcasts parameter update
4.04195: Server #2 broadcasts parameter update
4.10695: Server #1 broadcasts parameter update
4.10875: Server #4 broadcasts parameter update
4.93059: Server #6 broadcasts parameter update
6.34891: Server #0 broadcasts parameter update
8.04344: Server #4 broadcasts parameter update
8.15152: Server #5 broadcasts parameter update
8.48536: Server #0 broadcasts parameter update
8.54413: Server #6 broadcasts parameter update
8.6754: Server #1 broadcasts parameter update
8.89679: Server #2 broadcasts parameter update
10.6437: Server #7 broadcasts parameter update
10.9352: Server #5 broadcasts parameter update
11.217: Server #1 broadcasts parameter update
11.6183: Server #6 broadcasts parameter update
11.8793: Server #0 broadcasts parameter update
13.2148: Server #2 broadcasts parameter update
13.3054: Server #5 broadcasts parameter update
13.7783: Server #1 broadcasts parameter update
13.8775: Server #4 broadcasts parameter update
13.9457: Server #7 broadcasts parameter update
14.3746: Server #0 broadcasts parameter update
15.0358: Server #6 broadcasts parameter update
15.7594: Server #3 broadcasts parameter update
17.0672: Server #0 broadcasts parameter update
17.0935: Server #2 broadcasts parameter update
17.4484: Server #1 broadcasts parameter update
17.4616: Server #4 broadcasts parameter update
17.6076: Server #5 broadcasts parameter update
19.1111: Server #7 broadcasts parameter update
19.4409: Server #0 broadcasts parameter update
19.7675: Server #6 broadcasts parameter update
19.9285: Server #3 broadcasts parameter update
19.9725: Server #1 broadcasts parameter update
20.4112: Server #5 broadcasts parameter update
20.5351: Server #4 broadcasts parameter update
21.5896: Server #2 broadcasts parameter update
22.5819: Server #7 broadcasts parameter update
22.6605: Server #5 broadcasts parameter update
23.0124: Server #0 broadcasts parameter update
24.1369: Server #4 broadcasts parameter update
24.2576: Server #1 broadcasts parameter update
24.5922: Server #6 broadcasts parameter update
24.6476: Server #2 broadcasts parameter update
24.7128: Server #5 broadcasts parameter update
25.744: Server #3 broadcasts parameter update
25.8875: Server #0 broadcasts parameter update
26.5517: Server #1 broadcasts parameter update
27.0092: Server #5 broadcasts parameter update
27.0189: Server #4 broadcasts parameter update
27.551: Server #7 broadcasts parameter update
28.6294: Server #6 broadcasts parameter update
28.8266: Server #2 broadcasts parameter update
29.4973: Server #0 broadcasts parameter update
29.5981: Server #1 broadcasts parameter update
29.8552: Server #5 broadcasts parameter update
29.9646: Server #4 broadcasts parameter update
