Waf: Entering directory `/home/alexander/Documents/ns3/workspace/bake/source/ns-3.29/build'
[2732/2813] Compiling scratch/cs268/parameter-server.cc
[2733/2813] Compiling scratch/cs268/cs268.cc
[2734/2813] Compiling scratch/cs268/parameter-client.cc
[2769/2813] Linking build/scratch/cs268/cs268
Waf: Leaving directory `/home/alexander/Documents/ns3/workspace/bake/source/ns-3.29/build'
Build commands will be stored in build/compile_commands.json
'build' finished successfully (12.322s)
1.0143: Server #7 broadcasts parameter update
1.01911: Server #1 broadcasts parameter update
3.02745: Server #1 broadcasts parameter update
3.1453: Server #7 broadcasts parameter update
4.00852: Server #4 broadcasts parameter update
4.0101: Server #3 broadcasts parameter update
4.01363: Server #5 broadcasts parameter update
4.07152: Server #6 broadcasts parameter update
4.0917: Server #0 broadcasts parameter update
5.51733: Server #1 broadcasts parameter update
5.52663: Server #7 broadcasts parameter update
7.16987: Server #5 broadcasts parameter update
7.37098: Server #3 broadcasts parameter update
7.74708: Server #1 broadcasts parameter update
7.86002: Server #7 broadcasts parameter update
8.25598: Server #4 broadcasts parameter update
9.92173: Server #0 broadcasts parameter update
10.0097: Server #2 broadcasts parameter update
10.4388: Server #3 broadcasts parameter update
10.4634: Server #5 broadcasts parameter update
10.4648: Server #6 broadcasts parameter update
11.056: Server #1 broadcasts parameter update
11.3211: Server #4 broadcasts parameter update
11.5401: Server #7 broadcasts parameter update
13.1313: Server #0 broadcasts parameter update
14.0231: Server #5 broadcasts parameter update
14.0285: Server #3 broadcasts parameter update
14.0805: Server #1 broadcasts parameter update
14.3343: Server #2 broadcasts parameter update
14.4383: Server #7 broadcasts parameter update
15.2623: Server #6 broadcasts parameter update
16.2691: Server #4 broadcasts parameter update
16.415: Server #5 broadcasts parameter update
16.7046: Server #0 broadcasts parameter update
16.8862: Server #1 broadcasts parameter update
16.9752: Server #7 broadcasts parameter update
17.6711: Server #3 broadcasts parameter update
17.9664: Server #2 broadcasts parameter update
18.9884: Server #6 broadcasts parameter update
19.5467: Server #4 broadcasts parameter update
20.1087: Server #0 broadcasts parameter update
20.1594: Server #1 broadcasts parameter update
20.2868: Server #7 broadcasts parameter update
20.4795: Server #5 broadcasts parameter update
21.3798: Server #2 broadcasts parameter update
21.42: Server #3 broadcasts parameter update
22.7905: Server #6 broadcasts parameter update
22.8122: Server #4 broadcasts parameter update
22.9111: Server #5 broadcasts parameter update
23.4275: Server #0 broadcasts parameter update
23.4996: Server #7 broadcasts parameter update
24.5825: Server #3 broadcasts parameter update
24.6776: Server #1 broadcasts parameter update
25.5187: Server #2 broadcasts parameter update
25.9755: Server #5 broadcasts parameter update
26.2103: Server #6 broadcasts parameter update
26.7447: Server #7 broadcasts parameter update
26.7914: Server #4 broadcasts parameter update
27.0458: Server #3 broadcasts parameter update
27.1596: Server #0 broadcasts parameter update
27.3371: Server #1 broadcasts parameter update
29.1606: Server #5 broadcasts parameter update
29.7601: Server #6 broadcasts parameter update
29.7973: Server #3 broadcasts parameter update
29.876: Server #7 broadcasts parameter update
29.979: Server #2 broadcasts parameter update
30.0444: Server #1 broadcasts parameter update
30.5623: Server #4 broadcasts parameter update
31.9243: Server #5 broadcasts parameter update
32.2857: Server #0 broadcasts parameter update
32.8377: Server #1 broadcasts parameter update
32.8742: Server #3 broadcasts parameter update
33.168: Server #7 broadcasts parameter update
33.3525: Server #6 broadcasts parameter update
33.4491: Server #2 broadcasts parameter update
34.4767: Server #4 broadcasts parameter update
35.0887: Server #5 broadcasts parameter update
35.337: Server #0 broadcasts parameter update
35.9515: Server #1 broadcasts parameter update
35.9577: Server #3 broadcasts parameter update
36.3903: Server #7 broadcasts parameter update
36.6175: Server #2 broadcasts parameter update
36.6758: Server #6 broadcasts parameter update
37.8627: Server #5 broadcasts parameter update
38.0881: Server #4 broadcasts parameter update
38.7991: Server #0 broadcasts parameter update
39.0054: Server #3 broadcasts parameter update
39.2638: Server #1 broadcasts parameter update
39.5446: Server #2 broadcasts parameter update
39.7088: Server #7 broadcasts parameter update
40.7317: Server #5 broadcasts parameter update
41.3226: Server #6 broadcasts parameter update
41.902: Server #3 broadcasts parameter update
42.0523: Server #0 broadcasts parameter update
42.1948: Server #4 broadcasts parameter update
42.2502: Server #1 broadcasts parameter update
42.7514: Server #7 broadcasts parameter update
43.0355: Server #2 broadcasts parameter update
43.471: Server #5 broadcasts parameter update
44.4992: Server #6 broadcasts parameter update
45.112: Server #3 broadcasts parameter update
45.378: Server #0 broadcasts parameter update
45.6841: Server #1 broadcasts parameter update
46.0973: Server #4 broadcasts parameter update
46.1102: Server #7 broadcasts parameter update
46.1497: Server #2 broadcasts parameter update
46.3631: Server #5 broadcasts parameter update
47.6685: Server #3 broadcasts parameter update
47.7988: Server #6 broadcasts parameter update
48.6721: Server #0 broadcasts parameter update
48.7532: Server #1 broadcasts parameter update
49.6898: Server #5 broadcasts parameter update
49.786: Server #2 broadcasts parameter update
49.8645: Server #4 broadcasts parameter update
49.8982: Server #7 broadcasts parameter update
50.0777: Server #3 broadcasts parameter update
50.9456: Server #6 broadcasts parameter update
51.4749: Server #1 broadcasts parameter update
52.1985: Server #5 broadcasts parameter update
52.6542: Server #0 broadcasts parameter update
52.6562: Server #7 broadcasts parameter update
53.1528: Server #3 broadcasts parameter update
53.1814: Server #2 broadcasts parameter update
54.1875: Server #4 broadcasts parameter update
54.3055: Server #1 broadcasts parameter update
54.5113: Server #6 broadcasts parameter update
55.3818: Server #5 broadcasts parameter update
55.915: Server #7 broadcasts parameter update
56.1561: Server #0 broadcasts parameter update
56.3134: Server #3 broadcasts parameter update
56.987: Server #2 broadcasts parameter update
57.4973: Server #6 broadcasts parameter update
57.5375: Server #4 broadcasts parameter update
57.6133: Server #1 broadcasts parameter update
58.3568: Server #5 broadcasts parameter update
59.0068: Server #0 broadcasts parameter update
59.1862: Server #3 broadcasts parameter update
59.7012: Server #7 broadcasts parameter update
60.6192: Server #6 broadcasts parameter update
60.6671: Server #2 broadcasts parameter update
60.9147: Server #1 broadcasts parameter update
61.0274: Server #4 broadcasts parameter update
61.5152: Server #5 broadcasts parameter update
62.0154: Server #0 broadcasts parameter update
62.1789: Server #3 broadcasts parameter update
63.3552: Server #7 broadcasts parameter update
63.8991: Server #6 broadcasts parameter update
64.1786: Server #2 broadcasts parameter update
64.1859: Server #5 broadcasts parameter update
64.2793: Server #1 broadcasts parameter update
64.6122: Server #4 broadcasts parameter update
64.6824: Server #3 broadcasts parameter update
65.1312: Server #0 broadcasts parameter update
66.7904: Server #7 broadcasts parameter update
66.9495: Server #6 broadcasts parameter update
67.3837: Server #5 broadcasts parameter update
67.4923: Server #2 broadcasts parameter update
67.7671: Server #1 broadcasts parameter update
67.9982: Server #4 broadcasts parameter update
67.9994: Server #3 broadcasts parameter update
68.4331: Server #0 broadcasts parameter update
70.2881: Server #6 broadcasts parameter update
70.4777: Server #5 broadcasts parameter update
70.5794: Server #7 broadcasts parameter update
70.7399: Server #2 broadcasts parameter update
71.0334: Server #1 broadcasts parameter update
71.2996: Server #4 broadcasts parameter update
71.4588: Server #0 broadcasts parameter update
71.7652: Server #3 broadcasts parameter update
73.2531: Server #6 broadcasts parameter update
73.3655: Server #2 broadcasts parameter update
73.9853: Server #0 broadcasts parameter update
74.451: Server #5 broadcasts parameter update
74.875: Server #7 broadcasts parameter update
75.3215: Server #1 broadcasts parameter update
75.4657: Server #3 broadcasts parameter update
75.5209: Server #4 broadcasts parameter update
75.7159: Server #2 broadcasts parameter update
75.8711: Server #6 broadcasts parameter update
76.9858: Server #0 broadcasts parameter update
77.3776: Server #5 broadcasts parameter update
78.3281: Server #7 broadcasts parameter update
78.6838: Server #3 broadcasts parameter update
78.8482: Server #4 broadcasts parameter update
78.8841: Server #1 broadcasts parameter update
78.8849: Server #6 broadcasts parameter update
79.4058: Server #2 broadcasts parameter update
79.8234: Server #0 broadcasts parameter update
80.4395: Server #5 broadcasts parameter update
82.0163: Server #6 broadcasts parameter update
82.0423: Server #2 broadcasts parameter update
82.2262: Server #3 broadcasts parameter update
82.3613: Server #0 broadcasts parameter update
82.3618: Server #1 broadcasts parameter update
82.3853: Server #4 broadcasts parameter update
83.4922: Server #5 broadcasts parameter update
83.7962: Server #7 broadcasts parameter update
84.9474: Server #6 broadcasts parameter update
85.2069: Server #2 broadcasts parameter update
85.3029: Server #1 broadcasts parameter update
85.4062: Server #3 broadcasts parameter update
85.5961: Server #4 broadcasts parameter update
85.792: Server #0 broadcasts parameter update
86.7315: Server #5 broadcasts parameter update
86.7725: Server #7 broadcasts parameter update
88.2238: Server #6 broadcasts parameter update
88.3326: Server #2 broadcasts parameter update
88.6372: Server #0 broadcasts parameter update
88.7342: Server #4 broadcasts parameter update
88.8546: Server #3 broadcasts parameter update
89.2454: Server #1 broadcasts parameter update
89.6964: Server #5 broadcasts parameter update
90.2671: Server #7 broadcasts parameter update
91.0864: Server #2 broadcasts parameter update
91.2989: Server #6 broadcasts parameter update
91.6173: Server #0 broadcasts parameter update
92.236: Server #4 broadcasts parameter update
92.3625: Server #3 broadcasts parameter update
92.5249: Server #5 broadcasts parameter update
93.3656: Server #1 broadcasts parameter update
93.7469: Server #7 broadcasts parameter update
94.0549: Server #2 broadcasts parameter update
94.1117: Server #0 broadcasts parameter update
94.586: Server #6 broadcasts parameter update
95.7544: Server #5 broadcasts parameter update
95.9933: Server #3 broadcasts parameter update
96.5268: Server #1 broadcasts parameter update
96.542: Server #4 broadcasts parameter update
96.747: Server #0 broadcasts parameter update
96.9925: Server #2 broadcasts parameter update
97.4582: Server #7 broadcasts parameter update
97.4758: Server #6 broadcasts parameter update
98.9254: Server #5 broadcasts parameter update
99.4718: Server #3 broadcasts parameter update
99.5381: Server #4 broadcasts parameter update
99.8525: Server #1 broadcasts parameter update
99.8981: Server #0 broadcasts parameter update
100.106: Server #2 broadcasts parameter update
100.569: Server #6 broadcasts parameter update
100.826: Server #7 broadcasts parameter update
102.117: Server #5 broadcasts parameter update
102.786: Server #3 broadcasts parameter update
102.863: Server #4 broadcasts parameter update
103.237: Server #1 broadcasts parameter update
103.367: Server #2 broadcasts parameter update
103.732: Server #0 broadcasts parameter update
103.859: Server #7 broadcasts parameter update
103.924: Server #6 broadcasts parameter update
105.209: Server #5 broadcasts parameter update
105.958: Server #4 broadcasts parameter update
105.969: Server #3 broadcasts parameter update
106.641: Server #2 broadcasts parameter update
106.865: Server #1 broadcasts parameter update
107.513: Server #6 broadcasts parameter update
107.588: Server #0 broadcasts parameter update
107.624: Server #7 broadcasts parameter update
108.34: Server #5 broadcasts parameter update
108.987: Server #4 broadcasts parameter update
109.352: Server #3 broadcasts parameter update
109.981: Server #2 broadcasts parameter update
110.593: Server #7 broadcasts parameter update
110.639: Server #1 broadcasts parameter update
110.845: Server #6 broadcasts parameter update
110.894: Server #0 broadcasts parameter update
111.172: Server #5 broadcasts parameter update
112.433: Server #4 broadcasts parameter update
112.652: Server #3 broadcasts parameter update
113.809: Server #2 broadcasts parameter update
113.899: Server #7 broadcasts parameter update
113.902: Server #1 broadcasts parameter update
114.028: Server #5 broadcasts parameter update
114.119: Server #6 broadcasts parameter update
114.141: Server #0 broadcasts parameter update
115.651: Server #4 broadcasts parameter update
116.055: Server #3 broadcasts parameter update
117.048: Server #7 broadcasts parameter update
117.284: Server #2 broadcasts parameter update
117.405: Server #1 broadcasts parameter update
117.45: Server #6 broadcasts parameter update
117.482: Server #0 broadcasts parameter update
117.505: Server #5 broadcasts parameter update
118.37: Server #4 broadcasts parameter update
119.798: Server #3 broadcasts parameter update
120.36: Server #7 broadcasts parameter update
120.452: Server #0 broadcasts parameter update
120.461: Server #6 broadcasts parameter update
120.715: Server #5 broadcasts parameter update
120.773: Server #1 broadcasts parameter update
121.409: Server #4 broadcasts parameter update
122.407: Server #3 broadcasts parameter update
122.524: Server #2 broadcasts parameter update
123.225: Server #7 broadcasts parameter update
123.692: Server #1 broadcasts parameter update
123.7: Server #5 broadcasts parameter update
124.348: Server #6 broadcasts parameter update
124.509: Server #0 broadcasts parameter update
125.347: Server #4 broadcasts parameter update
125.793: Server #7 broadcasts parameter update
125.937: Server #3 broadcasts parameter update
126.31: Server #2 broadcasts parameter update
126.603: Server #5 broadcasts parameter update
127.048: Server #1 broadcasts parameter update
127.586: Server #6 broadcasts parameter update
128.119: Server #0 broadcasts parameter update
128.456: Server #4 broadcasts parameter update
129.331: Server #3 broadcasts parameter update
129.597: Server #7 broadcasts parameter update
129.745: Server #2 broadcasts parameter update
130.052: Server #6 broadcasts parameter update
130.127: Server #1 broadcasts parameter update
130.256: Server #5 broadcasts parameter update
131.232: Server #0 broadcasts parameter update
131.259: Server #4 broadcasts parameter update
132.683: Server #3 broadcasts parameter update
132.916: Server #6 broadcasts parameter update
132.935: Server #7 broadcasts parameter update
132.961: Server #1 broadcasts parameter update
133.901: Server #2 broadcasts parameter update
134.258: Server #5 broadcasts parameter update
134.261: Server #4 broadcasts parameter update
134.363: Server #0 broadcasts parameter update
136.238: Server #3 broadcasts parameter update
136.297: Server #6 broadcasts parameter update
136.329: Server #2 broadcasts parameter update
136.426: Server #1 broadcasts parameter update
136.569: Server #7 broadcasts parameter update
136.741: Server #0 broadcasts parameter update
137.273: Server #5 broadcasts parameter update
137.798: Server #4 broadcasts parameter update
139.513: Server #0 broadcasts parameter update
139.565: Server #3 broadcasts parameter update
139.641: Server #6 broadcasts parameter update
139.756: Server #1 broadcasts parameter update
140.128: Server #2 broadcasts parameter update
140.279: Server #7 broadcasts parameter update
140.723: Server #5 broadcasts parameter update
141.43: Server #4 broadcasts parameter update
142.36: Server #6 broadcasts parameter update
142.478: Server #0 broadcasts parameter update
143.161: Server #3 broadcasts parameter update
143.493: Server #1 broadcasts parameter update
143.498: Server #2 broadcasts parameter update
143.618: Server #7 broadcasts parameter update
144.282: Server #4 broadcasts parameter update
144.475: Server #5 broadcasts parameter update
144.977: Server #0 broadcasts parameter update
145.248: Server #6 broadcasts parameter update
146.197: Server #3 broadcasts parameter update
146.656: Server #2 broadcasts parameter update
146.933: Server #7 broadcasts parameter update
147.095: Server #1 broadcasts parameter update
147.552: Server #5 broadcasts parameter update
147.903: Server #4 broadcasts parameter update
148.291: Server #0 broadcasts parameter update
148.609: Server #6 broadcasts parameter update
149.513: Server #3 broadcasts parameter update
149.689: Server #7 broadcasts parameter update
149.824: Server #2 broadcasts parameter update
150.667: Server #1 broadcasts parameter update
150.969: Server #4 broadcasts parameter update
151.013: Server #5 broadcasts parameter update
151.638: Server #6 broadcasts parameter update
152.104: Server #0 broadcasts parameter update
152.31: Server #3 broadcasts parameter update
152.536: Server #7 broadcasts parameter update
153.602: Server #2 broadcasts parameter update
154.057: Server #1 broadcasts parameter update
154.272: Server #6 broadcasts parameter update
154.309: Server #5 broadcasts parameter update
154.38: Server #4 broadcasts parameter update
155.299: Server #0 broadcasts parameter update
155.324: Server #3 broadcasts parameter update
156.83: Server #2 broadcasts parameter update
156.914: Server #6 broadcasts parameter update
157.045: Server #7 broadcasts parameter update
157.445: Server #4 broadcasts parameter update
157.682: Server #0 broadcasts parameter update
157.729: Server #1 broadcasts parameter update
158.139: Server #5 broadcasts parameter update
158.639: Server #3 broadcasts parameter update
159.936: Server #2 broadcasts parameter update
159.951: Server #6 broadcasts parameter update
160.481: Server #4 broadcasts parameter update
160.667: Server #7 broadcasts parameter update
160.867: Server #0 broadcasts parameter update
160.975: Server #1 broadcasts parameter update
161.146: Server #5 broadcasts parameter update
161.833: Server #3 broadcasts parameter update
163.237: Server #6 broadcasts parameter update
163.366: Server #2 broadcasts parameter update
163.441: Server #7 broadcasts parameter update
163.731: Server #1 broadcasts parameter update
163.958: Server #4 broadcasts parameter update
164.28: Server #5 broadcasts parameter update
164.617: Server #3 broadcasts parameter update
165.373: Server #0 broadcasts parameter update
166.576: Server #2 broadcasts parameter update
166.62: Server #6 broadcasts parameter update
166.812: Server #7 broadcasts parameter update
167.463: Server #5 broadcasts parameter update
167.659: Server #1 broadcasts parameter update
167.681: Server #4 broadcasts parameter update
168.298: Server #3 broadcasts parameter update
168.391: Server #0 broadcasts parameter update
169.515: Server #2 broadcasts parameter update
170.015: Server #6 broadcasts parameter update
170.239: Server #7 broadcasts parameter update
170.777: Server #5 broadcasts parameter update
170.948: Server #1 broadcasts parameter update
171.135: Server #4 broadcasts parameter update
171.375: Server #3 broadcasts parameter update
171.732: Server #0 broadcasts parameter update
172.615: Server #2 broadcasts parameter update
173.26: Server #6 broadcasts parameter update
173.676: Server #7 broadcasts parameter update
174.201: Server #1 broadcasts parameter update
174.468: Server #4 broadcasts parameter update
174.611: Server #3 broadcasts parameter update
174.852: Server #0 broadcasts parameter update
175.307: Server #5 broadcasts parameter update
175.466: Server #2 broadcasts parameter update
176.685: Server #7 broadcasts parameter update
177.243: Server #1 broadcasts parameter update
177.353: Server #6 broadcasts parameter update
177.797: Server #4 broadcasts parameter update
177.931: Server #3 broadcasts parameter update
178.04: Server #5 broadcasts parameter update
178.606: Server #0 broadcasts parameter update
179.035: Server #2 broadcasts parameter update
179.527: Server #7 broadcasts parameter update
180.375: Server #6 broadcasts parameter update
180.448: Server #1 broadcasts parameter update
180.628: Server #4 broadcasts parameter update
181.42: Server #5 broadcasts parameter update
181.495: Server #0 broadcasts parameter update
181.786: Server #3 broadcasts parameter update
181.906: Server #2 broadcasts parameter update
182.993: Server #7 broadcasts parameter update
183.32: Server #4 broadcasts parameter update
183.557: Server #1 broadcasts parameter update
183.633: Server #6 broadcasts parameter update
184.51: Server #5 broadcasts parameter update
184.937: Server #0 broadcasts parameter update
185.427: Server #3 broadcasts parameter update
185.485: Server #2 broadcasts parameter update
185.981: Server #7 broadcasts parameter update
186.194: Server #4 broadcasts parameter update
186.729: Server #1 broadcasts parameter update
186.878: Server #6 broadcasts parameter update
187.846: Server #5 broadcasts parameter update
188.084: Server #0 broadcasts parameter update
188.878: Server #3 broadcasts parameter update
188.888: Server #2 broadcasts parameter update
189.214: Server #7 broadcasts parameter update
189.675: Server #4 broadcasts parameter update
189.863: Server #1 broadcasts parameter update
190.165: Server #6 broadcasts parameter update
190.975: Server #5 broadcasts parameter update
191.258: Server #0 broadcasts parameter update
192.166: Server #3 broadcasts parameter update
192.392: Server #2 broadcasts parameter update
192.494: Server #7 broadcasts parameter update
192.941: Server #4 broadcasts parameter update
192.995: Server #1 broadcasts parameter update
193.785: Server #6 broadcasts parameter update
194.415: Server #0 broadcasts parameter update
194.564: Server #5 broadcasts parameter update
195.541: Server #2 broadcasts parameter update
195.624: Server #4 broadcasts parameter update
195.841: Server #3 broadcasts parameter update
195.864: Server #7 broadcasts parameter update
196.338: Server #1 broadcasts parameter update
196.784: Server #6 broadcasts parameter update
197.388: Server #0 broadcasts parameter update
198.39: Server #5 broadcasts parameter update
198.398: Server #2 broadcasts parameter update
198.783: Server #4 broadcasts parameter update
199.288: Server #7 broadcasts parameter update
199.621: Server #6 broadcasts parameter update
199.798: Server #3 broadcasts parameter update
200.69: Server #1 broadcasts parameter update
201.222: Server #0 broadcasts parameter update
201.225: Server #2 broadcasts parameter update
201.729: Server #5 broadcasts parameter update
202.283: Server #4 broadcasts parameter update
202.715: Server #7 broadcasts parameter update
203.047: Server #6 broadcasts parameter update
203.707: Server #3 broadcasts parameter update
204.004: Server #1 broadcasts parameter update
204.018: Server #2 broadcasts parameter update
204.116: Server #0 broadcasts parameter update
204.446: Server #5 broadcasts parameter update
205.923: Server #7 broadcasts parameter update
206.07: Server #4 broadcasts parameter update
206.617: Server #6 broadcasts parameter update
206.676: Server #3 broadcasts parameter update
207.184: Server #5 broadcasts parameter update
207.333: Server #1 broadcasts parameter update
207.654: Server #0 broadcasts parameter update
208.008: Server #2 broadcasts parameter update
208.781: Server #7 broadcasts parameter update
209.675: Server #4 broadcasts parameter update
209.739: Server #6 broadcasts parameter update
210.021: Server #5 broadcasts parameter update
210.439: Server #2 broadcasts parameter update
210.5: Server #3 broadcasts parameter update
211.006: Server #0 broadcasts parameter update
211.05: Server #1 broadcasts parameter update
212.036: Server #7 broadcasts parameter update
212.876: Server #4 broadcasts parameter update
212.956: Server #6 broadcasts parameter update
213.62: Server #5 broadcasts parameter update
213.743: Server #3 broadcasts parameter update
213.815: Server #2 broadcasts parameter update
213.906: Server #1 broadcasts parameter update
214.774: Server #0 broadcasts parameter update
215.052: Server #7 broadcasts parameter update
215.76: Server #4 broadcasts parameter update
216.156: Server #6 broadcasts parameter update
216.804: Server #5 broadcasts parameter update
216.887: Server #2 broadcasts parameter update
217.154: Server #1 broadcasts parameter update
217.17: Server #3 broadcasts parameter update
217.977: Server #0 broadcasts parameter update
218.566: Server #7 broadcasts parameter update
218.81: Server #4 broadcasts parameter update
219.17: Server #6 broadcasts parameter update
219.876: Server #5 broadcasts parameter update
220.156: Server #2 broadcasts parameter update
220.288: Server #3 broadcasts parameter update
220.295: Server #1 broadcasts parameter update
221.405: Server #7 broadcasts parameter update
222.129: Server #4 broadcasts parameter update
222.584: Server #5 broadcasts parameter update
222.851: Server #6 broadcasts parameter update
222.958: Server #1 broadcasts parameter update
223.171: Server #0 broadcasts parameter update
223.623: Server #3 broadcasts parameter update
223.681: Server #2 broadcasts parameter update
224.075: Server #7 broadcasts parameter update
225.55: Server #4 broadcasts parameter update
225.618: Server #5 broadcasts parameter update
226.225: Server #1 broadcasts parameter update
226.456: Server #6 broadcasts parameter update
226.494: Server #3 broadcasts parameter update
226.579: Server #7 broadcasts parameter update
227.072: Server #0 broadcasts parameter update
227.513: Server #2 broadcasts parameter update
228.806: Server #5 broadcasts parameter update
229.309: Server #1 broadcasts parameter update
229.636: Server #4 broadcasts parameter update
229.672: Server #3 broadcasts parameter update
229.735: Server #7 broadcasts parameter update
229.972: Server #6 broadcasts parameter update
230.056: Server #0 broadcasts parameter update
231.001: Server #2 broadcasts parameter update
231.688: Server #5 broadcasts parameter update
232.315: Server #1 broadcasts parameter update
232.666: Server #3 broadcasts parameter update
232.678: Server #7 broadcasts parameter update
232.928: Server #4 broadcasts parameter update
233.284: Server #0 broadcasts parameter update
234.177: Server #2 broadcasts parameter update
234.347: Server #5 broadcasts parameter update
234.442: Server #6 broadcasts parameter update
235.369: Server #1 broadcasts parameter update
235.425: Server #7 broadcasts parameter update
235.936: Server #3 broadcasts parameter update
236.353: Server #0 broadcasts parameter update
236.484: Server #4 broadcasts parameter update
237.684: Server #2 broadcasts parameter update
237.877: Server #5 broadcasts parameter update
237.976: Server #6 broadcasts parameter update
238.379: Server #7 broadcasts parameter update
238.836: Server #1 broadcasts parameter update
239.273: Server #3 broadcasts parameter update
239.301: Server #0 broadcasts parameter update
239.346: Server #4 broadcasts parameter update
240.433: Server #2 broadcasts parameter update
241.37: Server #5 broadcasts parameter update
241.534: Server #7 broadcasts parameter update
241.56: Server #6 broadcasts parameter update
242.07: Server #1 broadcasts parameter update
242.342: Server #4 broadcasts parameter update
242.435: Server #0 broadcasts parameter update
243.073: Server #3 broadcasts parameter update
243.281: Server #2 broadcasts parameter update
244.277: Server #7 broadcasts parameter update
244.697: Server #5 broadcasts parameter update
244.988: Server #4 broadcasts parameter update
245.334: Server #6 broadcasts parameter update
245.59: Server #1 broadcasts parameter update
245.689: Server #0 broadcasts parameter update
246.118: Server #2 broadcasts parameter update
247.055: Server #3 broadcasts parameter update
247.222: Server #7 broadcasts parameter update
248.188: Server #5 broadcasts parameter update
248.215: Server #4 broadcasts parameter update
248.225: Server #6 broadcasts parameter update
248.918: Server #1 broadcasts parameter update
248.94: Server #0 broadcasts parameter update
249.55: Server #2 broadcasts parameter update
249.779: Server #3 broadcasts parameter update
249.954: Server #7 broadcasts parameter update
251.537: Server #5 broadcasts parameter update
251.843: Server #4 broadcasts parameter update
252.334: Server #7 broadcasts parameter update
252.747: Server #1 broadcasts parameter update
252.755: Server #2 broadcasts parameter update
253.026: Server #3 broadcasts parameter update
253.248: Server #0 broadcasts parameter update
253.325: Server #6 broadcasts parameter update
254.429: Server #5 broadcasts parameter update
254.926: Server #7 broadcasts parameter update
255.38: Server #4 broadcasts parameter update
255.793: Server #2 broadcasts parameter update
256.297: Server #1 broadcasts parameter update
256.472: Server #3 broadcasts parameter update
256.719: Server #0 broadcasts parameter update
256.821: Server #6 broadcasts parameter update
257.339: Server #5 broadcasts parameter update
257.703: Server #7 broadcasts parameter update
258.799: Server #4 broadcasts parameter update
258.897: Server #2 broadcasts parameter update
259.083: Server #3 broadcasts parameter update
259.546: Server #1 broadcasts parameter update
259.952: Server #0 broadcasts parameter update
260.2: Server #7 broadcasts parameter update
260.287: Server #5 broadcasts parameter update
260.36: Server #6 broadcasts parameter update
261.728: Server #4 broadcasts parameter update
262.11: Server #2 broadcasts parameter update
262.299: Server #3 broadcasts parameter update
262.875: Server #1 broadcasts parameter update
263.15: Server #0 broadcasts parameter update
263.593: Server #6 broadcasts parameter update
263.594: Server #7 broadcasts parameter update
263.651: Server #5 broadcasts parameter update
264.648: Server #4 broadcasts parameter update
265.441: Server #2 broadcasts parameter update
265.572: Server #3 broadcasts parameter update
266.246: Server #1 broadcasts parameter update
266.323: Server #0 broadcasts parameter update
266.682: Server #5 broadcasts parameter update
267.034: Server #7 broadcasts parameter update
267.192: Server #6 broadcasts parameter update
267.935: Server #4 broadcasts parameter update
268.525: Server #3 broadcasts parameter update
268.992: Server #2 broadcasts parameter update
269.016: Server #1 broadcasts parameter update
269.511: Server #5 broadcasts parameter update
269.949: Server #7 broadcasts parameter update
269.961: Server #0 broadcasts parameter update
270.879: Server #6 broadcasts parameter update
271.463: Server #4 broadcasts parameter update
271.583: Server #3 broadcasts parameter update
271.945: Server #2 broadcasts parameter update
272.22: Server #5 broadcasts parameter update
272.867: Server #0 broadcasts parameter update
272.959: Server #1 broadcasts parameter update
274.057: Server #7 broadcasts parameter update
274.328: Server #6 broadcasts parameter update
274.917: Server #4 broadcasts parameter update
274.935: Server #2 broadcasts parameter update
274.937: Server #3 broadcasts parameter update
275.526: Server #5 broadcasts parameter update
276.413: Server #0 broadcasts parameter update
276.45: Server #1 broadcasts parameter update
277.392: Server #7 broadcasts parameter update
277.421: Server #6 broadcasts parameter update
278.003: Server #2 broadcasts parameter update
278.334: Server #5 broadcasts parameter update
278.361: Server #4 broadcasts parameter update
280.038: Server #3 broadcasts parameter update
280.203: Server #1 broadcasts parameter update
280.204: Server #2 broadcasts parameter update
280.249: Server #7 broadcasts parameter update
281.058: Server #0 broadcasts parameter update
281.27: Server #6 broadcasts parameter update
281.374: Server #5 broadcasts parameter update
282.069: Server #4 broadcasts parameter update
283.102: Server #7 broadcasts parameter update
283.716: Server #3 broadcasts parameter update
283.913: Server #2 broadcasts parameter update
284.064: Server #1 broadcasts parameter update
284.121: Server #0 broadcasts parameter update
284.621: Server #6 broadcasts parameter update
284.795: Server #5 broadcasts parameter update
285.207: Server #4 broadcasts parameter update
285.931: Server #7 broadcasts parameter update
286.972: Server #3 broadcasts parameter update
286.985: Server #2 broadcasts parameter update
287.226: Server #0 broadcasts parameter update
287.623: Server #6 broadcasts parameter update
287.69: Server #1 broadcasts parameter update
288.113: Server #4 broadcasts parameter update
288.307: Server #5 broadcasts parameter update
289.659: Server #7 broadcasts parameter update
290.088: Server #0 broadcasts parameter update
290.474: Server #3 broadcasts parameter update
290.568: Server #1 broadcasts parameter update
290.643: Server #6 broadcasts parameter update
290.673: Server #2 broadcasts parameter update
291.34: Server #4 broadcasts parameter update
291.683: Server #5 broadcasts parameter update
292.974: Server #7 broadcasts parameter update
293.264: Server #0 broadcasts parameter update
293.687: Server #3 broadcasts parameter update
293.807: Server #2 broadcasts parameter update
294.048: Server #6 broadcasts parameter update
294.382: Server #5 broadcasts parameter update
294.418: Server #1 broadcasts parameter update
294.938: Server #4 broadcasts parameter update
296.069: Server #0 broadcasts parameter update
296.2: Server #7 broadcasts parameter update
296.97: Server #6 broadcasts parameter update
297.036: Server #3 broadcasts parameter update
297.195: Server #2 broadcasts parameter update
297.482: Server #1 broadcasts parameter update
297.745: Server #5 broadcasts parameter update
298.137: Server #4 broadcasts parameter update
299.452: Server #0 broadcasts parameter update
299.743: Server #7 broadcasts parameter update
299.835: Server #6 broadcasts parameter update
